diyogon 45707 Sun Aug 28 17:13:43 2016

Avatar 0:(0,2) Moving north.
0:(0,2) 1:(3,2) 2:(0,4) 3:(2,2) 4:(3,4) Avatar 1:(3,2) Moving north.
0:(0,2) 1:(3,1) 2:(0,4) 3:(2,2) 4:(3,4) Avatar 2:(0,4) Moving north.
0:(0,2) 1:(3,1) 2:(0,3) 3:(2,2) 4:(3,4) Avatar 3:(2,2) Moving north.
0:(0,2) 1:(3,1) 2:(0,3) 3:(2,1) 4:(3,4) Avatar 4:(3,4) Moving north.
0:(0,2) 1:(3,1) 2:(0,3) 3:(2,1) 4:(3,4) Avatar 0:(0,2) Moving east.
0:(1,2) 1:(3,1) 2:(0,3) 3:(2,1) 4:(3,4) Avatar 1:(3,1) Moving north.
0:(1,2) 1:(3,1) 2:(0,3) 3:(2,1) 4:(3,4) Avatar 2:(0,3) Moving north.
0:(1,2) 1:(3,1) 2:(0,2) 3:(2,1) 4:(3,4) Avatar 3:(2,1) Moving north.
0:(1,2) 1:(3,1) 2:(0,2) 3:(2,0) 4:(3,4) Avatar 4:(3,4) Moving east.
0:(1,2) 1:(3,1) 2:(0,2) 3:(2,0) 4:(4,4) Avatar 0:(1,2) Moving north.
0:(1,2) 1:(3,1) 2:(0,2) 3:(2,0) 4:(4,4) Avatar 1:(3,1) Moving east.
0:(1,2) 1:(3,1) 2:(0,2) 3:(2,0) 4:(4,4) Avatar 2:(0,2) Moving east.
0:(1,2) 1:(3,1) 2:(1,2) 3:(2,0) 4:(4,4) Avatar 3:(2,0) Moving east.
0:(1,2) 1:(3,1) 2:(1,2) 3:(3,0) 4:(4,4) Avatar 4:(4,4) Moving north.
0:(1,2) 1:(3,1) 2:(1,2) 3:(3,0) 4:(4,4) Avatar 0:(1,2) Moving east.
0:(2,2) 1:(3,1) 2:(1,2) 3:(3,0) 4:(4,4) Avatar 1:(3,1) Moving west.
0:(2,2) 1:(3,1) 2:(1,2) 3:(3,0) 4:(4,4) Avatar 2:(1,2) Moving east.
0:(2,2) 1:(3,1) 2:(2,2) 3:(3,0) 4:(4,4) Avatar 3:(3,0) Moving east.
0:(2,2) 1:(3,1) 2:(2,2) 3:(4,0) 4:(4,4) Avatar 4:(4,4) Moving west.
0:(2,2) 1:(3,1) 2:(2,2) 3:(4,0) 4:(3,4) Avatar 0:(2,2) Moving north.
0:(2,1) 1:(3,1) 2:(2,2) 3:(4,0) 4:(3,4) Avatar 1:(3,1) Moving south.
0:(2,1) 1:(3,2) 2:(2,2) 3:(4,0) 4:(3,4) Avatar 2:(2,2) Moving north.
0:(2,1) 1:(3,2) 2:(2,1) 3:(4,0) 4:(3,4) Avatar 3:(4,0) Moving south.
0:(2,1) 1:(3,2) 2:(2,1) 3:(4,1) 4:(3,4) Avatar 4:(3,4) Moving west.
0:(2,1) 1:(3,2) 2:(2,1) 3:(4,1) 4:(2,4) Avatar 0:(2,1) Moving north.
0:(2,0) 1:(3,2) 2:(2,1) 3:(4,1) 4:(2,4) Avatar 1:(3,2) Moving east.
0:(2,0) 1:(4,2) 2:(2,1) 3:(4,1) 4:(2,4) Avatar 2:(2,1) Moving north.
0:(2,0) 1:(4,2) 2:(2,0) 3:(4,1) 4:(2,4) Avatar 3:(4,1) Moving south.
0:(2,0) 1:(4,2) 2:(2,0) 3:(4,1) 4:(2,4) Avatar 4:(2,4) Moving north.
0:(2,0) 1:(4,2) 2:(2,0) 3:(4,1) 4:(2,3) Avatar 0:(2,0) Moving east.
0:(3,0) 1:(4,2) 2:(2,0) 3:(4,1) 4:(2,3) Avatar 1:(4,2) Moving south.
0:(3,0) 1:(4,3) 2:(2,0) 3:(4,1) 4:(2,3) Avatar 2:(2,0) Sleeping.
0:(3,0) 1:(4,3) 2:(2,0) 3:(4,1) 4:(2,3) Avatar 3:(4,1) Moving north.
0:(3,0) 1:(4,3) 2:(2,0) 3:(4,0) 4:(2,3) Avatar 4:(2,3) Moving north.
0:(3,0) 1:(4,3) 2:(2,0) 3:(4,0) 4:(2,3) Avatar 0:(3,0) Moving west.
0:(2,0) 1:(4,3) 2:(2,0) 3:(4,0) 4:(2,3) Avatar 1:(4,3) Moving west.
0:(2,0) 1:(3,3) 2:(2,0) 3:(4,0) 4:(2,3) Avatar 2:(2,0) Sleeping.
0:(2,0) 1:(3,3) 2:(2,0) 3:(4,0) 4:(2,3) Avatar 3:(4,0) Moving west.
0:(2,0) 1:(3,3) 2:(2,0) 3:(3,0) 4:(2,3) Avatar 4:(2,3) Moving east.
0:(2,0) 1:(3,3) 2:(2,0) 3:(3,0) 4:(3,3) Avatar 0:(2,0) Sleeping.
0:(2,0) 1:(3,3) 2:(2,0) 3:(3,0) 4:(3,3) Avatar 1:(3,3) Moving north.
0:(2,0) 1:(3,3) 2:(2,0) 3:(3,0) 4:(3,3) Avatar 2:(2,0) Sleeping.
0:(2,0) 1:(3,3) 2:(2,0) 3:(3,0) 4:(3,3) Avatar 3:(3,0) Moving west.
0:(2,0) 1:(3,3) 2:(2,0) 3:(2,0) 4:(3,3) Avatar 4:(3,3) Moving east.
0:(2,0) 1:(3,3) 2:(2,0) 3:(2,0) 4:(4,3) Avatar 0:(2,0) Sleeping.
0:(2,0) 1:(3,3) 2:(2,0) 3:(2,0) 4:(4,3) Avatar 1:(3,3) Moving east.
0:(2,0) 1:(4,3) 2:(2,0) 3:(2,0) 4:(4,3) Avatar 2:(2,0) Sleeping.
0:(2,0) 1:(4,3) 2:(2,0) 3:(2,0) 4:(4,3) Avatar 3:(2,0) Moving west.
0:(2,0) 1:(4,3) 2:(2,0) 3:(1,0) 4:(4,3) Avatar 4:(4,3) Moving north.
0:(2,0) 1:(4,3) 2:(2,0) 3:(1,0) 4:(4,2) Avatar 0:(2,0) Moving west.
0:(1,0) 1:(4,3) 2:(2,0) 3:(1,0) 4:(4,2) Avatar 1:(4,3) Moving north.
0:(1,0) 1:(4,2) 2:(2,0) 3:(1,0) 4:(4,2) Avatar 2:(2,0) Moving west.
0:(1,0) 1:(4,2) 2:(1,0) 3:(1,0) 4:(4,2) Avatar 3:(1,0) Moving south.
0:(1,0) 1:(4,2) 2:(1,0) 3:(1,1) 4:(4,2) Avatar 4:(4,2) Moving west.
0:(1,0) 1:(4,2) 2:(1,0) 3:(1,1) 4:(3,2) Avatar 0:(1,0) Moving south.
0:(1,1) 1:(4,2) 2:(1,0) 3:(1,1) 4:(3,2) Avatar 1:(4,2) Moving west.
0:(1,1) 1:(3,2) 2:(1,0) 3:(1,1) 4:(3,2) Avatar 2:(1,0) Moving south.
0:(1,1) 1:(3,2) 2:(1,1) 3:(1,1) 4:(3,2) Avatar 3:(1,1) Moving east.
0:(1,1) 1:(3,2) 2:(1,1) 3:(1,1) 4:(3,2) Avatar 4:(3,2) Moving west.
0:(1,1) 1:(3,2) 2:(1,1) 3:(1,1) 4:(3,2) Avatar 0:(1,1) Sleeping.
0:(1,1) 1:(3,2) 2:(1,1) 3:(1,1) 4:(3,2) Avatar 1:(3,2) Moving east.
0:(1,1) 1:(4,2) 2:(1,1) 3:(1,1) 4:(3,2) Avatar 2:(1,1) Sleeping.
0:(1,1) 1:(4,2) 2:(1,1) 3:(1,1) 4:(3,2) Avatar 3:(1,1) Moving west.
0:(1,1) 1:(4,2) 2:(1,1) 3:(0,1) 4:(3,2) Avatar 4:(3,2) Moving east.
0:(1,1) 1:(4,2) 2:(1,1) 3:(0,1) 4:(4,2) Avatar 0:(1,1) Moving west.
0:(0,1) 1:(4,2) 2:(1,1) 3:(0,1) 4:(4,2) Avatar 1:(4,2) Moving south.
0:(0,1) 1:(4,3) 2:(1,1) 3:(0,1) 4:(4,2) Avatar 2:(1,1) Moving west.
0:(0,1) 1:(4,3) 2:(0,1) 3:(0,1) 4:(4,2) Avatar 3:(0,1) Moving north.
0:(0,1) 1:(4,3) 2:(0,1) 3:(0,0) 4:(4,2) Avatar 4:(4,2) Moving south.
0:(0,1) 1:(4,3) 2:(0,1) 3:(0,0) 4:(4,3) Avatar 0:(0,1) Moving north.
0:(0,0) 1:(4,3) 2:(0,1) 3:(0,0) 4:(4,3) Avatar 1:(4,3) Moving west.
0:(0,0) 1:(3,3) 2:(0,1) 3:(0,0) 4:(4,3) Avatar 2:(0,1) Moving north.
0:(0,0) 1:(3,3) 2:(0,0) 3:(0,0) 4:(4,3) Avatar 3:(0,0) Moving east.
0:(0,0) 1:(3,3) 2:(0,0) 3:(0,0) 4:(4,3) Avatar 4:(4,3) Moving west.
0:(0,0) 1:(3,3) 2:(0,0) 3:(0,0) 4:(3,3) Avatar 0:(0,0) Moving south.
0:(0,1) 1:(3,3) 2:(0,0) 3:(0,0) 4:(3,3) Avatar 1:(3,3) Moving west.
0:(0,1) 1:(2,3) 2:(0,0) 3:(0,0) 4:(3,3) Avatar 2:(0,0) Moving south.
0:(0,1) 1:(2,3) 2:(0,1) 3:(0,0) 4:(3,3) Avatar 3:(0,0) Moving south.
0:(0,1) 1:(2,3) 2:(0,1) 3:(0,1) 4:(3,3) Avatar 4:(3,3) Moving west.
0:(0,1) 1:(2,3) 2:(0,1) 3:(0,1) 4:(2,3) Avatar 0:(0,1) Moving east.
0:(1,1) 1:(2,3) 2:(0,1) 3:(0,1) 4:(2,3) Avatar 1:(2,3) Sleeping.
0:(1,1) 1:(2,3) 2:(0,1) 3:(0,1) 4:(2,3) Avatar 2:(0,1) Moving east.
0:(1,1) 1:(2,3) 2:(1,1) 3:(0,1) 4:(2,3) Avatar 3:(0,1) Moving east.
0:(1,1) 1:(2,3) 2:(1,1) 3:(1,1) 4:(2,3) Avatar 4:(2,3) Moving west.
0:(1,1) 1:(2,3) 2:(1,1) 3:(1,1) 4:(2,3) Avatar 0:(1,1) Moving north.
0:(1,0) 1:(2,3) 2:(1,1) 3:(1,1) 4:(2,3) Avatar 1:(2,3) Moving south.
0:(1,0) 1:(2,4) 2:(1,1) 3:(1,1) 4:(2,3) Avatar 2:(1,1) Moving north.
0:(1,0) 1:(2,4) 2:(1,0) 3:(1,1) 4:(2,3) Avatar 3:(1,1) Moving north.
0:(1,0) 1:(2,4) 2:(1,0) 3:(1,0) 4:(2,3) Avatar 4:(2,3) Moving south.
0:(1,0) 1:(2,4) 2:(1,0) 3:(1,0) 4:(2,4) Avatar 0:(1,0) Moving east.
0:(2,0) 1:(2,4) 2:(1,0) 3:(1,0) 4:(2,4) Avatar 1:(2,4) Moving west.
0:(2,0) 1:(1,4) 2:(1,0) 3:(1,0) 4:(2,4) Avatar 2:(1,0) Moving east.
0:(2,0) 1:(1,4) 2:(2,0) 3:(1,0) 4:(2,4) Avatar 3:(1,0) Moving east.
0:(2,0) 1:(1,4) 2:(2,0) 3:(2,0) 4:(2,4) Avatar 4:(2,4) Moving west.
0:(2,0) 1:(1,4) 2:(2,0) 3:(2,0) 4:(1,4) Avatar 0:(2,0) Moving south.
0:(2,1) 1:(1,4) 2:(2,0) 3:(2,0) 4:(1,4) Avatar 1:(1,4) Sleeping.
0:(2,1) 1:(1,4) 2:(2,0) 3:(2,0) 4:(1,4) Avatar 2:(2,0) Moving south.
0:(2,1) 1:(1,4) 2:(2,1) 3:(2,0) 4:(1,4) Avatar 3:(2,0) Moving south.
0:(2,1) 1:(1,4) 2:(2,1) 3:(2,1) 4:(1,4) Avatar 4:(1,4) Moving north.
0:(2,1) 1:(1,4) 2:(2,1) 3:(2,1) 4:(1,3) Avatar 0:(2,1) Moving south.
0:(2,2) 1:(1,4) 2:(2,1) 3:(2,1) 4:(1,3) Avatar 1:(1,4) Moving north.
0:(2,2) 1:(1,3) 2:(2,1) 3:(2,1) 4:(1,3) Avatar 2:(2,1) Moving south.
0:(2,2) 1:(1,3) 2:(2,2) 3:(2,1) 4:(1,3) Avatar 3:(2,1) Moving south.
0:(2,2) 1:(1,3) 2:(2,2) 3:(2,2) 4:(1,3) Avatar 4:(1,3) Moving north.
0:(2,2) 1:(1,3) 2:(2,2) 3:(2,2) 4:(1,3) Avatar 0:(2,2) Moving west.
0:(1,2) 1:(1,3) 2:(2,2) 3:(2,2) 4:(1,3) Avatar 1:(1,3) Sleeping.
0:(1,2) 1:(1,3) 2:(2,2) 3:(2,2) 4:(1,3) Avatar 2:(2,2) Moving west.
0:(1,2) 1:(1,3) 2:(1,2) 3:(2,2) 4:(1,3) Avatar 3:(2,2) Moving west.
0:(1,2) 1:(1,3) 2:(1,2) 3:(1,2) 4:(1,3) Avatar 4:(1,3) Moving west.
0:(1,2) 1:(1,3) 2:(1,2) 3:(1,2) 4:(0,3) Avatar 0:(1,2) Moving west.
0:(0,2) 1:(1,3) 2:(1,2) 3:(1,2) 4:(0,3) Avatar 1:(1,3) Moving west.
0:(0,2) 1:(0,3) 2:(1,2) 3:(1,2) 4:(0,3) Avatar 2:(1,2) Moving west.
0:(0,2) 1:(0,3) 2:(0,2) 3:(1,2) 4:(0,3) Avatar 3:(1,2) Moving west.
0:(0,2) 1:(0,3) 2:(0,2) 3:(0,2) 4:(0,3) Avatar 4:(0,3) Sleeping.
0:(0,2) 1:(0,3) 2:(0,2) 3:(0,2) 4:(0,3) Avatar 0:(0,2) Moving south.
0:(0,3) 1:(0,3) 2:(0,2) 3:(0,2) 4:(0,3) Avatar 1:(0,3) Sleeping.
0:(0,3) 1:(0,3) 2:(0,2) 3:(0,2) 4:(0,3) Avatar 2:(0,2) Moving south.
0:(0,3) 1:(0,3) 2:(0,3) 3:(0,2) 4:(0,3) Avatar 3:(0,2) Moving south.
AM_MAZE_SOLVED 5 0 118 789878709