diyogon 38425 Sun Aug 28 17:19:44 2016

Avatar 0:(12,2) Moving north.
0:(12,1) 1:(21,6) Avatar 1:(21,6) Moving north.
0:(12,1) 1:(21,6) Avatar 0:(12,1) Moving north.
0:(12,0) 1:(21,6) Avatar 1:(21,6) Moving east.
0:(12,0) 1:(22,6) Avatar 0:(12,0) Moving east.
0:(13,0) 1:(22,6) Avatar 1:(22,6) Moving north.
0:(13,0) 1:(22,6) Avatar 0:(13,0) Moving east.
0:(13,0) 1:(22,6) Avatar 1:(22,6) Moving east.
0:(13,0) 1:(22,6) Avatar 0:(13,0) Moving south.
0:(13,1) 1:(22,6) Avatar 1:(22,6) Moving south.
0:(13,1) 1:(22,7) Avatar 0:(13,1) Moving east.
0:(14,1) 1:(22,7) Avatar 1:(22,7) Moving east.
0:(14,1) 1:(22,7) Avatar 0:(14,1) Moving north.
0:(14,1) 1:(22,7) Avatar 1:(22,7) Moving south.
0:(14,1) 1:(22,8) Avatar 0:(14,1) Moving east.
0:(15,1) 1:(22,8) Avatar 1:(22,8) Moving east.
0:(15,1) 1:(22,8) Avatar 0:(15,1) Moving north.
0:(15,1) 1:(22,8) Avatar 1:(22,8) Moving south.
0:(15,1) 1:(22,8) Avatar 0:(15,1) Moving east.
0:(15,1) 1:(22,8) Avatar 1:(22,8) Moving west.
0:(15,1) 1:(22,8) Avatar 0:(15,1) Moving south.
0:(15,2) 1:(22,8) Avatar 1:(22,8) Moving north.
0:(15,2) 1:(22,7) Avatar 0:(15,2) Moving east.
0:(16,2) 1:(22,7) Avatar 1:(22,7) Moving west.
0:(16,2) 1:(21,7) Avatar 0:(16,2) Moving north.
0:(16,1) 1:(21,7) Avatar 1:(21,7) Moving north.
0:(16,1) 1:(21,7) Avatar 0:(16,1) Moving north.
0:(16,1) 1:(21,7) Avatar 1:(21,7) Moving south.
0:(16,1) 1:(21,8) Avatar 0:(16,1) Moving east.
0:(17,1) 1:(21,8) Avatar 1:(21,8) Moving south.
0:(17,1) 1:(21,8) Avatar 0:(17,1) Moving north.
0:(17,1) 1:(21,8) Avatar 1:(21,8) Moving west.
0:(17,1) 1:(20,8) Avatar 0:(17,1) Moving east.
0:(17,1) 1:(20,8) Avatar 1:(20,8) Moving north.
0:(17,1) 1:(20,8) Avatar 0:(17,1) Moving south.
0:(17,2) 1:(20,8) Avatar 1:(20,8) Moving south.
0:(17,2) 1:(20,9) Avatar 0:(17,2) Moving east.
0:(17,2) 1:(20,9) Avatar 1:(20,9) Moving east.
0:(17,2) 1:(21,9) Avatar 0:(17,2) Moving south.
0:(17,3) 1:(21,9) Avatar 1:(21,9) Moving east.
0:(17,3) 1:(22,9) Avatar 0:(17,3) Moving east.
0:(17,3) 1:(22,9) Avatar 1:(22,9) Moving east.
0:(17,3) 1:(22,9) Avatar 0:(17,3) Moving south.
0:(17,4) 1:(22,9) Avatar 1:(22,9) Moving south.
0:(17,4) 1:(22,10) Avatar 0:(17,4) Moving east.
0:(18,4) 1:(22,10) Avatar 1:(22,10) Moving east.
0:(18,4) 1:(23,10) Avatar 0:(18,4) Moving north.
0:(18,4) 1:(23,10) Avatar 1:(23,10) Moving north.
0:(18,4) 1:(23,10) Avatar 0:(18,4) Moving east.
0:(19,4) 1:(23,10) Avatar 1:(23,10) Moving east.
0:(19,4) 1:(24,10) Avatar 0:(19,4) Moving north.
0:(19,4) 1:(24,10) Avatar 1:(24,10) Moving north.
0:(19,4) 1:(24,10) Avatar 0:(19,4) Moving east.
0:(19,4) 1:(24,10) Avatar 1:(24,10) Moving east.
0:(19,4) 1:(25,10) Avatar 0:(19,4) Moving south.
0:(19,5) 1:(25,10) Avatar 1:(25,10) Moving north.
0:(19,5) 1:(25,10) Avatar 0:(19,5) Moving east.
0:(19,5) 1:(25,10) Avatar 1:(25,10) Moving east.
0:(19,5) 1:(25,10) Avatar 0:(19,5) Moving south.
0:(19,5) 1:(25,10) Avatar 1:(25,10) Moving south.
0:(19,5) 1:(25,10) Avatar 0:(19,5) Moving west.
0:(18,5) 1:(25,10) Avatar 1:(25,10) Moving west.
0:(18,5) 1:(24,10) Avatar 0:(18,5) Moving north.
0:(18,5) 1:(24,10) Avatar 1:(24,10) Moving south.
0:(18,5) 1:(24,11) Avatar 0:(18,5) Moving south.
0:(18,6) 1:(24,11) Avatar 1:(24,11) Moving east.
0:(18,6) 1:(25,11) Avatar 0:(18,6) Moving east.
0:(18,6) 1:(25,11) Avatar 1:(25,11) Moving east.
0:(18,6) 1:(25,11) Avatar 0:(18,6) Moving south.
0:(18,7) 1:(25,11) Avatar 1:(25,11) Moving south.
0:(18,7) 1:(25,12) Avatar 0:(18,7) Moving east.
0:(19,7) 1:(25,12) Avatar 1:(25,12) Moving east.
0:(19,7) 1:(25,12) Avatar 0:(19,7) Moving north.
0:(19,6) 1:(25,12) Avatar 1:(25,12) Moving south.
0:(19,6) 1:(25,12) Avatar 0:(19,6) Moving east.
0:(20,6) 1:(25,12) Avatar 1:(25,12) Moving west.
0:(20,6) 1:(24,12) Avatar 0:(20,6) Moving north.
0:(20,5) 1:(24,12) Avatar 1:(24,12) Moving north.
0:(20,5) 1:(24,12) Avatar 0:(20,5) Moving north.
0:(20,5) 1:(24,12) Avatar 1:(24,12) Moving south.
0:(20,5) 1:(24,13) Avatar 0:(20,5) Moving east.
0:(21,5) 1:(24,13) Avatar 1:(24,13) Moving east.
0:(21,5) 1:(24,13) Avatar 0:(21,5) Moving north.
0:(21,5) 1:(24,13) Avatar 1:(24,13) Moving south.
0:(21,5) 1:(24,14) Avatar 0:(21,5) Moving east.
0:(22,5) 1:(24,14) Avatar 1:(24,14) Moving east.
0:(22,5) 1:(24,14) Avatar 0:(22,5) Moving north.
0:(22,4) 1:(24,14) Avatar 1:(24,14) Moving south.
0:(22,4) 1:(24,14) Avatar 0:(22,4) Moving north.
0:(22,4) 1:(24,14) Avatar 1:(24,14) Moving west.
0:(22,4) 1:(23,14) Avatar 0:(22,4) Moving east.
0:(22,4) 1:(23,14) Avatar 1:(23,14) Moving north.
0:(22,4) 1:(23,14) Avatar 0:(22,4) Moving west.
0:(21,4) 1:(23,14) Avatar 1:(23,14) Moving south.
0:(21,4) 1:(23,14) Avatar 0:(21,4) Moving north.
0:(21,4) 1:(23,14) Avatar 1:(23,14) Moving west.
0:(21,4) 1:(22,14) Avatar 0:(21,4) Moving west.
0:(20,4) 1:(22,14) Avatar 1:(22,14) Moving north.
0:(20,4) 1:(22,14) Avatar 0:(20,4) Moving north.
0:(20,3) 1:(22,14) Avatar 1:(22,14) Moving south.
0:(20,3) 1:(22,14) Avatar 0:(20,3) Moving north.
0:(20,3) 1:(22,14) Avatar 1:(22,14) Moving west.
0:(20,3) 1:(22,14) Avatar 0:(20,3) Moving east.
0:(21,3) 1:(22,14) Avatar 1:(22,14) Moving east.
0:(21,3) 1:(23,14) Avatar 0:(21,3) Moving north.
0:(21,3) 1:(23,14) Avatar 1:(23,14) Moving east.
0:(21,3) 1:(24,14) Avatar 0:(21,3) Moving east.
0:(22,3) 1:(24,14) Avatar 1:(24,14) Moving north.
0:(22,3) 1:(24,13) Avatar 0:(22,3) Moving north.
0:(22,2) 1:(24,13) Avatar 1:(24,13) Moving west.
0:(22,2) 1:(23,13) Avatar 0:(22,2) Moving north.
0:(22,2) 1:(23,13) Avatar 1:(23,13) Moving north.
0:(22,2) 1:(23,13) Avatar 0:(22,2) Moving east.
0:(23,2) 1:(23,13) Avatar 1:(23,13) Moving west.
0:(23,2) 1:(22,13) Avatar 0:(23,2) Moving north.
0:(23,2) 1:(22,13) Avatar 1:(22,13) Moving north.
0:(23,2) 1:(22,13) Avatar 0:(23,2) Moving east.
0:(23,2) 1:(22,13) Avatar 1:(22,13) Moving west.
0:(23,2) 1:(21,13) Avatar 0:(23,2) Moving south.
0:(23,3) 1:(21,13) Avatar 1:(21,13) Moving north.
0:(23,3) 1:(21,13) Avatar 0:(23,3) Moving east.
0:(23,3) 1:(21,13) Avatar 1:(21,13) Moving south.
0:(23,3) 1:(21,14) Avatar 0:(23,3) Moving south.
0:(23,4) 1:(21,14) Avatar 1:(21,14) Moving south.
0:(23,4) 1:(21,15) Avatar 0:(23,4) Moving east.
0:(23,4) 1:(21,15) Avatar 1:(21,15) Moving east.
0:(23,4) 1:(22,15) Avatar 0:(23,4) Moving south.
0:(23,5) 1:(22,15) Avatar 1:(22,15) Moving east.
0:(23,5) 1:(23,15) Avatar 0:(23,5) Moving east.
0:(23,5) 1:(23,15) Avatar 1:(23,15) Moving east.
0:(23,5) 1:(24,15) Avatar 0:(23,5) Moving south.
0:(23,6) 1:(24,15) Avatar 1:(24,15) Moving east.
0:(23,6) 1:(24,15) Avatar 0:(23,6) Moving east.
0:(23,6) 1:(24,15) Avatar 1:(24,15) Moving south.
0:(23,6) 1:(24,16) Avatar 0:(23,6) Moving south.
0:(23,7) 1:(24,16) Avatar 1:(24,16) Moving east.
0:(23,7) 1:(24,16) Avatar 0:(23,7) Moving east.
0:(24,7) 1:(24,16) Avatar 1:(24,16) Moving south.
0:(24,7) 1:(24,17) Avatar 0:(24,7) Moving north.
0:(24,7) 1:(24,17) Avatar 1:(24,17) Moving east.
0:(24,7) 1:(25,17) Avatar 0:(24,7) Moving east.
0:(24,7) 1:(25,17) Avatar 1:(25,17) Moving north.
0:(24,7) 1:(25,17) Avatar 0:(24,7) Moving south.
0:(24,8) 1:(25,17) Avatar 1:(25,17) Moving east.
0:(24,8) 1:(26,17) Avatar 0:(24,8) Moving east.
0:(24,8) 1:(26,17) Avatar 1:(26,17) Moving north.
0:(24,8) 1:(26,16) Avatar 0:(24,8) Moving south.
0:(24,8) 1:(26,16) Avatar 1:(26,16) Moving north.
0:(24,8) 1:(26,16) Avatar 0:(24,8) Moving west.
0:(23,8) 1:(26,16) Avatar 1:(26,16) Moving east.
0:(23,8) 1:(26,16) Avatar 0:(23,8) Moving north.
0:(23,8) 1:(26,16) Avatar 1:(26,16) Moving west.
0:(23,8) 1:(25,16) Avatar 0:(23,8) Moving south.
0:(23,9) 1:(25,16) Avatar 1:(25,16) Moving north.
0:(23,9) 1:(25,15) Avatar 0:(23,9) Moving east.
0:(24,9) 1:(25,15) Avatar 1:(25,15) Moving north.
0:(24,9) 1:(25,15) Avatar 0:(24,9) Moving east.
0:(25,9) 1:(25,15) Avatar 1:(25,15) Moving east.
0:(25,9) 1:(26,15) Avatar 0:(25,9) Moving north.
0:(25,8) 1:(26,15) Avatar 1:(26,15) Moving north.
0:(25,8) 1:(26,14) Avatar 0:(25,8) Moving north.
0:(25,7) 1:(26,14) Avatar 1:(26,14) Moving north.
0:(25,7) 1:(26,14) Avatar 0:(25,7) Moving north.
0:(25,7) 1:(26,14) Avatar 1:(26,14) Moving east.
0:(25,7) 1:(26,14) Avatar 0:(25,7) Moving east.
0:(26,7) 1:(26,14) Avatar 1:(26,14) Moving west.
0:(26,7) 1:(25,14) Avatar 0:(26,7) Moving north.
0:(26,6) 1:(25,14) Avatar 1:(25,14) Moving north.
0:(26,6) 1:(25,13) Avatar 0:(26,6) Moving north.
0:(26,6) 1:(25,13) Avatar 1:(25,13) Moving east.
0:(26,6) 1:(26,13) Avatar 0:(26,6) Moving east.
0:(26,6) 1:(26,13) Avatar 1:(26,13) Moving north.
0:(26,6) 1:(26,12) Avatar 0:(26,6) Moving west.
0:(25,6) 1:(26,12) Avatar 1:(26,12) Moving north.
0:(25,6) 1:(26,11) Avatar 0:(25,6) Moving north.
0:(25,5) 1:(26,11) Avatar 1:(26,11) Moving north.
0:(25,5) 1:(26,10) Avatar 0:(25,5) Moving north.
0:(25,5) 1:(26,10) Avatar 1:(26,10) Moving north.
0:(25,5) 1:(26,9) Avatar 0:(25,5) Moving east.
0:(25,5) 1:(26,9) Avatar 1:(26,9) Moving north.
0:(25,5) 1:(26,8) Avatar 0:(25,5) Moving west.
0:(24,5) 1:(26,8) Avatar 1:(26,8) Moving north.
0:(24,5) 1:(26,8) Avatar 0:(24,5) Moving north.
0:(24,4) 1:(26,8) Avatar 1:(26,8) Moving east.
0:(24,4) 1:(26,8) Avatar 0:(24,4) Moving north.
0:(24,3) 1:(26,8) Avatar 1:(26,8) Moving west.
0:(24,3) 1:(26,8) Avatar 0:(24,3) Moving north.
0:(24,3) 1:(26,8) Avatar 1:(26,8) Moving south.
0:(24,3) 1:(26,9) Avatar 0:(24,3) Moving east.
0:(25,3) 1:(26,9) Avatar 1:(26,9) Moving east.
0:(25,3) 1:(27,9) Avatar 0:(25,3) Moving north.
0:(25,2) 1:(27,9) Avatar 1:(27,9) Moving north.
0:(25,2) 1:(27,8) Avatar 0:(25,2) Moving north.
0:(25,2) 1:(27,8) Avatar 1:(27,8) Moving north.
0:(25,2) 1:(27,7) Avatar 0:(25,2) Moving east.
0:(25,2) 1:(27,7) Avatar 1:(27,7) Moving north.
0:(25,2) 1:(27,7) Avatar 0:(25,2) Moving west.
0:(24,2) 1:(27,7) Avatar 1:(27,7) Moving east.
0:(24,2) 1:(28,7) Avatar 0:(24,2) Moving north.
0:(24,1) 1:(28,7) Avatar 1:(28,7) Moving north.
0:(24,1) 1:(28,6) Avatar 0:(24,1) Moving north.
0:(24,0) 1:(28,6) Avatar 1:(28,6) Moving north.
0:(24,0) 1:(28,6) Avatar 0:(24,0) Moving east.
0:(25,0) 1:(28,6) Avatar 1:(28,6) Moving east.
0:(25,0) 1:(28,6) Avatar 0:(25,0) Moving east.
0:(25,0) 1:(28,6) Avatar 1:(28,6) Moving west.
0:(25,0) 1:(27,6) Avatar 0:(25,0) Moving south.
0:(25,1) 1:(27,6) Avatar 1:(27,6) Moving north.
0:(25,1) 1:(27,5) Avatar 0:(25,1) Moving east.
0:(26,1) 1:(27,5) Avatar 1:(27,5) Moving north.
0:(26,1) 1:(27,4) Avatar 0:(26,1) Moving north.
0:(26,0) 1:(27,4) Avatar 1:(27,4) Moving north.
0:(26,0) 1:(27,4) Avatar 0:(26,0) Moving east.
0:(27,0) 1:(27,4) Avatar 1:(27,4) Moving east.
0:(27,0) 1:(28,4) Avatar 0:(27,0) Moving east.
0:(28,0) 1:(28,4) Avatar 1:(28,4) Moving north.
0:(28,0) 1:(28,4) Avatar 0:(28,0) Moving east.
0:(29,0) 1:(28,4) Avatar 1:(28,4) Moving east.
0:(29,0) 1:(28,4) Avatar 0:(29,0) Moving south.
0:(29,1) 1:(28,4) Avatar 1:(28,4) Moving south.
0:(29,1) 1:(28,5) Avatar 0:(29,1) Moving south.
0:(29,2) 1:(28,5) Avatar 1:(28,5) Moving east.
0:(29,2) 1:(28,5) Avatar 0:(29,2) Moving south.
0:(29,2) 1:(28,5) Avatar 1:(28,5) Moving west.
0:(29,2) 1:(28,5) Avatar 0:(29,2) Moving west.
0:(28,2) 1:(28,5) Avatar 1:(28,5) Moving north.
0:(28,2) 1:(28,4) Avatar 0:(28,2) Moving north.
0:(28,2) 1:(28,4) Avatar 1:(28,4) Moving west.
0:(28,2) 1:(27,4) Avatar 0:(28,2) Moving south.
0:(28,2) 1:(27,4) Avatar 1:(27,4) Moving west.
0:(28,2) 1:(26,4) Avatar 0:(28,2) Moving west.
0:(27,2) 1:(26,4) Avatar 1:(26,4) Moving north.
0:(27,2) 1:(26,4) Avatar 0:(27,2) Moving north.
0:(27,1) 1:(26,4) Avatar 1:(26,4) Moving south.
0:(27,1) 1:(26,5) Avatar 0:(27,1) Moving north.
0:(27,1) 1:(26,5) Avatar 1:(26,5) Moving east.
0:(27,1) 1:(26,5) Avatar 0:(27,1) Moving east.
0:(28,1) 1:(26,5) Avatar 1:(26,5) Moving north.
0:(28,1) 1:(26,4) Avatar 0:(28,1) Moving north.
0:(28,1) 1:(26,4) Avatar 1:(26,4) Moving west.
0:(28,1) 1:(25,4) Avatar 0:(28,1) Moving east.
0:(28,1) 1:(25,4) Avatar 1:(25,4) Moving north.
0:(28,1) 1:(25,4) Avatar 0:(28,1) Moving west.
0:(27,1) 1:(25,4) Avatar 1:(25,4) Moving west.
0:(27,1) 1:(25,4) Avatar 0:(27,1) Moving west.
0:(27,1) 1:(25,4) Avatar 1:(25,4) Moving east.
0:(27,1) 1:(26,4) Avatar 0:(27,1) Moving south.
0:(27,2) 1:(26,4) Avatar 1:(26,4) Moving east.
0:(27,2) 1:(27,4) Avatar 0:(27,2) Moving south.
0:(27,2) 1:(27,4) Avatar 1:(27,4) Moving south.
0:(27,2) 1:(27,5) Avatar 0:(27,2) Moving west.
0:(26,2) 1:(27,5) Avatar 1:(27,5) Moving south.
0:(26,2) 1:(27,6) Avatar 0:(26,2) Moving north.
0:(26,2) 1:(27,6) Avatar 1:(27,6) Moving east.
0:(26,2) 1:(28,6) Avatar 0:(26,2) Moving south.
0:(26,3) 1:(28,6) Avatar 1:(28,6) Moving south.
0:(26,3) 1:(28,7) Avatar 0:(26,3) Moving east.
0:(27,3) 1:(28,7) Avatar 1:(28,7) Moving east.
0:(27,3) 1:(28,7) Avatar 0:(27,3) Moving east.
0:(28,3) 1:(28,7) Avatar 1:(28,7) Moving south.
0:(28,3) 1:(28,7) Avatar 0:(28,3) Moving east.
0:(29,3) 1:(28,7) Avatar 1:(28,7) Moving west.
0:(29,3) 1:(27,7) Avatar 0:(29,3) Moving south.
0:(29,4) 1:(27,7) Avatar 1:(27,7) Moving west.
0:(29,4) 1:(27,7) Avatar 0:(29,4) Moving south.
0:(29,5) 1:(27,7) Avatar 1:(27,7) Moving south.
0:(29,5) 1:(27,8) Avatar 0:(29,5) Moving south.
0:(29,6) 1:(27,8) Avatar 1:(27,8) Moving east.
0:(29,6) 1:(28,8) Avatar 0:(29,6) Moving south.
0:(29,7) 1:(28,8) Avatar 1:(28,8) Moving east.
0:(29,7) 1:(28,8) Avatar 0:(29,7) Moving south.
0:(29,8) 1:(28,8) Avatar 1:(28,8) Moving south.
0:(29,8) 1:(28,9) Avatar 0:(29,8) Moving south.
0:(29,9) 1:(28,9) Avatar 1:(28,9) Moving east.
0:(29,9) 1:(28,9) Avatar 0:(29,9) Moving south.
0:(29,10) 1:(28,9) Avatar 1:(28,9) Moving south.
0:(29,10) 1:(28,10) Avatar 0:(29,10) Moving south.
0:(29,10) 1:(28,10) Avatar 1:(28,10) Moving east.
AM_MAZE_SOLVED 2 5 277 1250149596