diyogon 40169 Sun Aug 28 17:13:40 2016

Avatar 0:(0,2) Moving north.
0:(0,2) 1:(3,2) Avatar 1:(3,2) Moving north.
0:(0,2) 1:(3,1) Avatar 0:(0,2) Moving east.
0:(1,2) 1:(3,1) Avatar 1:(3,1) Moving north.
0:(1,2) 1:(3,1) Avatar 0:(1,2) Moving north.
0:(1,2) 1:(3,1) Avatar 1:(3,1) Moving east.
0:(1,2) 1:(3,1) Avatar 0:(1,2) Moving east.
0:(2,2) 1:(3,1) Avatar 1:(3,1) Moving west.
0:(2,2) 1:(3,1) Avatar 0:(2,2) Moving north.
0:(2,1) 1:(3,1) Avatar 1:(3,1) Moving south.
0:(2,1) 1:(3,2) Avatar 0:(2,1) Moving north.
0:(2,0) 1:(3,2) Avatar 1:(3,2) Moving east.
0:(2,0) 1:(4,2) Avatar 0:(2,0) Moving east.
0:(3,0) 1:(4,2) Avatar 1:(4,2) Moving north.
0:(3,0) 1:(4,2) Avatar 0:(3,0) Moving east.
0:(4,0) 1:(4,2) Avatar 1:(4,2) Moving south.
0:(4,0) 1:(4,3) Avatar 0:(4,0) Moving west.
0:(3,0) 1:(4,3) Avatar 1:(4,3) Moving south.
0:(3,0) 1:(4,3) Avatar 0:(3,0) Moving west.
0:(2,0) 1:(4,3) Avatar 1:(4,3) Moving west.
0:(2,0) 1:(3,3) Avatar 0:(2,0) Moving west.
0:(1,0) 1:(3,3) Avatar 1:(3,3) Moving north.
0:(1,0) 1:(3,3) Avatar 0:(1,0) Moving south.
0:(1,1) 1:(3,3) Avatar 1:(3,3) Moving south.
0:(1,1) 1:(3,3) Avatar 0:(1,1) Moving east.
0:(1,1) 1:(3,3) Avatar 1:(3,3) Moving west.
0:(1,1) 1:(2,3) Avatar 0:(1,1) Moving west.
0:(0,1) 1:(2,3) Avatar 1:(2,3) Moving north.
0:(0,1) 1:(2,3) Avatar 0:(0,1) Moving north.
0:(0,0) 1:(2,3) Avatar 1:(2,3) Moving south.
0:(0,0) 1:(2,4) Avatar 0:(0,0) Moving east.
0:(0,0) 1:(2,4) Avatar 1:(2,4) Moving west.
0:(0,0) 1:(1,4) Avatar 0:(0,0) Moving south.
0:(0,1) 1:(1,4) Avatar 1:(1,4) Moving north.
0:(0,1) 1:(1,3) Avatar 0:(0,1) Moving east.
0:(1,1) 1:(1,3) Avatar 1:(1,3) Moving north.
0:(1,1) 1:(1,3) Avatar 0:(1,1) Moving north.
0:(1,0) 1:(1,3) Avatar 1:(1,3) Moving east.
0:(1,0) 1:(1,3) Avatar 0:(1,0) Moving east.
0:(2,0) 1:(1,3) Avatar 1:(1,3) Moving west.
0:(2,0) 1:(0,3) Avatar 0:(2,0) Moving south.
0:(2,1) 1:(0,3) Avatar 1:(0,3) Moving north.
0:(2,1) 1:(0,2) Avatar 0:(2,1) Moving south.
0:(2,2) 1:(0,2) Avatar 1:(0,2) Moving east.
0:(2,2) 1:(1,2) Avatar 0:(2,2) Moving east.
0:(2,2) 1:(1,2) Avatar 1:(1,2) Sleeping.
0:(2,2) 1:(1,2) Avatar 0:(2,2) Moving west.
AM_MAZE_SOLVED 2 0 46 1306738404