diyogon 34053 Sun Aug 28 17:27:33 2016

Avatar 0:(28,29) Moving north.
0:(28,29) 1:(15,22) Avatar 1:(15,22) Moving north.
0:(28,29) 1:(15,22) Avatar 0:(28,29) Moving east.
0:(29,29) 1:(15,22) Avatar 1:(15,22) Moving east.
0:(29,29) 1:(15,22) Avatar 0:(29,29) Moving north.
0:(29,29) 1:(15,22) Avatar 1:(15,22) Moving south.
0:(29,29) 1:(15,23) Avatar 0:(29,29) Moving east.
0:(29,29) 1:(15,23) Avatar 1:(15,23) Moving east.
0:(29,29) 1:(15,23) Avatar 0:(29,29) Moving south.
0:(29,29) 1:(15,23) Avatar 1:(15,23) Moving south.
0:(29,29) 1:(15,23) Avatar 0:(29,29) Moving west.
0:(28,29) 1:(15,23) Avatar 1:(15,23) Moving west.
0:(28,29) 1:(14,23) Avatar 0:(28,29) Moving south.
0:(28,29) 1:(14,23) Avatar 1:(14,23) Moving north.
0:(28,29) 1:(14,23) Avatar 0:(28,29) Moving west.
0:(27,29) 1:(14,23) Avatar 1:(14,23) Moving south.
0:(27,29) 1:(14,23) Avatar 0:(27,29) Moving north.
0:(27,29) 1:(14,23) Avatar 1:(14,23) Moving west.
0:(27,29) 1:(13,23) Avatar 0:(27,29) Moving south.
0:(27,30) 1:(13,23) Avatar 1:(13,23) Moving north.
0:(27,30) 1:(13,23) Avatar 0:(27,30) Moving east.
0:(27,30) 1:(13,23) Avatar 1:(13,23) Moving south.
0:(27,30) 1:(13,23) Avatar 0:(27,30) Moving south.
0:(27,30) 1:(13,23) Avatar 1:(13,23) Moving west.
0:(27,30) 1:(12,23) Avatar 0:(27,30) Moving west.
0:(26,30) 1:(12,23) Avatar 1:(12,23) Moving north.
0:(26,30) 1:(12,23) Avatar 0:(26,30) Moving north.
0:(26,30) 1:(12,23) Avatar 1:(12,23) Moving south.
0:(26,30) 1:(12,24) Avatar 0:(26,30) Moving south.
0:(26,31) 1:(12,24) Avatar 1:(12,24) Moving east.
0:(26,31) 1:(12,24) Avatar 0:(26,31) Moving east.
0:(27,31) 1:(12,24) Avatar 1:(12,24) Moving south.
0:(27,31) 1:(12,24) Avatar 0:(27,31) Moving east.
0:(27,31) 1:(12,24) Avatar 1:(12,24) Moving west.
0:(27,31) 1:(11,24) Avatar 0:(27,31) Moving south.
0:(27,32) 1:(11,24) Avatar 1:(11,24) Moving north.
0:(27,32) 1:(11,23) Avatar 0:(27,32) Moving east.
0:(28,32) 1:(11,23) Avatar 1:(11,23) Moving north.
0:(28,32) 1:(11,23) Avatar 0:(28,32) Moving north.
0:(28,31) 1:(11,23) Avatar 1:(11,23) Moving east.
0:(28,31) 1:(11,23) Avatar 0:(28,31) Moving north.
0:(28,30) 1:(11,23) Avatar 1:(11,23) Moving west.
0:(28,30) 1:(10,23) Avatar 0:(28,30) Moving east.
0:(29,30) 1:(10,23) Avatar 1:(10,23) Moving north.
0:(29,30) 1:(10,22) Avatar 0:(29,30) Moving east.
0:(29,30) 1:(10,22) Avatar 1:(10,22) Moving north.
0:(29,30) 1:(10,22) Avatar 0:(29,30) Moving south.
0:(29,31) 1:(10,22) Avatar 1:(10,22) Moving east.
0:(29,31) 1:(10,22) Avatar 0:(29,31) Moving east.
0:(30,31) 1:(10,22) Avatar 1:(10,22) Moving west.
0:(30,31) 1:(9,22) Avatar 0:(30,31) Moving north.
0:(30,31) 1:(9,22) Avatar 1:(9,22) Moving north.
0:(30,31) 1:(9,21) Avatar 0:(30,31) Moving east.
0:(30,31) 1:(9,21) Avatar 1:(9,21) Moving north.
0:(30,31) 1:(9,21) Avatar 0:(30,31) Moving south.
0:(30,32) 1:(9,21) Avatar 1:(9,21) Moving east.
0:(30,32) 1:(10,21) Avatar 0:(30,32) Moving east.
0:(31,32) 1:(10,21) Avatar 1:(10,21) Moving north.
0:(31,32) 1:(10,20) Avatar 0:(31,32) Moving north.
0:(31,32) 1:(10,20) Avatar 1:(10,20) Moving north.
0:(31,32) 1:(10,20) Avatar 0:(31,32) Moving east.
0:(32,32) 1:(10,20) Avatar 1:(10,20) Moving east.
0:(32,32) 1:(11,20) Avatar 0:(32,32) Moving north.
0:(32,32) 1:(11,20) Avatar 1:(11,20) Moving north.
0:(32,32) 1:(11,19) Avatar 0:(32,32) Moving east.
0:(33,32) 1:(11,19) Avatar 1:(11,19) Moving north.
0:(33,32) 1:(11,19) Avatar 0:(33,32) Moving north.
0:(33,32) 1:(11,19) Avatar 1:(11,19) Moving east.
0:(33,32) 1:(12,19) Avatar 0:(33,32) Moving east.
0:(33,32) 1:(12,19) Avatar 1:(12,19) Moving north.
0:(33,32) 1:(12,19) Avatar 0:(33,32) Moving south.
0:(33,33) 1:(12,19) Avatar 1:(12,19) Moving east.
0:(33,33) 1:(13,19) Avatar 0:(33,33) Moving east.
0:(33,33) 1:(13,19) Avatar 1:(13,19) Moving north.
0:(33,33) 1:(13,19) Avatar 0:(33,33) Moving south.
0:(33,34) 1:(13,19) Avatar 1:(13,19) Moving east.
0:(33,34) 1:(14,19) Avatar 0:(33,34) Moving east.
0:(34,34) 1:(14,19) Avatar 1:(14,19) Moving north.
0:(34,34) 1:(14,19) Avatar 0:(34,34) Moving north.
0:(34,33) 1:(14,19) Avatar 1:(14,19) Moving east.
0:(34,33) 1:(14,19) Avatar 0:(34,33) Moving north.
0:(34,32) 1:(14,19) Avatar 1:(14,19) Moving south.
0:(34,32) 1:(14,19) Avatar 0:(34,32) Moving north.
0:(34,31) 1:(14,19) Avatar 1:(14,19) Moving west.
0:(34,31) 1:(13,19) Avatar 0:(34,31) Moving north.
0:(34,30) 1:(13,19) Avatar 1:(13,19) Moving south.
0:(34,30) 1:(13,19) Avatar 0:(34,30) Moving north.
0:(34,30) 1:(13,19) Avatar 1:(13,19) Moving west.
0:(34,30) 1:(12,19) Avatar 0:(34,30) Moving west.
0:(34,30) 1:(12,19) Avatar 1:(12,19) Moving south.
0:(34,30) 1:(12,19) Avatar 0:(34,30) Moving south.
0:(34,31) 1:(12,19) Avatar 1:(12,19) Moving west.
0:(34,31) 1:(11,19) Avatar 0:(34,31) Moving west.
0:(34,31) 1:(11,19) Avatar 1:(11,19) Moving west.
0:(34,31) 1:(10,19) Avatar 0:(34,31) Moving south.
0:(34,32) 1:(10,19) Avatar 1:(10,19) Moving north.
0:(34,32) 1:(10,18) Avatar 0:(34,32) Moving south.
0:(34,33) 1:(10,18) Avatar 1:(10,18) Moving north.
0:(34,33) 1:(10,18) Avatar 0:(34,33) Moving south.
0:(34,34) 1:(10,18) Avatar 1:(10,18) Moving east.
0:(34,34) 1:(11,18) Avatar 0:(34,34) Moving west.
0:(33,34) 1:(11,18) Avatar 1:(11,18) Moving north.
0:(33,34) 1:(11,18) Avatar 0:(33,34) Moving west.
0:(32,34) 1:(11,18) Avatar 1:(11,18) Moving east.
0:(32,34) 1:(12,18) Avatar 0:(32,34) Moving north.
0:(32,34) 1:(12,18) Avatar 1:(12,18) Moving north.
0:(32,34) 1:(12,18) Avatar 0:(32,34) Moving west.
0:(32,34) 1:(12,18) Avatar 1:(12,18) Moving east.
0:(32,34) 1:(13,18) Avatar 0:(32,34) Moving east.
0:(33,34) 1:(13,18) Avatar 1:(13,18) Moving north.
0:(33,34) 1:(13,18) Avatar 0:(33,34) Moving north.
0:(33,33) 1:(13,18) Avatar 1:(13,18) Moving east.
0:(33,33) 1:(14,18) Avatar 0:(33,33) Moving west.
0:(33,33) 1:(14,18) Avatar 1:(14,18) Moving north.
0:(33,33) 1:(14,17) Avatar 0:(33,33) Moving north.
0:(33,32) 1:(14,17) Avatar 1:(14,17) Moving north.
0:(33,32) 1:(14,16) Avatar 0:(33,32) Moving west.
0:(32,32) 1:(14,16) Avatar 1:(14,16) Moving north.
0:(32,32) 1:(14,16) Avatar 0:(32,32) Moving south.
0:(32,33) 1:(14,16) Avatar 1:(14,16) Moving east.
0:(32,33) 1:(15,16) Avatar 0:(32,33) Moving west.
0:(31,33) 1:(15,16) Avatar 1:(15,16) Moving north.
0:(31,33) 1:(15,15) Avatar 0:(31,33) Moving north.
0:(31,33) 1:(15,15) Avatar 1:(15,15) Moving north.
0:(31,33) 1:(15,14) Avatar 0:(31,33) Moving south.
0:(31,34) 1:(15,14) Avatar 1:(15,14) Moving north.
0:(31,34) 1:(15,14) Avatar 0:(31,34) Moving west.
0:(30,34) 1:(15,14) Avatar 1:(15,14) Moving east.
0:(30,34) 1:(16,14) Avatar 0:(30,34) Moving north.
0:(30,34) 1:(16,14) Avatar 1:(16,14) Moving north.
0:(30,34) 1:(16,14) Avatar 0:(30,34) Moving west.
0:(29,34) 1:(16,14) Avatar 1:(16,14) Moving east.
0:(29,34) 1:(16,14) Avatar 0:(29,34) Moving north.
0:(29,34) 1:(16,14) Avatar 1:(16,14) Moving south.
0:(29,34) 1:(16,15) Avatar 0:(29,34) Moving west.
0:(28,34) 1:(16,15) Avatar 1:(16,15) Moving east.
0:(28,34) 1:(17,15) Avatar 0:(28,34) Moving north.
0:(28,34) 1:(17,15) Avatar 1:(17,15) Moving north.
0:(28,34) 1:(17,14) Avatar 0:(28,34) Moving west.
0:(27,34) 1:(17,14) Avatar 1:(17,14) Moving north.
0:(27,34) 1:(17,14) Avatar 0:(27,34) Moving north.
0:(27,33) 1:(17,14) Avatar 1:(17,14) Moving east.
0:(27,33) 1:(18,14) Avatar 0:(27,33) Moving north.
0:(27,33) 1:(18,14) Avatar 1:(18,14) Moving north.
0:(27,33) 1:(18,14) Avatar 0:(27,33) Moving east.
0:(27,33) 1:(18,14) Avatar 1:(18,14) Moving east.
0:(27,33) 1:(19,14) Avatar 0:(27,33) Moving west.
0:(26,33) 1:(19,14) Avatar 1:(19,14) Moving north.
0:(26,33) 1:(19,14) Avatar 0:(26,33) Moving north.
0:(26,33) 1:(19,14) Avatar 1:(19,14) Moving east.
0:(26,33) 1:(20,14) Avatar 0:(26,33) Moving south.
0:(26,34) 1:(20,14) Avatar 1:(20,14) Moving north.
0:(26,34) 1:(20,14) Avatar 0:(26,34) Moving east.
0:(26,34) 1:(20,14) Avatar 1:(20,14) Moving east.
0:(26,34) 1:(21,14) Avatar 0:(26,34) Moving west.
0:(25,34) 1:(21,14) Avatar 1:(21,14) Moving north.
0:(25,34) 1:(21,13) Avatar 0:(25,34) Moving north.
0:(25,34) 1:(21,13) Avatar 1:(21,13) Moving north.
0:(25,34) 1:(21,13) Avatar 0:(25,34) Moving west.
0:(24,34) 1:(21,13) Avatar 1:(21,13) Moving east.
0:(24,34) 1:(21,13) Avatar 0:(24,34) Moving north.
0:(24,34) 1:(21,13) Avatar 1:(21,13) Moving west.
0:(24,34) 1:(20,13) Avatar 0:(24,34) Moving west.
0:(23,34) 1:(20,13) Avatar 1:(20,13) Moving north.
0:(23,34) 1:(20,13) Avatar 0:(23,34) Moving north.
0:(23,33) 1:(20,13) Avatar 1:(20,13) Moving west.
0:(23,33) 1:(19,13) Avatar 0:(23,33) Moving north.
0:(23,32) 1:(19,13) Avatar 1:(19,13) Moving north.
0:(23,32) 1:(19,12) Avatar 0:(23,32) Moving north.
0:(23,31) 1:(19,12) Avatar 1:(19,12) Moving north.
0:(23,31) 1:(19,12) Avatar 0:(23,31) Moving north.
0:(23,30) 1:(19,12) Avatar 1:(19,12) Moving east.
0:(23,30) 1:(20,12) Avatar 0:(23,30) Moving north.
0:(23,29) 1:(20,12) Avatar 1:(20,12) Moving north.
0:(23,29) 1:(20,12) Avatar 0:(23,29) Moving north.
0:(23,29) 1:(20,12) Avatar 1:(20,12) Moving east.
0:(23,29) 1:(21,12) Avatar 0:(23,29) Moving east.
0:(24,29) 1:(21,12) Avatar 1:(21,12) Moving north.
0:(24,29) 1:(21,11) Avatar 0:(24,29) Moving north.
0:(24,29) 1:(21,11) Avatar 1:(21,11) Moving north.
0:(24,29) 1:(21,11) Avatar 0:(24,29) Moving east.
0:(25,29) 1:(21,11) Avatar 1:(21,11) Moving east.
0:(25,29) 1:(21,11) Avatar 0:(25,29) Moving north.
0:(25,28) 1:(21,11) Avatar 1:(21,11) Moving west.
0:(25,28) 1:(20,11) Avatar 0:(25,28) Moving north.
0:(25,28) 1:(20,11) Avatar 1:(20,11) Moving north.
0:(25,28) 1:(20,10) Avatar 0:(25,28) Moving east.
0:(25,28) 1:(20,10) Avatar 1:(20,10) Moving north.
0:(25,28) 1:(20,9) Avatar 0:(25,28) Moving west.
0:(24,28) 1:(20,9) Avatar 1:(20,9) Moving north.
0:(24,28) 1:(20,9) Avatar 0:(24,28) Moving north.
0:(24,28) 1:(20,9) Avatar 1:(20,9) Moving east.
0:(24,28) 1:(20,9) Avatar 0:(24,28) Moving west.
0:(23,28) 1:(20,9) Avatar 1:(20,9) Moving west.
0:(23,28) 1:(19,9) Avatar 0:(23,28) Moving north.
0:(23,28) 1:(19,9) Avatar 1:(19,9) Moving north.
0:(23,28) 1:(19,8) Avatar 0:(23,28) Moving west.
0:(22,28) 1:(19,8) Avatar 1:(19,8) Moving north.
0:(22,28) 1:(19,8) Avatar 0:(22,28) Moving north.
0:(22,27) 1:(19,8) Avatar 1:(19,8) Moving east.
0:(22,27) 1:(20,8) Avatar 0:(22,27) Moving north.
0:(22,27) 1:(20,8) Avatar 1:(20,8) Moving north.
0:(22,27) 1:(20,7) Avatar 0:(22,27) Moving east.
0:(23,27) 1:(20,7) Avatar 1:(20,7) Moving north.
0:(23,27) 1:(20,6) Avatar 0:(23,27) Moving north.
0:(23,27) 1:(20,6) Avatar 1:(20,6) Moving north.
0:(23,27) 1:(20,6) Avatar 0:(23,27) Moving east.
0:(24,27) 1:(20,6) Avatar 1:(20,6) Moving east.
0:(24,27) 1:(21,6) Avatar 0:(24,27) Moving north.
0:(24,26) 1:(21,6) Avatar 1:(21,6) Moving north.
0:(24,26) 1:(21,5) Avatar 0:(24,26) Moving north.
0:(24,26) 1:(21,5) Avatar 1:(21,5) Moving north.
0:(24,26) 1:(21,4) Avatar 0:(24,26) Moving east.
0:(24,26) 1:(21,4) Avatar 1:(21,4) Moving north.
0:(24,26) 1:(21,3) Avatar 0:(24,26) Moving west.
0:(23,26) 1:(21,3) Avatar 1:(21,3) Moving north.
0:(23,26) 1:(21,3) Avatar 0:(23,26) Moving north.
0:(23,26) 1:(21,3) Avatar 1:(21,3) Moving east.
0:(23,26) 1:(22,3) Avatar 0:(23,26) Moving west.
0:(22,26) 1:(22,3) Avatar 1:(22,3) Moving north.
0:(22,26) 1:(22,3) Avatar 0:(22,26) Moving north.
0:(22,26) 1:(22,3) Avatar 1:(22,3) Moving east.
0:(22,26) 1:(22,3) Avatar 0:(22,26) Moving west.
0:(21,26) 1:(22,3) Avatar 1:(22,3) Moving south.
0:(21,26) 1:(22,3) Avatar 0:(21,26) Moving north.
0:(21,26) 1:(22,3) Avatar 1:(22,3) Moving west.
0:(21,26) 1:(21,3) Avatar 0:(21,26) Moving south.
0:(21,27) 1:(21,3) Avatar 1:(21,3) Moving west.
0:(21,27) 1:(21,3) Avatar 0:(21,27) Moving east.
0:(21,27) 1:(21,3) Avatar 1:(21,3) Moving south.
0:(21,27) 1:(21,4) Avatar 0:(21,27) Moving south.
0:(21,28) 1:(21,4) Avatar 1:(21,4) Moving east.
0:(21,28) 1:(21,4) Avatar 0:(21,28) Moving east.
0:(21,28) 1:(21,4) Avatar 1:(21,4) Moving west.
0:(21,28) 1:(21,4) Avatar 0:(21,28) Moving south.
0:(21,28) 1:(21,4) Avatar 1:(21,4) Moving south.
0:(21,28) 1:(21,5) Avatar 0:(21,28) Moving west.
0:(20,28) 1:(21,5) Avatar 1:(21,5) Moving east.
0:(20,28) 1:(21,5) Avatar 0:(20,28) Moving north.
0:(20,28) 1:(21,5) Avatar 1:(21,5) Moving west.
0:(20,28) 1:(20,5) Avatar 0:(20,28) Moving south.
0:(20,28) 1:(20,5) Avatar 1:(20,5) Moving north.
0:(20,28) 1:(20,4) Avatar 0:(20,28) Moving west.
0:(19,28) 1:(20,4) Avatar 1:(20,4) Moving north.
0:(19,28) 1:(20,3) Avatar 0:(19,28) Moving north.
0:(19,28) 1:(20,3) Avatar 1:(20,3) Moving north.
0:(19,28) 1:(20,3) Avatar 0:(19,28) Moving south.
0:(19,29) 1:(20,3) Avatar 1:(20,3) Moving west.
0:(19,29) 1:(19,3) Avatar 0:(19,29) Moving east.
0:(19,29) 1:(19,3) Avatar 1:(19,3) Moving north.
0:(19,29) 1:(19,2) Avatar 0:(19,29) Moving south.
0:(19,30) 1:(19,2) Avatar 1:(19,2) Moving north.
0:(19,30) 1:(19,2) Avatar 0:(19,30) Moving east.
0:(19,30) 1:(19,2) Avatar 1:(19,2) Moving east.
0:(19,30) 1:(20,2) Avatar 0:(19,30) Moving south.
0:(19,30) 1:(20,2) Avatar 1:(20,2) Moving north.
0:(19,30) 1:(20,1) Avatar 0:(19,30) Moving west.
0:(18,30) 1:(20,1) Avatar 1:(20,1) Moving north.
0:(18,30) 1:(20,0) Avatar 0:(18,30) Moving north.
0:(18,29) 1:(20,0) Avatar 1:(20,0) Moving east.
0:(18,29) 1:(21,0) Avatar 0:(18,29) Moving north.
0:(18,28) 1:(21,0) Avatar 1:(21,0) Moving east.
0:(18,28) 1:(21,0) Avatar 0:(18,28) Moving north.
0:(18,27) 1:(21,0) Avatar 1:(21,0) Moving south.
0:(18,27) 1:(21,1) Avatar 0:(18,27) Moving north.
0:(18,26) 1:(21,1) Avatar 1:(21,1) Moving east.
0:(18,26) 1:(21,1) Avatar 0:(18,26) Moving north.
0:(18,26) 1:(21,1) Avatar 1:(21,1) Moving south.
0:(18,26) 1:(21,2) Avatar 0:(18,26) Moving east.
0:(19,26) 1:(21,2) Avatar 1:(21,2) Moving east.
0:(19,26) 1:(22,2) Avatar 0:(19,26) Moving north.
0:(19,25) 1:(22,2) Avatar 1:(22,2) Moving north.
0:(19,25) 1:(22,1) Avatar 0:(19,25) Moving north.
0:(19,25) 1:(22,1) Avatar 1:(22,1) Moving north.
0:(19,25) 1:(22,0) Avatar 0:(19,25) Moving east.
0:(20,25) 1:(22,0) Avatar 1:(22,0) Moving east.
0:(20,25) 1:(23,0) Avatar 0:(20,25) Moving north.
0:(20,24) 1:(23,0) Avatar 1:(23,0) Moving east.
0:(20,24) 1:(23,0) Avatar 0:(20,24) Moving north.
0:(20,23) 1:(23,0) Avatar 1:(23,0) Moving south.
0:(20,23) 1:(23,1) Avatar 0:(20,23) Moving north.
0:(20,23) 1:(23,1) Avatar 1:(23,1) Moving east.
0:(20,23) 1:(24,1) Avatar 0:(20,23) Moving east.
0:(21,23) 1:(24,1) Avatar 1:(24,1) Moving north.
0:(21,23) 1:(24,1) Avatar 0:(21,23) Moving north.
0:(21,22) 1:(24,1) Avatar 1:(24,1) Moving east.
0:(21,22) 1:(25,1) Avatar 0:(21,22) Moving north.
0:(21,22) 1:(25,1) Avatar 1:(25,1) Moving north.
0:(21,22) 1:(25,1) Avatar 0:(21,22) Moving east.
0:(21,22) 1:(25,1) Avatar 1:(25,1) Moving east.
0:(21,22) 1:(26,1) Avatar 0:(21,22) Moving west.
0:(20,22) 1:(26,1) Avatar 1:(26,1) Moving north.
0:(20,22) 1:(26,1) Avatar 0:(20,22) Moving north.
0:(20,22) 1:(26,1) Avatar 1:(26,1) Moving east.
0:(20,22) 1:(27,1) Avatar 0:(20,22) Moving west.
0:(20,22) 1:(27,1) Avatar 1:(27,1) Moving north.
0:(20,22) 1:(27,1) Avatar 0:(20,22) Moving east.
0:(21,22) 1:(27,1) Avatar 1:(27,1) Moving east.
0:(21,22) 1:(27,1) Avatar 0:(21,22) Moving south.
0:(21,23) 1:(27,1) Avatar 1:(27,1) Moving south.
0:(21,23) 1:(27,2) Avatar 0:(21,23) Moving east.
0:(21,23) 1:(27,2) Avatar 1:(27,2) Moving east.
0:(21,23) 1:(27,2) Avatar 0:(21,23) Moving south.
0:(21,23) 1:(27,2) Avatar 1:(27,2) Moving south.
0:(21,23) 1:(27,2) Avatar 0:(21,23) Moving west.
0:(20,23) 1:(27,2) Avatar 1:(27,2) Moving west.
0:(20,23) 1:(26,2) Avatar 0:(20,23) Moving west.
0:(20,23) 1:(26,2) Avatar 1:(26,2) Moving north.
0:(20,23) 1:(26,2) Avatar 0:(20,23) Moving south.
0:(20,24) 1:(26,2) Avatar 1:(26,2) Moving south.
0:(20,24) 1:(26,2) Avatar 0:(20,24) Moving east.
0:(20,24) 1:(26,2) Avatar 1:(26,2) Moving west.
0:(20,24) 1:(25,2) Avatar 0:(20,24) Moving west.
0:(20,24) 1:(25,2) Avatar 1:(25,2) Moving north.
0:(20,24) 1:(25,2) Avatar 0:(20,24) Moving south.
0:(20,25) 1:(25,2) Avatar 1:(25,2) Moving south.
0:(20,25) 1:(25,3) Avatar 0:(20,25) Moving east.
0:(21,25) 1:(25,3) Avatar 1:(25,3) Moving east.
0:(21,25) 1:(26,3) Avatar 0:(21,25) Moving north.
0:(21,24) 1:(26,3) Avatar 1:(26,3) Moving east.
0:(21,24) 1:(27,3) Avatar 0:(21,24) Moving east.
0:(22,24) 1:(27,3) Avatar 1:(27,3) Moving east.
0:(22,24) 1:(27,3) Avatar 0:(22,24) Moving north.
0:(22,24) 1:(27,3) Avatar 1:(27,3) Moving south.
0:(22,24) 1:(27,4) Avatar 0:(22,24) Moving east.
0:(22,24) 1:(27,4) Avatar 1:(27,4) Moving east.
0:(22,24) 1:(28,4) Avatar 0:(22,24) Moving south.
0:(22,25) 1:(28,4) Avatar 1:(28,4) Moving north.
0:(22,25) 1:(28,4) Avatar 0:(22,25) Moving east.
0:(23,25) 1:(28,4) Avatar 1:(28,4) Moving east.
0:(23,25) 1:(28,4) Avatar 0:(23,25) Moving north.
0:(23,25) 1:(28,4) Avatar 1:(28,4) Moving south.
0:(23,25) 1:(28,5) Avatar 0:(23,25) Moving east.
0:(24,25) 1:(28,5) Avatar 1:(28,5) Moving east.
0:(24,25) 1:(28,5) Avatar 0:(24,25) Moving north.
0:(24,25) 1:(28,5) Avatar 1:(28,5) Moving south.
0:(24,25) 1:(28,6) Avatar 0:(24,25) Moving east.
0:(25,25) 1:(28,6) Avatar 1:(28,6) Moving east.
0:(25,25) 1:(28,6) Avatar 0:(25,25) Moving north.
0:(25,25) 1:(28,6) Avatar 1:(28,6) Moving south.
0:(25,25) 1:(28,6) Avatar 0:(25,25) Moving east.
0:(25,25) 1:(28,6) Avatar 1:(28,6) Moving west.
0:(25,25) 1:(27,6) Avatar 0:(25,25) Moving south.
0:(25,26) 1:(27,6) Avatar 1:(27,6) Moving north.
0:(25,26) 1:(27,6) Avatar 0:(25,26) Moving east.
0:(25,26) 1:(27,6) Avatar 1:(27,6) Moving south.
0:(25,26) 1:(27,6) Avatar 0:(25,26) Moving south.
0:(25,27) 1:(27,6) Avatar 1:(27,6) Moving west.
0:(25,27) 1:(26,6) Avatar 0:(25,27) Moving east.
0:(26,27) 1:(26,6) Avatar 1:(26,6) Moving north.
0:(26,27) 1:(26,5) Avatar 0:(26,27) Moving north.
0:(26,26) 1:(26,5) Avatar 1:(26,5) Moving north.
0:(26,26) 1:(26,4) Avatar 0:(26,26) Moving north.
0:(26,25) 1:(26,4) Avatar 1:(26,4) Moving north.
0:(26,25) 1:(26,4) Avatar 0:(26,25) Moving north.
0:(26,24) 1:(26,4) Avatar 1:(26,4) Moving east.
0:(26,24) 1:(26,4) Avatar 0:(26,24) Moving north.
0:(26,23) 1:(26,4) Avatar 1:(26,4) Moving west.
0:(26,23) 1:(25,4) Avatar 0:(26,23) Moving north.
0:(26,23) 1:(25,4) Avatar 1:(25,4) Moving north.
0:(26,23) 1:(25,4) Avatar 0:(26,23) Moving east.
0:(27,23) 1:(25,4) Avatar 1:(25,4) Moving south.
0:(27,23) 1:(25,4) Avatar 0:(27,23) Moving north.
0:(27,22) 1:(25,4) Avatar 1:(25,4) Moving west.
0:(27,22) 1:(24,4) Avatar 0:(27,22) Moving north.
0:(27,21) 1:(24,4) Avatar 1:(24,4) Moving north.
0:(27,21) 1:(24,3) Avatar 0:(27,21) Moving north.
0:(27,21) 1:(24,3) Avatar 1:(24,3) Moving north.
0:(27,21) 1:(24,2) Avatar 0:(27,21) Moving east.
0:(27,21) 1:(24,2) Avatar 1:(24,2) Moving north.
0:(27,21) 1:(24,2) Avatar 0:(27,21) Moving west.
0:(27,21) 1:(24,2) Avatar 1:(24,2) Moving east.
0:(27,21) 1:(24,2) Avatar 0:(27,21) Moving south.
0:(27,22) 1:(24,2) Avatar 1:(24,2) Moving west.
0:(27,22) 1:(23,2) Avatar 0:(27,22) Moving east.
0:(28,22) 1:(23,2) Avatar 1:(23,2) Moving north.
0:(28,22) 1:(23,2) Avatar 0:(28,22) Moving north.
0:(28,22) 1:(23,2) Avatar 1:(23,2) Moving south.
0:(28,22) 1:(23,3) Avatar 0:(28,22) Moving east.
0:(28,22) 1:(23,3) Avatar 1:(23,3) Moving east.
0:(28,22) 1:(23,3) Avatar 0:(28,22) Moving south.
0:(28,23) 1:(23,3) Avatar 1:(23,3) Moving south.
0:(28,23) 1:(23,4) Avatar 0:(28,23) Moving east.
0:(28,23) 1:(23,4) Avatar 1:(23,4) Moving east.
0:(28,23) 1:(23,4) Avatar 0:(28,23) Moving south.
0:(28,24) 1:(23,4) Avatar 1:(23,4) Moving south.
0:(28,24) 1:(23,4) Avatar 0:(28,24) Moving east.
0:(28,24) 1:(23,4) Avatar 1:(23,4) Moving west.
0:(28,24) 1:(22,4) Avatar 0:(28,24) Moving south.
0:(28,25) 1:(22,4) Avatar 1:(22,4) Moving south.
0:(28,25) 1:(22,5) Avatar 0:(28,25) Moving east.
0:(28,25) 1:(22,5) Avatar 1:(22,5) Moving east.
0:(28,25) 1:(22,5) Avatar 0:(28,25) Moving south.
0:(28,26) 1:(22,5) Avatar 1:(22,5) Moving south.
0:(28,26) 1:(22,6) Avatar 0:(28,26) Moving east.
0:(29,26) 1:(22,6) Avatar 1:(22,6) Moving east.
0:(29,26) 1:(22,6) Avatar 0:(29,26) Moving north.
0:(29,26) 1:(22,6) Avatar 1:(22,6) Moving south.
0:(29,26) 1:(22,7) Avatar 0:(29,26) Moving east.
0:(29,26) 1:(22,7) Avatar 1:(22,7) Moving east.
0:(29,26) 1:(22,7) Avatar 0:(29,26) Moving south.
0:(29,27) 1:(22,7) Avatar 1:(22,7) Moving south.
0:(29,27) 1:(22,8) Avatar 0:(29,27) Moving east.
0:(30,27) 1:(22,8) Avatar 1:(22,8) Moving east.
0:(30,27) 1:(22,8) Avatar 0:(30,27) Moving north.
0:(30,27) 1:(22,8) Avatar 1:(22,8) Moving south.
0:(30,27) 1:(22,9) Avatar 0:(30,27) Moving east.
0:(31,27) 1:(22,9) Avatar 1:(22,9) Moving east.
0:(31,27) 1:(22,9) Avatar 0:(31,27) Moving north.
0:(31,26) 1:(22,9) Avatar 1:(22,9) Moving south.
0:(31,26) 1:(22,9) Avatar 0:(31,26) Moving north.
0:(31,26) 1:(22,9) Avatar 1:(22,9) Moving west.
0:(31,26) 1:(21,9) Avatar 0:(31,26) Moving east.
0:(31,26) 1:(21,9) Avatar 1:(21,9) Moving north.
0:(31,26) 1:(21,9) Avatar 0:(31,26) Moving west.
0:(30,26) 1:(21,9) Avatar 1:(21,9) Moving south.
0:(30,26) 1:(21,10) Avatar 0:(30,26) Moving north.
0:(30,26) 1:(21,10) Avatar 1:(21,10) Moving east.
0:(30,26) 1:(22,10) Avatar 0:(30,26) Moving east.
0:(31,26) 1:(22,10) Avatar 1:(22,10) Moving east.
0:(31,26) 1:(22,10) Avatar 0:(31,26) Moving south.
0:(31,27) 1:(22,10) Avatar 1:(22,10) Moving south.
0:(31,27) 1:(22,11) Avatar 0:(31,27) Moving east.
0:(31,27) 1:(22,11) Avatar 1:(22,11) Moving east.
0:(31,27) 1:(22,11) Avatar 0:(31,27) Moving south.
0:(31,28) 1:(22,11) Avatar 1:(22,11) Moving south.
0:(31,28) 1:(22,12) Avatar 0:(31,28) Moving east.
0:(32,28) 1:(22,12) Avatar 1:(22,12) Moving east.
0:(32,28) 1:(22,12) Avatar 0:(32,28) Moving north.
0:(32,27) 1:(22,12) Avatar 1:(22,12) Moving south.
0:(32,27) 1:(22,13) Avatar 0:(32,27) Moving north.
0:(32,27) 1:(22,13) Avatar 1:(22,13) Moving east.
0:(32,27) 1:(22,13) Avatar 0:(32,27) Moving east.
0:(33,27) 1:(22,13) Avatar 1:(22,13) Moving south.
0:(33,27) 1:(22,14) Avatar 0:(33,27) Moving north.
0:(33,27) 1:(22,14) Avatar 1:(22,14) Moving east.
0:(33,27) 1:(23,14) Avatar 0:(33,27) Moving east.
0:(33,27) 1:(23,14) Avatar 1:(23,14) Moving north.
0:(33,27) 1:(23,14) Avatar 0:(33,27) Moving south.
0:(33,28) 1:(23,14) Avatar 1:(23,14) Moving east.
0:(33,28) 1:(23,14) Avatar 0:(33,28) Moving east.
0:(33,28) 1:(23,14) Avatar 1:(23,14) Moving south.
0:(33,28) 1:(23,15) Avatar 0:(33,28) Moving south.
0:(33,28) 1:(23,15) Avatar 1:(23,15) Moving east.
0:(33,28) 1:(23,15) Avatar 0:(33,28) Moving west.
0:(33,28) 1:(23,15) Avatar 1:(23,15) Moving south.
0:(33,28) 1:(23,15) Avatar 0:(33,28) Moving north.
0:(33,27) 1:(23,15) Avatar 1:(23,15) Moving west.
0:(33,27) 1:(22,15) Avatar 0:(33,27) Moving west.
0:(32,27) 1:(22,15) Avatar 1:(22,15) Moving north.
0:(32,27) 1:(22,15) Avatar 0:(32,27) Moving south.
0:(32,28) 1:(22,15) Avatar 1:(22,15) Moving south.
0:(32,28) 1:(22,16) Avatar 0:(32,28) Moving south.
0:(32,29) 1:(22,16) Avatar 1:(22,16) Moving east.
0:(32,29) 1:(22,16) Avatar 0:(32,29) Moving east.
0:(32,29) 1:(22,16) Avatar 1:(22,16) Moving south.
0:(32,29) 1:(22,16) Avatar 0:(32,29) Moving south.
0:(32,30) 1:(22,16) Avatar 1:(22,16) Moving west.
0:(32,30) 1:(21,16) Avatar 0:(32,30) Moving east.
0:(32,30) 1:(21,16) Avatar 1:(21,16) Moving north.
0:(32,30) 1:(21,15) Avatar 0:(32,30) Moving south.
0:(32,30) 1:(21,15) Avatar 1:(21,15) Moving north.
0:(32,30) 1:(21,15) Avatar 0:(32,30) Moving west.
0:(32,30) 1:(21,15) Avatar 1:(21,15) Moving east.
0:(32,30) 1:(21,15) Avatar 0:(32,30) Moving north.
0:(32,29) 1:(21,15) Avatar 1:(21,15) Moving west.
0:(32,29) 1:(20,15) Avatar 0:(32,29) Moving west.
0:(31,29) 1:(20,15) Avatar 1:(20,15) Moving north.
0:(31,29) 1:(20,15) Avatar 0:(31,29) Moving north.
0:(31,29) 1:(20,15) Avatar 1:(20,15) Moving south.
0:(31,29) 1:(20,15) Avatar 0:(31,29) Moving south.
0:(31,29) 1:(20,15) Avatar 1:(20,15) Moving west.
0:(31,29) 1:(19,15) Avatar 0:(31,29) Moving west.
0:(31,29) 1:(19,15) Avatar 1:(19,15) Moving north.
0:(31,29) 1:(19,15) Avatar 0:(31,29) Moving east.
0:(32,29) 1:(19,15) Avatar 1:(19,15) Moving south.
0:(32,29) 1:(19,15) Avatar 0:(32,29) Moving north.
0:(32,28) 1:(19,15) Avatar 1:(19,15) Moving west.
0:(32,28) 1:(18,15) Avatar 0:(32,28) Moving west.
0:(31,28) 1:(18,15) Avatar 1:(18,15) Moving north.
0:(31,28) 1:(18,15) Avatar 0:(31,28) Moving west.
0:(31,28) 1:(18,15) Avatar 1:(18,15) Moving south.
0:(31,28) 1:(18,16) Avatar 0:(31,28) Moving north.
0:(31,27) 1:(18,16) Avatar 1:(18,16) Moving east.
0:(31,27) 1:(18,16) Avatar 0:(31,27) Moving west.
0:(30,27) 1:(18,16) Avatar 1:(18,16) Moving south.
0:(30,27) 1:(18,17) Avatar 0:(30,27) Moving south.
0:(30,27) 1:(18,17) Avatar 1:(18,17) Moving east.
0:(30,27) 1:(18,17) Avatar 0:(30,27) Moving west.
0:(29,27) 1:(18,17) Avatar 1:(18,17) Moving south.
0:(29,27) 1:(18,17) Avatar 0:(29,27) Moving south.
0:(29,27) 1:(18,17) Avatar 1:(18,17) Moving west.
0:(29,27) 1:(17,17) Avatar 0:(29,27) Moving west.
0:(29,27) 1:(17,17) Avatar 1:(17,17) Moving north.
0:(29,27) 1:(17,17) Avatar 0:(29,27) Moving north.
0:(29,26) 1:(17,17) Avatar 1:(17,17) Moving south.
0:(29,26) 1:(17,17) Avatar 0:(29,26) Moving west.
0:(28,26) 1:(17,17) Avatar 1:(17,17) Moving west.
0:(28,26) 1:(16,17) Avatar 0:(28,26) Moving south.
0:(28,26) 1:(16,17) Avatar 1:(16,17) Moving north.
0:(28,26) 1:(16,17) Avatar 0:(28,26) Moving west.
0:(28,26) 1:(16,17) Avatar 1:(16,17) Moving south.
0:(28,26) 1:(16,17) Avatar 0:(28,26) Moving north.
0:(28,25) 1:(16,17) Avatar 1:(16,17) Moving west.
0:(28,25) 1:(15,17) Avatar 0:(28,25) Moving west.
0:(28,25) 1:(15,17) Avatar 1:(15,17) Moving north.
0:(28,25) 1:(15,17) Avatar 0:(28,25) Moving north.
0:(28,24) 1:(15,17) Avatar 1:(15,17) Moving south.
0:(28,24) 1:(15,18) Avatar 0:(28,24) Moving west.
0:(27,24) 1:(15,18) Avatar 1:(15,18) Moving east.
0:(27,24) 1:(16,18) Avatar 0:(27,24) Moving north.
0:(27,24) 1:(16,18) Avatar 1:(16,18) Moving east.
0:(27,24) 1:(16,18) Avatar 0:(27,24) Moving south.
0:(27,25) 1:(16,18) Avatar 1:(16,18) Moving south.
0:(27,25) 1:(16,19) Avatar 0:(27,25) Moving south.
0:(27,26) 1:(16,19) Avatar 1:(16,19) Moving east.
0:(27,26) 1:(16,19) Avatar 0:(27,26) Moving south.
0:(27,27) 1:(16,19) Avatar 1:(16,19) Moving south.
0:(27,27) 1:(16,19) Avatar 0:(27,27) Moving east.
0:(28,27) 1:(16,19) Avatar 1:(16,19) Moving west.
0:(28,27) 1:(15,19) Avatar 0:(28,27) Moving south.
0:(28,28) 1:(15,19) Avatar 1:(15,19) Moving north.
0:(28,28) 1:(15,19) Avatar 0:(28,28) Moving east.
0:(29,28) 1:(15,19) Avatar 1:(15,19) Moving south.
0:(29,28) 1:(15,20) Avatar 0:(29,28) Moving east.
0:(30,28) 1:(15,20) Avatar 1:(15,20) Moving east.
0:(30,28) 1:(15,20) Avatar 0:(30,28) Moving south.
0:(30,29) 1:(15,20) Avatar 1:(15,20) Moving south.
0:(30,29) 1:(15,20) Avatar 0:(30,29) Moving south.
0:(30,30) 1:(15,20) Avatar 1:(15,20) Moving west.
0:(30,30) 1:(14,20) Avatar 0:(30,30) Moving east.
0:(31,30) 1:(14,20) Avatar 1:(14,20) Moving south.
0:(31,30) 1:(14,20) Avatar 0:(31,30) Moving south.
0:(31,31) 1:(14,20) Avatar 1:(14,20) Moving west.
0:(31,31) 1:(13,20) Avatar 0:(31,31) Moving east.
0:(32,31) 1:(13,20) Avatar 1:(13,20) Moving south.
0:(32,31) 1:(13,20) Avatar 0:(32,31) Moving east.
0:(33,31) 1:(13,20) Avatar 1:(13,20) Moving west.
0:(33,31) 1:(12,20) Avatar 0:(33,31) Moving north.
0:(33,30) 1:(12,20) Avatar 1:(12,20) Moving south.
0:(33,30) 1:(12,21) Avatar 0:(33,30) Moving north.
0:(33,29) 1:(12,21) Avatar 1:(12,21) Moving east.
0:(33,29) 1:(12,21) Avatar 0:(33,29) Moving east.
0:(34,29) 1:(12,21) Avatar 1:(12,21) Moving south.
0:(34,29) 1:(12,21) Avatar 0:(34,29) Moving north.
0:(34,28) 1:(12,21) Avatar 1:(12,21) Moving west.
0:(34,28) 1:(11,21) Avatar 0:(34,28) Moving north.
0:(34,27) 1:(11,21) Avatar 1:(11,21) Moving north.
0:(34,27) 1:(11,21) Avatar 0:(34,27) Moving north.
0:(34,26) 1:(11,21) Avatar 1:(11,21) Moving south.
0:(34,26) 1:(11,22) Avatar 0:(34,26) Moving north.
0:(34,25) 1:(11,22) Avatar 1:(11,22) Moving east.
0:(34,25) 1:(11,22) Avatar 0:(34,25) Moving north.
0:(34,24) 1:(11,22) Avatar 1:(11,22) Moving north.
0:(34,24) 1:(11,21) Avatar 0:(34,24) Moving north.
0:(34,23) 1:(11,21) Avatar 1:(11,21) Moving west.
0:(34,23) 1:(11,21) Avatar 0:(34,23) Moving north.
0:(34,23) 1:(11,21) Avatar 1:(11,21) Moving east.
0:(34,23) 1:(12,21) Avatar 0:(34,23) Moving west.
0:(33,23) 1:(12,21) Avatar 1:(12,21) Moving north.
0:(33,23) 1:(12,20) Avatar 0:(33,23) Moving north.
0:(33,23) 1:(12,20) Avatar 1:(12,20) Moving west.
0:(33,23) 1:(12,20) Avatar 0:(33,23) Moving south.
0:(33,23) 1:(12,20) Avatar 1:(12,20) Moving east.
0:(33,23) 1:(13,20) Avatar 0:(33,23) Moving west.
0:(32,23) 1:(13,20) Avatar 1:(13,20) Moving east.
0:(32,23) 1:(14,20) Avatar 0:(32,23) Moving north.
0:(32,23) 1:(14,20) Avatar 1:(14,20) Moving east.
0:(32,23) 1:(15,20) Avatar 0:(32,23) Moving south.
0:(32,23) 1:(15,20) Avatar 1:(15,20) Moving north.
0:(32,23) 1:(15,19) Avatar 0:(32,23) Moving west.
0:(31,23) 1:(15,19) Avatar 1:(15,19) Moving east.
0:(31,23) 1:(16,19) Avatar 0:(31,23) Moving north.
0:(31,22) 1:(16,19) Avatar 1:(16,19) Moving north.
0:(31,22) 1:(16,18) Avatar 0:(31,22) Moving north.
0:(31,21) 1:(16,18) Avatar 1:(16,18) Moving west.
0:(31,21) 1:(15,18) Avatar 0:(31,21) Moving north.
0:(31,21) 1:(15,18) Avatar 1:(15,18) Moving west.
0:(31,21) 1:(15,18) Avatar 0:(31,21) Moving east.
0:(32,21) 1:(15,18) Avatar 1:(15,18) Moving north.
0:(32,21) 1:(15,17) Avatar 0:(32,21) Moving north.
0:(32,21) 1:(15,17) Avatar 1:(15,17) Moving west.
0:(32,21) 1:(15,17) Avatar 0:(32,21) Moving east.
0:(33,21) 1:(15,17) Avatar 1:(15,17) Moving east.
0:(33,21) 1:(16,17) Avatar 0:(33,21) Moving north.
0:(33,21) 1:(16,17) Avatar 1:(16,17) Moving east.
0:(33,21) 1:(17,17) Avatar 0:(33,21) Moving east.
0:(34,21) 1:(17,17) Avatar 1:(17,17) Moving east.
0:(34,21) 1:(18,17) Avatar 0:(34,21) Moving north.
0:(34,20) 1:(18,17) Avatar 1:(18,17) Moving north.
0:(34,20) 1:(18,16) Avatar 0:(34,20) Moving north.
0:(34,20) 1:(18,16) Avatar 1:(18,16) Moving west.
0:(34,20) 1:(18,16) Avatar 0:(34,20) Moving west.
0:(33,20) 1:(18,16) Avatar 1:(18,16) Moving north.
0:(33,20) 1:(18,15) Avatar 0:(33,20) Moving north.
0:(33,20) 1:(18,15) Avatar 1:(18,15) Moving west.
0:(33,20) 1:(18,15) Avatar 0:(33,20) Moving west.
0:(32,20) 1:(18,15) Avatar 1:(18,15) Moving east.
0:(32,20) 1:(19,15) Avatar 0:(32,20) Moving north.
0:(32,19) 1:(19,15) Avatar 1:(19,15) Moving east.
0:(32,19) 1:(20,15) Avatar 0:(32,19) Moving north.
0:(32,19) 1:(20,15) Avatar 1:(20,15) Moving east.
0:(32,19) 1:(21,15) Avatar 0:(32,19) Moving east.
0:(32,19) 1:(21,15) Avatar 1:(21,15) Moving south.
0:(32,19) 1:(21,16) Avatar 0:(32,19) Moving west.
0:(31,19) 1:(21,16) Avatar 1:(21,16) Moving south.
0:(31,19) 1:(21,16) Avatar 0:(31,19) Moving north.
0:(31,19) 1:(21,16) Avatar 1:(21,16) Moving west.
0:(31,19) 1:(21,16) Avatar 0:(31,19) Moving south.
0:(31,20) 1:(21,16) Avatar 1:(21,16) Moving east.
0:(31,20) 1:(22,16) Avatar 0:(31,20) Moving east.
0:(31,20) 1:(22,16) Avatar 1:(22,16) Moving north.
0:(31,20) 1:(22,15) Avatar 0:(31,20) Moving west.
0:(30,20) 1:(22,15) Avatar 1:(22,15) Moving east.
0:(30,20) 1:(23,15) Avatar 0:(30,20) Moving north.
0:(30,20) 1:(23,15) Avatar 1:(23,15) Moving north.
0:(30,20) 1:(23,14) Avatar 0:(30,20) Moving south.
0:(30,21) 1:(23,14) Avatar 1:(23,14) Moving west.
0:(30,21) 1:(22,14) Avatar 0:(30,21) Moving east.
0:(30,21) 1:(22,14) Avatar 1:(22,14) Moving west.
0:(30,21) 1:(22,14) Avatar 0:(30,21) Moving south.
0:(30,22) 1:(22,14) Avatar 1:(22,14) Moving north.
0:(30,22) 1:(22,13) Avatar 0:(30,22) Moving east.
0:(30,22) 1:(22,13) Avatar 1:(22,13) Moving north.
0:(30,22) 1:(22,12) Avatar 0:(30,22) Moving south.
0:(30,23) 1:(22,12) Avatar 1:(22,12) Moving west.
0:(30,23) 1:(22,12) Avatar 0:(30,23) Moving east.
0:(30,23) 1:(22,12) Avatar 1:(22,12) Moving north.
0:(30,23) 1:(22,11) Avatar 0:(30,23) Moving south.
0:(30,24) 1:(22,11) Avatar 1:(22,11) Moving north.
0:(30,24) 1:(22,10) Avatar 0:(30,24) Moving east.
0:(31,24) 1:(22,10) Avatar 1:(22,10) Moving west.
0:(31,24) 1:(21,10) Avatar 0:(31,24) Moving north.
0:(31,24) 1:(21,10) Avatar 1:(21,10) Moving west.
0:(31,24) 1:(21,10) Avatar 0:(31,24) Moving east.
0:(32,24) 1:(21,10) Avatar 1:(21,10) Moving north.
0:(32,24) 1:(21,9) Avatar 0:(32,24) Moving east.
0:(33,24) 1:(21,9) Avatar 1:(21,9) Moving east.
0:(33,24) 1:(22,9) Avatar 0:(33,24) Moving east.
0:(33,24) 1:(22,9) Avatar 1:(22,9) Moving north.
0:(33,24) 1:(22,8) Avatar 0:(33,24) Moving south.
0:(33,24) 1:(22,8) Avatar 1:(22,8) Moving west.
0:(33,24) 1:(22,8) Avatar 0:(33,24) Moving west.
0:(32,24) 1:(22,8) Avatar 1:(22,8) Moving north.
0:(32,24) 1:(22,7) Avatar 0:(32,24) Moving south.
0:(32,24) 1:(22,7) Avatar 1:(22,7) Moving west.
0:(32,24) 1:(22,7) Avatar 0:(32,24) Moving west.
0:(31,24) 1:(22,7) Avatar 1:(22,7) Moving north.
0:(31,24) 1:(22,6) Avatar 0:(31,24) Moving south.
0:(31,24) 1:(22,6) Avatar 1:(22,6) Moving west.
0:(31,24) 1:(22,6) Avatar 0:(31,24) Moving west.
0:(30,24) 1:(22,6) Avatar 1:(22,6) Moving north.
0:(30,24) 1:(22,5) Avatar 0:(30,24) Moving south.
0:(30,24) 1:(22,5) Avatar 1:(22,5) Moving north.
0:(30,24) 1:(22,4) Avatar 0:(30,24) Moving west.
0:(30,24) 1:(22,4) Avatar 1:(22,4) Moving east.
0:(30,24) 1:(23,4) Avatar 0:(30,24) Moving north.
0:(30,23) 1:(23,4) Avatar 1:(23,4) Moving north.
0:(30,23) 1:(23,3) Avatar 0:(30,23) Moving west.
0:(30,23) 1:(23,3) Avatar 1:(23,3) Moving north.
0:(30,23) 1:(23,2) Avatar 0:(30,23) Moving north.
0:(30,22) 1:(23,2) Avatar 1:(23,2) Moving west.
0:(30,22) 1:(23,2) Avatar 0:(30,22) Moving west.
0:(30,22) 1:(23,2) Avatar 1:(23,2) Moving east.
0:(30,22) 1:(24,2) Avatar 0:(30,22) Moving north.
0:(30,21) 1:(24,2) Avatar 1:(24,2) Moving south.
0:(30,21) 1:(24,3) Avatar 0:(30,21) Moving west.
0:(30,21) 1:(24,3) Avatar 1:(24,3) Moving east.
0:(30,21) 1:(24,3) Avatar 0:(30,21) Moving north.
0:(30,20) 1:(24,3) Avatar 1:(24,3) Moving south.
0:(30,20) 1:(24,4) Avatar 0:(30,20) Moving west.
0:(29,20) 1:(24,4) Avatar 1:(24,4) Moving south.
0:(29,20) 1:(24,4) Avatar 0:(29,20) Moving north.
0:(29,19) 1:(24,4) Avatar 1:(24,4) Moving east.
0:(29,19) 1:(25,4) Avatar 0:(29,19) Moving north.
0:(29,18) 1:(25,4) Avatar 1:(25,4) Moving east.
0:(29,18) 1:(26,4) Avatar 0:(29,18) Moving north.
0:(29,18) 1:(26,4) Avatar 1:(26,4) Moving south.
0:(29,18) 1:(26,5) Avatar 0:(29,18) Moving east.
0:(30,18) 1:(26,5) Avatar 1:(26,5) Moving east.
0:(30,18) 1:(26,5) Avatar 0:(30,18) Moving north.
0:(30,18) 1:(26,5) Avatar 1:(26,5) Moving west.
0:(30,18) 1:(26,5) Avatar 0:(30,18) Moving east.
0:(31,18) 1:(26,5) Avatar 1:(26,5) Moving south.
0:(31,18) 1:(26,6) Avatar 0:(31,18) Moving north.
0:(31,17) 1:(26,6) Avatar 1:(26,6) Moving south.
0:(31,17) 1:(26,6) Avatar 0:(31,17) Moving north.
0:(31,17) 1:(26,6) Avatar 1:(26,6) Moving west.
0:(31,17) 1:(26,6) Avatar 0:(31,17) Moving east.
0:(31,17) 1:(26,6) Avatar 1:(26,6) Moving east.
0:(31,17) 1:(27,6) Avatar 0:(31,17) Moving west.
0:(30,17) 1:(27,6) Avatar 1:(27,6) Moving east.
0:(30,17) 1:(28,6) Avatar 0:(30,17) Moving north.
0:(30,16) 1:(28,6) Avatar 1:(28,6) Moving north.
0:(30,16) 1:(28,5) Avatar 0:(30,16) Moving north.
0:(30,16) 1:(28,5) Avatar 1:(28,5) Moving west.
0:(30,16) 1:(28,5) Avatar 0:(30,16) Moving east.
0:(31,16) 1:(28,5) Avatar 1:(28,5) Moving north.
0:(31,16) 1:(28,4) Avatar 0:(31,16) Moving north.
0:(31,15) 1:(28,4) Avatar 1:(28,4) Moving west.
0:(31,15) 1:(27,4) Avatar 0:(31,15) Moving north.
0:(31,14) 1:(27,4) Avatar 1:(27,4) Moving north.
0:(31,14) 1:(27,3) Avatar 0:(31,14) Moving north.
0:(31,13) 1:(27,3) Avatar 1:(27,3) Moving west.
0:(31,13) 1:(26,3) Avatar 0:(31,13) Moving north.
0:(31,13) 1:(26,3) Avatar 1:(26,3) Moving west.
0:(31,13) 1:(25,3) Avatar 0:(31,13) Moving east.
0:(32,13) 1:(25,3) Avatar 1:(25,3) Moving north.
0:(32,13) 1:(25,2) Avatar 0:(32,13) Moving north.
0:(32,12) 1:(25,2) Avatar 1:(25,2) Moving east.
0:(32,12) 1:(26,2) Avatar 0:(32,12) Moving north.
0:(32,12) 1:(26,2) Avatar 1:(26,2) Moving east.
0:(32,12) 1:(27,2) Avatar 0:(32,12) Moving east.
0:(33,12) 1:(27,2) Avatar 1:(27,2) Moving north.
0:(33,12) 1:(27,1) Avatar 0:(33,12) Moving north.
0:(33,12) 1:(27,1) Avatar 1:(27,1) Moving west.
0:(33,12) 1:(26,1) Avatar 0:(33,12) Moving east.
0:(33,12) 1:(26,1) Avatar 1:(26,1) Moving west.
0:(33,12) 1:(25,1) Avatar 0:(33,12) Moving south.
0:(33,13) 1:(25,1) Avatar 1:(25,1) Moving west.
0:(33,13) 1:(24,1) Avatar 0:(33,13) Moving east.
0:(33,13) 1:(24,1) Avatar 1:(24,1) Moving west.
0:(33,13) 1:(23,1) Avatar 0:(33,13) Moving south.
0:(33,14) 1:(23,1) Avatar 1:(23,1) Moving west.
0:(33,14) 1:(23,1) Avatar 0:(33,14) Moving east.
0:(34,14) 1:(23,1) Avatar 1:(23,1) Moving north.
0:(34,14) 1:(23,0) Avatar 0:(34,14) Moving north.
0:(34,13) 1:(23,0) Avatar 1:(23,0) Moving west.
0:(34,13) 1:(22,0) Avatar 0:(34,13) Moving north.
0:(34,12) 1:(22,0) Avatar 1:(22,0) Moving south.
0:(34,12) 1:(22,1) Avatar 0:(34,12) Moving north.
0:(34,11) 1:(22,1) Avatar 1:(22,1) Moving south.
0:(34,11) 1:(22,2) Avatar 0:(34,11) Moving north.
0:(34,10) 1:(22,2) Avatar 1:(22,2) Moving west.
0:(34,10) 1:(21,2) Avatar 0:(34,10) Moving north.
0:(34,10) 1:(21,2) Avatar 1:(21,2) Moving west.
0:(34,10) 1:(21,2) Avatar 0:(34,10) Moving west.
0:(33,10) 1:(21,2) Avatar 1:(21,2) Moving north.
0:(33,10) 1:(21,1) Avatar 0:(33,10) Moving north.
0:(33,9) 1:(21,1) Avatar 1:(21,1) Moving west.
0:(33,9) 1:(21,1) Avatar 0:(33,9) Moving north.
0:(33,9) 1:(21,1) Avatar 1:(21,1) Moving north.
0:(33,9) 1:(21,0) Avatar 0:(33,9) Moving east.
0:(33,9) 1:(21,0) Avatar 1:(21,0) Moving west.
0:(33,9) 1:(20,0) Avatar 0:(33,9) Moving west.
0:(32,9) 1:(20,0) Avatar 1:(20,0) Moving west.
0:(32,9) 1:(20,0) Avatar 0:(32,9) Moving north.
0:(32,9) 1:(20,0) Avatar 1:(20,0) Moving south.
0:(32,9) 1:(20,1) Avatar 0:(32,9) Moving south.
0:(32,10) 1:(20,1) Avatar 1:(20,1) Moving west.
0:(32,10) 1:(20,1) Avatar 0:(32,10) Moving east.
0:(32,10) 1:(20,1) Avatar 1:(20,1) Moving south.
0:(32,10) 1:(20,2) Avatar 0:(32,10) Moving south.
0:(32,11) 1:(20,2) Avatar 1:(20,2) Moving west.
0:(32,11) 1:(19,2) Avatar 0:(32,11) Moving east.
0:(33,11) 1:(19,2) Avatar 1:(19,2) Moving west.
0:(33,11) 1:(19,2) Avatar 0:(33,11) Moving north.
0:(33,11) 1:(19,2) Avatar 1:(19,2) Moving south.
0:(33,11) 1:(19,3) Avatar 0:(33,11) Moving east.
0:(33,11) 1:(19,3) Avatar 1:(19,3) Moving south.
0:(33,11) 1:(19,3) Avatar 0:(33,11) Moving west.
0:(32,11) 1:(19,3) Avatar 1:(19,3) Moving west.
0:(32,11) 1:(19,3) Avatar 0:(32,11) Moving west.
0:(31,11) 1:(19,3) Avatar 1:(19,3) Moving east.
0:(31,11) 1:(20,3) Avatar 0:(31,11) Moving north.
0:(31,10) 1:(20,3) Avatar 1:(20,3) Moving south.
0:(31,10) 1:(20,4) Avatar 0:(31,10) Moving north.
0:(31,9) 1:(20,4) Avatar 1:(20,4) Moving west.
0:(31,9) 1:(20,4) Avatar 0:(31,9) Moving north.
0:(31,8) 1:(20,4) Avatar 1:(20,4) Moving south.
0:(31,8) 1:(20,5) Avatar 0:(31,8) Moving north.
0:(31,8) 1:(20,5) Avatar 1:(20,5) Moving west.
0:(31,8) 1:(20,5) Avatar 0:(31,8) Moving east.
0:(32,8) 1:(20,5) Avatar 1:(20,5) Moving east.
0:(32,8) 1:(21,5) Avatar 0:(32,8) Moving north.
0:(32,7) 1:(21,5) Avatar 1:(21,5) Moving south.
0:(32,7) 1:(21,6) Avatar 0:(32,7) Moving north.
0:(32,7) 1:(21,6) Avatar 1:(21,6) Moving south.
0:(32,7) 1:(21,6) Avatar 0:(32,7) Moving east.
0:(32,7) 1:(21,6) Avatar 1:(21,6) Moving west.
0:(32,7) 1:(20,6) Avatar 0:(32,7) Moving west.
0:(31,7) 1:(20,6) Avatar 1:(20,6) Moving west.
0:(31,7) 1:(20,6) Avatar 0:(31,7) Moving north.
0:(31,7) 1:(20,6) Avatar 1:(20,6) Moving south.
0:(31,7) 1:(20,7) Avatar 0:(31,7) Moving west.
0:(30,7) 1:(20,7) Avatar 1:(20,7) Moving east.
0:(30,7) 1:(20,7) Avatar 0:(30,7) Moving north.
0:(30,7) 1:(20,7) Avatar 1:(20,7) Moving west.
0:(30,7) 1:(20,7) Avatar 0:(30,7) Moving south.
0:(30,7) 1:(20,7) Avatar 1:(20,7) Moving south.
0:(30,7) 1:(20,8) Avatar 0:(30,7) Moving west.
0:(29,7) 1:(20,8) Avatar 1:(20,8) Moving west.
0:(29,7) 1:(19,8) Avatar 0:(29,7) Moving north.
0:(29,6) 1:(19,8) Avatar 1:(19,8) Moving west.
0:(29,6) 1:(19,8) Avatar 0:(29,6) Moving north.
0:(29,5) 1:(19,8) Avatar 1:(19,8) Moving south.
0:(29,5) 1:(19,9) Avatar 0:(29,5) Moving north.
0:(29,5) 1:(19,9) Avatar 1:(19,9) Moving south.
0:(29,5) 1:(19,9) Avatar 0:(29,5) Moving east.
0:(30,5) 1:(19,9) Avatar 1:(19,9) Moving west.
0:(30,5) 1:(19,9) Avatar 0:(30,5) Moving north.
0:(30,5) 1:(19,9) Avatar 1:(19,9) Moving east.
0:(30,5) 1:(20,9) Avatar 0:(30,5) Moving east.
0:(31,5) 1:(20,9) Avatar 1:(20,9) Moving south.
0:(31,5) 1:(20,10) Avatar 0:(31,5) Moving north.
0:(31,4) 1:(20,10) Avatar 1:(20,10) Moving west.
0:(31,4) 1:(20,10) Avatar 0:(31,4) Moving north.
0:(31,4) 1:(20,10) Avatar 1:(20,10) Moving south.
0:(31,4) 1:(20,11) Avatar 0:(31,4) Moving east.
0:(31,4) 1:(20,11) Avatar 1:(20,11) Moving west.
0:(31,4) 1:(20,11) Avatar 0:(31,4) Moving west.
0:(30,4) 1:(20,11) Avatar 1:(20,11) Moving east.
0:(30,4) 1:(21,11) Avatar 0:(30,4) Moving north.
0:(30,4) 1:(21,11) Avatar 1:(21,11) Moving south.
0:(30,4) 1:(21,12) Avatar 0:(30,4) Moving west.
0:(29,4) 1:(21,12) Avatar 1:(21,12) Moving west.
0:(29,4) 1:(20,12) Avatar 0:(29,4) Moving north.
0:(29,3) 1:(20,12) Avatar 1:(20,12) Moving west.
0:(29,3) 1:(19,12) Avatar 0:(29,3) Moving north.
0:(29,2) 1:(19,12) Avatar 1:(19,12) Moving west.
0:(29,2) 1:(19,12) Avatar 0:(29,2) Moving north.
0:(29,2) 1:(19,12) Avatar 1:(19,12) Moving south.
0:(29,2) 1:(19,13) Avatar 0:(29,2) Moving east.
0:(30,2) 1:(19,13) Avatar 1:(19,13) Moving west.
0:(30,2) 1:(19,13) Avatar 0:(30,2) Moving north.
0:(30,2) 1:(19,13) Avatar 1:(19,13) Moving east.
0:(30,2) 1:(20,13) Avatar 0:(30,2) Moving east.
0:(31,2) 1:(20,13) Avatar 1:(20,13) Moving east.
0:(31,2) 1:(21,13) Avatar 0:(31,2) Moving north.
0:(31,2) 1:(21,13) Avatar 1:(21,13) Moving south.
0:(31,2) 1:(21,14) Avatar 0:(31,2) Moving east.
0:(31,2) 1:(21,14) Avatar 1:(21,14) Moving west.
0:(31,2) 1:(20,14) Avatar 0:(31,2) Moving south.
0:(31,3) 1:(20,14) Avatar 1:(20,14) Moving west.
0:(31,3) 1:(19,14) Avatar 0:(31,3) Moving east.
0:(32,3) 1:(19,14) Avatar 1:(19,14) Moving west.
0:(32,3) 1:(18,14) Avatar 0:(32,3) Moving north.
0:(32,3) 1:(18,14) Avatar 1:(18,14) Moving west.
0:(32,3) 1:(17,14) Avatar 0:(32,3) Moving east.
0:(33,3) 1:(17,14) Avatar 1:(17,14) Moving south.
0:(33,3) 1:(17,15) Avatar 0:(33,3) Moving north.
0:(33,2) 1:(17,15) Avatar 1:(17,15) Moving south.
0:(33,2) 1:(17,15) Avatar 0:(33,2) Moving north.
0:(33,1) 1:(17,15) Avatar 1:(17,15) Moving west.
0:(33,1) 1:(16,15) Avatar 0:(33,1) Moving north.
0:(33,1) 1:(16,15) Avatar 1:(16,15) Moving south.
0:(33,1) 1:(16,15) Avatar 0:(33,1) Moving east.
0:(33,1) 1:(16,15) Avatar 1:(16,15) Moving west.
0:(33,1) 1:(16,15) Avatar 0:(33,1) Moving west.
0:(32,1) 1:(16,15) Avatar 1:(16,15) Moving north.
0:(32,1) 1:(16,14) Avatar 0:(32,1) Moving north.
0:(32,0) 1:(16,14) Avatar 1:(16,14) Moving west.
0:(32,0) 1:(15,14) Avatar 0:(32,0) Moving east.
0:(33,0) 1:(15,14) Avatar 1:(15,14) Moving west.
0:(33,0) 1:(15,14) Avatar 0:(33,0) Moving east.
0:(34,0) 1:(15,14) Avatar 1:(15,14) Moving south.
0:(34,0) 1:(15,15) Avatar 0:(34,0) Moving south.
0:(34,1) 1:(15,15) Avatar 1:(15,15) Moving west.
0:(34,1) 1:(15,15) Avatar 0:(34,1) Moving south.
0:(34,2) 1:(15,15) Avatar 1:(15,15) Moving south.
0:(34,2) 1:(15,16) Avatar 0:(34,2) Moving south.
0:(34,3) 1:(15,16) Avatar 1:(15,16) Moving west.
0:(34,3) 1:(14,16) Avatar 0:(34,3) Moving south.
0:(34,4) 1:(14,16) Avatar 1:(14,16) Moving west.
0:(34,4) 1:(14,16) Avatar 0:(34,4) Moving south.
0:(34,5) 1:(14,16) Avatar 1:(14,16) Moving south.
0:(34,5) 1:(14,17) Avatar 0:(34,5) Moving south.
0:(34,5) 1:(14,17) Avatar 1:(14,17) Moving west.
0:(34,5) 1:(14,17) Avatar 0:(34,5) Moving west.
0:(33,5) 1:(14,17) Avatar 1:(14,17) Moving south.
0:(33,5) 1:(14,18) Avatar 0:(33,5) Moving north.
0:(33,5) 1:(14,18) Avatar 1:(14,18) Moving west.
0:(33,5) 1:(13,18) Avatar 0:(33,5) Moving south.
0:(33,5) 1:(13,18) Avatar 1:(13,18) Moving west.
0:(33,5) 1:(12,18) Avatar 0:(33,5) Moving west.
0:(32,5) 1:(12,18) Avatar 1:(12,18) Moving west.
0:(32,5) 1:(11,18) Avatar 0:(32,5) Moving north.
0:(32,4) 1:(11,18) Avatar 1:(11,18) Moving west.
0:(32,4) 1:(10,18) Avatar 0:(32,4) Moving north.
0:(32,4) 1:(10,18) Avatar 1:(10,18) Moving west.
0:(32,4) 1:(10,18) Avatar 0:(32,4) Moving east.
0:(33,4) 1:(10,18) Avatar 1:(10,18) Moving south.
0:(33,4) 1:(10,19) Avatar 0:(33,4) Moving north.
0:(33,4) 1:(10,19) Avatar 1:(10,19) Moving west.
0:(33,4) 1:(10,19) Avatar 0:(33,4) Moving east.
0:(33,4) 1:(10,19) Avatar 1:(10,19) Moving east.
0:(33,4) 1:(11,19) Avatar 0:(33,4) Moving west.
0:(32,4) 1:(11,19) Avatar 1:(11,19) Moving south.
0:(32,4) 1:(11,20) Avatar 0:(32,4) Moving south.
0:(32,5) 1:(11,20) Avatar 1:(11,20) Moving west.
0:(32,5) 1:(10,20) Avatar 0:(32,5) Moving south.
0:(32,6) 1:(10,20) Avatar 1:(10,20) Moving west.
0:(32,6) 1:(10,20) Avatar 0:(32,6) Moving east.
0:(33,6) 1:(10,20) Avatar 1:(10,20) Moving south.
0:(33,6) 1:(10,21) Avatar 0:(33,6) Moving east.
0:(33,6) 1:(10,21) Avatar 1:(10,21) Moving west.
0:(33,6) 1:(9,21) Avatar 0:(33,6) Moving south.
0:(33,7) 1:(9,21) Avatar 1:(9,21) Moving west.
0:(33,7) 1:(9,21) Avatar 0:(33,7) Moving east.
0:(33,7) 1:(9,21) Avatar 1:(9,21) Moving south.
0:(33,7) 1:(9,22) Avatar 0:(33,7) Moving south.
0:(33,8) 1:(9,22) Avatar 1:(9,22) Moving south.
0:(33,8) 1:(9,22) Avatar 0:(33,8) Moving west.
0:(33,8) 1:(9,22) Avatar 1:(9,22) Moving west.
0:(33,8) 1:(9,22) Avatar 0:(33,8) Moving north.
0:(33,7) 1:(9,22) Avatar 1:(9,22) Moving east.
0:(33,7) 1:(10,22) Avatar 0:(33,7) Moving north.
0:(33,6) 1:(10,22) Avatar 1:(10,22) Moving south.
0:(33,6) 1:(10,23) Avatar 0:(33,6) Moving west.
0:(32,6) 1:(10,23) Avatar 1:(10,23) Moving south.
0:(32,6) 1:(10,23) Avatar 0:(32,6) Moving west.
0:(31,6) 1:(10,23) Avatar 1:(10,23) Moving west.
0:(31,6) 1:(10,23) Avatar 0:(31,6) Moving north.
0:(31,6) 1:(10,23) Avatar 1:(10,23) Moving east.
0:(31,6) 1:(11,23) Avatar 0:(31,6) Moving west.
0:(30,6) 1:(11,23) Avatar 1:(11,23) Moving south.
0:(30,6) 1:(11,24) Avatar 0:(30,6) Moving north.
0:(30,6) 1:(11,24) Avatar 1:(11,24) Moving south.
0:(30,6) 1:(11,24) Avatar 0:(30,6) Moving west.
0:(30,6) 1:(11,24) Avatar 1:(11,24) Moving west.
0:(30,6) 1:(11,24) Avatar 0:(30,6) Moving east.
0:(31,6) 1:(11,24) Avatar 1:(11,24) Moving east.
0:(31,6) 1:(12,24) Avatar 0:(31,6) Moving east.
0:(32,6) 1:(12,24) Avatar 1:(12,24) Moving north.
0:(32,6) 1:(12,23) Avatar 0:(32,6) Moving north.
0:(32,5) 1:(12,23) Avatar 1:(12,23) Moving east.
0:(32,5) 1:(13,23) Avatar 0:(32,5) Moving west.
0:(32,5) 1:(13,23) Avatar 1:(13,23) Moving east.
0:(32,5) 1:(14,23) Avatar 0:(32,5) Moving east.
0:(33,5) 1:(14,23) Avatar 1:(14,23) Moving east.
0:(33,5) 1:(15,23) Avatar 0:(33,5) Moving east.
0:(34,5) 1:(15,23) Avatar 1:(15,23) Moving north.
0:(34,5) 1:(15,22) Avatar 0:(34,5) Moving north.
0:(34,4) 1:(15,22) Avatar 1:(15,22) Moving west.
0:(34,4) 1:(14,22) Avatar 0:(34,4) Moving north.
0:(34,3) 1:(14,22) Avatar 1:(14,22) Moving north.
0:(34,3) 1:(14,22) Avatar 0:(34,3) Moving west.
0:(34,3) 1:(14,22) Avatar 1:(14,22) Moving west.
0:(34,3) 1:(13,22) Avatar 0:(34,3) Moving north.
0:(34,2) 1:(13,22) Avatar 1:(13,22) Moving north.
0:(34,2) 1:(13,21) Avatar 0:(34,2) Moving west.
0:(34,2) 1:(13,21) Avatar 1:(13,21) Moving east.
0:(34,2) 1:(14,21) Avatar 0:(34,2) Moving north.
0:(34,1) 1:(14,21) Avatar 1:(14,21) Moving east.
0:(34,1) 1:(15,21) Avatar 0:(34,1) Moving north.
0:(34,0) 1:(15,21) Avatar 1:(15,21) Moving east.
0:(34,0) 1:(16,21) Avatar 0:(34,0) Moving west.
0:(33,0) 1:(16,21) Avatar 1:(16,21) Moving north.
0:(33,0) 1:(16,21) Avatar 0:(33,0) Moving west.
0:(32,0) 1:(16,21) Avatar 1:(16,21) Moving east.
0:(32,0) 1:(16,21) Avatar 0:(32,0) Moving west.
0:(31,0) 1:(16,21) Avatar 1:(16,21) Moving south.
0:(31,0) 1:(16,22) Avatar 0:(31,0) Moving south.
0:(31,0) 1:(16,22) Avatar 1:(16,22) Moving east.
0:(31,0) 1:(16,22) Avatar 0:(31,0) Moving west.
0:(30,0) 1:(16,22) Avatar 1:(16,22) Moving south.
0:(30,0) 1:(16,23) Avatar 0:(30,0) Moving south.
0:(30,1) 1:(16,23) Avatar 1:(16,23) Moving east.
0:(30,1) 1:(16,23) Avatar 0:(30,1) Moving east.
0:(31,1) 1:(16,23) Avatar 1:(16,23) Moving south.
0:(31,1) 1:(16,24) Avatar 0:(31,1) Moving east.
0:(31,1) 1:(16,24) Avatar 1:(16,24) Moving east.
0:(31,1) 1:(16,24) Avatar 0:(31,1) Moving west.
0:(30,1) 1:(16,24) Avatar 1:(16,24) Moving south.
0:(30,1) 1:(16,24) Avatar 0:(30,1) Moving west.
0:(29,1) 1:(16,24) Avatar 1:(16,24) Moving west.
0:(29,1) 1:(15,24) Avatar 0:(29,1) Moving north.
0:(29,1) 1:(15,24) Avatar 1:(15,24) Moving south.
0:(29,1) 1:(15,24) Avatar 0:(29,1) Moving west.
0:(28,1) 1:(15,24) Avatar 1:(15,24) Moving west.
0:(28,1) 1:(14,24) Avatar 0:(28,1) Moving north.
0:(28,0) 1:(14,24) Avatar 1:(14,24) Moving south.
0:(28,0) 1:(14,25) Avatar 0:(28,0) Moving east.
0:(29,0) 1:(14,25) Avatar 1:(14,25) Moving east.
0:(29,0) 1:(15,25) Avatar 0:(29,0) Moving east.
0:(29,0) 1:(15,25) Avatar 1:(15,25) Moving east.
0:(29,0) 1:(15,25) Avatar 0:(29,0) Moving west.
0:(28,0) 1:(15,25) Avatar 1:(15,25) Moving south.
0:(28,0) 1:(15,26) Avatar 0:(28,0) Moving south.
0:(28,1) 1:(15,26) Avatar 1:(15,26) Moving east.
0:(28,1) 1:(16,26) Avatar 0:(28,1) Moving south.
0:(28,2) 1:(16,26) Avatar 1:(16,26) Moving north.
0:(28,2) 1:(16,26) Avatar 0:(28,2) Moving east.
0:(28,2) 1:(16,26) Avatar 1:(16,26) Moving east.
0:(28,2) 1:(17,26) Avatar 0:(28,2) Moving south.
0:(28,3) 1:(17,26) Avatar 1:(17,26) Moving north.
0:(28,3) 1:(17,25) Avatar 0:(28,3) Moving east.
0:(28,3) 1:(17,25) Avatar 1:(17,25) Moving north.
0:(28,3) 1:(17,25) Avatar 0:(28,3) Moving north.
0:(28,2) 1:(17,25) Avatar 1:(17,25) Moving east.
0:(28,2) 1:(18,25) Avatar 0:(28,2) Moving north.
0:(28,1) 1:(18,25) Avatar 1:(18,25) Moving north.
0:(28,1) 1:(18,24) Avatar 0:(28,1) Moving east.
0:(29,1) 1:(18,24) Avatar 1:(18,24) Moving north.
0:(29,1) 1:(18,24) Avatar 0:(29,1) Moving east.
0:(30,1) 1:(18,24) Avatar 1:(18,24) Moving east.
0:(30,1) 1:(19,24) Avatar 0:(30,1) Moving north.
0:(30,0) 1:(19,24) Avatar 1:(19,24) Moving north.
0:(30,0) 1:(19,23) Avatar 0:(30,0) Moving east.
0:(31,0) 1:(19,23) Avatar 1:(19,23) Moving north.
0:(31,0) 1:(19,23) Avatar 0:(31,0) Moving east.
0:(32,0) 1:(19,23) Avatar 1:(19,23) Moving west.
0:(32,0) 1:(18,23) Avatar 0:(32,0) Moving south.
0:(32,1) 1:(18,23) Avatar 1:(18,23) Moving north.
0:(32,1) 1:(18,23) Avatar 0:(32,1) Moving south.
0:(32,2) 1:(18,23) Avatar 1:(18,23) Moving west.
0:(32,2) 1:(17,23) Avatar 0:(32,2) Moving east.
0:(32,2) 1:(17,23) Avatar 1:(17,23) Moving north.
0:(32,2) 1:(17,22) Avatar 0:(32,2) Moving north.
0:(32,1) 1:(17,22) Avatar 1:(17,22) Moving north.
0:(32,1) 1:(17,21) Avatar 0:(32,1) Moving east.
0:(33,1) 1:(17,21) Avatar 1:(17,21) Moving north.
0:(33,1) 1:(17,21) Avatar 0:(33,1) Moving south.
0:(33,2) 1:(17,21) Avatar 1:(17,21) Moving east.
0:(33,2) 1:(18,21) Avatar 0:(33,2) Moving south.
0:(33,3) 1:(18,21) Avatar 1:(18,21) Moving north.
0:(33,3) 1:(18,21) Avatar 0:(33,3) Moving west.
0:(32,3) 1:(18,21) Avatar 1:(18,21) Moving east.
0:(32,3) 1:(18,21) Avatar 0:(32,3) Moving west.
0:(31,3) 1:(18,21) Avatar 1:(18,21) Moving south.
0:(31,3) 1:(18,22) Avatar 0:(31,3) Moving west.
0:(30,3) 1:(18,22) Avatar 1:(18,22) Moving east.
0:(30,3) 1:(19,22) Avatar 0:(30,3) Moving north.
0:(30,3) 1:(19,22) Avatar 1:(19,22) Moving north.
0:(30,3) 1:(19,21) Avatar 0:(30,3) Moving west.
0:(30,3) 1:(19,21) Avatar 1:(19,21) Moving north.
0:(30,3) 1:(19,21) Avatar 0:(30,3) Moving east.
0:(31,3) 1:(19,21) Avatar 1:(19,21) Moving east.
0:(31,3) 1:(20,21) Avatar 0:(31,3) Moving north.
0:(31,2) 1:(20,21) Avatar 1:(20,21) Moving north.
0:(31,2) 1:(20,21) Avatar 0:(31,2) Moving west.
0:(30,2) 1:(20,21) Avatar 1:(20,21) Moving east.
0:(30,2) 1:(21,21) Avatar 0:(30,2) Moving west.
0:(29,2) 1:(21,21) Avatar 1:(21,21) Moving north.
0:(29,2) 1:(21,21) Avatar 0:(29,2) Moving south.
0:(29,3) 1:(21,21) Avatar 1:(21,21) Moving east.
0:(29,3) 1:(22,21) Avatar 0:(29,3) Moving south.
0:(29,4) 1:(22,21) Avatar 1:(22,21) Moving north.
0:(29,4) 1:(22,20) Avatar 0:(29,4) Moving east.
0:(30,4) 1:(22,20) Avatar 1:(22,20) Moving north.
0:(30,4) 1:(22,19) Avatar 0:(30,4) Moving east.
0:(31,4) 1:(22,19) Avatar 1:(22,19) Moving north.
0:(31,4) 1:(22,19) Avatar 0:(31,4) Moving south.
0:(31,5) 1:(22,19) Avatar 1:(22,19) Moving east.
0:(31,5) 1:(23,19) Avatar 0:(31,5) Moving west.
0:(30,5) 1:(23,19) Avatar 1:(23,19) Moving north.
0:(30,5) 1:(23,19) Avatar 0:(30,5) Moving west.
0:(29,5) 1:(23,19) Avatar 1:(23,19) Moving east.
0:(29,5) 1:(23,19) Avatar 0:(29,5) Moving south.
0:(29,6) 1:(23,19) Avatar 1:(23,19) Moving south.
0:(29,6) 1:(23,20) Avatar 0:(29,6) Moving south.
0:(29,7) 1:(23,20) Avatar 1:(23,20) Moving east.
0:(29,7) 1:(23,20) Avatar 0:(29,7) Moving south.
0:(29,7) 1:(23,20) Avatar 1:(23,20) Moving south.
0:(29,7) 1:(23,21) Avatar 0:(29,7) Moving west.
0:(28,7) 1:(23,21) Avatar 1:(23,21) Moving east.
0:(28,7) 1:(23,21) Avatar 0:(28,7) Moving south.
0:(28,7) 1:(23,21) Avatar 1:(23,21) Moving south.
0:(28,7) 1:(23,22) Avatar 0:(28,7) Moving west.
0:(27,7) 1:(23,22) Avatar 1:(23,22) Moving east.
0:(27,7) 1:(23,22) Avatar 0:(27,7) Moving south.
0:(27,8) 1:(23,22) Avatar 1:(23,22) Moving south.
0:(27,8) 1:(23,22) Avatar 0:(27,8) Moving east.
0:(27,8) 1:(23,22) Avatar 1:(23,22) Moving west.
0:(27,8) 1:(22,22) Avatar 0:(27,8) Moving south.
0:(27,8) 1:(22,22) Avatar 1:(22,22) Moving north.
0:(27,8) 1:(22,22) Avatar 0:(27,8) Moving west.
0:(26,8) 1:(22,22) Avatar 1:(22,22) Moving south.
0:(26,8) 1:(22,23) Avatar 0:(26,8) Moving north.
0:(26,8) 1:(22,23) Avatar 1:(22,23) Moving east.
0:(26,8) 1:(23,23) Avatar 0:(26,8) Moving south.
0:(26,8) 1:(23,23) Avatar 1:(23,23) Moving east.
0:(26,8) 1:(23,23) Avatar 0:(26,8) Moving west.
0:(25,8) 1:(23,23) Avatar 1:(23,23) Moving south.
0:(25,8) 1:(23,24) Avatar 0:(25,8) Moving north.
0:(25,8) 1:(23,24) Avatar 1:(23,24) Moving east.
0:(25,8) 1:(24,24) Avatar 0:(25,8) Moving south.
0:(25,8) 1:(24,24) Avatar 1:(24,24) Moving north.
0:(25,8) 1:(24,24) Avatar 0:(25,8) Moving west.
0:(24,8) 1:(24,24) Avatar 1:(24,24) Moving east.
0:(24,8) 1:(25,24) Avatar 0:(24,8) Moving north.
0:(24,7) 1:(25,24) Avatar 1:(25,24) Moving north.
0:(24,7) 1:(25,23) Avatar 0:(24,7) Moving north.
0:(24,7) 1:(25,23) Avatar 1:(25,23) Moving north.
0:(24,7) 1:(25,23) Avatar 0:(24,7) Moving east.
0:(24,7) 1:(25,23) Avatar 1:(25,23) Moving east.
0:(24,7) 1:(25,23) Avatar 0:(24,7) Moving west.
0:(23,7) 1:(25,23) Avatar 1:(25,23) Moving west.
0:(23,7) 1:(24,23) Avatar 0:(23,7) Moving north.
0:(23,6) 1:(24,23) Avatar 1:(24,23) Moving north.
0:(23,6) 1:(24,22) Avatar 0:(23,6) Moving north.
0:(23,5) 1:(24,22) Avatar 1:(24,22) Moving north.
0:(23,5) 1:(24,22) Avatar 0:(23,5) Moving east.
0:(24,5) 1:(24,22) Avatar 1:(24,22) Moving east.
0:(24,5) 1:(25,22) Avatar 0:(24,5) Moving east.
0:(25,5) 1:(25,22) Avatar 1:(25,22) Moving north.
0:(25,5) 1:(25,22) Avatar 0:(25,5) Moving south.
0:(25,6) 1:(25,22) Avatar 1:(25,22) Moving east.
0:(25,6) 1:(26,22) Avatar 0:(25,6) Moving south.
0:(25,7) 1:(26,22) Avatar 1:(26,22) Moving north.
0:(25,7) 1:(26,21) Avatar 0:(25,7) Moving east.
0:(26,7) 1:(26,21) Avatar 1:(26,21) Moving north.
0:(26,7) 1:(26,21) Avatar 0:(26,7) Moving east.
0:(26,7) 1:(26,21) Avatar 1:(26,21) Moving west.
0:(26,7) 1:(25,21) Avatar 0:(26,7) Moving west.
0:(25,7) 1:(25,21) Avatar 1:(25,21) Moving north.
0:(25,7) 1:(25,21) Avatar 0:(25,7) Moving north.
0:(25,6) 1:(25,21) Avatar 1:(25,21) Moving west.
0:(25,6) 1:(24,21) Avatar 0:(25,6) Moving west.
0:(24,6) 1:(24,21) Avatar 1:(24,21) Moving north.
0:(24,6) 1:(24,20) Avatar 0:(24,6) Moving north.
0:(24,6) 1:(24,20) Avatar 1:(24,20) Moving north.
0:(24,6) 1:(24,20) Avatar 0:(24,6) Moving west.
0:(24,6) 1:(24,20) Avatar 1:(24,20) Moving east.
0:(24,6) 1:(25,20) Avatar 0:(24,6) Moving east.
0:(25,6) 1:(25,20) Avatar 1:(25,20) Moving north.
0:(25,6) 1:(25,19) Avatar 0:(25,6) Moving north.
0:(25,5) 1:(25,19) Avatar 1:(25,19) Moving north.
0:(25,5) 1:(25,19) Avatar 0:(25,5) Moving west.
0:(24,5) 1:(25,19) Avatar 1:(25,19) Moving east.
0:(24,5) 1:(26,19) Avatar 0:(24,5) Moving west.
0:(23,5) 1:(26,19) Avatar 1:(26,19) Moving north.
0:(23,5) 1:(26,19) Avatar 0:(23,5) Moving south.
0:(23,6) 1:(26,19) Avatar 1:(26,19) Moving east.
0:(23,6) 1:(26,19) Avatar 0:(23,6) Moving south.
0:(23,7) 1:(26,19) Avatar 1:(26,19) Moving south.
0:(23,7) 1:(26,20) Avatar 0:(23,7) Moving south.
0:(23,8) 1:(26,20) Avatar 1:(26,20) Moving east.
0:(23,8) 1:(27,20) Avatar 0:(23,8) Moving east.
0:(23,8) 1:(27,20) Avatar 1:(27,20) Moving north.
0:(23,8) 1:(27,20) Avatar 0:(23,8) Moving south.
0:(23,9) 1:(27,20) Avatar 1:(27,20) Moving east.
0:(23,9) 1:(28,20) Avatar 0:(23,9) Moving east.
0:(23,9) 1:(28,20) Avatar 1:(28,20) Moving north.
0:(23,9) 1:(28,20) Avatar 0:(23,9) Moving south.
0:(23,10) 1:(28,20) Avatar 1:(28,20) Moving east.
0:(23,10) 1:(28,20) Avatar 0:(23,10) Moving east.
0:(24,10) 1:(28,20) Avatar 1:(28,20) Moving south.
0:(24,10) 1:(28,21) Avatar 0:(24,10) Moving north.
0:(24,10) 1:(28,21) Avatar 1:(28,21) Moving east.
0:(24,10) 1:(29,21) Avatar 0:(24,10) Moving east.
0:(25,10) 1:(29,21) Avatar 1:(29,21) Moving north.
0:(25,10) 1:(29,21) Avatar 0:(25,10) Moving north.
0:(25,10) 1:(29,21) Avatar 1:(29,21) Moving south.
0:(25,10) 1:(29,22) Avatar 0:(25,10) Moving east.
0:(26,10) 1:(29,22) Avatar 1:(29,22) Moving south.
0:(26,10) 1:(29,23) Avatar 0:(26,10) Moving north.
0:(26,10) 1:(29,23) Avatar 1:(29,23) Moving south.
0:(26,10) 1:(29,24) Avatar 0:(26,10) Moving east.
0:(26,10) 1:(29,24) Avatar 1:(29,24) Moving south.
0:(26,10) 1:(29,25) Avatar 0:(26,10) Moving south.
0:(26,11) 1:(29,25) Avatar 1:(29,25) Moving east.
0:(26,11) 1:(30,25) Avatar 0:(26,11) Moving east.
0:(26,11) 1:(30,25) Avatar 1:(30,25) Moving east.
0:(26,11) 1:(31,25) Avatar 0:(26,11) Moving south.
0:(26,11) 1:(31,25) Avatar 1:(31,25) Moving east.
0:(26,11) 1:(32,25) Avatar 0:(26,11) Moving west.
0:(25,11) 1:(32,25) Avatar 1:(32,25) Moving east.
0:(25,11) 1:(32,25) Avatar 0:(25,11) Moving north.
0:(25,11) 1:(32,25) Avatar 1:(32,25) Moving south.
0:(25,11) 1:(32,26) Avatar 0:(25,11) Moving south.
0:(25,12) 1:(32,26) Avatar 1:(32,26) Moving east.
0:(25,12) 1:(33,26) Avatar 0:(25,12) Moving east.
0:(26,12) 1:(33,26) Avatar 1:(33,26) Moving north.
0:(26,12) 1:(33,25) Avatar 0:(26,12) Moving east.
0:(26,12) 1:(33,25) Avatar 1:(33,25) Moving east.
0:(26,12) 1:(34,25) Avatar 0:(26,12) Moving south.
0:(26,13) 1:(34,25) Avatar 1:(34,25) Moving north.
0:(26,13) 1:(34,24) Avatar 0:(26,13) Moving north.
0:(26,12) 1:(34,24) Avatar 1:(34,24) Moving north.
0:(26,12) 1:(34,23) Avatar 0:(26,12) Sleeping.
0:(26,12) 1:(34,23) Avatar 1:(34,23) Moving west.
0:(26,12) 1:(33,23) Avatar 0:(26,12) Sleeping.
0:(26,12) 1:(33,23) Avatar 1:(33,23) Moving west.
0:(26,12) 1:(32,23) Avatar 0:(26,12) Sleeping.
0:(26,12) 1:(32,23) Avatar 1:(32,23) Moving west.
0:(26,12) 1:(31,23) Avatar 0:(26,12) Sleeping.
0:(26,12) 1:(31,23) Avatar 1:(31,23) Moving north.
0:(26,12) 1:(31,22) Avatar 0:(26,12) Sleeping.
0:(26,12) 1:(31,22) Avatar 1:(31,22) Moving north.
0:(26,12) 1:(31,21) Avatar 0:(26,12) Sleeping.
0:(26,12) 1:(31,21) Avatar 1:(31,21) Moving east.
0:(26,12) 1:(32,21) Avatar 0:(26,12) Sleeping.
0:(26,12) 1:(32,21) Avatar 1:(32,21) Moving east.
0:(26,12) 1:(33,21) Avatar 0:(26,12) Sleeping.
0:(26,12) 1:(33,21) Avatar 1:(33,21) Moving east.
0:(26,12) 1:(34,21) Avatar 0:(26,12) Sleeping.
0:(26,12) 1:(34,21) Avatar 1:(34,21) Moving north.
0:(26,12) 1:(34,20) Avatar 0:(26,12) Sleeping.
0:(26,12) 1:(34,20) Avatar 1:(34,20) Moving west.
0:(26,12) 1:(33,20) Avatar 0:(26,12) Sleeping.
0:(26,12) 1:(33,20) Avatar 1:(33,20) Moving west.
0:(26,12) 1:(32,20) Avatar 0:(26,12) Sleeping.
0:(26,12) 1:(32,20) Avatar 1:(32,20) Moving north.
0:(26,12) 1:(32,19) Avatar 0:(26,12) Sleeping.
0:(26,12) 1:(32,19) Avatar 1:(32,19) Moving west.
0:(26,12) 1:(31,19) Avatar 0:(26,12) Sleeping.
0:(26,12) 1:(31,19) Avatar 1:(31,19) Moving south.
0:(26,12) 1:(31,20) Avatar 0:(26,12) Sleeping.
0:(26,12) 1:(31,20) Avatar 1:(31,20) Moving west.
0:(26,12) 1:(30,20) Avatar 0:(26,12) Sleeping.
0:(26,12) 1:(30,20) Avatar 1:(30,20) Moving west.
0:(26,12) 1:(29,20) Avatar 0:(26,12) Sleeping.
0:(26,12) 1:(29,20) Avatar 1:(29,20) Moving north.
0:(26,12) 1:(29,19) Avatar 0:(26,12) Sleeping.
0:(26,12) 1:(29,19) Avatar 1:(29,19) Moving north.
0:(26,12) 1:(29,18) Avatar 0:(26,12) Sleeping.
0:(26,12) 1:(29,18) Avatar 1:(29,18) Moving east.
0:(26,12) 1:(30,18) Avatar 0:(26,12) Sleeping.
0:(26,12) 1:(30,18) Avatar 1:(30,18) Moving east.
0:(26,12) 1:(31,18) Avatar 0:(26,12) Sleeping.
0:(26,12) 1:(31,18) Avatar 1:(31,18) Moving north.
0:(26,12) 1:(31,17) Avatar 0:(26,12) Sleeping.
0:(26,12) 1:(31,17) Avatar 1:(31,17) Moving west.
0:(26,12) 1:(30,17) Avatar 0:(26,12) Sleeping.
0:(26,12) 1:(30,17) Avatar 1:(30,17) Moving north.
0:(26,12) 1:(30,16) Avatar 0:(26,12) Sleeping.
0:(26,12) 1:(30,16) Avatar 1:(30,16) Moving east.
0:(26,12) 1:(31,16) Avatar 0:(26,12) Sleeping.
0:(26,12) 1:(31,16) Avatar 1:(31,16) Moving north.
0:(26,12) 1:(31,15) Avatar 0:(26,12) Sleeping.
0:(26,12) 1:(31,15) Avatar 1:(31,15) Moving north.
0:(26,12) 1:(31,14) Avatar 0:(26,12) Sleeping.
0:(26,12) 1:(31,14) Avatar 1:(31,14) Moving north.
0:(26,12) 1:(31,13) Avatar 0:(26,12) Sleeping.
0:(26,12) 1:(31,13) Avatar 1:(31,13) Moving east.
0:(26,12) 1:(32,13) Avatar 0:(26,12) Sleeping.
0:(26,12) 1:(32,13) Avatar 1:(32,13) Moving north.
0:(26,12) 1:(32,12) Avatar 0:(26,12) Sleeping.
0:(26,12) 1:(32,12) Avatar 1:(32,12) Moving east.
0:(26,12) 1:(33,12) Avatar 0:(26,12) Sleeping.
0:(26,12) 1:(33,12) Avatar 1:(33,12) Moving south.
0:(26,12) 1:(33,13) Avatar 0:(26,12) Sleeping.
0:(26,12) 1:(33,13) Avatar 1:(33,13) Moving south.
0:(26,12) 1:(33,14) Avatar 0:(26,12) Sleeping.
0:(26,12) 1:(33,14) Avatar 1:(33,14) Moving east.
0:(26,12) 1:(34,14) Avatar 0:(26,12) Sleeping.
0:(26,12) 1:(34,14) Avatar 1:(34,14) Moving north.
0:(26,12) 1:(34,13) Avatar 0:(26,12) Sleeping.
0:(26,12) 1:(34,13) Avatar 1:(34,13) Moving north.
0:(26,12) 1:(34,12) Avatar 0:(26,12) Sleeping.
0:(26,12) 1:(34,12) Avatar 1:(34,12) Moving north.
0:(26,12) 1:(34,11) Avatar 0:(26,12) Sleeping.
0:(26,12) 1:(34,11) Avatar 1:(34,11) Moving north.
0:(26,12) 1:(34,10) Avatar 0:(26,12) Sleeping.
0:(26,12) 1:(34,10) Avatar 1:(34,10) Moving west.
0:(26,12) 1:(33,10) Avatar 0:(26,12) Sleeping.
0:(26,12) 1:(33,10) Avatar 1:(33,10) Moving north.
0:(26,12) 1:(33,9) Avatar 0:(26,12) Sleeping.
0:(26,12) 1:(33,9) Avatar 1:(33,9) Moving west.
0:(26,12) 1:(32,9) Avatar 0:(26,12) Sleeping.
0:(26,12) 1:(32,9) Avatar 1:(32,9) Moving south.
0:(26,12) 1:(32,10) Avatar 0:(26,12) Sleeping.
0:(26,12) 1:(32,10) Avatar 1:(32,10) Moving south.
0:(26,12) 1:(32,11) Avatar 0:(26,12) Sleeping.
0:(26,12) 1:(32,11) Avatar 1:(32,11) Moving west.
0:(26,12) 1:(31,11) Avatar 0:(26,12) Sleeping.
0:(26,12) 1:(31,11) Avatar 1:(31,11) Moving north.
0:(26,12) 1:(31,10) Avatar 0:(26,12) Sleeping.
0:(26,12) 1:(31,10) Avatar 1:(31,10) Moving north.
0:(26,12) 1:(31,9) Avatar 0:(26,12) Sleeping.
0:(26,12) 1:(31,9) Avatar 1:(31,9) Moving north.
0:(26,12) 1:(31,8) Avatar 0:(26,12) Sleeping.
0:(26,12) 1:(31,8) Avatar 1:(31,8) Moving east.
0:(26,12) 1:(32,8) Avatar 0:(26,12) Sleeping.
0:(26,12) 1:(32,8) Avatar 1:(32,8) Moving north.
0:(26,12) 1:(32,7) Avatar 0:(26,12) Sleeping.
0:(26,12) 1:(32,7) Avatar 1:(32,7) Moving west.
0:(26,12) 1:(31,7) Avatar 0:(26,12) Sleeping.
0:(26,12) 1:(31,7) Avatar 1:(31,7) Moving west.
0:(26,12) 1:(30,7) Avatar 0:(26,12) Sleeping.
0:(26,12) 1:(30,7) Avatar 1:(30,7) Moving west.
0:(26,12) 1:(29,7) Avatar 0:(26,12) Sleeping.
0:(26,12) 1:(29,7) Avatar 1:(29,7) Moving west.
0:(26,12) 1:(28,7) Avatar 0:(26,12) Sleeping.
0:(26,12) 1:(28,7) Avatar 1:(28,7) Moving west.
0:(26,12) 1:(27,7) Avatar 0:(26,12) Sleeping.
0:(26,12) 1:(27,7) Avatar 1:(27,7) Moving south.
0:(26,12) 1:(27,8) Avatar 0:(26,12) Sleeping.
0:(26,12) 1:(27,8) Avatar 1:(27,8) Moving west.
0:(26,12) 1:(26,8) Avatar 0:(26,12) Sleeping.
0:(26,12) 1:(26,8) Avatar 1:(26,8) Moving west.
0:(26,12) 1:(25,8) Avatar 0:(26,12) Sleeping.
0:(26,12) 1:(25,8) Avatar 1:(25,8) Moving west.
0:(26,12) 1:(24,8) Avatar 0:(26,12) Sleeping.
0:(26,12) 1:(24,8) Avatar 1:(24,8) Moving north.
0:(26,12) 1:(24,7) Avatar 0:(26,12) Sleeping.
0:(26,12) 1:(24,7) Avatar 1:(24,7) Moving west.
0:(26,12) 1:(23,7) Avatar 0:(26,12) Sleeping.
0:(26,12) 1:(23,7) Avatar 1:(23,7) Moving south.
0:(26,12) 1:(23,8) Avatar 0:(26,12) Sleeping.
0:(26,12) 1:(23,8) Avatar 1:(23,8) Moving south.
0:(26,12) 1:(23,9) Avatar 0:(26,12) Sleeping.
0:(26,12) 1:(23,9) Avatar 1:(23,9) Moving south.
0:(26,12) 1:(23,10) Avatar 0:(26,12) Sleeping.
0:(26,12) 1:(23,10) Avatar 1:(23,10) Moving east.
0:(26,12) 1:(24,10) Avatar 0:(26,12) Sleeping.
0:(26,12) 1:(24,10) Avatar 1:(24,10) Moving east.
0:(26,12) 1:(25,10) Avatar 0:(26,12) Sleeping.
0:(26,12) 1:(25,10) Avatar 1:(25,10) Moving east.
0:(26,12) 1:(26,10) Avatar 0:(26,12) Sleeping.
0:(26,12) 1:(26,10) Avatar 1:(26,10) Moving south.
0:(26,12) 1:(26,11) Avatar 0:(26,12) Sleeping.
0:(26,12) 1:(26,11) Avatar 1:(26,11) Moving west.
0:(26,12) 1:(25,11) Avatar 0:(26,12) Sleeping.
0:(26,12) 1:(25,11) Avatar 1:(25,11) Moving south.
0:(26,12) 1:(25,12) Avatar 0:(26,12) Sleeping.
0:(26,12) 1:(25,12) Avatar 1:(25,12) Moving east.
AM_MAZE_SOLVED 2 6 1307 96048720