diyogon 44585 Sun Aug 28 17:14:43 2016

Avatar 0:(8,9) Moving north.
0:(8,9) 1:(12,8) 2:(18,18) Avatar 1:(12,8) Moving north.
0:(8,9) 1:(12,8) 2:(18,18) Avatar 2:(18,18) Moving north.
0:(8,9) 1:(12,8) 2:(18,17) Avatar 0:(8,9) Moving east.
0:(8,9) 1:(12,8) 2:(18,17) Avatar 1:(12,8) Moving east.
0:(8,9) 1:(13,8) 2:(18,17) Avatar 2:(18,17) Moving north.
0:(8,9) 1:(13,8) 2:(18,16) Avatar 0:(8,9) Moving south.
0:(8,10) 1:(13,8) 2:(18,16) Avatar 1:(13,8) Moving north.
0:(8,10) 1:(13,8) 2:(18,16) Avatar 2:(18,16) Moving north.
0:(8,10) 1:(13,8) 2:(18,16) Avatar 0:(8,10) Moving east.
0:(8,10) 1:(13,8) 2:(18,16) Avatar 1:(13,8) Moving east.
0:(8,10) 1:(14,8) 2:(18,16) Avatar 2:(18,16) Moving east.
0:(8,10) 1:(14,8) 2:(18,16) Avatar 0:(8,10) Moving south.
0:(8,11) 1:(14,8) 2:(18,16) Avatar 1:(14,8) Moving north.
0:(8,11) 1:(14,7) 2:(18,16) Avatar 2:(18,16) Moving west.
0:(8,11) 1:(14,7) 2:(17,16) Avatar 0:(8,11) Moving east.
0:(9,11) 1:(14,7) 2:(17,16) Avatar 1:(14,7) Moving north.
0:(9,11) 1:(14,6) 2:(17,16) Avatar 2:(17,16) Moving north.
0:(9,11) 1:(14,6) 2:(17,15) Avatar 0:(9,11) Moving north.
0:(9,11) 1:(14,6) 2:(17,15) Avatar 1:(14,6) Moving north.
0:(9,11) 1:(14,5) 2:(17,15) Avatar 2:(17,15) Moving north.
0:(9,11) 1:(14,5) 2:(17,15) Avatar 0:(9,11) Moving east.
0:(9,11) 1:(14,5) 2:(17,15) Avatar 1:(14,5) Moving north.
0:(9,11) 1:(14,4) 2:(17,15) Avatar 2:(17,15) Moving east.
0:(9,11) 1:(14,4) 2:(18,15) Avatar 0:(9,11) Moving south.
0:(9,12) 1:(14,4) 2:(18,15) Avatar 1:(14,4) Moving north.
0:(9,12) 1:(14,4) 2:(18,15) Avatar 2:(18,15) Moving north.
0:(9,12) 1:(14,4) 2:(18,14) Avatar 0:(9,12) Moving east.
0:(10,12) 1:(14,4) 2:(18,14) Avatar 1:(14,4) Moving east.
0:(10,12) 1:(15,4) 2:(18,14) Avatar 2:(18,14) Moving north.
0:(10,12) 1:(15,4) 2:(18,14) Avatar 0:(10,12) Moving north.
0:(10,12) 1:(15,4) 2:(18,14) Avatar 1:(15,4) Moving north.
0:(10,12) 1:(15,3) 2:(18,14) Avatar 2:(18,14) Moving east.
0:(10,12) 1:(15,3) 2:(18,14) Avatar 0:(10,12) Moving east.
0:(10,12) 1:(15,3) 2:(18,14) Avatar 1:(15,3) Moving north.
0:(10,12) 1:(15,3) 2:(18,14) Avatar 2:(18,14) Moving west.
0:(10,12) 1:(15,3) 2:(17,14) Avatar 0:(10,12) Moving south.
0:(10,13) 1:(15,3) 2:(17,14) Avatar 1:(15,3) Moving east.
0:(10,13) 1:(16,3) 2:(17,14) Avatar 2:(17,14) Moving north.
0:(10,13) 1:(16,3) 2:(17,13) Avatar 0:(10,13) Moving east.
0:(11,13) 1:(16,3) 2:(17,13) Avatar 1:(16,3) Moving north.
0:(11,13) 1:(16,3) 2:(17,13) Avatar 2:(17,13) Moving north.
0:(11,13) 1:(16,3) 2:(17,12) Avatar 0:(11,13) Moving north.
0:(11,13) 1:(16,3) 2:(17,12) Avatar 1:(16,3) Moving east.
0:(11,13) 1:(16,3) 2:(17,12) Avatar 2:(17,12) Moving north.
0:(11,13) 1:(16,3) 2:(17,12) Avatar 0:(11,13) Moving east.
0:(12,13) 1:(16,3) 2:(17,12) Avatar 1:(16,3) Moving south.
0:(12,13) 1:(16,4) 2:(17,12) Avatar 2:(17,12) Moving east.
0:(12,13) 1:(16,4) 2:(17,12) Avatar 0:(12,13) Moving north.
0:(12,12) 1:(16,4) 2:(17,12) Avatar 1:(16,4) Moving east.
0:(12,12) 1:(17,4) 2:(17,12) Avatar 2:(17,12) Moving west.
0:(12,12) 1:(17,4) 2:(16,12) Avatar 0:(12,12) Moving north.
0:(12,12) 1:(17,4) 2:(16,12) Avatar 1:(17,4) Moving north.
0:(12,12) 1:(17,4) 2:(16,12) Avatar 2:(16,12) Moving north.
0:(12,12) 1:(17,4) 2:(16,12) Avatar 0:(12,12) Moving east.
0:(13,12) 1:(17,4) 2:(16,12) Avatar 1:(17,4) Moving east.
0:(13,12) 1:(17,4) 2:(16,12) Avatar 2:(16,12) Moving south.
0:(13,12) 1:(17,4) 2:(16,13) Avatar 0:(13,12) Moving north.
0:(13,12) 1:(17,4) 2:(16,13) Avatar 1:(17,4) Moving south.
0:(13,12) 1:(17,5) 2:(16,13) Avatar 2:(16,13) Moving east.
0:(13,12) 1:(17,5) 2:(16,13) Avatar 0:(13,12) Moving east.
0:(13,12) 1:(17,5) 2:(16,13) Avatar 1:(17,5) Moving east.
0:(13,12) 1:(18,5) 2:(16,13) Avatar 2:(16,13) Moving south.
0:(13,12) 1:(18,5) 2:(16,14) Avatar 0:(13,12) Moving south.
0:(13,13) 1:(18,5) 2:(16,14) Avatar 1:(18,5) Moving north.
0:(13,13) 1:(18,5) 2:(16,14) Avatar 2:(16,14) Moving east.
0:(13,13) 1:(18,5) 2:(16,14) Avatar 0:(13,13) Moving east.
0:(13,13) 1:(18,5) 2:(16,14) Avatar 1:(18,5) Moving east.
0:(13,13) 1:(18,5) 2:(16,14) Avatar 2:(16,14) Moving south.
0:(13,13) 1:(18,5) 2:(16,14) Avatar 0:(13,13) Moving south.
0:(13,14) 1:(18,5) 2:(16,14) Avatar 1:(18,5) Moving south.
0:(13,14) 1:(18,6) 2:(16,14) Avatar 2:(16,14) Moving west.
0:(13,14) 1:(18,6) 2:(15,14) Avatar 0:(13,14) Moving east.
0:(14,14) 1:(18,6) 2:(15,14) Avatar 1:(18,6) Moving east.
0:(14,14) 1:(19,6) 2:(15,14) Avatar 2:(15,14) Moving north.
0:(14,14) 1:(19,6) 2:(15,14) Avatar 0:(14,14) Moving north.
0:(14,14) 1:(19,6) 2:(15,14) Avatar 1:(19,6) Moving north.
0:(14,14) 1:(19,5) 2:(15,14) Avatar 2:(15,14) Moving south.
0:(14,14) 1:(19,5) 2:(15,15) Avatar 0:(14,14) Moving east.
0:(14,14) 1:(19,5) 2:(15,15) Avatar 1:(19,5) Moving north.
0:(14,14) 1:(19,4) 2:(15,15) Avatar 2:(15,15) Moving east.
0:(14,14) 1:(19,4) 2:(16,15) Avatar 0:(14,14) Moving south.
0:(14,15) 1:(19,4) 2:(16,15) Avatar 1:(19,4) Moving north.
0:(14,15) 1:(19,4) 2:(16,15) Avatar 2:(16,15) Moving east.
0:(14,15) 1:(19,4) 2:(16,15) Avatar 0:(14,15) Moving east.
0:(14,15) 1:(19,4) 2:(16,15) Avatar 1:(19,4) Moving west.
0:(14,15) 1:(18,4) 2:(16,15) Avatar 2:(16,15) Moving south.
0:(14,15) 1:(18,4) 2:(16,16) Avatar 0:(14,15) Moving south.
0:(14,16) 1:(18,4) 2:(16,16) Avatar 1:(18,4) Moving north.
0:(14,16) 1:(18,3) 2:(16,16) Avatar 2:(16,16) Moving east.
0:(14,16) 1:(18,3) 2:(16,16) Avatar 0:(14,16) Moving east.
0:(14,16) 1:(18,3) 2:(16,16) Avatar 1:(18,3) Moving north.
0:(14,16) 1:(18,2) 2:(16,16) Avatar 2:(16,16) Moving south.
0:(14,16) 1:(18,2) 2:(16,16) Avatar 0:(14,16) Moving south.
0:(14,16) 1:(18,2) 2:(16,16) Avatar 1:(18,2) Moving north.
0:(14,16) 1:(18,2) 2:(16,16) Avatar 2:(16,16) Moving west.
0:(14,16) 1:(18,2) 2:(15,16) Avatar 0:(14,16) Moving west.
0:(13,16) 1:(18,2) 2:(15,16) Avatar 1:(18,2) Moving east.
0:(13,16) 1:(18,2) 2:(15,16) Avatar 2:(15,16) Moving north.
0:(13,16) 1:(18,2) 2:(15,16) Avatar 0:(13,16) Moving north.
0:(13,16) 1:(18,2) 2:(15,16) Avatar 1:(18,2) Moving west.
0:(13,16) 1:(17,2) 2:(15,16) Avatar 2:(15,16) Moving south.
0:(13,16) 1:(17,2) 2:(15,17) Avatar 0:(13,16) Moving south.
0:(13,16) 1:(17,2) 2:(15,17) Avatar 1:(17,2) Moving north.
0:(13,16) 1:(17,2) 2:(15,17) Avatar 2:(15,17) Moving east.
0:(13,16) 1:(17,2) 2:(15,17) Avatar 0:(13,16) Moving west.
0:(12,16) 1:(17,2) 2:(15,17) Avatar 1:(17,2) Moving south.
0:(12,16) 1:(17,3) 2:(15,17) Avatar 2:(15,17) Moving south.
0:(12,16) 1:(17,3) 2:(15,18) Avatar 0:(12,16) Moving north.
0:(12,16) 1:(17,3) 2:(15,18) Avatar 1:(17,3) Moving east.
0:(12,16) 1:(17,3) 2:(15,18) Avatar 2:(15,18) Moving east.
0:(12,16) 1:(17,3) 2:(15,18) Avatar 0:(12,16) Moving south.
0:(12,16) 1:(17,3) 2:(15,18) Avatar 1:(17,3) Moving north.
0:(12,16) 1:(17,2) 2:(15,18) Avatar 2:(15,18) Moving south.
0:(12,16) 1:(17,2) 2:(15,19) Avatar 0:(12,16) Moving west.
0:(11,16) 1:(17,2) 2:(15,19) Avatar 1:(17,2) Moving west.
0:(11,16) 1:(16,2) 2:(15,19) Avatar 2:(15,19) Moving east.
0:(11,16) 1:(16,2) 2:(15,19) Avatar 0:(11,16) Moving north.
0:(11,16) 1:(16,2) 2:(15,19) Avatar 1:(16,2) Moving north.
0:(11,16) 1:(16,1) 2:(15,19) Avatar 2:(15,19) Moving west.
0:(11,16) 1:(16,1) 2:(14,19) Avatar 0:(11,16) Moving south.
0:(11,17) 1:(16,1) 2:(14,19) Avatar 1:(16,1) Moving north.
0:(11,17) 1:(16,1) 2:(14,19) Avatar 2:(14,19) Moving north.
0:(11,17) 1:(16,1) 2:(14,18) Avatar 0:(11,17) Moving east.
0:(12,17) 1:(16,1) 2:(14,18) Avatar 1:(16,1) Moving east.
0:(12,17) 1:(17,1) 2:(14,18) Avatar 2:(14,18) Moving north.
0:(12,17) 1:(17,1) 2:(14,18) Avatar 0:(12,17) Moving east.
0:(13,17) 1:(17,1) 2:(14,18) Avatar 1:(17,1) Moving north.
0:(13,17) 1:(17,1) 2:(14,18) Avatar 2:(14,18) Moving east.
0:(13,17) 1:(17,1) 2:(14,18) Avatar 0:(13,17) Moving east.
0:(13,17) 1:(17,1) 2:(14,18) Avatar 1:(17,1) Moving east.
0:(13,17) 1:(18,1) 2:(14,18) Avatar 2:(14,18) Moving west.
0:(13,17) 1:(18,1) 2:(13,18) Avatar 0:(13,17) Moving south.
0:(13,18) 1:(18,1) 2:(13,18) Avatar 1:(18,1) Moving north.
0:(13,18) 1:(18,0) 2:(13,18) Avatar 2:(13,18) Moving south.
0:(13,18) 1:(18,0) 2:(13,18) Avatar 0:(13,18) Moving west.
0:(13,18) 1:(18,0) 2:(13,18) Avatar 1:(18,0) Moving east.
0:(13,18) 1:(19,0) 2:(13,18) Avatar 2:(13,18) Moving north.
0:(13,18) 1:(19,0) 2:(13,17) Avatar 0:(13,18) Moving north.
0:(13,17) 1:(19,0) 2:(13,17) Avatar 1:(19,0) Moving south.
0:(13,17) 1:(19,1) 2:(13,17) Avatar 2:(13,17) Moving west.
0:(13,17) 1:(19,1) 2:(12,17) Avatar 0:(13,17) Moving west.
0:(12,17) 1:(19,1) 2:(12,17) Avatar 1:(19,1) Moving south.
0:(12,17) 1:(19,2) 2:(12,17) Avatar 2:(12,17) Moving south.
0:(12,17) 1:(19,2) 2:(12,17) Avatar 0:(12,17) Sleeping.
0:(12,17) 1:(19,2) 2:(12,17) Avatar 1:(19,2) Moving south.
0:(12,17) 1:(19,3) 2:(12,17) Avatar 2:(12,17) Moving west.
0:(12,17) 1:(19,3) 2:(11,17) Avatar 0:(12,17) Moving west.
0:(11,17) 1:(19,3) 2:(11,17) Avatar 1:(19,3) Moving west.
0:(11,17) 1:(19,3) 2:(11,17) Avatar 2:(11,17) Moving south.
0:(11,17) 1:(19,3) 2:(11,17) Avatar 0:(11,17) Sleeping.
0:(11,17) 1:(19,3) 2:(11,17) Avatar 1:(19,3) Moving north.
0:(11,17) 1:(19,2) 2:(11,17) Avatar 2:(11,17) Moving west.
0:(11,17) 1:(19,2) 2:(11,17) Avatar 0:(11,17) Sleeping.
0:(11,17) 1:(19,2) 2:(11,17) Avatar 1:(19,2) Moving north.
0:(11,17) 1:(19,1) 2:(11,17) Avatar 2:(11,17) Moving north.
0:(11,17) 1:(19,1) 2:(11,16) Avatar 0:(11,17) Moving north.
0:(11,16) 1:(19,1) 2:(11,16) Avatar 1:(19,1) Moving west.
0:(11,16) 1:(19,1) 2:(11,16) Avatar 2:(11,16) Moving west.
0:(11,16) 1:(19,1) 2:(11,16) Avatar 0:(11,16) Sleeping.
0:(11,16) 1:(19,1) 2:(11,16) Avatar 1:(19,1) Moving north.
0:(11,16) 1:(19,0) 2:(11,16) Avatar 2:(11,16) Moving east.
0:(11,16) 1:(19,0) 2:(12,16) Avatar 0:(11,16) Moving east.
0:(12,16) 1:(19,0) 2:(12,16) Avatar 1:(19,0) Moving west.
0:(12,16) 1:(18,0) 2:(12,16) Avatar 2:(12,16) Moving east.
0:(12,16) 1:(18,0) 2:(13,16) Avatar 0:(12,16) Moving east.
0:(13,16) 1:(18,0) 2:(13,16) Avatar 1:(18,0) Moving west.
0:(13,16) 1:(17,0) 2:(13,16) Avatar 2:(13,16) Moving east.
0:(13,16) 1:(17,0) 2:(14,16) Avatar 0:(13,16) Moving east.
0:(14,16) 1:(17,0) 2:(14,16) Avatar 1:(17,0) Moving west.
0:(14,16) 1:(16,0) 2:(14,16) Avatar 2:(14,16) Moving north.
0:(14,16) 1:(16,0) 2:(14,15) Avatar 0:(14,16) Moving north.
0:(14,15) 1:(16,0) 2:(14,15) Avatar 1:(16,0) Moving west.
0:(14,15) 1:(15,0) 2:(14,15) Avatar 2:(14,15) Moving west.
0:(14,15) 1:(15,0) 2:(14,15) Avatar 0:(14,15) Sleeping.
0:(14,15) 1:(15,0) 2:(14,15) Avatar 1:(15,0) Moving south.
0:(14,15) 1:(15,1) 2:(14,15) Avatar 2:(14,15) Moving north.
0:(14,15) 1:(15,1) 2:(14,14) Avatar 0:(14,15) Moving north.
0:(14,14) 1:(15,1) 2:(14,14) Avatar 1:(15,1) Moving east.
0:(14,14) 1:(15,1) 2:(14,14) Avatar 2:(14,14) Moving west.
0:(14,14) 1:(15,1) 2:(13,14) Avatar 0:(14,14) Moving west.
0:(13,14) 1:(15,1) 2:(13,14) Avatar 1:(15,1) Moving south.
0:(13,14) 1:(15,2) 2:(13,14) Avatar 2:(13,14) Moving south.
0:(13,14) 1:(15,2) 2:(13,14) Avatar 0:(13,14) Sleeping.
0:(13,14) 1:(15,2) 2:(13,14) Avatar 1:(15,2) Moving east.
0:(13,14) 1:(15,2) 2:(13,14) Avatar 2:(13,14) Moving west.
0:(13,14) 1:(15,2) 2:(13,14) Avatar 0:(13,14) Sleeping.
0:(13,14) 1:(15,2) 2:(13,14) Avatar 1:(15,2) Moving west.
0:(13,14) 1:(15,2) 2:(13,14) Avatar 2:(13,14) Moving north.
0:(13,14) 1:(15,2) 2:(13,13) Avatar 0:(13,14) Moving north.
0:(13,13) 1:(15,2) 2:(13,13) Avatar 1:(15,2) Moving north.
0:(13,13) 1:(15,1) 2:(13,13) Avatar 2:(13,13) Moving west.
0:(13,13) 1:(15,1) 2:(13,13) Avatar 0:(13,13) Sleeping.
0:(13,13) 1:(15,1) 2:(13,13) Avatar 1:(15,1) Moving west.
0:(13,13) 1:(15,1) 2:(13,13) Avatar 2:(13,13) Moving north.
0:(13,13) 1:(15,1) 2:(13,12) Avatar 0:(13,13) Moving north.
0:(13,12) 1:(15,1) 2:(13,12) Avatar 1:(15,1) Moving north.
0:(13,12) 1:(15,0) 2:(13,12) Avatar 2:(13,12) Moving west.
0:(13,12) 1:(15,0) 2:(12,12) Avatar 0:(13,12) Moving west.
0:(12,12) 1:(15,0) 2:(12,12) Avatar 1:(15,0) Moving west.
0:(12,12) 1:(15,0) 2:(12,12) Avatar 2:(12,12) Moving west.
0:(12,12) 1:(15,0) 2:(12,12) Avatar 0:(12,12) Sleeping.
0:(12,12) 1:(15,0) 2:(12,12) Avatar 1:(15,0) Moving east.
0:(12,12) 1:(16,0) 2:(12,12) Avatar 2:(12,12) Moving south.
0:(12,12) 1:(16,0) 2:(12,13) Avatar 0:(12,12) Moving south.
0:(12,13) 1:(16,0) 2:(12,13) Avatar 1:(16,0) Moving east.
0:(12,13) 1:(17,0) 2:(12,13) Avatar 2:(12,13) Moving south.
0:(12,13) 1:(17,0) 2:(12,13) Avatar 0:(12,13) Sleeping.
0:(12,13) 1:(17,0) 2:(12,13) Avatar 1:(17,0) Moving east.
0:(12,13) 1:(18,0) 2:(12,13) Avatar 2:(12,13) Moving west.
0:(12,13) 1:(18,0) 2:(11,13) Avatar 0:(12,13) Moving west.
0:(11,13) 1:(18,0) 2:(11,13) Avatar 1:(18,0) Moving south.
0:(11,13) 1:(18,1) 2:(11,13) Avatar 2:(11,13) Moving south.
0:(11,13) 1:(18,1) 2:(11,13) Avatar 0:(11,13) Sleeping.
0:(11,13) 1:(18,1) 2:(11,13) Avatar 1:(18,1) Moving west.
0:(11,13) 1:(17,1) 2:(11,13) Avatar 2:(11,13) Moving west.
0:(11,13) 1:(17,1) 2:(10,13) Avatar 0:(11,13) Moving west.
0:(10,13) 1:(17,1) 2:(10,13) Avatar 1:(17,1) Moving west.
0:(10,13) 1:(16,1) 2:(10,13) Avatar 2:(10,13) Moving south.
0:(10,13) 1:(16,1) 2:(10,13) Avatar 0:(10,13) Sleeping.
0:(10,13) 1:(16,1) 2:(10,13) Avatar 1:(16,1) Moving south.
0:(10,13) 1:(16,2) 2:(10,13) Avatar 2:(10,13) Moving west.
0:(10,13) 1:(16,2) 2:(10,13) Avatar 0:(10,13) Sleeping.
0:(10,13) 1:(16,2) 2:(10,13) Avatar 1:(16,2) Moving east.
0:(10,13) 1:(17,2) 2:(10,13) Avatar 2:(10,13) Moving north.
0:(10,13) 1:(17,2) 2:(10,12) Avatar 0:(10,13) Moving north.
0:(10,12) 1:(17,2) 2:(10,12) Avatar 1:(17,2) Moving east.
0:(10,12) 1:(18,2) 2:(10,12) Avatar 2:(10,12) Moving west.
0:(10,12) 1:(18,2) 2:(9,12) Avatar 0:(10,12) Moving west.
0:(9,12) 1:(18,2) 2:(9,12) Avatar 1:(18,2) Moving south.
0:(9,12) 1:(18,3) 2:(9,12) Avatar 2:(9,12) Moving south.
0:(9,12) 1:(18,3) 2:(9,12) Avatar 0:(9,12) Sleeping.
0:(9,12) 1:(18,3) 2:(9,12) Avatar 1:(18,3) Moving south.
0:(9,12) 1:(18,4) 2:(9,12) Avatar 2:(9,12) Moving west.
0:(9,12) 1:(18,4) 2:(9,12) Avatar 0:(9,12) Sleeping.
0:(9,12) 1:(18,4) 2:(9,12) Avatar 1:(18,4) Moving east.
0:(9,12) 1:(19,4) 2:(9,12) Avatar 2:(9,12) Moving north.
0:(9,12) 1:(19,4) 2:(9,11) Avatar 0:(9,12) Moving north.
0:(9,11) 1:(19,4) 2:(9,11) Avatar 1:(19,4) Moving south.
0:(9,11) 1:(19,5) 2:(9,11) Avatar 2:(9,11) Moving west.
0:(9,11) 1:(19,5) 2:(8,11) Avatar 0:(9,11) Moving west.
0:(8,11) 1:(19,5) 2:(8,11) Avatar 1:(19,5) Moving south.
0:(8,11) 1:(19,6) 2:(8,11) Avatar 2:(8,11) Moving south.
0:(8,11) 1:(19,6) 2:(8,11) Avatar 0:(8,11) Sleeping.
0:(8,11) 1:(19,6) 2:(8,11) Avatar 1:(19,6) Moving south.
0:(8,11) 1:(19,6) 2:(8,11) Avatar 2:(8,11) Moving west.
0:(8,11) 1:(19,6) 2:(7,11) Avatar 0:(8,11) Moving west.
0:(7,11) 1:(19,6) 2:(7,11) Avatar 1:(19,6) Moving west.
0:(7,11) 1:(18,6) 2:(7,11) Avatar 2:(7,11) Moving north.
0:(7,11) 1:(18,6) 2:(7,10) Avatar 0:(7,11) Moving north.
0:(7,10) 1:(18,6) 2:(7,10) Avatar 1:(18,6) Moving south.
0:(7,10) 1:(18,6) 2:(7,10) Avatar 2:(7,10) Moving north.
0:(7,10) 1:(18,6) 2:(7,10) Avatar 0:(7,10) Sleeping.
0:(7,10) 1:(18,6) 2:(7,10) Avatar 1:(18,6) Moving west.
0:(7,10) 1:(18,6) 2:(7,10) Avatar 2:(7,10) Moving east.
0:(7,10) 1:(18,6) 2:(7,10) Avatar 0:(7,10) Sleeping.
0:(7,10) 1:(18,6) 2:(7,10) Avatar 1:(18,6) Moving north.
0:(7,10) 1:(18,5) 2:(7,10) Avatar 2:(7,10) Moving west.
0:(7,10) 1:(18,5) 2:(6,10) Avatar 0:(7,10) Moving west.
0:(6,10) 1:(18,5) 2:(6,10) Avatar 1:(18,5) Moving west.
0:(6,10) 1:(17,5) 2:(6,10) Avatar 2:(6,10) Moving north.
0:(6,10) 1:(17,5) 2:(6,9) Avatar 0:(6,10) Moving north.
0:(6,9) 1:(17,5) 2:(6,9) Avatar 1:(17,5) Moving south.
0:(6,9) 1:(17,5) 2:(6,9) Avatar 2:(6,9) Moving north.
0:(6,9) 1:(17,5) 2:(6,9) Avatar 0:(6,9) Sleeping.
0:(6,9) 1:(17,5) 2:(6,9) Avatar 1:(17,5) Moving west.
0:(6,9) 1:(16,5) 2:(6,9) Avatar 2:(6,9) Moving east.
0:(6,9) 1:(16,5) 2:(6,9) Avatar 0:(6,9) Sleeping.
0:(6,9) 1:(16,5) 2:(6,9) Avatar 1:(16,5) Moving north.
0:(6,9) 1:(16,5) 2:(6,9) Avatar 2:(6,9) Moving west.
0:(6,9) 1:(16,5) 2:(5,9) Avatar 0:(6,9) Moving west.
0:(5,9) 1:(16,5) 2:(5,9) Avatar 1:(16,5) Moving south.
0:(5,9) 1:(16,5) 2:(5,9) Avatar 2:(5,9) Moving north.
0:(5,9) 1:(16,5) 2:(5,9) Avatar 0:(5,9) Sleeping.
0:(5,9) 1:(16,5) 2:(5,9) Avatar 1:(16,5) Moving west.
0:(5,9) 1:(16,5) 2:(5,9) Avatar 2:(5,9) Moving south.
0:(5,9) 1:(16,5) 2:(5,9) Avatar 0:(5,9) Sleeping.
0:(5,9) 1:(16,5) 2:(5,9) Avatar 1:(16,5) Moving east.
0:(5,9) 1:(17,5) 2:(5,9) Avatar 2:(5,9) Moving west.
0:(5,9) 1:(17,5) 2:(4,9) Avatar 0:(5,9) Moving west.
0:(4,9) 1:(17,5) 2:(4,9) Avatar 1:(17,5) Moving north.
0:(4,9) 1:(17,4) 2:(4,9) Avatar 2:(4,9) Moving north.
0:(4,9) 1:(17,4) 2:(4,8) Avatar 0:(4,9) Moving north.
0:(4,8) 1:(17,4) 2:(4,8) Avatar 1:(17,4) Moving west.
0:(4,8) 1:(16,4) 2:(4,8) Avatar 2:(4,8) Moving north.
0:(4,8) 1:(16,4) 2:(4,8) Avatar 0:(4,8) Sleeping.
0:(4,8) 1:(16,4) 2:(4,8) Avatar 1:(16,4) Moving west.
0:(4,8) 1:(16,4) 2:(4,8) Avatar 2:(4,8) Moving east.
0:(4,8) 1:(16,4) 2:(5,8) Avatar 0:(4,8) Moving east.
0:(5,8) 1:(16,4) 2:(5,8) Avatar 1:(16,4) Moving north.
0:(5,8) 1:(16,3) 2:(5,8) Avatar 2:(5,8) Moving north.
0:(5,8) 1:(16,3) 2:(5,7) Avatar 0:(5,8) Moving north.
0:(5,7) 1:(16,3) 2:(5,7) Avatar 1:(16,3) Moving west.
0:(5,7) 1:(15,3) 2:(5,7) Avatar 2:(5,7) Moving north.
0:(5,7) 1:(15,3) 2:(5,6) Avatar 0:(5,7) Moving north.
0:(5,6) 1:(15,3) 2:(5,6) Avatar 1:(15,3) Moving west.
0:(5,6) 1:(15,3) 2:(5,6) Avatar 2:(5,6) Moving north.
0:(5,6) 1:(15,3) 2:(5,6) Avatar 0:(5,6) Sleeping.
0:(5,6) 1:(15,3) 2:(5,6) Avatar 1:(15,3) Moving south.
0:(5,6) 1:(15,4) 2:(5,6) Avatar 2:(5,6) Moving east.
0:(5,6) 1:(15,4) 2:(6,6) Avatar 0:(5,6) Moving east.
0:(6,6) 1:(15,4) 2:(6,6) Avatar 1:(15,4) Moving south.
0:(6,6) 1:(15,5) 2:(6,6) Avatar 2:(6,6) Moving north.
0:(6,6) 1:(15,5) 2:(6,5) Avatar 0:(6,6) Moving north.
0:(6,5) 1:(15,5) 2:(6,5) Avatar 1:(15,5) Moving south.
0:(6,5) 1:(15,6) 2:(6,5) Avatar 2:(6,5) Moving north.
0:(6,5) 1:(15,6) 2:(6,4) Avatar 0:(6,5) Moving north.
0:(6,4) 1:(15,6) 2:(6,4) Avatar 1:(15,6) Moving east.
0:(6,4) 1:(15,6) 2:(6,4) Avatar 2:(6,4) Moving north.
0:(6,4) 1:(15,6) 2:(6,4) Avatar 0:(6,4) Sleeping.
0:(6,4) 1:(15,6) 2:(6,4) Avatar 1:(15,6) Moving south.
0:(6,4) 1:(15,7) 2:(6,4) Avatar 2:(6,4) Moving east.
0:(6,4) 1:(15,7) 2:(7,4) Avatar 0:(6,4) Moving east.
0:(7,4) 1:(15,7) 2:(7,4) Avatar 1:(15,7) Moving east.
0:(7,4) 1:(16,7) 2:(7,4) Avatar 2:(7,4) Moving north.
0:(7,4) 1:(16,7) 2:(7,3) Avatar 0:(7,4) Moving north.
0:(7,3) 1:(16,7) 2:(7,3) Avatar 1:(16,7) Moving north.
0:(7,3) 1:(16,6) 2:(7,3) Avatar 2:(7,3) Moving north.
0:(7,3) 1:(16,6) 2:(7,2) Avatar 0:(7,3) Moving north.
0:(7,2) 1:(16,6) 2:(7,2) Avatar 1:(16,6) Moving east.
0:(7,2) 1:(17,6) 2:(7,2) Avatar 2:(7,2) Moving north.
0:(7,2) 1:(17,6) 2:(7,1) Avatar 0:(7,2) Moving north.
0:(7,1) 1:(17,6) 2:(7,1) Avatar 1:(17,6) Moving south.
0:(7,1) 1:(17,7) 2:(7,1) Avatar 2:(7,1) Moving north.
0:(7,1) 1:(17,7) 2:(7,1) Avatar 0:(7,1) Sleeping.
0:(7,1) 1:(17,7) 2:(7,1) Avatar 1:(17,7) Moving east.
0:(7,1) 1:(18,7) 2:(7,1) Avatar 2:(7,1) Moving east.
0:(7,1) 1:(18,7) 2:(7,1) Avatar 0:(7,1) Sleeping.
0:(7,1) 1:(18,7) 2:(7,1) Avatar 1:(18,7) Moving east.
0:(7,1) 1:(19,7) 2:(7,1) Avatar 2:(7,1) Moving west.
0:(7,1) 1:(19,7) 2:(7,1) Avatar 0:(7,1) Moving south.
0:(7,2) 1:(19,7) 2:(7,1) Avatar 1:(19,7) Moving south.
0:(7,2) 1:(19,8) 2:(7,1) Avatar 2:(7,1) Moving south.
0:(7,2) 1:(19,8) 2:(7,2) Avatar 0:(7,2) Sleeping.
0:(7,2) 1:(19,8) 2:(7,2) Avatar 1:(19,8) Moving south.
0:(7,2) 1:(19,9) 2:(7,2) Avatar 2:(7,2) Moving east.
0:(7,2) 1:(19,9) 2:(7,2) Avatar 0:(7,2) Sleeping.
0:(7,2) 1:(19,9) 2:(7,2) Avatar 1:(19,9) Moving south.
0:(7,2) 1:(19,10) 2:(7,2) Avatar 2:(7,2) Moving west.
0:(7,2) 1:(19,10) 2:(6,2) Avatar 0:(7,2) Moving west.
0:(6,2) 1:(19,10) 2:(6,2) Avatar 1:(19,10) Moving south.
0:(6,2) 1:(19,11) 2:(6,2) Avatar 2:(6,2) Moving north.
0:(6,2) 1:(19,11) 2:(6,2) Avatar 0:(6,2) Sleeping.
0:(6,2) 1:(19,11) 2:(6,2) Avatar 1:(19,11) Moving south.
0:(6,2) 1:(19,12) 2:(6,2) Avatar 2:(6,2) Moving south.
0:(6,2) 1:(19,12) 2:(6,3) Avatar 0:(6,2) Moving south.
0:(6,3) 1:(19,12) 2:(6,3) Avatar 1:(19,12) Moving south.
0:(6,3) 1:(19,12) 2:(6,3) Avatar 2:(6,3) Moving east.
0:(6,3) 1:(19,12) 2:(6,3) Avatar 0:(6,3) Sleeping.
0:(6,3) 1:(19,12) 2:(6,3) Avatar 1:(19,12) Moving west.
0:(6,3) 1:(19,12) 2:(6,3) Avatar 2:(6,3) Moving west.
0:(6,3) 1:(19,12) 2:(5,3) Avatar 0:(6,3) Moving west.
0:(5,3) 1:(19,12) 2:(5,3) Avatar 1:(19,12) Moving north.
0:(5,3) 1:(19,11) 2:(5,3) Avatar 2:(5,3) Moving north.
0:(5,3) 1:(19,11) 2:(5,3) Avatar 0:(5,3) Sleeping.
0:(5,3) 1:(19,11) 2:(5,3) Avatar 1:(19,11) Moving west.
0:(5,3) 1:(19,11) 2:(5,3) Avatar 2:(5,3) Moving south.
0:(5,3) 1:(19,11) 2:(5,3) Avatar 0:(5,3) Sleeping.
0:(5,3) 1:(19,11) 2:(5,3) Avatar 1:(19,11) Moving north.
0:(5,3) 1:(19,10) 2:(5,3) Avatar 2:(5,3) Moving west.
0:(5,3) 1:(19,10) 2:(4,3) Avatar 0:(5,3) Moving west.
0:(4,3) 1:(19,10) 2:(4,3) Avatar 1:(19,10) Moving west.
0:(4,3) 1:(18,10) 2:(4,3) Avatar 2:(4,3) Moving north.
0:(4,3) 1:(18,10) 2:(4,2) Avatar 0:(4,3) Moving north.
0:(4,2) 1:(18,10) 2:(4,2) Avatar 1:(18,10) Moving north.
0:(4,2) 1:(18,10) 2:(4,2) Avatar 2:(4,2) Moving north.
0:(4,2) 1:(18,10) 2:(4,1) Avatar 0:(4,2) Moving north.
0:(4,1) 1:(18,10) 2:(4,1) Avatar 1:(18,10) Moving south.
0:(4,1) 1:(18,10) 2:(4,1) Avatar 2:(4,1) Moving north.
0:(4,1) 1:(18,10) 2:(4,1) Avatar 0:(4,1) Sleeping.
0:(4,1) 1:(18,10) 2:(4,1) Avatar 1:(18,10) Moving west.
0:(4,1) 1:(17,10) 2:(4,1) Avatar 2:(4,1) Moving east.
0:(4,1) 1:(17,10) 2:(4,1) Avatar 0:(4,1) Sleeping.
0:(4,1) 1:(17,10) 2:(4,1) Avatar 1:(17,10) Moving north.
0:(4,1) 1:(17,10) 2:(4,1) Avatar 2:(4,1) Moving west.
0:(4,1) 1:(17,10) 2:(4,1) Avatar 0:(4,1) Moving south.
0:(4,2) 1:(17,10) 2:(4,1) Avatar 1:(17,10) Moving south.
0:(4,2) 1:(17,10) 2:(4,1) Avatar 2:(4,1) Moving south.
0:(4,2) 1:(17,10) 2:(4,2) Avatar 0:(4,2) Sleeping.
0:(4,2) 1:(17,10) 2:(4,2) Avatar 1:(17,10) Moving west.
0:(4,2) 1:(17,10) 2:(4,2) Avatar 2:(4,2) Moving east.
0:(4,2) 1:(17,10) 2:(5,2) Avatar 0:(4,2) Moving east.
0:(5,2) 1:(17,10) 2:(5,2) Avatar 1:(17,10) Moving east.
0:(5,2) 1:(18,10) 2:(5,2) Avatar 2:(5,2) Moving north.
0:(5,2) 1:(18,10) 2:(5,2) Avatar 0:(5,2) Sleeping.
0:(5,2) 1:(18,10) 2:(5,2) Avatar 1:(18,10) Moving east.
0:(5,2) 1:(19,10) 2:(5,2) Avatar 2:(5,2) Moving east.
0:(5,2) 1:(19,10) 2:(5,2) Avatar 0:(5,2) Moving west.
0:(4,2) 1:(19,10) 2:(5,2) Avatar 1:(19,10) Moving north.
0:(4,2) 1:(19,9) 2:(5,2) Avatar 2:(5,2) Moving west.
0:(4,2) 1:(19,9) 2:(4,2) Avatar 0:(4,2) Sleeping.
0:(4,2) 1:(19,9) 2:(4,2) Avatar 1:(19,9) Moving west.
0:(4,2) 1:(18,9) 2:(4,2) Avatar 2:(4,2) Moving west.
0:(4,2) 1:(18,9) 2:(4,2) Avatar 0:(4,2) Moving south.
0:(4,3) 1:(18,9) 2:(4,2) Avatar 1:(18,9) Moving north.
0:(4,3) 1:(18,8) 2:(4,2) Avatar 2:(4,2) Moving south.
0:(4,3) 1:(18,8) 2:(4,3) Avatar 0:(4,3) Sleeping.
0:(4,3) 1:(18,8) 2:(4,3) Avatar 1:(18,8) Moving north.
0:(4,3) 1:(18,8) 2:(4,3) Avatar 2:(4,3) Moving south.
0:(4,3) 1:(18,8) 2:(4,4) Avatar 0:(4,3) Moving south.
0:(4,4) 1:(18,8) 2:(4,4) Avatar 1:(18,8) Moving east.
0:(4,4) 1:(18,8) 2:(4,4) Avatar 2:(4,4) Moving east.
0:(4,4) 1:(18,8) 2:(5,4) Avatar 0:(4,4) Moving east.
0:(5,4) 1:(18,8) 2:(5,4) Avatar 1:(18,8) Moving west.
0:(5,4) 1:(17,8) 2:(5,4) Avatar 2:(5,4) Moving east.
0:(5,4) 1:(17,8) 2:(5,4) Avatar 0:(5,4) Sleeping.
0:(5,4) 1:(17,8) 2:(5,4) Avatar 1:(17,8) Moving north.
0:(5,4) 1:(17,8) 2:(5,4) Avatar 2:(5,4) Moving south.
0:(5,4) 1:(17,8) 2:(5,5) Avatar 0:(5,4) Moving south.
0:(5,5) 1:(17,8) 2:(5,5) Avatar 1:(17,8) Moving south.
0:(5,5) 1:(17,9) 2:(5,5) Avatar 2:(5,5) Moving east.
0:(5,5) 1:(17,9) 2:(5,5) Avatar 0:(5,5) Sleeping.
0:(5,5) 1:(17,9) 2:(5,5) Avatar 1:(17,9) Moving east.
0:(5,5) 1:(17,9) 2:(5,5) Avatar 2:(5,5) Moving west.
0:(5,5) 1:(17,9) 2:(4,5) Avatar 0:(5,5) Moving west.
0:(4,5) 1:(17,9) 2:(4,5) Avatar 1:(17,9) Moving west.
0:(4,5) 1:(16,9) 2:(4,5) Avatar 2:(4,5) Moving north.
0:(4,5) 1:(16,9) 2:(4,5) Avatar 0:(4,5) Sleeping.
0:(4,5) 1:(16,9) 2:(4,5) Avatar 1:(16,9) Moving north.
0:(4,5) 1:(16,8) 2:(4,5) Avatar 2:(4,5) Moving south.
0:(4,5) 1:(16,8) 2:(4,6) Avatar 0:(4,5) Moving south.
0:(4,6) 1:(16,8) 2:(4,6) Avatar 1:(16,8) Moving north.
0:(4,6) 1:(16,8) 2:(4,6) Avatar 2:(4,6) Moving east.
0:(4,6) 1:(16,8) 2:(4,6) Avatar 0:(4,6) Sleeping.
0:(4,6) 1:(16,8) 2:(4,6) Avatar 1:(16,8) Moving east.
0:(4,6) 1:(16,8) 2:(4,6) Avatar 2:(4,6) Moving south.
0:(4,6) 1:(16,8) 2:(4,7) Avatar 0:(4,6) Moving south.
0:(4,7) 1:(16,8) 2:(4,7) Avatar 1:(16,8) Moving west.
0:(4,7) 1:(15,8) 2:(4,7) Avatar 2:(4,7) Moving east.
0:(4,7) 1:(15,8) 2:(4,7) Avatar 0:(4,7) Sleeping.
0:(4,7) 1:(15,8) 2:(4,7) Avatar 1:(15,8) Moving north.
0:(4,7) 1:(15,8) 2:(4,7) Avatar 2:(4,7) Moving west.
0:(4,7) 1:(15,8) 2:(4,7) Avatar 0:(4,7) Moving north.
0:(4,6) 1:(15,8) 2:(4,7) Avatar 1:(15,8) Moving south.
0:(4,6) 1:(15,9) 2:(4,7) Avatar 2:(4,7) Moving north.
0:(4,6) 1:(15,9) 2:(4,6) Avatar 0:(4,6) Sleeping.
0:(4,6) 1:(15,9) 2:(4,6) Avatar 1:(15,9) Moving east.
0:(4,6) 1:(15,9) 2:(4,6) Avatar 2:(4,6) Moving west.
0:(4,6) 1:(15,9) 2:(3,6) Avatar 0:(4,6) Moving west.
0:(3,6) 1:(15,9) 2:(3,6) Avatar 1:(15,9) Moving south.
0:(3,6) 1:(15,9) 2:(3,6) Avatar 2:(3,6) Moving north.
0:(3,6) 1:(15,9) 2:(3,5) Avatar 0:(3,6) Moving north.
0:(3,5) 1:(15,9) 2:(3,5) Avatar 1:(15,9) Moving west.
0:(3,5) 1:(14,9) 2:(3,5) Avatar 2:(3,5) Moving north.
0:(3,5) 1:(14,9) 2:(3,4) Avatar 0:(3,5) Moving north.
0:(3,4) 1:(14,9) 2:(3,4) Avatar 1:(14,9) Moving north.
0:(3,4) 1:(14,9) 2:(3,4) Avatar 2:(3,4) Moving north.
0:(3,4) 1:(14,9) 2:(3,3) Avatar 0:(3,4) Moving north.
0:(3,3) 1:(14,9) 2:(3,3) Avatar 1:(14,9) Moving south.
0:(3,3) 1:(14,10) 2:(3,3) Avatar 2:(3,3) Moving north.
0:(3,3) 1:(14,10) 2:(3,3) Avatar 0:(3,3) Sleeping.
0:(3,3) 1:(14,10) 2:(3,3) Avatar 1:(14,10) Moving east.
0:(3,3) 1:(15,10) 2:(3,3) Avatar 2:(3,3) Moving east.
0:(3,3) 1:(15,10) 2:(3,3) Avatar 0:(3,3) Sleeping.
0:(3,3) 1:(15,10) 2:(3,3) Avatar 1:(15,10) Moving east.
0:(3,3) 1:(16,10) 2:(3,3) Avatar 2:(3,3) Moving west.
0:(3,3) 1:(16,10) 2:(2,3) Avatar 0:(3,3) Moving west.
0:(2,3) 1:(16,10) 2:(2,3) Avatar 1:(16,10) Moving north.
0:(2,3) 1:(16,10) 2:(2,3) Avatar 2:(2,3) Moving north.
0:(2,3) 1:(16,10) 2:(2,3) Avatar 0:(2,3) Sleeping.
0:(2,3) 1:(16,10) 2:(2,3) Avatar 1:(16,10) Moving south.
0:(2,3) 1:(16,11) 2:(2,3) Avatar 2:(2,3) Moving south.
0:(2,3) 1:(16,11) 2:(2,3) Avatar 0:(2,3) Sleeping.
0:(2,3) 1:(16,11) 2:(2,3) Avatar 1:(16,11) Moving east.
0:(2,3) 1:(17,11) 2:(2,3) Avatar 2:(2,3) Moving west.
0:(2,3) 1:(17,11) 2:(2,3) Avatar 0:(2,3) Moving east.
0:(3,3) 1:(17,11) 2:(2,3) Avatar 1:(17,11) Moving east.
0:(3,3) 1:(18,11) 2:(2,3) Avatar 2:(2,3) Moving east.
0:(3,3) 1:(18,11) 2:(3,3) Avatar 0:(3,3) Moving south.
0:(3,4) 1:(18,11) 2:(3,3) Avatar 1:(18,11) Moving south.
0:(3,4) 1:(18,12) 2:(3,3) Avatar 2:(3,3) Moving south.
0:(3,4) 1:(18,12) 2:(3,4) Avatar 0:(3,4) Sleeping.
0:(3,4) 1:(18,12) 2:(3,4) Avatar 1:(18,12) Moving south.
0:(3,4) 1:(18,13) 2:(3,4) Avatar 2:(3,4) Moving east.
0:(3,4) 1:(18,13) 2:(3,4) Avatar 0:(3,4) Sleeping.
0:(3,4) 1:(18,13) 2:(3,4) Avatar 1:(18,13) Moving east.
0:(3,4) 1:(19,13) 2:(3,4) Avatar 2:(3,4) Moving west.
0:(3,4) 1:(19,13) 2:(3,4) Avatar 0:(3,4) Moving south.
0:(3,5) 1:(19,13) 2:(3,4) Avatar 1:(19,13) Moving south.
0:(3,5) 1:(19,14) 2:(3,4) Avatar 2:(3,4) Moving south.
0:(3,5) 1:(19,14) 2:(3,5) Avatar 0:(3,5) Sleeping.
0:(3,5) 1:(19,14) 2:(3,5) Avatar 1:(19,14) Moving south.
0:(3,5) 1:(19,15) 2:(3,5) Avatar 2:(3,5) Moving east.
0:(3,5) 1:(19,15) 2:(3,5) Avatar 0:(3,5) Sleeping.
0:(3,5) 1:(19,15) 2:(3,5) Avatar 1:(19,15) Moving south.
0:(3,5) 1:(19,16) 2:(3,5) Avatar 2:(3,5) Moving west.
0:(3,5) 1:(19,16) 2:(3,5) Avatar 0:(3,5) Moving south.
0:(3,6) 1:(19,16) 2:(3,5) Avatar 1:(19,16) Moving south.
0:(3,6) 1:(19,17) 2:(3,5) Avatar 2:(3,5) Moving south.
0:(3,6) 1:(19,17) 2:(3,6) Avatar 0:(3,6) Sleeping.
0:(3,6) 1:(19,17) 2:(3,6) Avatar 1:(19,17) Moving south.
0:(3,6) 1:(19,18) 2:(3,6) Avatar 2:(3,6) Moving south.
0:(3,6) 1:(19,18) 2:(3,6) Avatar 0:(3,6) Sleeping.
0:(3,6) 1:(19,18) 2:(3,6) Avatar 1:(19,18) Moving south.
0:(3,6) 1:(19,19) 2:(3,6) Avatar 2:(3,6) Moving west.
0:(3,6) 1:(19,19) 2:(2,6) Avatar 0:(3,6) Moving west.
0:(2,6) 1:(19,19) 2:(2,6) Avatar 1:(19,19) Moving west.
0:(2,6) 1:(18,19) 2:(2,6) Avatar 2:(2,6) Moving north.
0:(2,6) 1:(18,19) 2:(2,6) Avatar 0:(2,6) Sleeping.
0:(2,6) 1:(18,19) 2:(2,6) Avatar 1:(18,19) Moving north.
0:(2,6) 1:(18,19) 2:(2,6) Avatar 2:(2,6) Moving south.
0:(2,6) 1:(18,19) 2:(2,6) Avatar 0:(2,6) Sleeping.
0:(2,6) 1:(18,19) 2:(2,6) Avatar 1:(18,19) Moving west.
0:(2,6) 1:(17,19) 2:(2,6) Avatar 2:(2,6) Moving west.
0:(2,6) 1:(17,19) 2:(2,6) Avatar 0:(2,6) Moving east.
0:(3,6) 1:(17,19) 2:(2,6) Avatar 1:(17,19) Moving north.
0:(3,6) 1:(17,18) 2:(2,6) Avatar 2:(2,6) Moving east.
0:(3,6) 1:(17,18) 2:(3,6) Avatar 0:(3,6) Moving east.
0:(4,6) 1:(17,18) 2:(3,6) Avatar 1:(17,18) Moving north.
0:(4,6) 1:(17,18) 2:(3,6) Avatar 2:(3,6) Moving east.
0:(4,6) 1:(17,18) 2:(4,6) Avatar 0:(4,6) Moving north.
0:(4,5) 1:(17,18) 2:(4,6) Avatar 1:(17,18) Moving east.
0:(4,5) 1:(18,18) 2:(4,6) Avatar 2:(4,6) Moving north.
0:(4,5) 1:(18,18) 2:(4,5) Avatar 0:(4,5) Moving east.
0:(5,5) 1:(18,18) 2:(4,5) Avatar 1:(18,18) Moving north.
0:(5,5) 1:(18,17) 2:(4,5) Avatar 2:(4,5) Moving east.
0:(5,5) 1:(18,17) 2:(5,5) Avatar 0:(5,5) Moving north.
0:(5,4) 1:(18,17) 2:(5,5) Avatar 1:(18,17) Moving north.
0:(5,4) 1:(18,16) 2:(5,5) Avatar 2:(5,5) Moving north.
0:(5,4) 1:(18,16) 2:(5,4) Avatar 0:(5,4) Moving west.
0:(4,4) 1:(18,16) 2:(5,4) Avatar 1:(18,16) Moving west.
0:(4,4) 1:(17,16) 2:(5,4) Avatar 2:(5,4) Moving west.
0:(4,4) 1:(17,16) 2:(4,4) Avatar 0:(4,4) Moving north.
0:(4,3) 1:(17,16) 2:(4,4) Avatar 1:(17,16) Moving north.
0:(4,3) 1:(17,15) 2:(4,4) Avatar 2:(4,4) Moving north.
0:(4,3) 1:(17,15) 2:(4,3) Avatar 0:(4,3) Moving east.
0:(5,3) 1:(17,15) 2:(4,3) Avatar 1:(17,15) Moving east.
0:(5,3) 1:(18,15) 2:(4,3) Avatar 2:(4,3) Moving east.
0:(5,3) 1:(18,15) 2:(5,3) Avatar 0:(5,3) Moving east.
0:(6,3) 1:(18,15) 2:(5,3) Avatar 1:(18,15) Moving north.
0:(6,3) 1:(18,14) 2:(5,3) Avatar 2:(5,3) Moving east.
0:(6,3) 1:(18,14) 2:(6,3) Avatar 0:(6,3) Moving north.
0:(6,2) 1:(18,14) 2:(6,3) Avatar 1:(18,14) Moving west.
0:(6,2) 1:(17,14) 2:(6,3) Avatar 2:(6,3) Moving north.
0:(6,2) 1:(17,14) 2:(6,2) Avatar 0:(6,2) Moving east.
0:(7,2) 1:(17,14) 2:(6,2) Avatar 1:(17,14) Moving north.
0:(7,2) 1:(17,13) 2:(6,2) Avatar 2:(6,2) Moving east.
0:(7,2) 1:(17,13) 2:(7,2) Avatar 0:(7,2) Moving south.
0:(7,3) 1:(17,13) 2:(7,2) Avatar 1:(17,13) Moving north.
0:(7,3) 1:(17,12) 2:(7,2) Avatar 2:(7,2) Moving south.
0:(7,3) 1:(17,12) 2:(7,3) Avatar 0:(7,3) Sleeping.
0:(7,3) 1:(17,12) 2:(7,3) Avatar 1:(17,12) Moving west.
0:(7,3) 1:(16,12) 2:(7,3) Avatar 2:(7,3) Moving east.
0:(7,3) 1:(16,12) 2:(7,3) Avatar 0:(7,3) Moving south.
0:(7,4) 1:(16,12) 2:(7,3) Avatar 1:(16,12) Moving south.
0:(7,4) 1:(16,13) 2:(7,3) Avatar 2:(7,3) Moving south.
0:(7,4) 1:(16,13) 2:(7,4) Avatar 0:(7,4) Sleeping.
0:(7,4) 1:(16,13) 2:(7,4) Avatar 1:(16,13) Moving south.
0:(7,4) 1:(16,14) 2:(7,4) Avatar 2:(7,4) Moving east.
0:(7,4) 1:(16,14) 2:(8,4) Avatar 0:(7,4) Moving east.
0:(8,4) 1:(16,14) 2:(8,4) Avatar 1:(16,14) Moving west.
0:(8,4) 1:(15,14) 2:(8,4) Avatar 2:(8,4) Moving north.
0:(8,4) 1:(15,14) 2:(8,4) Avatar 0:(8,4) Sleeping.
0:(8,4) 1:(15,14) 2:(8,4) Avatar 1:(15,14) Moving south.
0:(8,4) 1:(15,15) 2:(8,4) Avatar 2:(8,4) Moving north.
0:(8,4) 1:(15,15) 2:(8,4) Avatar 0:(8,4) Sleeping.
0:(8,4) 1:(15,15) 2:(8,4) Avatar 1:(15,15) Moving east.
0:(8,4) 1:(16,15) 2:(8,4) Avatar 2:(8,4) Moving north.
0:(8,4) 1:(16,15) 2:(8,4) Avatar 0:(8,4) Sleeping.
0:(8,4) 1:(16,15) 2:(8,4) Avatar 1:(16,15) Moving south.
0:(8,4) 1:(16,16) 2:(8,4) Avatar 2:(8,4) Moving north.
0:(8,4) 1:(16,16) 2:(8,4) Avatar 0:(8,4) Sleeping.
0:(8,4) 1:(16,16) 2:(8,4) Avatar 1:(16,16) Moving west.
0:(8,4) 1:(15,16) 2:(8,4) Avatar 2:(8,4) Moving north.
0:(8,4) 1:(15,16) 2:(8,4) Avatar 0:(8,4) Sleeping.
0:(8,4) 1:(15,16) 2:(8,4) Avatar 1:(15,16) Moving south.
0:(8,4) 1:(15,17) 2:(8,4) Avatar 2:(8,4) Moving north.
0:(8,4) 1:(15,17) 2:(8,4) Avatar 0:(8,4) Sleeping.
0:(8,4) 1:(15,17) 2:(8,4) Avatar 1:(15,17) Moving south.
0:(8,4) 1:(15,18) 2:(8,4) Avatar 2:(8,4) Moving north.
0:(8,4) 1:(15,18) 2:(8,4) Avatar 0:(8,4) Sleeping.
0:(8,4) 1:(15,18) 2:(8,4) Avatar 1:(15,18) Moving south.
0:(8,4) 1:(15,19) 2:(8,4) Avatar 2:(8,4) Moving north.
0:(8,4) 1:(15,19) 2:(8,4) Avatar 0:(8,4) Sleeping.
0:(8,4) 1:(15,19) 2:(8,4) Avatar 1:(15,19) Moving west.
0:(8,4) 1:(14,19) 2:(8,4) Avatar 2:(8,4) Moving north.
0:(8,4) 1:(14,19) 2:(8,4) Avatar 0:(8,4) Sleeping.
0:(8,4) 1:(14,19) 2:(8,4) Avatar 1:(14,19) Moving north.
0:(8,4) 1:(14,18) 2:(8,4) Avatar 2:(8,4) Moving north.
0:(8,4) 1:(14,18) 2:(8,4) Avatar 0:(8,4) Sleeping.
0:(8,4) 1:(14,18) 2:(8,4) Avatar 1:(14,18) Moving west.
0:(8,4) 1:(13,18) 2:(8,4) Avatar 2:(8,4) Moving north.
0:(8,4) 1:(13,18) 2:(8,4) Avatar 0:(8,4) Sleeping.
0:(8,4) 1:(13,18) 2:(8,4) Avatar 1:(13,18) Moving north.
0:(8,4) 1:(13,17) 2:(8,4) Avatar 2:(8,4) Moving north.
0:(8,4) 1:(13,17) 2:(8,4) Avatar 0:(8,4) Sleeping.
0:(8,4) 1:(13,17) 2:(8,4) Avatar 1:(13,17) Moving west.
0:(8,4) 1:(12,17) 2:(8,4) Avatar 2:(8,4) Moving north.
0:(8,4) 1:(12,17) 2:(8,4) Avatar 0:(8,4) Sleeping.
0:(8,4) 1:(12,17) 2:(8,4) Avatar 1:(12,17) Moving west.
0:(8,4) 1:(11,17) 2:(8,4) Avatar 2:(8,4) Moving north.
0:(8,4) 1:(11,17) 2:(8,4) Avatar 0:(8,4) Sleeping.
0:(8,4) 1:(11,17) 2:(8,4) Avatar 1:(11,17) Moving north.
0:(8,4) 1:(11,16) 2:(8,4) Avatar 2:(8,4) Moving north.
0:(8,4) 1:(11,16) 2:(8,4) Avatar 0:(8,4) Sleeping.
0:(8,4) 1:(11,16) 2:(8,4) Avatar 1:(11,16) Moving east.
0:(8,4) 1:(12,16) 2:(8,4) Avatar 2:(8,4) Moving north.
0:(8,4) 1:(12,16) 2:(8,4) Avatar 0:(8,4) Sleeping.
0:(8,4) 1:(12,16) 2:(8,4) Avatar 1:(12,16) Moving east.
0:(8,4) 1:(13,16) 2:(8,4) Avatar 2:(8,4) Moving north.
0:(8,4) 1:(13,16) 2:(8,4) Avatar 0:(8,4) Sleeping.
0:(8,4) 1:(13,16) 2:(8,4) Avatar 1:(13,16) Moving east.
0:(8,4) 1:(14,16) 2:(8,4) Avatar 2:(8,4) Moving north.
0:(8,4) 1:(14,16) 2:(8,4) Avatar 0:(8,4) Sleeping.
0:(8,4) 1:(14,16) 2:(8,4) Avatar 1:(14,16) Moving north.
0:(8,4) 1:(14,15) 2:(8,4) Avatar 2:(8,4) Moving north.
0:(8,4) 1:(14,15) 2:(8,4) Avatar 0:(8,4) Sleeping.
0:(8,4) 1:(14,15) 2:(8,4) Avatar 1:(14,15) Moving north.
0:(8,4) 1:(14,14) 2:(8,4) Avatar 2:(8,4) Moving north.
0:(8,4) 1:(14,14) 2:(8,4) Avatar 0:(8,4) Sleeping.
0:(8,4) 1:(14,14) 2:(8,4) Avatar 1:(14,14) Moving west.
0:(8,4) 1:(13,14) 2:(8,4) Avatar 2:(8,4) Moving north.
0:(8,4) 1:(13,14) 2:(8,4) Avatar 0:(8,4) Sleeping.
0:(8,4) 1:(13,14) 2:(8,4) Avatar 1:(13,14) Moving north.
0:(8,4) 1:(13,13) 2:(8,4) Avatar 2:(8,4) Moving north.
0:(8,4) 1:(13,13) 2:(8,4) Avatar 0:(8,4) Sleeping.
0:(8,4) 1:(13,13) 2:(8,4) Avatar 1:(13,13) Moving north.
0:(8,4) 1:(13,12) 2:(8,4) Avatar 2:(8,4) Moving north.
0:(8,4) 1:(13,12) 2:(8,4) Avatar 0:(8,4) Sleeping.
0:(8,4) 1:(13,12) 2:(8,4) Avatar 1:(13,12) Moving west.
0:(8,4) 1:(12,12) 2:(8,4) Avatar 2:(8,4) Moving north.
0:(8,4) 1:(12,12) 2:(8,4) Avatar 0:(8,4) Sleeping.
0:(8,4) 1:(12,12) 2:(8,4) Avatar 1:(12,12) Moving south.
0:(8,4) 1:(12,13) 2:(8,4) Avatar 2:(8,4) Moving north.
0:(8,4) 1:(12,13) 2:(8,4) Avatar 0:(8,4) Sleeping.
0:(8,4) 1:(12,13) 2:(8,4) Avatar 1:(12,13) Moving west.
0:(8,4) 1:(11,13) 2:(8,4) Avatar 2:(8,4) Moving north.
0:(8,4) 1:(11,13) 2:(8,4) Avatar 0:(8,4) Sleeping.
0:(8,4) 1:(11,13) 2:(8,4) Avatar 1:(11,13) Moving west.
0:(8,4) 1:(10,13) 2:(8,4) Avatar 2:(8,4) Moving north.
0:(8,4) 1:(10,13) 2:(8,4) Avatar 0:(8,4) Sleeping.
0:(8,4) 1:(10,13) 2:(8,4) Avatar 1:(10,13) Moving north.
0:(8,4) 1:(10,12) 2:(8,4) Avatar 2:(8,4) Moving north.
0:(8,4) 1:(10,12) 2:(8,4) Avatar 0:(8,4) Sleeping.
0:(8,4) 1:(10,12) 2:(8,4) Avatar 1:(10,12) Moving west.
0:(8,4) 1:(9,12) 2:(8,4) Avatar 2:(8,4) Moving north.
0:(8,4) 1:(9,12) 2:(8,4) Avatar 0:(8,4) Sleeping.
0:(8,4) 1:(9,12) 2:(8,4) Avatar 1:(9,12) Moving north.
0:(8,4) 1:(9,11) 2:(8,4) Avatar 2:(8,4) Moving north.
0:(8,4) 1:(9,11) 2:(8,4) Avatar 0:(8,4) Sleeping.
0:(8,4) 1:(9,11) 2:(8,4) Avatar 1:(9,11) Moving west.
0:(8,4) 1:(8,11) 2:(8,4) Avatar 2:(8,4) Moving north.
0:(8,4) 1:(8,11) 2:(8,4) Avatar 0:(8,4) Sleeping.
0:(8,4) 1:(8,11) 2:(8,4) Avatar 1:(8,11) Moving west.
0:(8,4) 1:(7,11) 2:(8,4) Avatar 2:(8,4) Moving north.
0:(8,4) 1:(7,11) 2:(8,4) Avatar 0:(8,4) Sleeping.
0:(8,4) 1:(7,11) 2:(8,4) Avatar 1:(7,11) Moving north.
0:(8,4) 1:(7,10) 2:(8,4) Avatar 2:(8,4) Moving north.
0:(8,4) 1:(7,10) 2:(8,4) Avatar 0:(8,4) Sleeping.
0:(8,4) 1:(7,10) 2:(8,4) Avatar 1:(7,10) Moving west.
0:(8,4) 1:(6,10) 2:(8,4) Avatar 2:(8,4) Moving north.
0:(8,4) 1:(6,10) 2:(8,4) Avatar 0:(8,4) Sleeping.
0:(8,4) 1:(6,10) 2:(8,4) Avatar 1:(6,10) Moving north.
0:(8,4) 1:(6,9) 2:(8,4) Avatar 2:(8,4) Moving north.
0:(8,4) 1:(6,9) 2:(8,4) Avatar 0:(8,4) Sleeping.
0:(8,4) 1:(6,9) 2:(8,4) Avatar 1:(6,9) Moving west.
0:(8,4) 1:(5,9) 2:(8,4) Avatar 2:(8,4) Moving north.
0:(8,4) 1:(5,9) 2:(8,4) Avatar 0:(8,4) Sleeping.
0:(8,4) 1:(5,9) 2:(8,4) Avatar 1:(5,9) Moving west.
0:(8,4) 1:(4,9) 2:(8,4) Avatar 2:(8,4) Moving north.
0:(8,4) 1:(4,9) 2:(8,4) Avatar 0:(8,4) Sleeping.
0:(8,4) 1:(4,9) 2:(8,4) Avatar 1:(4,9) Moving north.
0:(8,4) 1:(4,8) 2:(8,4) Avatar 2:(8,4) Moving north.
0:(8,4) 1:(4,8) 2:(8,4) Avatar 0:(8,4) Sleeping.
0:(8,4) 1:(4,8) 2:(8,4) Avatar 1:(4,8) Moving east.
0:(8,4) 1:(5,8) 2:(8,4) Avatar 2:(8,4) Moving north.
0:(8,4) 1:(5,8) 2:(8,4) Avatar 0:(8,4) Sleeping.
0:(8,4) 1:(5,8) 2:(8,4) Avatar 1:(5,8) Moving north.
0:(8,4) 1:(5,7) 2:(8,4) Avatar 2:(8,4) Moving north.
0:(8,4) 1:(5,7) 2:(8,4) Avatar 0:(8,4) Sleeping.
0:(8,4) 1:(5,7) 2:(8,4) Avatar 1:(5,7) Moving north.
0:(8,4) 1:(5,6) 2:(8,4) Avatar 2:(8,4) Moving north.
0:(8,4) 1:(5,6) 2:(8,4) Avatar 0:(8,4) Sleeping.
0:(8,4) 1:(5,6) 2:(8,4) Avatar 1:(5,6) Moving east.
0:(8,4) 1:(6,6) 2:(8,4) Avatar 2:(8,4) Moving north.
0:(8,4) 1:(6,6) 2:(8,4) Avatar 0:(8,4) Sleeping.
0:(8,4) 1:(6,6) 2:(8,4) Avatar 1:(6,6) Moving north.
0:(8,4) 1:(6,5) 2:(8,4) Avatar 2:(8,4) Moving north.
0:(8,4) 1:(6,5) 2:(8,4) Avatar 0:(8,4) Sleeping.
0:(8,4) 1:(6,5) 2:(8,4) Avatar 1:(6,5) Moving north.
0:(8,4) 1:(6,4) 2:(8,4) Avatar 2:(8,4) Moving north.
0:(8,4) 1:(6,4) 2:(8,4) Avatar 0:(8,4) Sleeping.
0:(8,4) 1:(6,4) 2:(8,4) Avatar 1:(6,4) Moving east.
0:(8,4) 1:(7,4) 2:(8,4) Avatar 2:(8,4) Moving north.
0:(8,4) 1:(7,4) 2:(8,4) Avatar 0:(8,4) Sleeping.
0:(8,4) 1:(7,4) 2:(8,4) Avatar 1:(7,4) Moving east.
AM_MAZE_SOLVED 3 3 685 1467581850