diyogon 38243 Sun Aug 28 17:14:07 2016

Avatar 0:(4,9) Moving north.
0:(4,9) 1:(3,7) 2:(9,1) Avatar 1:(3,7) Moving north.
0:(4,9) 1:(3,6) 2:(9,1) Avatar 2:(9,1) Moving north.
0:(4,9) 1:(3,6) 2:(9,1) Avatar 0:(4,9) Moving east.
0:(5,9) 1:(3,6) 2:(9,1) Avatar 1:(3,6) Moving north.
0:(5,9) 1:(3,6) 2:(9,1) Avatar 2:(9,1) Moving east.
0:(5,9) 1:(3,6) 2:(9,1) Avatar 0:(5,9) Moving north.
0:(5,9) 1:(3,6) 2:(9,1) Avatar 1:(3,6) Moving east.
0:(5,9) 1:(4,6) 2:(9,1) Avatar 2:(9,1) Moving south.
0:(5,9) 1:(4,6) 2:(9,2) Avatar 0:(5,9) Moving east.
0:(6,9) 1:(4,6) 2:(9,2) Avatar 1:(4,6) Moving north.
0:(6,9) 1:(4,6) 2:(9,2) Avatar 2:(9,2) Moving east.
0:(6,9) 1:(4,6) 2:(10,2) Avatar 0:(6,9) Moving north.
0:(6,9) 1:(4,6) 2:(10,2) Avatar 1:(4,6) Moving east.
0:(6,9) 1:(4,6) 2:(10,2) Avatar 2:(10,2) Moving north.
0:(6,9) 1:(4,6) 2:(10,2) Avatar 0:(6,9) Moving east.
0:(7,9) 1:(4,6) 2:(10,2) Avatar 1:(4,6) Moving south.
0:(7,9) 1:(4,7) 2:(10,2) Avatar 2:(10,2) Moving east.
0:(7,9) 1:(4,7) 2:(10,2) Avatar 0:(7,9) Moving north.
0:(7,8) 1:(4,7) 2:(10,2) Avatar 1:(4,7) Moving east.
0:(7,8) 1:(4,7) 2:(10,2) Avatar 2:(10,2) Moving south.
0:(7,8) 1:(4,7) 2:(10,3) Avatar 0:(7,8) Moving north.
0:(7,8) 1:(4,7) 2:(10,3) Avatar 1:(4,7) Moving south.
0:(7,8) 1:(4,8) 2:(10,3) Avatar 2:(10,3) Moving east.
0:(7,8) 1:(4,8) 2:(11,3) Avatar 0:(7,8) Moving east.
0:(7,8) 1:(4,8) 2:(11,3) Avatar 1:(4,8) Moving east.
0:(7,8) 1:(5,8) 2:(11,3) Avatar 2:(11,3) Moving north.
0:(7,8) 1:(5,8) 2:(11,2) Avatar 0:(7,8) Moving west.
0:(7,8) 1:(5,8) 2:(11,2) Avatar 1:(5,8) Moving north.
0:(7,8) 1:(5,8) 2:(11,2) Avatar 2:(11,2) Moving north.
0:(7,8) 1:(5,8) 2:(11,1) Avatar 0:(7,8) Moving south.
0:(7,9) 1:(5,8) 2:(11,1) Avatar 1:(5,8) Moving east.
0:(7,9) 1:(6,8) 2:(11,1) Avatar 2:(11,1) Moving north.
0:(7,9) 1:(6,8) 2:(11,0) Avatar 0:(7,9) Moving east.
0:(7,9) 1:(6,8) 2:(11,0) Avatar 1:(6,8) Moving north.
0:(7,9) 1:(6,7) 2:(11,0) Avatar 2:(11,0) Moving west.
0:(7,9) 1:(6,7) 2:(11,0) Avatar 0:(7,9) Moving west.
0:(6,9) 1:(6,7) 2:(11,0) Avatar 1:(6,7) Moving north.
0:(6,9) 1:(6,7) 2:(11,0) Avatar 2:(11,0) Moving south.
0:(6,9) 1:(6,7) 2:(11,1) Avatar 0:(6,9) Moving west.
0:(5,9) 1:(6,7) 2:(11,1) Avatar 1:(6,7) Moving east.
0:(5,9) 1:(7,7) 2:(11,1) Avatar 2:(11,1) Moving west.
0:(5,9) 1:(7,7) 2:(10,1) Avatar 0:(5,9) Moving west.
0:(4,9) 1:(7,7) 2:(10,1) Avatar 1:(7,7) Moving north.
0:(4,9) 1:(7,6) 2:(10,1) Avatar 2:(10,1) Moving north.
0:(4,9) 1:(7,6) 2:(10,0) Avatar 0:(4,9) Moving west.
0:(3,9) 1:(7,6) 2:(10,0) Avatar 1:(7,6) Moving north.
0:(3,9) 1:(7,5) 2:(10,0) Avatar 2:(10,0) Moving west.
0:(3,9) 1:(7,5) 2:(9,0) Avatar 0:(3,9) Moving north.
0:(3,8) 1:(7,5) 2:(9,0) Avatar 1:(7,5) Moving north.
0:(3,8) 1:(7,5) 2:(9,0) Avatar 2:(9,0) Moving west.
0:(3,8) 1:(7,5) 2:(8,0) Avatar 0:(3,8) Moving north.
0:(3,7) 1:(7,5) 2:(8,0) Avatar 1:(7,5) Moving east.
0:(3,7) 1:(8,5) 2:(8,0) Avatar 2:(8,0) Moving south.
0:(3,7) 1:(8,5) 2:(8,1) Avatar 0:(3,7) Moving north.
0:(3,6) 1:(8,5) 2:(8,1) Avatar 1:(8,5) Moving north.
0:(3,6) 1:(8,5) 2:(8,1) Avatar 2:(8,1) Moving east.
0:(3,6) 1:(8,5) 2:(8,1) Avatar 0:(3,6) Moving east.
0:(4,6) 1:(8,5) 2:(8,1) Avatar 1:(8,5) Moving east.
0:(4,6) 1:(9,5) 2:(8,1) Avatar 2:(8,1) Moving south.
0:(4,6) 1:(9,5) 2:(8,2) Avatar 0:(4,6) Moving south.
0:(4,7) 1:(9,5) 2:(8,2) Avatar 1:(9,5) Moving north.
0:(4,7) 1:(9,5) 2:(8,2) Avatar 2:(8,2) Moving east.
0:(4,7) 1:(9,5) 2:(8,2) Avatar 0:(4,7) Moving south.
0:(4,8) 1:(9,5) 2:(8,2) Avatar 1:(9,5) Moving east.
0:(4,8) 1:(9,5) 2:(8,2) Avatar 2:(8,2) Moving south.
0:(4,8) 1:(9,5) 2:(8,3) Avatar 0:(4,8) Moving east.
0:(5,8) 1:(9,5) 2:(8,3) Avatar 1:(9,5) Moving south.
0:(5,8) 1:(9,6) 2:(8,3) Avatar 2:(8,3) Moving east.
0:(5,8) 1:(9,6) 2:(8,3) Avatar 0:(5,8) Moving east.
0:(6,8) 1:(9,6) 2:(8,3) Avatar 1:(9,6) Moving east.
0:(6,8) 1:(9,6) 2:(8,3) Avatar 2:(8,3) Moving south.
0:(6,8) 1:(9,6) 2:(8,3) Avatar 0:(6,8) Moving north.
0:(6,7) 1:(9,6) 2:(8,3) Avatar 1:(9,6) Moving south.
0:(6,7) 1:(9,6) 2:(8,3) Avatar 2:(8,3) Moving west.
0:(6,7) 1:(9,6) 2:(7,3) Avatar 0:(6,7) Moving east.
0:(7,7) 1:(9,6) 2:(7,3) Avatar 1:(9,6) Moving west.
0:(7,7) 1:(8,6) 2:(7,3) Avatar 2:(7,3) Moving north.
0:(7,7) 1:(8,6) 2:(7,3) Avatar 0:(7,7) Moving north.
0:(7,6) 1:(8,6) 2:(7,3) Avatar 1:(8,6) Moving north.
0:(7,6) 1:(8,6) 2:(7,3) Avatar 2:(7,3) Moving south.
0:(7,6) 1:(8,6) 2:(7,4) Avatar 0:(7,6) Moving north.
0:(7,5) 1:(8,6) 2:(7,4) Avatar 1:(8,6) Moving south.
0:(7,5) 1:(8,7) 2:(7,4) Avatar 2:(7,4) Moving east.
0:(7,5) 1:(8,7) 2:(8,4) Avatar 0:(7,5) Moving east.
0:(8,5) 1:(8,7) 2:(8,4) Avatar 1:(8,7) Moving east.
0:(8,5) 1:(8,7) 2:(8,4) Avatar 2:(8,4) Moving east.
0:(8,5) 1:(8,7) 2:(9,4) Avatar 0:(8,5) Moving east.
0:(9,5) 1:(8,7) 2:(9,4) Avatar 1:(8,7) Moving south.
0:(9,5) 1:(8,8) 2:(9,4) Avatar 2:(9,4) Moving north.
0:(9,5) 1:(8,8) 2:(9,4) Avatar 0:(9,5) Moving south.
0:(9,6) 1:(8,8) 2:(9,4) Avatar 1:(8,8) Moving east.
0:(9,6) 1:(9,8) 2:(9,4) Avatar 2:(9,4) Moving east.
0:(9,6) 1:(9,8) 2:(10,4) Avatar 0:(9,6) Moving west.
0:(8,6) 1:(9,8) 2:(10,4) Avatar 1:(9,8) Moving north.
0:(8,6) 1:(9,8) 2:(10,4) Avatar 2:(10,4) Moving north.
0:(8,6) 1:(9,8) 2:(10,4) Avatar 0:(8,6) Moving south.
0:(8,7) 1:(9,8) 2:(10,4) Avatar 1:(9,8) Moving east.
0:(8,7) 1:(9,8) 2:(10,4) Avatar 2:(10,4) Moving east.
0:(8,7) 1:(9,8) 2:(10,4) Avatar 0:(8,7) Moving south.
0:(8,8) 1:(9,8) 2:(10,4) Avatar 1:(9,8) Moving south.
0:(8,8) 1:(9,9) 2:(10,4) Avatar 2:(10,4) Moving south.
0:(8,8) 1:(9,9) 2:(10,5) Avatar 0:(8,8) Moving east.
0:(9,8) 1:(9,9) 2:(10,5) Avatar 1:(9,9) Moving east.
0:(9,8) 1:(10,9) 2:(10,5) Avatar 2:(10,5) Moving east.
0:(9,8) 1:(10,9) 2:(10,5) Avatar 0:(9,8) Moving south.
0:(9,9) 1:(10,9) 2:(10,5) Avatar 1:(10,9) Moving north.
0:(9,9) 1:(10,9) 2:(10,5) Avatar 2:(10,5) Moving south.
0:(9,9) 1:(10,9) 2:(10,6) Avatar 0:(9,9) Moving east.
0:(10,9) 1:(10,9) 2:(10,6) Avatar 1:(10,9) Moving east.
0:(10,9) 1:(11,9) 2:(10,6) Avatar 2:(10,6) Moving east.
0:(10,9) 1:(11,9) 2:(10,6) Avatar 0:(10,9) Moving east.
0:(11,9) 1:(11,9) 2:(10,6) Avatar 1:(11,9) Moving north.
0:(11,9) 1:(11,8) 2:(10,6) Avatar 2:(10,6) Moving south.
0:(11,9) 1:(11,8) 2:(10,7) Avatar 0:(11,9) Moving north.
0:(11,8) 1:(11,8) 2:(10,7) Avatar 1:(11,8) Moving north.
0:(11,8) 1:(11,8) 2:(10,7) Avatar 2:(10,7) Moving east.
0:(11,8) 1:(11,8) 2:(10,7) Avatar 0:(11,8) Sleeping.
0:(11,8) 1:(11,8) 2:(10,7) Avatar 1:(11,8) Moving west.
0:(11,8) 1:(10,8) 2:(10,7) Avatar 2:(10,7) Moving south.
0:(11,8) 1:(10,8) 2:(10,8) Avatar 0:(11,8) Moving west.
AM_MAZE_SOLVED 3 2 120 341138086