diyogon 35249 Sun Aug 28 17:14:06 2016

Avatar 0:(4,9) Moving north.
0:(4,9) 1:(3,7) Avatar 1:(3,7) Moving north.
0:(4,9) 1:(3,6) Avatar 0:(4,9) Moving east.
0:(5,9) 1:(3,6) Avatar 1:(3,6) Moving north.
0:(5,9) 1:(3,6) Avatar 0:(5,9) Moving north.
0:(5,9) 1:(3,6) Avatar 1:(3,6) Moving east.
0:(5,9) 1:(4,6) Avatar 0:(5,9) Moving east.
0:(6,9) 1:(4,6) Avatar 1:(4,6) Moving north.
0:(6,9) 1:(4,6) Avatar 0:(6,9) Moving north.
0:(6,9) 1:(4,6) Avatar 1:(4,6) Moving east.
0:(6,9) 1:(4,6) Avatar 0:(6,9) Moving east.
0:(7,9) 1:(4,6) Avatar 1:(4,6) Moving south.
0:(7,9) 1:(4,7) Avatar 0:(7,9) Moving north.
0:(7,8) 1:(4,7) Avatar 1:(4,7) Moving east.
0:(7,8) 1:(4,7) Avatar 0:(7,8) Moving north.
0:(7,8) 1:(4,7) Avatar 1:(4,7) Moving south.
0:(7,8) 1:(4,8) Avatar 0:(7,8) Moving east.
0:(7,8) 1:(4,8) Avatar 1:(4,8) Moving east.
0:(7,8) 1:(5,8) Avatar 0:(7,8) Moving west.
0:(7,8) 1:(5,8) Avatar 1:(5,8) Moving north.
0:(7,8) 1:(5,8) Avatar 0:(7,8) Moving south.
0:(7,9) 1:(5,8) Avatar 1:(5,8) Moving east.
0:(7,9) 1:(6,8) Avatar 0:(7,9) Moving east.
0:(7,9) 1:(6,8) Avatar 1:(6,8) Moving north.
0:(7,9) 1:(6,7) Avatar 0:(7,9) Moving west.
0:(6,9) 1:(6,7) Avatar 1:(6,7) Moving north.
0:(6,9) 1:(6,7) Avatar 0:(6,9) Moving west.
0:(5,9) 1:(6,7) Avatar 1:(6,7) Moving east.
0:(5,9) 1:(7,7) Avatar 0:(5,9) Moving west.
0:(4,9) 1:(7,7) Avatar 1:(7,7) Moving north.
0:(4,9) 1:(7,6) Avatar 0:(4,9) Moving west.
0:(3,9) 1:(7,6) Avatar 1:(7,6) Moving north.
0:(3,9) 1:(7,5) Avatar 0:(3,9) Moving north.
0:(3,8) 1:(7,5) Avatar 1:(7,5) Moving north.
0:(3,8) 1:(7,5) Avatar 0:(3,8) Moving north.
0:(3,7) 1:(7,5) Avatar 1:(7,5) Moving east.
0:(3,7) 1:(8,5) Avatar 0:(3,7) Moving north.
0:(3,6) 1:(8,5) Avatar 1:(8,5) Moving north.
0:(3,6) 1:(8,5) Avatar 0:(3,6) Moving east.
0:(4,6) 1:(8,5) Avatar 1:(8,5) Moving north.
0:(4,6) 1:(8,5) Avatar 0:(4,6) Moving south.
0:(4,7) 1:(8,5) Avatar 1:(8,5) Moving north.
0:(4,7) 1:(8,5) Avatar 0:(4,7) Moving south.
0:(4,8) 1:(8,5) Avatar 1:(8,5) Moving north.
0:(4,8) 1:(8,5) Avatar 0:(4,8) Moving east.
0:(5,8) 1:(8,5) Avatar 1:(8,5) Moving north.
0:(5,8) 1:(8,5) Avatar 0:(5,8) Moving east.
0:(6,8) 1:(8,5) Avatar 1:(8,5) Moving north.
0:(6,8) 1:(8,5) Avatar 0:(6,8) Moving north.
0:(6,7) 1:(8,5) Avatar 1:(8,5) Moving north.
0:(6,7) 1:(8,5) Avatar 0:(6,7) Moving east.
0:(7,7) 1:(8,5) Avatar 1:(8,5) Moving north.
0:(7,7) 1:(8,5) Avatar 0:(7,7) Moving north.
0:(7,6) 1:(8,5) Avatar 1:(8,5) Moving north.
0:(7,6) 1:(8,5) Avatar 0:(7,6) Moving north.
0:(7,5) 1:(8,5) Avatar 1:(8,5) Moving north.
0:(7,5) 1:(8,5) Avatar 0:(7,5) Moving east.
AM_MAZE_SOLVED 2 2 56 -1825435776