diyogon 43067 Sun Aug 28 17:16:31 2016

Avatar 0:(21,12) Moving north.
0:(21,12) 1:(15,4) 2:(5,23) Avatar 1:(15,4) Moving north.
0:(21,12) 1:(15,4) 2:(5,23) Avatar 2:(5,23) Moving north.
0:(21,12) 1:(15,4) 2:(5,23) Avatar 0:(21,12) Moving east.
0:(21,12) 1:(15,4) 2:(5,23) Avatar 1:(15,4) Moving east.
0:(21,12) 1:(16,4) 2:(5,23) Avatar 2:(5,23) Moving east.
0:(21,12) 1:(16,4) 2:(6,23) Avatar 0:(21,12) Moving south.
0:(21,13) 1:(16,4) 2:(6,23) Avatar 1:(16,4) Moving north.
0:(21,13) 1:(16,3) 2:(6,23) Avatar 2:(6,23) Moving north.
0:(21,13) 1:(16,3) 2:(6,23) Avatar 0:(21,13) Moving east.
0:(21,13) 1:(16,3) 2:(6,23) Avatar 1:(16,3) Moving north.
0:(21,13) 1:(16,3) 2:(6,23) Avatar 2:(6,23) Moving east.
0:(21,13) 1:(16,3) 2:(7,23) Avatar 0:(21,13) Moving south.
0:(21,14) 1:(16,3) 2:(7,23) Avatar 1:(16,3) Moving east.
0:(21,14) 1:(16,3) 2:(7,23) Avatar 2:(7,23) Moving north.
0:(21,14) 1:(16,3) 2:(7,23) Avatar 0:(21,14) Moving east.
0:(21,14) 1:(16,3) 2:(7,23) Avatar 1:(16,3) Moving west.
0:(21,14) 1:(16,3) 2:(7,23) Avatar 2:(7,23) Moving east.
0:(21,14) 1:(16,3) 2:(7,23) Avatar 0:(21,14) Moving south.
0:(21,15) 1:(16,3) 2:(7,23) Avatar 1:(16,3) Moving south.
0:(21,15) 1:(16,4) 2:(7,23) Avatar 2:(7,23) Moving south.
0:(21,15) 1:(16,4) 2:(7,23) Avatar 0:(21,15) Moving east.
0:(21,15) 1:(16,4) 2:(7,23) Avatar 1:(16,4) Moving east.
0:(21,15) 1:(16,4) 2:(7,23) Avatar 2:(7,23) Moving west.
0:(21,15) 1:(16,4) 2:(6,23) Avatar 0:(21,15) Moving south.
0:(21,15) 1:(16,4) 2:(6,23) Avatar 1:(16,4) Moving south.
0:(21,15) 1:(16,4) 2:(6,23) Avatar 2:(6,23) Moving south.
0:(21,15) 1:(16,4) 2:(6,24) Avatar 0:(21,15) Moving west.
0:(21,15) 1:(16,4) 2:(6,24) Avatar 1:(16,4) Moving west.
0:(21,15) 1:(15,4) 2:(6,24) Avatar 2:(6,24) Moving east.
0:(21,15) 1:(15,4) 2:(7,24) Avatar 0:(21,15) Moving north.
0:(21,14) 1:(15,4) 2:(7,24) Avatar 1:(15,4) Moving south.
0:(21,14) 1:(15,5) 2:(7,24) Avatar 2:(7,24) Moving east.
0:(21,14) 1:(15,5) 2:(8,24) Avatar 0:(21,14) Moving west.
0:(21,14) 1:(15,5) 2:(8,24) Avatar 1:(15,5) Moving east.
0:(21,14) 1:(16,5) 2:(8,24) Avatar 2:(8,24) Moving north.
0:(21,14) 1:(16,5) 2:(8,23) Avatar 0:(21,14) Moving north.
0:(21,13) 1:(16,5) 2:(8,23) Avatar 1:(16,5) Moving east.
0:(21,13) 1:(17,5) 2:(8,23) Avatar 2:(8,23) Moving north.
0:(21,13) 1:(17,5) 2:(8,22) Avatar 0:(21,13) Moving west.
0:(20,13) 1:(17,5) 2:(8,22) Avatar 1:(17,5) Moving north.
0:(20,13) 1:(17,5) 2:(8,22) Avatar 2:(8,22) Moving north.
0:(20,13) 1:(17,5) 2:(8,22) Avatar 0:(20,13) Moving north.
0:(20,13) 1:(17,5) 2:(8,22) Avatar 1:(17,5) Moving east.
0:(20,13) 1:(17,5) 2:(8,22) Avatar 2:(8,22) Moving east.
0:(20,13) 1:(17,5) 2:(8,22) Avatar 0:(20,13) Moving south.
0:(20,14) 1:(17,5) 2:(8,22) Avatar 1:(17,5) Moving south.
0:(20,14) 1:(17,6) 2:(8,22) Avatar 2:(8,22) Moving west.
0:(20,14) 1:(17,6) 2:(7,22) Avatar 0:(20,14) Moving south.
0:(20,15) 1:(17,6) 2:(7,22) Avatar 1:(17,6) Moving east.
0:(20,15) 1:(17,6) 2:(7,22) Avatar 2:(7,22) Moving north.
0:(20,15) 1:(17,6) 2:(7,21) Avatar 0:(20,15) Moving south.
0:(20,16) 1:(17,6) 2:(7,21) Avatar 1:(17,6) Moving south.
0:(20,16) 1:(17,6) 2:(7,21) Avatar 2:(7,21) Moving north.
0:(20,16) 1:(17,6) 2:(7,20) Avatar 0:(20,16) Moving east.
0:(21,16) 1:(17,6) 2:(7,20) Avatar 1:(17,6) Moving west.
0:(21,16) 1:(16,6) 2:(7,20) Avatar 2:(7,20) Moving north.
0:(21,16) 1:(16,6) 2:(7,20) Avatar 0:(21,16) Moving east.
0:(21,16) 1:(16,6) 2:(7,20) Avatar 1:(16,6) Moving north.
0:(21,16) 1:(16,6) 2:(7,20) Avatar 2:(7,20) Moving east.
0:(21,16) 1:(16,6) 2:(7,20) Avatar 0:(21,16) Moving south.
0:(21,17) 1:(16,6) 2:(7,20) Avatar 1:(16,6) Moving south.
0:(21,17) 1:(16,7) 2:(7,20) Avatar 2:(7,20) Moving west.
0:(21,17) 1:(16,7) 2:(6,20) Avatar 0:(21,17) Moving east.
0:(21,17) 1:(16,7) 2:(6,20) Avatar 1:(16,7) Moving east.
0:(21,17) 1:(17,7) 2:(6,20) Avatar 2:(6,20) Moving north.
0:(21,17) 1:(17,7) 2:(6,20) Avatar 0:(21,17) Moving south.
0:(21,18) 1:(17,7) 2:(6,20) Avatar 1:(17,7) Moving east.
0:(21,18) 1:(18,7) 2:(6,20) Avatar 2:(6,20) Moving south.
0:(21,18) 1:(18,7) 2:(6,21) Avatar 0:(21,18) Moving east.
0:(22,18) 1:(18,7) 2:(6,21) Avatar 1:(18,7) Moving north.
0:(22,18) 1:(18,6) 2:(6,21) Avatar 2:(6,21) Moving east.
0:(22,18) 1:(18,6) 2:(6,21) Avatar 0:(22,18) Moving north.
0:(22,17) 1:(18,6) 2:(6,21) Avatar 1:(18,6) Moving north.
0:(22,17) 1:(18,5) 2:(6,21) Avatar 2:(6,21) Moving south.
0:(22,17) 1:(18,5) 2:(6,21) Avatar 0:(22,17) Moving north.
0:(22,16) 1:(18,5) 2:(6,21) Avatar 1:(18,5) Moving north.
0:(22,16) 1:(18,4) 2:(6,21) Avatar 2:(6,21) Moving west.
0:(22,16) 1:(18,4) 2:(5,21) Avatar 0:(22,16) Moving north.
0:(22,15) 1:(18,4) 2:(5,21) Avatar 1:(18,4) Moving north.
0:(22,15) 1:(18,4) 2:(5,21) Avatar 2:(5,21) Moving north.
0:(22,15) 1:(18,4) 2:(5,21) Avatar 0:(22,15) Moving north.
0:(22,14) 1:(18,4) 2:(5,21) Avatar 1:(18,4) Moving east.
0:(22,14) 1:(18,4) 2:(5,21) Avatar 2:(5,21) Moving south.
0:(22,14) 1:(18,4) 2:(5,21) Avatar 0:(22,14) Moving north.
0:(22,14) 1:(18,4) 2:(5,21) Avatar 1:(18,4) Moving west.
0:(22,14) 1:(17,4) 2:(5,21) Avatar 2:(5,21) Moving west.
0:(22,14) 1:(17,4) 2:(4,21) Avatar 0:(22,14) Moving east.
0:(23,14) 1:(17,4) 2:(4,21) Avatar 1:(17,4) Moving north.
0:(23,14) 1:(17,3) 2:(4,21) Avatar 2:(4,21) Moving north.
0:(23,14) 1:(17,3) 2:(4,20) Avatar 0:(23,14) Moving north.
0:(23,14) 1:(17,3) 2:(4,20) Avatar 1:(17,3) Moving north.
0:(23,14) 1:(17,2) 2:(4,20) Avatar 2:(4,20) Moving north.
0:(23,14) 1:(17,2) 2:(4,20) Avatar 0:(23,14) Moving east.
0:(24,14) 1:(17,2) 2:(4,20) Avatar 1:(17,2) Moving north.
0:(24,14) 1:(17,2) 2:(4,20) Avatar 2:(4,20) Moving east.
0:(24,14) 1:(17,2) 2:(4,20) Avatar 0:(24,14) Moving north.
0:(24,14) 1:(17,2) 2:(4,20) Avatar 1:(17,2) Moving east.
0:(24,14) 1:(17,2) 2:(4,20) Avatar 2:(4,20) Moving west.
0:(24,14) 1:(17,2) 2:(3,20) Avatar 0:(24,14) Moving south.
0:(24,15) 1:(17,2) 2:(3,20) Avatar 1:(17,2) Moving west.
0:(24,15) 1:(16,2) 2:(3,20) Avatar 2:(3,20) Moving north.
0:(24,15) 1:(16,2) 2:(3,19) Avatar 0:(24,15) Moving south.
0:(24,16) 1:(16,2) 2:(3,19) Avatar 1:(16,2) Moving north.
0:(24,16) 1:(16,2) 2:(3,19) Avatar 2:(3,19) Moving north.
0:(24,16) 1:(16,2) 2:(3,19) Avatar 0:(24,16) Moving south.
0:(24,17) 1:(16,2) 2:(3,19) Avatar 1:(16,2) Moving west.
0:(24,17) 1:(15,2) 2:(3,19) Avatar 2:(3,19) Moving east.
0:(24,17) 1:(15,2) 2:(3,19) Avatar 0:(24,17) Moving south.
0:(24,18) 1:(15,2) 2:(3,19) Avatar 1:(15,2) Moving north.
0:(24,18) 1:(15,2) 2:(3,19) Avatar 2:(3,19) Moving west.
0:(24,18) 1:(15,2) 2:(2,19) Avatar 0:(24,18) Moving south.
0:(24,19) 1:(15,2) 2:(2,19) Avatar 1:(15,2) Moving south.
0:(24,19) 1:(15,3) 2:(2,19) Avatar 2:(2,19) Moving north.
0:(24,19) 1:(15,3) 2:(2,18) Avatar 0:(24,19) Moving south.
0:(24,20) 1:(15,3) 2:(2,18) Avatar 1:(15,3) Moving west.
0:(24,20) 1:(14,3) 2:(2,18) Avatar 2:(2,18) Moving north.
0:(24,20) 1:(14,3) 2:(2,17) Avatar 0:(24,20) Moving south.
0:(24,21) 1:(14,3) 2:(2,17) Avatar 1:(14,3) Moving north.
0:(24,21) 1:(14,3) 2:(2,17) Avatar 2:(2,17) Moving north.
0:(24,21) 1:(14,3) 2:(2,17) Avatar 0:(24,21) Moving south.
0:(24,22) 1:(14,3) 2:(2,17) Avatar 1:(14,3) Moving south.
0:(24,22) 1:(14,3) 2:(2,17) Avatar 2:(2,17) Moving east.
0:(24,22) 1:(14,3) 2:(2,17) Avatar 0:(24,22) Moving south.
0:(24,22) 1:(14,3) 2:(2,17) Avatar 1:(14,3) Moving west.
0:(24,22) 1:(13,3) 2:(2,17) Avatar 2:(2,17) Moving west.
0:(24,22) 1:(13,3) 2:(1,17) Avatar 0:(24,22) Moving west.
0:(23,22) 1:(13,3) 2:(1,17) Avatar 1:(13,3) Moving north.
0:(23,22) 1:(13,3) 2:(1,17) Avatar 2:(1,17) Moving north.
0:(23,22) 1:(13,3) 2:(1,16) Avatar 0:(23,22) Moving north.
0:(23,22) 1:(13,3) 2:(1,16) Avatar 1:(13,3) Moving south.
0:(23,22) 1:(13,4) 2:(1,16) Avatar 2:(1,16) Moving north.
0:(23,22) 1:(13,4) 2:(1,16) Avatar 0:(23,22) Moving south.
0:(23,22) 1:(13,4) 2:(1,16) Avatar 1:(13,4) Moving east.
0:(23,22) 1:(14,4) 2:(1,16) Avatar 2:(1,16) Moving east.
0:(23,22) 1:(14,4) 2:(2,16) Avatar 0:(23,22) Moving west.
0:(22,22) 1:(14,4) 2:(2,16) Avatar 1:(14,4) Moving east.
0:(22,22) 1:(14,4) 2:(2,16) Avatar 2:(2,16) Moving north.
0:(22,22) 1:(14,4) 2:(2,15) Avatar 0:(22,22) Moving north.
0:(22,21) 1:(14,4) 2:(2,15) Avatar 1:(14,4) Moving south.
0:(22,21) 1:(14,5) 2:(2,15) Avatar 2:(2,15) Moving north.
0:(22,21) 1:(14,5) 2:(2,14) Avatar 0:(22,21) Moving north.
0:(22,21) 1:(14,5) 2:(2,14) Avatar 1:(14,5) Moving east.
0:(22,21) 1:(14,5) 2:(2,14) Avatar 2:(2,14) Moving north.
0:(22,21) 1:(14,5) 2:(2,14) Avatar 0:(22,21) Moving east.
0:(23,21) 1:(14,5) 2:(2,14) Avatar 1:(14,5) Moving south.
0:(23,21) 1:(14,6) 2:(2,14) Avatar 2:(2,14) Moving east.
0:(23,21) 1:(14,6) 2:(2,14) Avatar 0:(23,21) Moving north.
0:(23,21) 1:(14,6) 2:(2,14) Avatar 1:(14,6) Moving east.
0:(23,21) 1:(15,6) 2:(2,14) Avatar 2:(2,14) Moving west.
0:(23,21) 1:(15,6) 2:(1,14) Avatar 0:(23,21) Moving east.
0:(23,21) 1:(15,6) 2:(1,14) Avatar 1:(15,6) Moving north.
0:(23,21) 1:(15,6) 2:(1,14) Avatar 2:(1,14) Moving north.
0:(23,21) 1:(15,6) 2:(1,13) Avatar 0:(23,21) Moving west.
0:(22,21) 1:(15,6) 2:(1,13) Avatar 1:(15,6) Moving east.
0:(22,21) 1:(15,6) 2:(1,13) Avatar 2:(1,13) Moving north.
0:(22,21) 1:(15,6) 2:(1,12) Avatar 0:(22,21) Moving west.
0:(22,21) 1:(15,6) 2:(1,12) Avatar 1:(15,6) Moving south.
0:(22,21) 1:(15,7) 2:(1,12) Avatar 2:(1,12) Moving north.
0:(22,21) 1:(15,7) 2:(1,12) Avatar 0:(22,21) Moving south.
0:(22,22) 1:(15,7) 2:(1,12) Avatar 1:(15,7) Moving east.
0:(22,22) 1:(15,7) 2:(1,12) Avatar 2:(1,12) Moving east.
0:(22,22) 1:(15,7) 2:(1,12) Avatar 0:(22,22) Moving south.
0:(22,23) 1:(15,7) 2:(1,12) Avatar 1:(15,7) Moving south.
0:(22,23) 1:(15,7) 2:(1,12) Avatar 2:(1,12) Moving west.
0:(22,23) 1:(15,7) 2:(0,12) Avatar 0:(22,23) Moving east.
0:(23,23) 1:(15,7) 2:(0,12) Avatar 1:(15,7) Moving west.
0:(23,23) 1:(14,7) 2:(0,12) Avatar 2:(0,12) Moving north.
0:(23,23) 1:(14,7) 2:(0,11) Avatar 0:(23,23) Moving east.
0:(24,23) 1:(14,7) 2:(0,11) Avatar 1:(14,7) Moving north.
0:(24,23) 1:(14,7) 2:(0,11) Avatar 2:(0,11) Moving north.
0:(24,23) 1:(14,7) 2:(0,10) Avatar 0:(24,23) Moving south.
0:(24,24) 1:(14,7) 2:(0,10) Avatar 1:(14,7) Moving south.
0:(24,24) 1:(14,8) 2:(0,10) Avatar 2:(0,10) Moving north.
0:(24,24) 1:(14,8) 2:(0,9) Avatar 0:(24,24) Moving west.
0:(23,24) 1:(14,8) 2:(0,9) Avatar 1:(14,8) Moving east.
0:(23,24) 1:(14,8) 2:(0,9) Avatar 2:(0,9) Moving north.
0:(23,24) 1:(14,8) 2:(0,8) Avatar 0:(23,24) Moving north.
0:(23,24) 1:(14,8) 2:(0,8) Avatar 1:(14,8) Moving south.
0:(23,24) 1:(14,8) 2:(0,8) Avatar 2:(0,8) Moving north.
0:(23,24) 1:(14,8) 2:(0,8) Avatar 0:(23,24) Moving west.
0:(22,24) 1:(14,8) 2:(0,8) Avatar 1:(14,8) Moving west.
0:(22,24) 1:(13,8) 2:(0,8) Avatar 2:(0,8) Moving east.
0:(22,24) 1:(13,8) 2:(1,8) Avatar 0:(22,24) Moving north.
0:(22,24) 1:(13,8) 2:(1,8) Avatar 1:(13,8) Moving north.
0:(22,24) 1:(13,8) 2:(1,8) Avatar 2:(1,8) Moving north.
0:(22,24) 1:(13,8) 2:(1,8) Avatar 0:(22,24) Moving west.
0:(21,24) 1:(13,8) 2:(1,8) Avatar 1:(13,8) Moving south.
0:(21,24) 1:(13,9) 2:(1,8) Avatar 2:(1,8) Moving east.
0:(21,24) 1:(13,9) 2:(2,8) Avatar 0:(21,24) Moving north.
0:(21,24) 1:(13,9) 2:(2,8) Avatar 1:(13,9) Moving east.
0:(21,24) 1:(14,9) 2:(2,8) Avatar 2:(2,8) Moving north.
0:(21,24) 1:(14,9) 2:(2,8) Avatar 0:(21,24) Moving west.
0:(20,24) 1:(14,9) 2:(2,8) Avatar 1:(14,9) Moving east.
0:(20,24) 1:(14,9) 2:(2,8) Avatar 2:(2,8) Moving east.
0:(20,24) 1:(14,9) 2:(2,8) Avatar 0:(20,24) Moving north.
0:(20,23) 1:(14,9) 2:(2,8) Avatar 1:(14,9) Moving south.
0:(20,23) 1:(14,10) 2:(2,8) Avatar 2:(2,8) Moving south.
0:(20,23) 1:(14,10) 2:(2,8) Avatar 0:(20,23) Moving north.
0:(20,23) 1:(14,10) 2:(2,8) Avatar 1:(14,10) Moving east.
0:(20,23) 1:(14,10) 2:(2,8) Avatar 2:(2,8) Moving west.
0:(20,23) 1:(14,10) 2:(1,8) Avatar 0:(20,23) Moving east.
0:(21,23) 1:(14,10) 2:(1,8) Avatar 1:(14,10) Moving south.
0:(21,23) 1:(14,10) 2:(1,8) Avatar 2:(1,8) Moving south.
0:(21,23) 1:(14,10) 2:(1,8) Avatar 0:(21,23) Moving north.
0:(21,23) 1:(14,10) 2:(1,8) Avatar 1:(14,10) Moving west.
0:(21,23) 1:(13,10) 2:(1,8) Avatar 2:(1,8) Moving west.
0:(21,23) 1:(13,10) 2:(0,8) Avatar 0:(21,23) Moving east.
0:(21,23) 1:(13,10) 2:(0,8) Avatar 1:(13,10) Moving north.
0:(21,23) 1:(13,10) 2:(0,8) Avatar 2:(0,8) Moving south.
0:(21,23) 1:(13,10) 2:(0,9) Avatar 0:(21,23) Moving west.
0:(20,23) 1:(13,10) 2:(0,9) Avatar 1:(13,10) Moving south.
0:(20,23) 1:(13,10) 2:(0,9) Avatar 2:(0,9) Moving east.
0:(20,23) 1:(13,10) 2:(1,9) Avatar 0:(20,23) Moving west.
0:(20,23) 1:(13,10) 2:(1,9) Avatar 1:(13,10) Moving west.
0:(20,23) 1:(12,10) 2:(1,9) Avatar 2:(1,9) Moving east.
0:(20,23) 1:(12,10) 2:(1,9) Avatar 0:(20,23) Moving south.
0:(20,24) 1:(12,10) 2:(1,9) Avatar 1:(12,10) Moving north.
0:(20,24) 1:(12,9) 2:(1,9) Avatar 2:(1,9) Moving south.
0:(20,24) 1:(12,9) 2:(1,10) Avatar 0:(20,24) Moving west.
0:(20,24) 1:(12,9) 2:(1,10) Avatar 1:(12,9) Moving north.
0:(20,24) 1:(12,8) 2:(1,10) Avatar 2:(1,10) Moving east.
0:(20,24) 1:(12,8) 2:(2,10) Avatar 0:(20,24) Moving east.
0:(21,24) 1:(12,8) 2:(2,10) Avatar 1:(12,8) Moving north.
0:(21,24) 1:(12,8) 2:(2,10) Avatar 2:(2,10) Moving north.
0:(21,24) 1:(12,8) 2:(2,9) Avatar 0:(21,24) Moving east.
0:(22,24) 1:(12,8) 2:(2,9) Avatar 1:(12,8) Moving east.
0:(22,24) 1:(12,8) 2:(2,9) Avatar 2:(2,9) Moving east.
0:(22,24) 1:(12,8) 2:(3,9) Avatar 0:(22,24) Moving east.
0:(23,24) 1:(12,8) 2:(3,9) Avatar 1:(12,8) Moving west.
0:(23,24) 1:(11,8) 2:(3,9) Avatar 2:(3,9) Moving north.
0:(23,24) 1:(11,8) 2:(3,8) Avatar 0:(23,24) Moving east.
0:(24,24) 1:(11,8) 2:(3,8) Avatar 1:(11,8) Moving north.
0:(24,24) 1:(11,8) 2:(3,8) Avatar 2:(3,8) Moving north.
0:(24,24) 1:(11,8) 2:(3,7) Avatar 0:(24,24) Moving north.
0:(24,23) 1:(11,8) 2:(3,7) Avatar 1:(11,8) Moving south.
0:(24,23) 1:(11,9) 2:(3,7) Avatar 2:(3,7) Moving north.
0:(24,23) 1:(11,9) 2:(3,6) Avatar 0:(24,23) Moving west.
0:(23,23) 1:(11,9) 2:(3,6) Avatar 1:(11,9) Moving east.
0:(23,23) 1:(11,9) 2:(3,6) Avatar 2:(3,6) Moving north.
0:(23,23) 1:(11,9) 2:(3,6) Avatar 0:(23,23) Moving west.
0:(22,23) 1:(11,9) 2:(3,6) Avatar 1:(11,9) Moving south.
0:(22,23) 1:(11,9) 2:(3,6) Avatar 2:(3,6) Moving east.
0:(22,23) 1:(11,9) 2:(3,6) Avatar 0:(22,23) Moving north.
0:(22,22) 1:(11,9) 2:(3,6) Avatar 1:(11,9) Moving west.
0:(22,22) 1:(10,9) 2:(3,6) Avatar 2:(3,6) Moving west.
0:(22,22) 1:(10,9) 2:(2,6) Avatar 0:(22,22) Moving west.
0:(22,22) 1:(10,9) 2:(2,6) Avatar 1:(10,9) Moving north.
0:(22,22) 1:(10,9) 2:(2,6) Avatar 2:(2,6) Moving north.
0:(22,22) 1:(10,9) 2:(2,6) Avatar 0:(22,22) Moving east.
0:(23,22) 1:(10,9) 2:(2,6) Avatar 1:(10,9) Moving south.
0:(23,22) 1:(10,9) 2:(2,6) Avatar 2:(2,6) Moving south.
0:(23,22) 1:(10,9) 2:(2,7) Avatar 0:(23,22) Moving east.
0:(24,22) 1:(10,9) 2:(2,7) Avatar 1:(10,9) Moving west.
0:(24,22) 1:(9,9) 2:(2,7) Avatar 2:(2,7) Moving east.
0:(24,22) 1:(9,9) 2:(2,7) Avatar 0:(24,22) Moving north.
0:(24,21) 1:(9,9) 2:(2,7) Avatar 1:(9,9) Moving north.
0:(24,21) 1:(9,9) 2:(2,7) Avatar 2:(2,7) Moving west.
0:(24,21) 1:(9,9) 2:(1,7) Avatar 0:(24,21) Moving north.
0:(24,20) 1:(9,9) 2:(1,7) Avatar 1:(9,9) Moving south.
0:(24,20) 1:(9,10) 2:(1,7) Avatar 2:(1,7) Moving north.
0:(24,20) 1:(9,10) 2:(1,7) Avatar 0:(24,20) Moving west.
0:(24,20) 1:(9,10) 2:(1,7) Avatar 1:(9,10) Moving east.
0:(24,20) 1:(9,10) 2:(1,7) Avatar 2:(1,7) Moving west.
0:(24,20) 1:(9,10) 2:(0,7) Avatar 0:(24,20) Moving north.
0:(24,19) 1:(9,10) 2:(0,7) Avatar 1:(9,10) Moving south.
0:(24,19) 1:(9,11) 2:(0,7) Avatar 2:(0,7) Moving north.
0:(24,19) 1:(9,11) 2:(0,6) Avatar 0:(24,19) Moving west.
0:(24,19) 1:(9,11) 2:(0,6) Avatar 1:(9,11) Moving east.
0:(24,19) 1:(9,11) 2:(0,6) Avatar 2:(0,6) Moving north.
0:(24,19) 1:(9,11) 2:(0,5) Avatar 0:(24,19) Moving north.
0:(24,18) 1:(9,11) 2:(0,5) Avatar 1:(9,11) Moving south.
0:(24,18) 1:(9,12) 2:(0,5) Avatar 2:(0,5) Moving north.
0:(24,18) 1:(9,12) 2:(0,4) Avatar 0:(24,18) Moving west.
0:(24,18) 1:(9,12) 2:(0,4) Avatar 1:(9,12) Moving east.
0:(24,18) 1:(9,12) 2:(0,4) Avatar 2:(0,4) Moving north.
0:(24,18) 1:(9,12) 2:(0,3) Avatar 0:(24,18) Moving north.
0:(24,17) 1:(9,12) 2:(0,3) Avatar 1:(9,12) Moving south.
0:(24,17) 1:(9,13) 2:(0,3) Avatar 2:(0,3) Moving north.
0:(24,17) 1:(9,13) 2:(0,3) Avatar 0:(24,17) Moving west.
0:(24,17) 1:(9,13) 2:(0,3) Avatar 1:(9,13) Moving east.
0:(24,17) 1:(9,13) 2:(0,3) Avatar 2:(0,3) Moving east.
0:(24,17) 1:(9,13) 2:(1,3) Avatar 0:(24,17) Moving north.
0:(24,16) 1:(9,13) 2:(1,3) Avatar 1:(9,13) Moving south.
0:(24,16) 1:(9,13) 2:(1,3) Avatar 2:(1,3) Moving north.
0:(24,16) 1:(9,13) 2:(1,2) Avatar 0:(24,16) Moving west.
0:(24,16) 1:(9,13) 2:(1,2) Avatar 1:(9,13) Moving west.
0:(24,16) 1:(8,13) 2:(1,2) Avatar 2:(1,2) Moving north.
0:(24,16) 1:(8,13) 2:(1,2) Avatar 0:(24,16) Moving north.
0:(24,15) 1:(8,13) 2:(1,2) Avatar 1:(8,13) Moving north.
0:(24,15) 1:(8,13) 2:(1,2) Avatar 2:(1,2) Moving east.
0:(24,15) 1:(8,13) 2:(1,2) Avatar 0:(24,15) Moving west.
0:(23,15) 1:(8,13) 2:(1,2) Avatar 1:(8,13) Moving south.
0:(23,15) 1:(8,14) 2:(1,2) Avatar 2:(1,2) Moving west.
0:(23,15) 1:(8,14) 2:(0,2) Avatar 0:(23,15) Moving north.
0:(23,15) 1:(8,14) 2:(0,2) Avatar 1:(8,14) Moving east.
0:(23,15) 1:(8,14) 2:(0,2) Avatar 2:(0,2) Moving north.
0:(23,15) 1:(8,14) 2:(0,1) Avatar 0:(23,15) Moving south.
0:(23,16) 1:(8,14) 2:(0,1) Avatar 1:(8,14) Moving south.
0:(23,16) 1:(8,15) 2:(0,1) Avatar 2:(0,1) Moving north.
0:(23,16) 1:(8,15) 2:(0,0) Avatar 0:(23,16) Moving south.
0:(23,17) 1:(8,15) 2:(0,0) Avatar 1:(8,15) Moving east.
0:(23,17) 1:(8,15) 2:(0,0) Avatar 2:(0,0) Moving east.
0:(23,17) 1:(8,15) 2:(1,0) Avatar 0:(23,17) Moving south.
0:(23,18) 1:(8,15) 2:(1,0) Avatar 1:(8,15) Moving south.
0:(23,18) 1:(8,15) 2:(1,0) Avatar 2:(1,0) Moving east.
0:(23,18) 1:(8,15) 2:(2,0) Avatar 0:(23,18) Moving south.
0:(23,19) 1:(8,15) 2:(2,0) Avatar 1:(8,15) Moving west.
0:(23,19) 1:(7,15) 2:(2,0) Avatar 2:(2,0) Moving east.
0:(23,19) 1:(7,15) 2:(2,0) Avatar 0:(23,19) Moving south.
0:(23,20) 1:(7,15) 2:(2,0) Avatar 1:(7,15) Moving north.
0:(23,20) 1:(7,15) 2:(2,0) Avatar 2:(2,0) Moving south.
0:(23,20) 1:(7,15) 2:(2,1) Avatar 0:(23,20) Moving west.
0:(22,20) 1:(7,15) 2:(2,1) Avatar 1:(7,15) Moving south.
0:(22,20) 1:(7,15) 2:(2,1) Avatar 2:(2,1) Moving east.
0:(22,20) 1:(7,15) 2:(3,1) Avatar 0:(22,20) Moving north.
0:(22,20) 1:(7,15) 2:(3,1) Avatar 1:(7,15) Moving west.
0:(22,20) 1:(7,15) 2:(3,1) Avatar 2:(3,1) Moving north.
0:(22,20) 1:(7,15) 2:(3,0) Avatar 0:(22,20) Moving west.
0:(21,20) 1:(7,15) 2:(3,0) Avatar 1:(7,15) Moving east.
0:(21,20) 1:(8,15) 2:(3,0) Avatar 2:(3,0) Moving east.
0:(21,20) 1:(8,15) 2:(4,0) Avatar 0:(21,20) Moving north.
0:(21,20) 1:(8,15) 2:(4,0) Avatar 1:(8,15) Moving north.
0:(21,20) 1:(8,14) 2:(4,0) Avatar 2:(4,0) Moving east.
0:(21,20) 1:(8,14) 2:(4,0) Avatar 0:(21,20) Moving south.
0:(21,21) 1:(8,14) 2:(4,0) Avatar 1:(8,14) Moving west.
0:(21,21) 1:(7,14) 2:(4,0) Avatar 2:(4,0) Moving south.
0:(21,21) 1:(7,14) 2:(4,1) Avatar 0:(21,21) Moving south.
0:(21,22) 1:(7,14) 2:(4,1) Avatar 1:(7,14) Moving north.
0:(21,22) 1:(7,13) 2:(4,1) Avatar 2:(4,1) Moving east.
0:(21,22) 1:(7,13) 2:(5,1) Avatar 0:(21,22) Moving west.
0:(20,22) 1:(7,13) 2:(5,1) Avatar 1:(7,13) Moving north.
0:(20,22) 1:(7,12) 2:(5,1) Avatar 2:(5,1) Moving north.
0:(20,22) 1:(7,12) 2:(5,1) Avatar 0:(20,22) Moving north.
0:(20,21) 1:(7,12) 2:(5,1) Avatar 1:(7,12) Moving north.
0:(20,21) 1:(7,12) 2:(5,1) Avatar 2:(5,1) Moving east.
0:(20,21) 1:(7,12) 2:(5,1) Avatar 0:(20,21) Moving north.
0:(20,20) 1:(7,12) 2:(5,1) Avatar 1:(7,12) Moving east.
0:(20,20) 1:(7,12) 2:(5,1) Avatar 2:(5,1) Moving south.
0:(20,20) 1:(7,12) 2:(5,2) Avatar 0:(20,20) Moving north.
0:(20,20) 1:(7,12) 2:(5,2) Avatar 1:(7,12) Moving west.
0:(20,20) 1:(6,12) 2:(5,2) Avatar 2:(5,2) Moving east.
0:(20,20) 1:(6,12) 2:(5,2) Avatar 0:(20,20) Moving east.
0:(20,20) 1:(6,12) 2:(5,2) Avatar 1:(6,12) Moving north.
0:(20,20) 1:(6,11) 2:(5,2) Avatar 2:(5,2) Moving south.
0:(20,20) 1:(6,11) 2:(5,3) Avatar 0:(20,20) Moving west.
0:(19,20) 1:(6,11) 2:(5,3) Avatar 1:(6,11) Moving north.
0:(19,20) 1:(6,10) 2:(5,3) Avatar 2:(5,3) Moving east.
0:(19,20) 1:(6,10) 2:(6,3) Avatar 0:(19,20) Moving north.
0:(19,20) 1:(6,10) 2:(6,3) Avatar 1:(6,10) Moving north.
0:(19,20) 1:(6,9) 2:(6,3) Avatar 2:(6,3) Moving north.
0:(19,20) 1:(6,9) 2:(6,2) Avatar 0:(19,20) Moving south.
0:(19,20) 1:(6,9) 2:(6,2) Avatar 1:(6,9) Moving north.
0:(19,20) 1:(6,9) 2:(6,2) Avatar 2:(6,2) Moving north.
0:(19,20) 1:(6,9) 2:(6,1) Avatar 0:(19,20) Moving west.
0:(18,20) 1:(6,9) 2:(6,1) Avatar 1:(6,9) Moving east.
0:(18,20) 1:(6,9) 2:(6,1) Avatar 2:(6,1) Moving north.
0:(18,20) 1:(6,9) 2:(6,1) Avatar 0:(18,20) Moving north.
0:(18,19) 1:(6,9) 2:(6,1) Avatar 1:(6,9) Moving west.
0:(18,19) 1:(5,9) 2:(6,1) Avatar 2:(6,1) Moving east.
0:(18,19) 1:(5,9) 2:(7,1) Avatar 0:(18,19) Moving north.
0:(18,19) 1:(5,9) 2:(7,1) Avatar 1:(5,9) Moving north.
0:(18,19) 1:(5,8) 2:(7,1) Avatar 2:(7,1) Moving north.
0:(18,19) 1:(5,8) 2:(7,0) Avatar 0:(18,19) Moving east.
0:(19,19) 1:(5,8) 2:(7,0) Avatar 1:(5,8) Moving north.
0:(19,19) 1:(5,8) 2:(7,0) Avatar 2:(7,0) Moving east.
0:(19,19) 1:(5,8) 2:(7,0) Avatar 0:(19,19) Moving north.
0:(19,18) 1:(5,8) 2:(7,0) Avatar 1:(5,8) Moving east.
0:(19,18) 1:(5,8) 2:(7,0) Avatar 2:(7,0) Moving south.
0:(19,18) 1:(5,8) 2:(7,1) Avatar 0:(19,18) Moving north.
0:(19,17) 1:(5,8) 2:(7,1) Avatar 1:(5,8) Moving west.
0:(19,17) 1:(4,8) 2:(7,1) Avatar 2:(7,1) Moving east.
0:(19,17) 1:(4,8) 2:(7,1) Avatar 0:(19,17) Moving north.
0:(19,16) 1:(4,8) 2:(7,1) Avatar 1:(4,8) Moving north.
0:(19,16) 1:(4,7) 2:(7,1) Avatar 2:(7,1) Moving south.
0:(19,16) 1:(4,7) 2:(7,2) Avatar 0:(19,16) Moving north.
0:(19,16) 1:(4,7) 2:(7,2) Avatar 1:(4,7) Moving north.
0:(19,16) 1:(4,7) 2:(7,2) Avatar 2:(7,2) Moving east.
0:(19,16) 1:(4,7) 2:(8,2) Avatar 0:(19,16) Moving east.
0:(19,16) 1:(4,7) 2:(8,2) Avatar 1:(4,7) Moving east.
0:(19,16) 1:(5,7) 2:(8,2) Avatar 2:(8,2) Moving north.
0:(19,16) 1:(5,7) 2:(8,2) Avatar 0:(19,16) Moving west.
0:(18,16) 1:(5,7) 2:(8,2) Avatar 1:(5,7) Moving north.
0:(18,16) 1:(5,6) 2:(8,2) Avatar 2:(8,2) Moving east.
0:(18,16) 1:(5,6) 2:(9,2) Avatar 0:(18,16) Moving north.
0:(18,15) 1:(5,6) 2:(9,2) Avatar 1:(5,6) Moving north.
0:(18,15) 1:(5,5) 2:(9,2) Avatar 2:(9,2) Moving north.
0:(18,15) 1:(5,5) 2:(9,2) Avatar 0:(18,15) Moving north.
0:(18,14) 1:(5,5) 2:(9,2) Avatar 1:(5,5) Moving north.
0:(18,14) 1:(5,5) 2:(9,2) Avatar 2:(9,2) Moving east.
0:(18,14) 1:(5,5) 2:(9,2) Avatar 0:(18,14) Moving north.
0:(18,14) 1:(5,5) 2:(9,2) Avatar 1:(5,5) Moving east.
0:(18,14) 1:(5,5) 2:(9,2) Avatar 2:(9,2) Moving south.
0:(18,14) 1:(5,5) 2:(9,3) Avatar 0:(18,14) Moving east.
0:(18,14) 1:(5,5) 2:(9,3) Avatar 1:(5,5) Moving west.
0:(18,14) 1:(5,5) 2:(9,3) Avatar 2:(9,3) Moving east.
0:(18,14) 1:(5,5) 2:(9,3) Avatar 0:(18,14) Moving west.
0:(17,14) 1:(5,5) 2:(9,3) Avatar 1:(5,5) Moving south.
0:(17,14) 1:(5,6) 2:(9,3) Avatar 2:(9,3) Moving south.
0:(17,14) 1:(5,6) 2:(9,3) Avatar 0:(17,14) Moving north.
0:(17,14) 1:(5,6) 2:(9,3) Avatar 1:(5,6) Moving east.
0:(17,14) 1:(6,6) 2:(9,3) Avatar 2:(9,3) Moving west.
0:(17,14) 1:(6,6) 2:(8,3) Avatar 0:(17,14) Moving south.
0:(17,14) 1:(6,6) 2:(8,3) Avatar 1:(6,6) Moving north.
0:(17,14) 1:(6,6) 2:(8,3) Avatar 2:(8,3) Moving north.
0:(17,14) 1:(6,6) 2:(8,3) Avatar 0:(17,14) Moving west.
0:(16,14) 1:(6,6) 2:(8,3) Avatar 1:(6,6) Moving east.
0:(16,14) 1:(6,6) 2:(8,3) Avatar 2:(8,3) Moving south.
0:(16,14) 1:(6,6) 2:(8,3) Avatar 0:(16,14) Moving north.
0:(16,13) 1:(6,6) 2:(8,3) Avatar 1:(6,6) Moving south.
0:(16,13) 1:(6,6) 2:(8,3) Avatar 2:(8,3) Moving west.
0:(16,13) 1:(6,6) 2:(7,3) Avatar 0:(16,13) Moving north.
0:(16,13) 1:(6,6) 2:(7,3) Avatar 1:(6,6) Moving west.
0:(16,13) 1:(5,6) 2:(7,3) Avatar 2:(7,3) Moving north.
0:(16,13) 1:(5,6) 2:(7,3) Avatar 0:(16,13) Moving east.
0:(17,13) 1:(5,6) 2:(7,3) Avatar 1:(5,6) Moving west.
0:(17,13) 1:(4,6) 2:(7,3) Avatar 2:(7,3) Moving south.
0:(17,13) 1:(4,6) 2:(7,4) Avatar 0:(17,13) Moving north.
0:(17,12) 1:(4,6) 2:(7,4) Avatar 1:(4,6) Moving north.
0:(17,12) 1:(4,6) 2:(7,4) Avatar 2:(7,4) Moving east.
0:(17,12) 1:(4,6) 2:(8,4) Avatar 0:(17,12) Moving north.
0:(17,12) 1:(4,6) 2:(8,4) Avatar 1:(4,6) Moving east.
0:(17,12) 1:(5,6) 2:(8,4) Avatar 2:(8,4) Moving east.
0:(17,12) 1:(5,6) 2:(9,4) Avatar 0:(17,12) Moving east.
0:(18,12) 1:(5,6) 2:(9,4) Avatar 1:(5,6) Moving south.
0:(18,12) 1:(5,7) 2:(9,4) Avatar 2:(9,4) Moving east.
0:(18,12) 1:(5,7) 2:(9,4) Avatar 0:(18,12) Moving north.
0:(18,12) 1:(5,7) 2:(9,4) Avatar 1:(5,7) Moving east.
0:(18,12) 1:(5,7) 2:(9,4) Avatar 2:(9,4) Moving south.
0:(18,12) 1:(5,7) 2:(9,4) Avatar 0:(18,12) Moving east.
0:(19,12) 1:(5,7) 2:(9,4) Avatar 1:(5,7) Moving west.
0:(19,12) 1:(4,7) 2:(9,4) Avatar 2:(9,4) Moving west.
0:(19,12) 1:(4,7) 2:(8,4) Avatar 0:(19,12) Moving north.
0:(19,11) 1:(4,7) 2:(8,4) Avatar 1:(4,7) Moving west.
0:(19,11) 1:(4,7) 2:(8,4) Avatar 2:(8,4) Moving south.
0:(19,11) 1:(4,7) 2:(8,4) Avatar 0:(19,11) Moving north.
0:(19,11) 1:(4,7) 2:(8,4) Avatar 1:(4,7) Moving south.
0:(19,11) 1:(4,8) 2:(8,4) Avatar 2:(8,4) Moving west.
0:(19,11) 1:(4,8) 2:(7,4) Avatar 0:(19,11) Moving east.
0:(19,11) 1:(4,8) 2:(7,4) Avatar 1:(4,8) Moving south.
0:(19,11) 1:(4,9) 2:(7,4) Avatar 2:(7,4) Moving south.
0:(19,11) 1:(4,9) 2:(7,4) Avatar 0:(19,11) Moving west.
0:(18,11) 1:(4,9) 2:(7,4) Avatar 1:(4,9) Moving east.
0:(18,11) 1:(4,9) 2:(7,4) Avatar 2:(7,4) Moving west.
0:(18,11) 1:(4,9) 2:(7,4) Avatar 0:(18,11) Moving north.
0:(18,11) 1:(4,9) 2:(7,4) Avatar 1:(4,9) Moving south.
0:(18,11) 1:(4,9) 2:(7,4) Avatar 2:(7,4) Moving north.
0:(18,11) 1:(4,9) 2:(7,3) Avatar 0:(18,11) Moving west.
0:(17,11) 1:(4,9) 2:(7,3) Avatar 1:(4,9) Moving west.
0:(17,11) 1:(4,9) 2:(7,3) Avatar 2:(7,3) Moving west.
0:(17,11) 1:(4,9) 2:(7,3) Avatar 0:(17,11) Moving north.
0:(17,11) 1:(4,9) 2:(7,3) Avatar 1:(4,9) Moving north.
0:(17,11) 1:(4,8) 2:(7,3) Avatar 2:(7,3) Moving east.
0:(17,11) 1:(4,8) 2:(8,3) Avatar 0:(17,11) Moving west.
0:(16,11) 1:(4,8) 2:(8,3) Avatar 1:(4,8) Moving west.
0:(16,11) 1:(4,8) 2:(8,3) Avatar 2:(8,3) Moving east.
0:(16,11) 1:(4,8) 2:(9,3) Avatar 0:(16,11) Moving north.
0:(16,10) 1:(4,8) 2:(9,3) Avatar 1:(4,8) Moving east.
0:(16,10) 1:(5,8) 2:(9,3) Avatar 2:(9,3) Moving north.
0:(16,10) 1:(5,8) 2:(9,2) Avatar 0:(16,10) Moving north.
0:(16,9) 1:(5,8) 2:(9,2) Avatar 1:(5,8) Moving south.
0:(16,9) 1:(5,9) 2:(9,2) Avatar 2:(9,2) Moving west.
0:(16,9) 1:(5,9) 2:(8,2) Avatar 0:(16,9) Moving north.
0:(16,9) 1:(5,9) 2:(8,2) Avatar 1:(5,9) Moving south.
0:(16,9) 1:(5,10) 2:(8,2) Avatar 2:(8,2) Moving west.
0:(16,9) 1:(5,10) 2:(7,2) Avatar 0:(16,9) Moving east.
0:(17,9) 1:(5,10) 2:(7,2) Avatar 1:(5,10) Moving east.
0:(17,9) 1:(5,10) 2:(7,2) Avatar 2:(7,2) Moving west.
0:(17,9) 1:(5,10) 2:(7,2) Avatar 0:(17,9) Moving north.
0:(17,8) 1:(5,10) 2:(7,2) Avatar 1:(5,10) Moving south.
0:(17,8) 1:(5,10) 2:(7,2) Avatar 2:(7,2) Moving north.
0:(17,8) 1:(5,10) 2:(7,1) Avatar 0:(17,8) Moving north.
0:(17,8) 1:(5,10) 2:(7,1) Avatar 1:(5,10) Moving west.
0:(17,8) 1:(4,10) 2:(7,1) Avatar 2:(7,1) Moving west.
0:(17,8) 1:(4,10) 2:(6,1) Avatar 0:(17,8) Moving east.
0:(17,8) 1:(4,10) 2:(6,1) Avatar 1:(4,10) Moving south.
0:(17,8) 1:(4,11) 2:(6,1) Avatar 2:(6,1) Moving south.
0:(17,8) 1:(4,11) 2:(6,2) Avatar 0:(17,8) Moving west.
0:(16,8) 1:(4,11) 2:(6,2) Avatar 1:(4,11) Moving east.
0:(16,8) 1:(4,11) 2:(6,2) Avatar 2:(6,2) Moving south.
0:(16,8) 1:(4,11) 2:(6,3) Avatar 0:(16,8) Moving north.
0:(16,7) 1:(4,11) 2:(6,3) Avatar 1:(4,11) Moving south.
0:(16,7) 1:(4,11) 2:(6,3) Avatar 2:(6,3) Moving south.
0:(16,7) 1:(4,11) 2:(6,3) Avatar 0:(16,7) Moving east.
0:(17,7) 1:(4,11) 2:(6,3) Avatar 1:(4,11) Moving west.
0:(17,7) 1:(3,11) 2:(6,3) Avatar 2:(6,3) Moving west.
0:(17,7) 1:(3,11) 2:(5,3) Avatar 0:(17,7) Moving east.
0:(18,7) 1:(3,11) 2:(5,3) Avatar 1:(3,11) Moving north.
0:(18,7) 1:(3,11) 2:(5,3) Avatar 2:(5,3) Moving south.
0:(18,7) 1:(3,11) 2:(5,3) Avatar 0:(18,7) Moving north.
0:(18,6) 1:(3,11) 2:(5,3) Avatar 1:(3,11) Moving south.
0:(18,6) 1:(3,11) 2:(5,3) Avatar 2:(5,3) Moving west.
0:(18,6) 1:(3,11) 2:(4,3) Avatar 0:(18,6) Moving north.
0:(18,5) 1:(3,11) 2:(4,3) Avatar 1:(3,11) Moving west.
0:(18,5) 1:(2,11) 2:(4,3) Avatar 2:(4,3) Moving north.
0:(18,5) 1:(2,11) 2:(4,3) Avatar 0:(18,5) Moving north.
0:(18,4) 1:(2,11) 2:(4,3) Avatar 1:(2,11) Moving north.
0:(18,4) 1:(2,11) 2:(4,3) Avatar 2:(4,3) Moving south.
0:(18,4) 1:(2,11) 2:(4,3) Avatar 0:(18,4) Moving west.
0:(17,4) 1:(2,11) 2:(4,3) Avatar 1:(2,11) Moving south.
0:(17,4) 1:(2,12) 2:(4,3) Avatar 2:(4,3) Moving west.
0:(17,4) 1:(2,12) 2:(3,3) Avatar 0:(17,4) Moving north.
0:(17,3) 1:(2,12) 2:(3,3) Avatar 1:(2,12) Moving east.
0:(17,3) 1:(3,12) 2:(3,3) Avatar 2:(3,3) Moving north.
0:(17,3) 1:(3,12) 2:(3,3) Avatar 0:(17,3) Moving north.
0:(17,2) 1:(3,12) 2:(3,3) Avatar 1:(3,12) Moving east.
0:(17,2) 1:(4,12) 2:(3,3) Avatar 2:(3,3) Moving south.
0:(17,2) 1:(4,12) 2:(3,3) Avatar 0:(17,2) Moving west.
0:(16,2) 1:(4,12) 2:(3,3) Avatar 1:(4,12) Moving east.
0:(16,2) 1:(4,12) 2:(3,3) Avatar 2:(3,3) Moving west.
0:(16,2) 1:(4,12) 2:(2,3) Avatar 0:(16,2) Moving west.
0:(15,2) 1:(4,12) 2:(2,3) Avatar 1:(4,12) Moving south.
0:(15,2) 1:(4,13) 2:(2,3) Avatar 2:(2,3) Moving north.
0:(15,2) 1:(4,13) 2:(2,2) Avatar 0:(15,2) Moving south.
0:(15,3) 1:(4,13) 2:(2,2) Avatar 1:(4,13) Moving east.
0:(15,3) 1:(4,13) 2:(2,2) Avatar 2:(2,2) Moving north.
0:(15,3) 1:(4,13) 2:(2,2) Avatar 0:(15,3) Moving west.
0:(14,3) 1:(4,13) 2:(2,2) Avatar 1:(4,13) Moving south.
0:(14,3) 1:(4,13) 2:(2,2) Avatar 2:(2,2) Moving east.
0:(14,3) 1:(4,13) 2:(3,2) Avatar 0:(14,3) Moving west.
0:(13,3) 1:(4,13) 2:(3,2) Avatar 1:(4,13) Moving west.
0:(13,3) 1:(3,13) 2:(3,2) Avatar 2:(3,2) Moving north.
0:(13,3) 1:(3,13) 2:(3,2) Avatar 0:(13,3) Moving south.
0:(13,4) 1:(3,13) 2:(3,2) Avatar 1:(3,13) Moving north.
0:(13,4) 1:(3,13) 2:(3,2) Avatar 2:(3,2) Moving east.
0:(13,4) 1:(3,13) 2:(4,2) Avatar 0:(13,4) Moving east.
0:(14,4) 1:(3,13) 2:(4,2) Avatar 1:(3,13) Moving south.
0:(14,4) 1:(3,14) 2:(4,2) Avatar 2:(4,2) Moving north.
0:(14,4) 1:(3,14) 2:(4,2) Avatar 0:(14,4) Moving south.
0:(14,5) 1:(3,14) 2:(4,2) Avatar 1:(3,14) Moving east.
0:(14,5) 1:(3,14) 2:(4,2) Avatar 2:(4,2) Moving east.
0:(14,5) 1:(3,14) 2:(4,2) Avatar 0:(14,5) Moving south.
0:(14,6) 1:(3,14) 2:(4,2) Avatar 1:(3,14) Moving south.
0:(14,6) 1:(3,15) 2:(4,2) Avatar 2:(4,2) Moving west.
0:(14,6) 1:(3,15) 2:(3,2) Avatar 0:(14,6) Moving east.
0:(15,6) 1:(3,15) 2:(3,2) Avatar 1:(3,15) Moving east.
0:(15,6) 1:(3,15) 2:(3,2) Avatar 2:(3,2) Moving west.
0:(15,6) 1:(3,15) 2:(2,2) Avatar 0:(15,6) Moving south.
0:(15,7) 1:(3,15) 2:(2,2) Avatar 1:(3,15) Moving south.
0:(15,7) 1:(3,16) 2:(2,2) Avatar 2:(2,2) Moving south.
0:(15,7) 1:(3,16) 2:(2,3) Avatar 0:(15,7) Moving west.
0:(14,7) 1:(3,16) 2:(2,3) Avatar 1:(3,16) Moving east.
0:(14,7) 1:(3,16) 2:(2,3) Avatar 2:(2,3) Moving south.
0:(14,7) 1:(3,16) 2:(2,4) Avatar 0:(14,7) Moving south.
0:(14,8) 1:(3,16) 2:(2,4) Avatar 1:(3,16) Moving south.
0:(14,8) 1:(3,17) 2:(2,4) Avatar 2:(2,4) Moving east.
0:(14,8) 1:(3,17) 2:(3,4) Avatar 0:(14,8) Moving west.
0:(13,8) 1:(3,17) 2:(3,4) Avatar 1:(3,17) Moving east.
0:(13,8) 1:(4,17) 2:(3,4) Avatar 2:(3,4) Moving east.
0:(13,8) 1:(4,17) 2:(3,4) Avatar 0:(13,8) Moving south.
0:(13,9) 1:(4,17) 2:(3,4) Avatar 1:(4,17) Moving north.
0:(13,9) 1:(4,17) 2:(3,4) Avatar 2:(3,4) Moving south.
0:(13,9) 1:(4,17) 2:(3,4) Avatar 0:(13,9) Moving east.
0:(14,9) 1:(4,17) 2:(3,4) Avatar 1:(4,17) Moving east.
0:(14,9) 1:(4,17) 2:(3,4) Avatar 2:(3,4) Moving west.
0:(14,9) 1:(4,17) 2:(2,4) Avatar 0:(14,9) Moving south.
0:(14,10) 1:(4,17) 2:(2,4) Avatar 1:(4,17) Moving south.
0:(14,10) 1:(4,18) 2:(2,4) Avatar 2:(2,4) Moving south.
0:(14,10) 1:(4,18) 2:(2,4) Avatar 0:(14,10) Moving west.
0:(13,10) 1:(4,18) 2:(2,4) Avatar 1:(4,18) Moving east.
0:(13,10) 1:(4,18) 2:(2,4) Avatar 2:(2,4) Moving west.
0:(13,10) 1:(4,18) 2:(2,4) Avatar 0:(13,10) Moving west.
0:(12,10) 1:(4,18) 2:(2,4) Avatar 1:(4,18) Moving south.
0:(12,10) 1:(4,19) 2:(2,4) Avatar 2:(2,4) Moving north.
0:(12,10) 1:(4,19) 2:(2,3) Avatar 0:(12,10) Moving north.
0:(12,9) 1:(4,19) 2:(2,3) Avatar 1:(4,19) Moving east.
0:(12,9) 1:(5,19) 2:(2,3) Avatar 2:(2,3) Moving west.
0:(12,9) 1:(5,19) 2:(2,3) Avatar 0:(12,9) Moving north.
0:(12,8) 1:(5,19) 2:(2,3) Avatar 1:(5,19) Moving north.
0:(12,8) 1:(5,18) 2:(2,3) Avatar 2:(2,3) Moving east.
0:(12,8) 1:(5,18) 2:(3,3) Avatar 0:(12,8) Moving west.
0:(11,8) 1:(5,18) 2:(3,3) Avatar 1:(5,18) Moving north.
0:(11,8) 1:(5,17) 2:(3,3) Avatar 2:(3,3) Moving east.
0:(11,8) 1:(5,17) 2:(4,3) Avatar 0:(11,8) Moving south.
0:(11,9) 1:(5,17) 2:(4,3) Avatar 1:(5,17) Moving north.
0:(11,9) 1:(5,16) 2:(4,3) Avatar 2:(4,3) Moving east.
0:(11,9) 1:(5,16) 2:(5,3) Avatar 0:(11,9) Moving west.
0:(10,9) 1:(5,16) 2:(5,3) Avatar 1:(5,16) Moving north.
0:(10,9) 1:(5,16) 2:(5,3) Avatar 2:(5,3) Moving north.
0:(10,9) 1:(5,16) 2:(5,2) Avatar 0:(10,9) Moving west.
0:(9,9) 1:(5,16) 2:(5,2) Avatar 1:(5,16) Moving east.
0:(9,9) 1:(5,16) 2:(5,2) Avatar 2:(5,2) Moving north.
0:(9,9) 1:(5,16) 2:(5,1) Avatar 0:(9,9) Moving south.
0:(9,10) 1:(5,16) 2:(5,1) Avatar 1:(5,16) Moving west.
0:(9,10) 1:(4,16) 2:(5,1) Avatar 2:(5,1) Moving west.
0:(9,10) 1:(4,16) 2:(4,1) Avatar 0:(9,10) Moving south.
0:(9,11) 1:(4,16) 2:(4,1) Avatar 1:(4,16) Moving north.
0:(9,11) 1:(4,15) 2:(4,1) Avatar 2:(4,1) Moving west.
0:(9,11) 1:(4,15) 2:(4,1) Avatar 0:(9,11) Moving south.
0:(9,12) 1:(4,15) 2:(4,1) Avatar 1:(4,15) Moving north.
0:(9,12) 1:(4,14) 2:(4,1) Avatar 2:(4,1) Moving north.
0:(9,12) 1:(4,14) 2:(4,0) Avatar 0:(9,12) Moving south.
0:(9,13) 1:(4,14) 2:(4,0) Avatar 1:(4,14) Moving east.
0:(9,13) 1:(5,14) 2:(4,0) Avatar 2:(4,0) Moving west.
0:(9,13) 1:(5,14) 2:(3,0) Avatar 0:(9,13) Moving west.
0:(8,13) 1:(5,14) 2:(3,0) Avatar 1:(5,14) Moving north.
0:(8,13) 1:(5,14) 2:(3,0) Avatar 2:(3,0) Moving south.
0:(8,13) 1:(5,14) 2:(3,1) Avatar 0:(8,13) Moving south.
0:(8,14) 1:(5,14) 2:(3,1) Avatar 1:(5,14) Moving east.
0:(8,14) 1:(5,14) 2:(3,1) Avatar 2:(3,1) Moving west.
0:(8,14) 1:(5,14) 2:(2,1) Avatar 0:(8,14) Moving west.
0:(7,14) 1:(5,14) 2:(2,1) Avatar 1:(5,14) Moving south.
0:(7,14) 1:(5,15) 2:(2,1) Avatar 2:(2,1) Moving west.
0:(7,14) 1:(5,15) 2:(1,1) Avatar 0:(7,14) Moving north.
0:(7,13) 1:(5,15) 2:(1,1) Avatar 1:(5,15) Moving east.
0:(7,13) 1:(6,15) 2:(1,1) Avatar 2:(1,1) Moving north.
0:(7,13) 1:(6,15) 2:(1,1) Avatar 0:(7,13) Moving north.
0:(7,12) 1:(6,15) 2:(1,1) Avatar 1:(6,15) Moving north.
0:(7,12) 1:(6,15) 2:(1,1) Avatar 2:(1,1) Moving west.
0:(7,12) 1:(6,15) 2:(1,1) Avatar 0:(7,12) Moving west.
0:(6,12) 1:(6,15) 2:(1,1) Avatar 1:(6,15) Moving south.
0:(6,12) 1:(6,16) 2:(1,1) Avatar 2:(1,1) Moving east.
0:(6,12) 1:(6,16) 2:(2,1) Avatar 0:(6,12) Moving north.
0:(6,11) 1:(6,16) 2:(2,1) Avatar 1:(6,16) Moving east.
0:(6,11) 1:(6,16) 2:(2,1) Avatar 2:(2,1) Moving north.
0:(6,11) 1:(6,16) 2:(2,0) Avatar 0:(6,11) Moving north.
0:(6,10) 1:(6,16) 2:(2,0) Avatar 1:(6,16) Moving south.
0:(6,10) 1:(6,17) 2:(2,0) Avatar 2:(2,0) Moving west.
0:(6,10) 1:(6,17) 2:(1,0) Avatar 0:(6,10) Moving north.
0:(6,9) 1:(6,17) 2:(1,0) Avatar 1:(6,17) Moving east.
0:(6,9) 1:(7,17) 2:(1,0) Avatar 2:(1,0) Moving west.
0:(6,9) 1:(7,17) 2:(0,0) Avatar 0:(6,9) Moving west.
0:(5,9) 1:(7,17) 2:(0,0) Avatar 1:(7,17) Moving north.
0:(5,9) 1:(7,16) 2:(0,0) Avatar 2:(0,0) Moving south.
0:(5,9) 1:(7,16) 2:(0,1) Avatar 0:(5,9) Moving south.
0:(5,10) 1:(7,16) 2:(0,1) Avatar 1:(7,16) Moving east.
0:(5,10) 1:(8,16) 2:(0,1) Avatar 2:(0,1) Moving south.
0:(5,10) 1:(8,16) 2:(0,2) Avatar 0:(5,10) Moving west.
0:(4,10) 1:(8,16) 2:(0,2) Avatar 1:(8,16) Moving east.
0:(4,10) 1:(8,16) 2:(0,2) Avatar 2:(0,2) Moving east.
0:(4,10) 1:(8,16) 2:(1,2) Avatar 0:(4,10) Moving south.
0:(4,11) 1:(8,16) 2:(1,2) Avatar 1:(8,16) Moving south.
0:(4,11) 1:(8,17) 2:(1,2) Avatar 2:(1,2) Moving south.
0:(4,11) 1:(8,17) 2:(1,3) Avatar 0:(4,11) Moving west.
0:(3,11) 1:(8,17) 2:(1,3) Avatar 1:(8,17) Moving east.
0:(3,11) 1:(8,17) 2:(1,3) Avatar 2:(1,3) Moving south.
0:(3,11) 1:(8,17) 2:(1,3) Avatar 0:(3,11) Moving west.
0:(2,11) 1:(8,17) 2:(1,3) Avatar 1:(8,17) Moving south.
0:(2,11) 1:(8,18) 2:(1,3) Avatar 2:(1,3) Moving west.
0:(2,11) 1:(8,18) 2:(0,3) Avatar 0:(2,11) Moving south.
0:(2,12) 1:(8,18) 2:(0,3) Avatar 1:(8,18) Moving east.
0:(2,12) 1:(8,18) 2:(0,3) Avatar 2:(0,3) Moving south.
0:(2,12) 1:(8,18) 2:(0,4) Avatar 0:(2,12) Moving east.
0:(3,12) 1:(8,18) 2:(0,4) Avatar 1:(8,18) Moving south.
0:(3,12) 1:(8,18) 2:(0,4) Avatar 2:(0,4) Moving east.
0:(3,12) 1:(8,18) 2:(1,4) Avatar 0:(3,12) Moving east.
0:(4,12) 1:(8,18) 2:(1,4) Avatar 1:(8,18) Moving west.
0:(4,12) 1:(7,18) 2:(1,4) Avatar 2:(1,4) Moving south.
0:(4,12) 1:(7,18) 2:(1,5) Avatar 0:(4,12) Moving south.
0:(4,13) 1:(7,18) 2:(1,5) Avatar 1:(7,18) Moving north.
0:(4,13) 1:(7,18) 2:(1,5) Avatar 2:(1,5) Moving east.
0:(4,13) 1:(7,18) 2:(2,5) Avatar 0:(4,13) Moving west.
0:(3,13) 1:(7,18) 2:(2,5) Avatar 1:(7,18) Moving south.
0:(3,13) 1:(7,19) 2:(2,5) Avatar 2:(2,5) Moving east.
0:(3,13) 1:(7,19) 2:(3,5) Avatar 0:(3,13) Moving south.
0:(3,14) 1:(7,19) 2:(3,5) Avatar 1:(7,19) Moving east.
0:(3,14) 1:(8,19) 2:(3,5) Avatar 2:(3,5) Moving east.
0:(3,14) 1:(8,19) 2:(4,5) Avatar 0:(3,14) Moving south.
0:(3,15) 1:(8,19) 2:(4,5) Avatar 1:(8,19) Moving east.
0:(3,15) 1:(9,19) 2:(4,5) Avatar 2:(4,5) Moving north.
0:(3,15) 1:(9,19) 2:(4,4) Avatar 0:(3,15) Moving south.
0:(3,16) 1:(9,19) 2:(4,4) Avatar 1:(9,19) Moving north.
0:(3,16) 1:(9,19) 2:(4,4) Avatar 2:(4,4) Moving east.
0:(3,16) 1:(9,19) 2:(5,4) Avatar 0:(3,16) Moving south.
0:(3,17) 1:(9,19) 2:(5,4) Avatar 1:(9,19) Moving east.
0:(3,17) 1:(9,19) 2:(5,4) Avatar 2:(5,4) Moving east.
0:(3,17) 1:(9,19) 2:(6,4) Avatar 0:(3,17) Moving east.
0:(4,17) 1:(9,19) 2:(6,4) Avatar 1:(9,19) Moving south.
0:(4,17) 1:(9,19) 2:(6,4) Avatar 2:(6,4) Moving south.
0:(4,17) 1:(9,19) 2:(6,5) Avatar 0:(4,17) Moving south.
0:(4,18) 1:(9,19) 2:(6,5) Avatar 1:(9,19) Moving west.
0:(4,18) 1:(8,19) 2:(6,5) Avatar 2:(6,5) Moving east.
0:(4,18) 1:(8,19) 2:(7,5) Avatar 0:(4,18) Moving south.
0:(4,19) 1:(8,19) 2:(7,5) Avatar 1:(8,19) Moving south.
0:(4,19) 1:(8,20) 2:(7,5) Avatar 2:(7,5) Moving east.
0:(4,19) 1:(8,20) 2:(8,5) Avatar 0:(4,19) Moving east.
0:(5,19) 1:(8,20) 2:(8,5) Avatar 1:(8,20) Moving east.
0:(5,19) 1:(9,20) 2:(8,5) Avatar 2:(8,5) Moving east.
0:(5,19) 1:(9,20) 2:(8,5) Avatar 0:(5,19) Moving north.
0:(5,18) 1:(9,20) 2:(8,5) Avatar 1:(9,20) Moving east.
0:(5,18) 1:(10,20) 2:(8,5) Avatar 2:(8,5) Moving south.
0:(5,18) 1:(10,20) 2:(8,6) Avatar 0:(5,18) Moving north.
0:(5,17) 1:(10,20) 2:(8,6) Avatar 1:(10,20) Moving north.
0:(5,17) 1:(10,20) 2:(8,6) Avatar 2:(8,6) Moving east.
0:(5,17) 1:(10,20) 2:(8,6) Avatar 0:(5,17) Moving north.
0:(5,16) 1:(10,20) 2:(8,6) Avatar 1:(10,20) Moving east.
0:(5,16) 1:(10,20) 2:(8,6) Avatar 2:(8,6) Moving south.
0:(5,16) 1:(10,20) 2:(8,7) Avatar 0:(5,16) Moving west.
0:(4,16) 1:(10,20) 2:(8,7) Avatar 1:(10,20) Moving south.
0:(4,16) 1:(10,21) 2:(8,7) Avatar 2:(8,7) Moving east.
0:(4,16) 1:(10,21) 2:(9,7) Avatar 0:(4,16) Moving north.
0:(4,15) 1:(10,21) 2:(9,7) Avatar 1:(10,21) Moving east.
0:(4,15) 1:(10,21) 2:(9,7) Avatar 2:(9,7) Moving north.
0:(4,15) 1:(10,21) 2:(9,7) Avatar 0:(4,15) Moving north.
0:(4,14) 1:(10,21) 2:(9,7) Avatar 1:(10,21) Moving south.
0:(4,14) 1:(10,21) 2:(9,7) Avatar 2:(9,7) Moving east.
0:(4,14) 1:(10,21) 2:(9,7) Avatar 0:(4,14) Moving east.
0:(5,14) 1:(10,21) 2:(9,7) Avatar 1:(10,21) Moving west.
0:(5,14) 1:(10,21) 2:(9,7) Avatar 2:(9,7) Moving south.
0:(5,14) 1:(10,21) 2:(9,7) Avatar 0:(5,14) Moving south.
0:(5,15) 1:(10,21) 2:(9,7) Avatar 1:(10,21) Moving north.
0:(5,15) 1:(10,20) 2:(9,7) Avatar 2:(9,7) Moving west.
0:(5,15) 1:(10,20) 2:(8,7) Avatar 0:(5,15) Moving east.
0:(6,15) 1:(10,20) 2:(8,7) Avatar 1:(10,20) Moving west.
0:(6,15) 1:(9,20) 2:(8,7) Avatar 2:(8,7) Moving south.
0:(6,15) 1:(9,20) 2:(8,7) Avatar 0:(6,15) Moving south.
0:(6,16) 1:(9,20) 2:(8,7) Avatar 1:(9,20) Moving south.
0:(6,16) 1:(9,21) 2:(8,7) Avatar 2:(8,7) Moving west.
0:(6,16) 1:(9,21) 2:(8,7) Avatar 0:(6,16) Moving south.
0:(6,17) 1:(9,21) 2:(8,7) Avatar 1:(9,21) Moving south.
0:(6,17) 1:(9,22) 2:(8,7) Avatar 2:(8,7) Moving north.
0:(6,17) 1:(9,22) 2:(8,6) Avatar 0:(6,17) Moving east.
0:(7,17) 1:(9,22) 2:(8,6) Avatar 1:(9,22) Moving east.
0:(7,17) 1:(10,22) 2:(8,6) Avatar 2:(8,6) Moving west.
0:(7,17) 1:(10,22) 2:(7,6) Avatar 0:(7,17) Moving north.
0:(7,16) 1:(10,22) 2:(7,6) Avatar 1:(10,22) Moving east.
0:(7,16) 1:(11,22) 2:(7,6) Avatar 2:(7,6) Moving north.
0:(7,16) 1:(11,22) 2:(7,6) Avatar 0:(7,16) Moving east.
0:(8,16) 1:(11,22) 2:(7,6) Avatar 1:(11,22) Moving north.
0:(8,16) 1:(11,22) 2:(7,6) Avatar 2:(7,6) Moving south.
0:(8,16) 1:(11,22) 2:(7,7) Avatar 0:(8,16) Moving south.
0:(8,17) 1:(11,22) 2:(7,7) Avatar 1:(11,22) Moving east.
0:(8,17) 1:(12,22) 2:(7,7) Avatar 2:(7,7) Moving south.
0:(8,17) 1:(12,22) 2:(7,7) Avatar 0:(8,17) Moving south.
0:(8,18) 1:(12,22) 2:(7,7) Avatar 1:(12,22) Moving north.
0:(8,18) 1:(12,21) 2:(7,7) Avatar 2:(7,7) Moving west.
0:(8,18) 1:(12,21) 2:(6,7) Avatar 0:(8,18) Moving west.
0:(7,18) 1:(12,21) 2:(6,7) Avatar 1:(12,21) Moving north.
0:(7,18) 1:(12,20) 2:(6,7) Avatar 2:(6,7) Moving south.
0:(7,18) 1:(12,20) 2:(6,8) Avatar 0:(7,18) Moving south.
0:(7,19) 1:(12,20) 2:(6,8) Avatar 1:(12,20) Moving north.
0:(7,19) 1:(12,19) 2:(6,8) Avatar 2:(6,8) Moving east.
0:(7,19) 1:(12,19) 2:(7,8) Avatar 0:(7,19) Moving east.
0:(8,19) 1:(12,19) 2:(7,8) Avatar 1:(12,19) Moving north.
0:(8,19) 1:(12,19) 2:(7,8) Avatar 2:(7,8) Moving east.
0:(8,19) 1:(12,19) 2:(7,8) Avatar 0:(8,19) Moving south.
0:(8,20) 1:(12,19) 2:(7,8) Avatar 1:(12,19) Moving east.
0:(8,20) 1:(13,19) 2:(7,8) Avatar 2:(7,8) Moving south.
0:(8,20) 1:(13,19) 2:(7,9) Avatar 0:(8,20) Moving east.
0:(9,20) 1:(13,19) 2:(7,9) Avatar 1:(13,19) Moving north.
0:(9,20) 1:(13,19) 2:(7,9) Avatar 2:(7,9) Moving east.
0:(9,20) 1:(13,19) 2:(7,9) Avatar 0:(9,20) Moving south.
0:(9,21) 1:(13,19) 2:(7,9) Avatar 1:(13,19) Moving east.
0:(9,21) 1:(14,19) 2:(7,9) Avatar 2:(7,9) Moving south.
0:(9,21) 1:(14,19) 2:(7,10) Avatar 0:(9,21) Moving south.
0:(9,22) 1:(14,19) 2:(7,10) Avatar 1:(14,19) Moving north.
0:(9,22) 1:(14,18) 2:(7,10) Avatar 2:(7,10) Moving east.
0:(9,22) 1:(14,18) 2:(7,10) Avatar 0:(9,22) Moving east.
0:(10,22) 1:(14,18) 2:(7,10) Avatar 1:(14,18) Moving north.
0:(10,22) 1:(14,18) 2:(7,10) Avatar 2:(7,10) Moving south.
0:(10,22) 1:(14,18) 2:(7,11) Avatar 0:(10,22) Moving east.
0:(11,22) 1:(14,18) 2:(7,11) Avatar 1:(14,18) Moving east.
0:(11,22) 1:(14,18) 2:(7,11) Avatar 2:(7,11) Moving east.
0:(11,22) 1:(14,18) 2:(8,11) Avatar 0:(11,22) Moving east.
0:(12,22) 1:(14,18) 2:(8,11) Avatar 1:(14,18) Moving west.
0:(12,22) 1:(13,18) 2:(8,11) Avatar 2:(8,11) Moving north.
0:(12,22) 1:(13,18) 2:(8,10) Avatar 0:(12,22) Moving north.
0:(12,21) 1:(13,18) 2:(8,10) Avatar 1:(13,18) Moving north.
0:(12,21) 1:(13,18) 2:(8,10) Avatar 2:(8,10) Moving north.
0:(12,21) 1:(13,18) 2:(8,9) Avatar 0:(12,21) Moving north.
0:(12,20) 1:(13,18) 2:(8,9) Avatar 1:(13,18) Moving west.
0:(12,20) 1:(12,18) 2:(8,9) Avatar 2:(8,9) Moving north.
0:(12,20) 1:(12,18) 2:(8,8) Avatar 0:(12,20) Moving north.
0:(12,19) 1:(12,18) 2:(8,8) Avatar 1:(12,18) Moving north.
0:(12,19) 1:(12,17) 2:(8,8) Avatar 2:(8,8) Moving east.
0:(12,19) 1:(12,17) 2:(9,8) Avatar 0:(12,19) Moving east.
0:(13,19) 1:(12,17) 2:(9,8) Avatar 1:(12,17) Moving north.
0:(13,19) 1:(12,17) 2:(9,8) Avatar 2:(9,8) Moving east.
0:(13,19) 1:(12,17) 2:(10,8) Avatar 0:(13,19) Moving east.
0:(14,19) 1:(12,17) 2:(10,8) Avatar 1:(12,17) Moving east.
0:(14,19) 1:(13,17) 2:(10,8) Avatar 2:(10,8) Moving north.
0:(14,19) 1:(13,17) 2:(10,7) Avatar 0:(14,19) Moving north.
0:(14,18) 1:(13,17) 2:(10,7) Avatar 1:(13,17) Moving north.
0:(14,18) 1:(13,16) 2:(10,7) Avatar 2:(10,7) Moving north.
0:(14,18) 1:(13,16) 2:(10,7) Avatar 0:(14,18) Moving west.
0:(13,18) 1:(13,16) 2:(10,7) Avatar 1:(13,16) Moving north.
0:(13,18) 1:(13,16) 2:(10,7) Avatar 2:(10,7) Moving east.
0:(13,18) 1:(13,16) 2:(11,7) Avatar 0:(13,18) Moving west.
0:(12,18) 1:(13,16) 2:(11,7) Avatar 1:(13,16) Moving east.
0:(12,18) 1:(13,16) 2:(11,7) Avatar 2:(11,7) Moving north.
0:(12,18) 1:(13,16) 2:(11,7) Avatar 0:(12,18) Moving north.
0:(12,17) 1:(13,16) 2:(11,7) Avatar 1:(13,16) Moving west.
0:(12,17) 1:(12,16) 2:(11,7) Avatar 2:(11,7) Moving east.
0:(12,17) 1:(12,16) 2:(12,7) Avatar 0:(12,17) Moving east.
0:(13,17) 1:(12,16) 2:(12,7) Avatar 1:(12,16) Moving north.
0:(13,17) 1:(12,15) 2:(12,7) Avatar 2:(12,7) Moving north.
0:(13,17) 1:(12,15) 2:(12,7) Avatar 0:(13,17) Moving north.
0:(13,16) 1:(12,15) 2:(12,7) Avatar 1:(12,15) Moving north.
0:(13,16) 1:(12,14) 2:(12,7) Avatar 2:(12,7) Moving east.
0:(13,16) 1:(12,14) 2:(13,7) Avatar 0:(13,16) Moving west.
0:(12,16) 1:(12,14) 2:(13,7) Avatar 1:(12,14) Moving north.
0:(12,16) 1:(12,14) 2:(13,7) Avatar 2:(13,7) Moving north.
0:(12,16) 1:(12,14) 2:(13,6) Avatar 0:(12,16) Moving north.
0:(12,15) 1:(12,14) 2:(13,6) Avatar 1:(12,14) Moving east.
0:(12,15) 1:(12,14) 2:(13,6) Avatar 2:(13,6) Moving north.
0:(12,15) 1:(12,14) 2:(13,6) Avatar 0:(12,15) Moving north.
0:(12,14) 1:(12,14) 2:(13,6) Avatar 1:(12,14) Moving west.
0:(12,14) 1:(11,14) 2:(13,6) Avatar 2:(13,6) Moving east.
0:(12,14) 1:(11,14) 2:(13,6) Avatar 0:(12,14) Moving west.
0:(11,14) 1:(11,14) 2:(13,6) Avatar 1:(11,14) Moving north.
0:(11,14) 1:(11,14) 2:(13,6) Avatar 2:(13,6) Moving west.
0:(11,14) 1:(11,14) 2:(12,6) Avatar 0:(11,14) Sleeping.
0:(11,14) 1:(11,14) 2:(12,6) Avatar 1:(11,14) Moving south.
0:(11,14) 1:(11,15) 2:(12,6) Avatar 2:(12,6) Moving north.
0:(11,14) 1:(11,15) 2:(12,6) Avatar 0:(11,14) Moving south.
0:(11,15) 1:(11,15) 2:(12,6) Avatar 1:(11,15) Moving east.
0:(11,15) 1:(11,15) 2:(12,6) Avatar 2:(12,6) Moving west.
0:(11,15) 1:(11,15) 2:(11,6) Avatar 0:(11,15) Sleeping.
0:(11,15) 1:(11,15) 2:(11,6) Avatar 1:(11,15) Moving south.
0:(11,15) 1:(11,16) 2:(11,6) Avatar 2:(11,6) Moving north.
0:(11,15) 1:(11,16) 2:(11,6) Avatar 0:(11,15) Moving south.
0:(11,16) 1:(11,16) 2:(11,6) Avatar 1:(11,16) Moving east.
0:(11,16) 1:(11,16) 2:(11,6) Avatar 2:(11,6) Moving west.
0:(11,16) 1:(11,16) 2:(10,6) Avatar 0:(11,16) Sleeping.
0:(11,16) 1:(11,16) 2:(10,6) Avatar 1:(11,16) Moving south.
0:(11,16) 1:(11,17) 2:(10,6) Avatar 2:(10,6) Moving north.
0:(11,16) 1:(11,17) 2:(10,6) Avatar 0:(11,16) Moving south.
0:(11,17) 1:(11,17) 2:(10,6) Avatar 1:(11,17) Moving east.
0:(11,17) 1:(11,17) 2:(10,6) Avatar 2:(10,6) Moving west.
0:(11,17) 1:(11,17) 2:(9,6) Avatar 0:(11,17) Sleeping.
0:(11,17) 1:(11,17) 2:(9,6) Avatar 1:(11,17) Moving south.
0:(11,17) 1:(11,18) 2:(9,6) Avatar 2:(9,6) Moving north.
0:(11,17) 1:(11,18) 2:(9,5) Avatar 0:(11,17) Moving south.
0:(11,18) 1:(11,18) 2:(9,5) Avatar 1:(11,18) Moving east.
0:(11,18) 1:(11,18) 2:(9,5) Avatar 2:(9,5) Moving east.
0:(11,18) 1:(11,18) 2:(10,5) Avatar 0:(11,18) Sleeping.
0:(11,18) 1:(11,18) 2:(10,5) Avatar 1:(11,18) Moving south.
0:(11,18) 1:(11,18) 2:(10,5) Avatar 2:(10,5) Moving north.
0:(11,18) 1:(11,18) 2:(10,5) Avatar 0:(11,18) Sleeping.
0:(11,18) 1:(11,18) 2:(10,5) Avatar 1:(11,18) Moving west.
0:(11,18) 1:(11,18) 2:(10,5) Avatar 2:(10,5) Moving east.
0:(11,18) 1:(11,18) 2:(11,5) Avatar 0:(11,18) Moving north.
0:(11,17) 1:(11,18) 2:(11,5) Avatar 1:(11,18) Moving north.
0:(11,17) 1:(11,17) 2:(11,5) Avatar 2:(11,5) Moving north.
0:(11,17) 1:(11,17) 2:(11,5) Avatar 0:(11,17) Sleeping.
0:(11,17) 1:(11,17) 2:(11,5) Avatar 1:(11,17) Moving west.
0:(11,17) 1:(10,17) 2:(11,5) Avatar 2:(11,5) Moving east.
0:(11,17) 1:(10,17) 2:(12,5) Avatar 0:(11,17) Moving west.
0:(10,17) 1:(10,17) 2:(12,5) Avatar 1:(10,17) Moving north.
0:(10,17) 1:(10,17) 2:(12,5) Avatar 2:(12,5) Moving north.
0:(10,17) 1:(10,17) 2:(12,4) Avatar 0:(10,17) Sleeping.
0:(10,17) 1:(10,17) 2:(12,4) Avatar 1:(10,17) Moving south.
0:(10,17) 1:(10,17) 2:(12,4) Avatar 2:(12,4) Moving north.
0:(10,17) 1:(10,17) 2:(12,3) Avatar 0:(10,17) Sleeping.
0:(10,17) 1:(10,17) 2:(12,3) Avatar 1:(10,17) Moving west.
0:(10,17) 1:(10,17) 2:(12,3) Avatar 2:(12,3) Moving north.
0:(10,17) 1:(10,17) 2:(12,3) Avatar 0:(10,17) Moving east.
0:(11,17) 1:(10,17) 2:(12,3) Avatar 1:(10,17) Moving east.
0:(11,17) 1:(11,17) 2:(12,3) Avatar 2:(12,3) Moving east.
0:(11,17) 1:(11,17) 2:(12,3) Avatar 0:(11,17) Moving north.
0:(11,16) 1:(11,17) 2:(12,3) Avatar 1:(11,17) Moving north.
0:(11,16) 1:(11,16) 2:(12,3) Avatar 2:(12,3) Moving west.
0:(11,16) 1:(11,16) 2:(11,3) Avatar 0:(11,16) Sleeping.
0:(11,16) 1:(11,16) 2:(11,3) Avatar 1:(11,16) Moving west.
0:(11,16) 1:(11,16) 2:(11,3) Avatar 2:(11,3) Moving north.
0:(11,16) 1:(11,16) 2:(11,3) Avatar 0:(11,16) Moving north.
0:(11,15) 1:(11,16) 2:(11,3) Avatar 1:(11,16) Moving north.
0:(11,15) 1:(11,15) 2:(11,3) Avatar 2:(11,3) Moving south.
0:(11,15) 1:(11,15) 2:(11,4) Avatar 0:(11,15) Sleeping.
0:(11,15) 1:(11,15) 2:(11,4) Avatar 1:(11,15) Moving west.
0:(11,15) 1:(11,15) 2:(11,4) Avatar 2:(11,4) Moving east.
0:(11,15) 1:(11,15) 2:(11,4) Avatar 0:(11,15) Moving north.
0:(11,14) 1:(11,15) 2:(11,4) Avatar 1:(11,15) Moving north.
0:(11,14) 1:(11,14) 2:(11,4) Avatar 2:(11,4) Moving west.
0:(11,14) 1:(11,14) 2:(10,4) Avatar 0:(11,14) Sleeping.
0:(11,14) 1:(11,14) 2:(10,4) Avatar 1:(11,14) Moving west.
0:(11,14) 1:(11,14) 2:(10,4) Avatar 2:(10,4) Moving north.
0:(11,14) 1:(11,14) 2:(10,3) Avatar 0:(11,14) Moving east.
0:(12,14) 1:(11,14) 2:(10,3) Avatar 1:(11,14) Moving east.
0:(12,14) 1:(12,14) 2:(10,3) Avatar 2:(10,3) Moving north.
0:(12,14) 1:(12,14) 2:(10,2) Avatar 0:(12,14) Moving south.
0:(12,15) 1:(12,14) 2:(10,2) Avatar 1:(12,14) Moving south.
0:(12,15) 1:(12,15) 2:(10,2) Avatar 2:(10,2) Moving north.
0:(12,15) 1:(12,15) 2:(10,1) Avatar 0:(12,15) Sleeping.
0:(12,15) 1:(12,15) 2:(10,1) Avatar 1:(12,15) Moving east.
0:(12,15) 1:(12,15) 2:(10,1) Avatar 2:(10,1) Moving north.
0:(12,15) 1:(12,15) 2:(10,1) Avatar 0:(12,15) Moving south.
0:(12,16) 1:(12,15) 2:(10,1) Avatar 1:(12,15) Moving south.
0:(12,16) 1:(12,16) 2:(10,1) Avatar 2:(10,1) Moving east.
0:(12,16) 1:(12,16) 2:(10,1) Avatar 0:(12,16) Moving east.
0:(13,16) 1:(12,16) 2:(10,1) Avatar 1:(12,16) Moving east.
0:(13,16) 1:(13,16) 2:(10,1) Avatar 2:(10,1) Moving west.
0:(13,16) 1:(13,16) 2:(9,1) Avatar 0:(13,16) Moving south.
0:(13,17) 1:(13,16) 2:(9,1) Avatar 1:(13,16) Moving south.
0:(13,17) 1:(13,17) 2:(9,1) Avatar 2:(9,1) Moving north.
0:(13,17) 1:(13,17) 2:(9,1) Avatar 0:(13,17) Sleeping.
0:(13,17) 1:(13,17) 2:(9,1) Avatar 1:(13,17) Moving east.
0:(13,17) 1:(14,17) 2:(9,1) Avatar 2:(9,1) Moving west.
0:(13,17) 1:(14,17) 2:(8,1) Avatar 0:(13,17) Moving east.
0:(14,17) 1:(14,17) 2:(8,1) Avatar 1:(14,17) Moving north.
0:(14,17) 1:(14,17) 2:(8,1) Avatar 2:(8,1) Moving north.
0:(14,17) 1:(14,17) 2:(8,0) Avatar 0:(14,17) Sleeping.
0:(14,17) 1:(14,17) 2:(8,0) Avatar 1:(14,17) Moving east.
0:(14,17) 1:(14,17) 2:(8,0) Avatar 2:(8,0) Moving east.
0:(14,17) 1:(14,17) 2:(8,0) Avatar 0:(14,17) Moving west.
0:(13,17) 1:(14,17) 2:(8,0) Avatar 1:(14,17) Moving west.
0:(13,17) 1:(13,17) 2:(8,0) Avatar 2:(8,0) Moving south.
0:(13,17) 1:(13,17) 2:(8,1) Avatar 0:(13,17) Moving west.
0:(12,17) 1:(13,17) 2:(8,1) Avatar 1:(13,17) Moving west.
0:(12,17) 1:(12,17) 2:(8,1) Avatar 2:(8,1) Moving east.
0:(12,17) 1:(12,17) 2:(9,1) Avatar 0:(12,17) Moving south.
0:(12,18) 1:(12,17) 2:(9,1) Avatar 1:(12,17) Moving south.
0:(12,18) 1:(12,18) 2:(9,1) Avatar 2:(9,1) Moving east.
0:(12,18) 1:(12,18) 2:(10,1) Avatar 0:(12,18) Moving east.
0:(13,18) 1:(12,18) 2:(10,1) Avatar 1:(12,18) Moving east.
0:(13,18) 1:(13,18) 2:(10,1) Avatar 2:(10,1) Moving south.
0:(13,18) 1:(13,18) 2:(10,2) Avatar 0:(13,18) Moving east.
0:(14,18) 1:(13,18) 2:(10,2) Avatar 1:(13,18) Moving east.
0:(14,18) 1:(14,18) 2:(10,2) Avatar 2:(10,2) Moving east.
0:(14,18) 1:(14,18) 2:(10,2) Avatar 0:(14,18) Moving south.
0:(14,19) 1:(14,18) 2:(10,2) Avatar 1:(14,18) Moving south.
0:(14,19) 1:(14,19) 2:(10,2) Avatar 2:(10,2) Moving south.
0:(14,19) 1:(14,19) 2:(10,3) Avatar 0:(14,19) Sleeping.
0:(14,19) 1:(14,19) 2:(10,3) Avatar 1:(14,19) Moving east.
0:(14,19) 1:(14,19) 2:(10,3) Avatar 2:(10,3) Moving east.
0:(14,19) 1:(14,19) 2:(10,3) Avatar 0:(14,19) Sleeping.
0:(14,19) 1:(14,19) 2:(10,3) Avatar 1:(14,19) Moving south.
0:(14,19) 1:(14,19) 2:(10,3) Avatar 2:(10,3) Moving south.
0:(14,19) 1:(14,19) 2:(10,4) Avatar 0:(14,19) Moving west.
0:(13,19) 1:(14,19) 2:(10,4) Avatar 1:(14,19) Moving west.
0:(13,19) 1:(13,19) 2:(10,4) Avatar 2:(10,4) Moving east.
0:(13,19) 1:(13,19) 2:(11,4) Avatar 0:(13,19) Sleeping.
0:(13,19) 1:(13,19) 2:(11,4) Avatar 1:(13,19) Moving south.
0:(13,19) 1:(13,20) 2:(11,4) Avatar 2:(11,4) Moving north.
0:(13,19) 1:(13,20) 2:(11,3) Avatar 0:(13,19) Moving south.
0:(13,20) 1:(13,20) 2:(11,3) Avatar 1:(13,20) Moving east.
0:(13,20) 1:(13,20) 2:(11,3) Avatar 2:(11,3) Moving east.
0:(13,20) 1:(13,20) 2:(12,3) Avatar 0:(13,20) Sleeping.
0:(13,20) 1:(13,20) 2:(12,3) Avatar 1:(13,20) Moving south.
0:(13,20) 1:(13,20) 2:(12,3) Avatar 2:(12,3) Moving south.
0:(13,20) 1:(13,20) 2:(12,4) Avatar 0:(13,20) Sleeping.
0:(13,20) 1:(13,20) 2:(12,4) Avatar 1:(13,20) Moving west.
0:(13,20) 1:(13,20) 2:(12,4) Avatar 2:(12,4) Moving east.
0:(13,20) 1:(13,20) 2:(12,4) Avatar 0:(13,20) Moving north.
0:(13,19) 1:(13,20) 2:(12,4) Avatar 1:(13,20) Moving north.
0:(13,19) 1:(13,19) 2:(12,4) Avatar 2:(12,4) Moving south.
0:(13,19) 1:(13,19) 2:(12,5) Avatar 0:(13,19) Moving west.
0:(12,19) 1:(13,19) 2:(12,5) Avatar 1:(13,19) Moving west.
0:(12,19) 1:(12,19) 2:(12,5) Avatar 2:(12,5) Moving east.
0:(12,19) 1:(12,19) 2:(12,5) Avatar 0:(12,19) Sleeping.
0:(12,19) 1:(12,19) 2:(12,5) Avatar 1:(12,19) Moving west.
0:(12,19) 1:(12,19) 2:(12,5) Avatar 2:(12,5) Moving west.
0:(12,19) 1:(12,19) 2:(11,5) Avatar 0:(12,19) Moving south.
0:(12,20) 1:(12,19) 2:(11,5) Avatar 1:(12,19) Moving south.
0:(12,20) 1:(12,20) 2:(11,5) Avatar 2:(11,5) Moving west.
0:(12,20) 1:(12,20) 2:(10,5) Avatar 0:(12,20) Sleeping.
0:(12,20) 1:(12,20) 2:(10,5) Avatar 1:(12,20) Moving west.
0:(12,20) 1:(12,20) 2:(10,5) Avatar 2:(10,5) Moving west.
0:(12,20) 1:(12,20) 2:(9,5) Avatar 0:(12,20) Moving south.
0:(12,21) 1:(12,20) 2:(9,5) Avatar 1:(12,20) Moving south.
0:(12,21) 1:(12,21) 2:(9,5) Avatar 2:(9,5) Moving south.
0:(12,21) 1:(12,21) 2:(9,6) Avatar 0:(12,21) Sleeping.
0:(12,21) 1:(12,21) 2:(9,6) Avatar 1:(12,21) Moving east.
0:(12,21) 1:(12,21) 2:(9,6) Avatar 2:(9,6) Moving east.
0:(12,21) 1:(12,21) 2:(10,6) Avatar 0:(12,21) Sleeping.
0:(12,21) 1:(12,21) 2:(10,6) Avatar 1:(12,21) Moving west.
0:(12,21) 1:(11,21) 2:(10,6) Avatar 2:(10,6) Moving east.
0:(12,21) 1:(11,21) 2:(11,6) Avatar 0:(12,21) Moving west.
0:(11,21) 1:(11,21) 2:(11,6) Avatar 1:(11,21) Moving north.
0:(11,21) 1:(11,20) 2:(11,6) Avatar 2:(11,6) Moving east.
0:(11,21) 1:(11,20) 2:(12,6) Avatar 0:(11,21) Moving north.
0:(11,20) 1:(11,20) 2:(12,6) Avatar 1:(11,20) Moving north.
0:(11,20) 1:(11,19) 2:(12,6) Avatar 2:(12,6) Moving east.
0:(11,20) 1:(11,19) 2:(13,6) Avatar 0:(11,20) Moving north.
0:(11,19) 1:(11,19) 2:(13,6) Avatar 1:(11,19) Moving west.
0:(11,19) 1:(10,19) 2:(13,6) Avatar 2:(13,6) Moving south.
0:(11,19) 1:(10,19) 2:(13,7) Avatar 0:(11,19) Moving west.
0:(10,19) 1:(10,19) 2:(13,7) Avatar 1:(10,19) Moving north.
0:(10,19) 1:(10,18) 2:(13,7) Avatar 2:(13,7) Moving east.
0:(10,19) 1:(10,18) 2:(13,7) Avatar 0:(10,19) Moving north.
0:(10,18) 1:(10,18) 2:(13,7) Avatar 1:(10,18) Moving west.
0:(10,18) 1:(9,18) 2:(13,7) Avatar 2:(13,7) Moving west.
0:(10,18) 1:(9,18) 2:(12,7) Avatar 0:(10,18) Moving west.
0:(9,18) 1:(9,18) 2:(12,7) Avatar 1:(9,18) Moving north.
0:(9,18) 1:(9,17) 2:(12,7) Avatar 2:(12,7) Moving west.
0:(9,18) 1:(9,17) 2:(11,7) Avatar 0:(9,18) Moving north.
0:(9,17) 1:(9,17) 2:(11,7) Avatar 1:(9,17) Moving north.
0:(9,17) 1:(9,16) 2:(11,7) Avatar 2:(11,7) Moving west.
0:(9,17) 1:(9,16) 2:(10,7) Avatar 0:(9,17) Moving north.
0:(9,16) 1:(9,16) 2:(10,7) Avatar 1:(9,16) Moving north.
0:(9,16) 1:(9,16) 2:(10,7) Avatar 2:(10,7) Moving south.
0:(9,16) 1:(9,16) 2:(10,8) Avatar 0:(9,16) Sleeping.
0:(9,16) 1:(9,16) 2:(10,8) Avatar 1:(9,16) Moving east.
0:(9,16) 1:(10,16) 2:(10,8) Avatar 2:(10,8) Moving east.
0:(9,16) 1:(10,16) 2:(10,8) Avatar 0:(9,16) Moving east.
0:(10,16) 1:(10,16) 2:(10,8) Avatar 1:(10,16) Moving north.
0:(10,16) 1:(10,15) 2:(10,8) Avatar 2:(10,8) Moving west.
0:(10,16) 1:(10,15) 2:(9,8) Avatar 0:(10,16) Moving north.
0:(10,15) 1:(10,15) 2:(9,8) Avatar 1:(10,15) Moving north.
0:(10,15) 1:(10,15) 2:(9,8) Avatar 2:(9,8) Moving west.
0:(10,15) 1:(10,15) 2:(8,8) Avatar 0:(10,15) Sleeping.
0:(10,15) 1:(10,15) 2:(8,8) Avatar 1:(10,15) Moving west.
0:(10,15) 1:(9,15) 2:(8,8) Avatar 2:(8,8) Moving south.
0:(10,15) 1:(9,15) 2:(8,9) Avatar 0:(10,15) Moving west.
0:(9,15) 1:(9,15) 2:(8,9) Avatar 1:(9,15) Moving north.
0:(9,15) 1:(9,14) 2:(8,9) Avatar 2:(8,9) Moving east.
0:(9,15) 1:(9,14) 2:(8,9) Avatar 0:(9,15) Moving north.
0:(9,14) 1:(9,14) 2:(8,9) Avatar 1:(9,14) Moving east.
0:(9,14) 1:(10,14) 2:(8,9) Avatar 2:(8,9) Moving south.
0:(9,14) 1:(10,14) 2:(8,10) Avatar 0:(9,14) Moving east.
0:(10,14) 1:(10,14) 2:(8,10) Avatar 1:(10,14) Moving north.
0:(10,14) 1:(10,13) 2:(8,10) Avatar 2:(8,10) Moving east.
0:(10,14) 1:(10,13) 2:(8,10) Avatar 0:(10,14) Moving north.
0:(10,13) 1:(10,13) 2:(8,10) Avatar 1:(10,13) Moving north.
0:(10,13) 1:(10,13) 2:(8,10) Avatar 2:(8,10) Moving south.
0:(10,13) 1:(10,13) 2:(8,11) Avatar 0:(10,13) Sleeping.
0:(10,13) 1:(10,13) 2:(8,11) Avatar 1:(10,13) Moving east.
0:(10,13) 1:(11,13) 2:(8,11) Avatar 2:(8,11) Moving east.
0:(10,13) 1:(11,13) 2:(8,11) Avatar 0:(10,13) Moving east.
0:(11,13) 1:(11,13) 2:(8,11) Avatar 1:(11,13) Moving north.
0:(11,13) 1:(11,13) 2:(8,11) Avatar 2:(8,11) Moving south.
0:(11,13) 1:(11,13) 2:(8,11) Avatar 0:(11,13) Sleeping.
0:(11,13) 1:(11,13) 2:(8,11) Avatar 1:(11,13) Moving east.
0:(11,13) 1:(12,13) 2:(8,11) Avatar 2:(8,11) Moving west.
0:(11,13) 1:(12,13) 2:(7,11) Avatar 0:(11,13) Moving east.
0:(12,13) 1:(12,13) 2:(7,11) Avatar 1:(12,13) Moving north.
0:(12,13) 1:(12,13) 2:(7,11) Avatar 2:(7,11) Moving west.
0:(12,13) 1:(12,13) 2:(7,11) Avatar 0:(12,13) Sleeping.
0:(12,13) 1:(12,13) 2:(7,11) Avatar 1:(12,13) Moving east.
0:(12,13) 1:(13,13) 2:(7,11) Avatar 2:(7,11) Moving north.
0:(12,13) 1:(13,13) 2:(7,10) Avatar 0:(12,13) Moving east.
0:(13,13) 1:(13,13) 2:(7,10) Avatar 1:(13,13) Moving north.
0:(13,13) 1:(13,13) 2:(7,10) Avatar 2:(7,10) Moving west.
0:(13,13) 1:(13,13) 2:(7,10) Avatar 0:(13,13) Sleeping.
0:(13,13) 1:(13,13) 2:(7,10) Avatar 1:(13,13) Moving east.
0:(13,13) 1:(13,13) 2:(7,10) Avatar 2:(7,10) Moving north.
0:(13,13) 1:(13,13) 2:(7,9) Avatar 0:(13,13) Sleeping.
0:(13,13) 1:(13,13) 2:(7,9) Avatar 1:(13,13) Moving south.
0:(13,13) 1:(13,14) 2:(7,9) Avatar 2:(7,9) Moving north.
0:(13,13) 1:(13,14) 2:(7,8) Avatar 0:(13,13) Moving south.
0:(13,14) 1:(13,14) 2:(7,8) Avatar 1:(13,14) Moving east.
0:(13,14) 1:(13,14) 2:(7,8) Avatar 2:(7,8) Moving west.
0:(13,14) 1:(13,14) 2:(6,8) Avatar 0:(13,14) Sleeping.
0:(13,14) 1:(13,14) 2:(6,8) Avatar 1:(13,14) Moving south.
0:(13,14) 1:(13,15) 2:(6,8) Avatar 2:(6,8) Moving north.
0:(13,14) 1:(13,15) 2:(6,7) Avatar 0:(13,14) Moving south.
0:(13,15) 1:(13,15) 2:(6,7) Avatar 1:(13,15) Moving east.
0:(13,15) 1:(14,15) 2:(6,7) Avatar 2:(6,7) Moving east.
0:(13,15) 1:(14,15) 2:(7,7) Avatar 0:(13,15) Moving east.
0:(14,15) 1:(14,15) 2:(7,7) Avatar 1:(14,15) Moving north.
0:(14,15) 1:(14,15) 2:(7,7) Avatar 2:(7,7) Moving north.
0:(14,15) 1:(14,15) 2:(7,6) Avatar 0:(14,15) Sleeping.
0:(14,15) 1:(14,15) 2:(7,6) Avatar 1:(14,15) Moving east.
0:(14,15) 1:(14,15) 2:(7,6) Avatar 2:(7,6) Moving east.
0:(14,15) 1:(14,15) 2:(8,6) Avatar 0:(14,15) Sleeping.
0:(14,15) 1:(14,15) 2:(8,6) Avatar 1:(14,15) Moving south.
0:(14,15) 1:(14,16) 2:(8,6) Avatar 2:(8,6) Moving north.
0:(14,15) 1:(14,16) 2:(8,5) Avatar 0:(14,15) Moving south.
0:(14,16) 1:(14,16) 2:(8,5) Avatar 1:(14,16) Moving east.
0:(14,16) 1:(15,16) 2:(8,5) Avatar 2:(8,5) Moving west.
0:(14,16) 1:(15,16) 2:(7,5) Avatar 0:(14,16) Moving east.
0:(15,16) 1:(15,16) 2:(7,5) Avatar 1:(15,16) Moving north.
0:(15,16) 1:(15,16) 2:(7,5) Avatar 2:(7,5) Moving west.
0:(15,16) 1:(15,16) 2:(6,5) Avatar 0:(15,16) Sleeping.
0:(15,16) 1:(15,16) 2:(6,5) Avatar 1:(15,16) Moving east.
0:(15,16) 1:(15,16) 2:(6,5) Avatar 2:(6,5) Moving north.
0:(15,16) 1:(15,16) 2:(6,4) Avatar 0:(15,16) Sleeping.
0:(15,16) 1:(15,16) 2:(6,4) Avatar 1:(15,16) Moving south.
0:(15,16) 1:(15,17) 2:(6,4) Avatar 2:(6,4) Moving west.
0:(15,16) 1:(15,17) 2:(5,4) Avatar 0:(15,16) Moving south.
0:(15,17) 1:(15,17) 2:(5,4) Avatar 1:(15,17) Moving east.
0:(15,17) 1:(15,17) 2:(5,4) Avatar 2:(5,4) Moving west.
0:(15,17) 1:(15,17) 2:(4,4) Avatar 0:(15,17) Sleeping.
0:(15,17) 1:(15,17) 2:(4,4) Avatar 1:(15,17) Moving south.
0:(15,17) 1:(15,18) 2:(4,4) Avatar 2:(4,4) Moving south.
0:(15,17) 1:(15,18) 2:(4,5) Avatar 0:(15,17) Moving south.
0:(15,18) 1:(15,18) 2:(4,5) Avatar 1:(15,18) Moving east.
0:(15,18) 1:(15,18) 2:(4,5) Avatar 2:(4,5) Moving west.
0:(15,18) 1:(15,18) 2:(3,5) Avatar 0:(15,18) Sleeping.
0:(15,18) 1:(15,18) 2:(3,5) Avatar 1:(15,18) Moving south.
0:(15,18) 1:(15,19) 2:(3,5) Avatar 2:(3,5) Moving west.
0:(15,18) 1:(15,19) 2:(2,5) Avatar 0:(15,18) Moving south.
0:(15,19) 1:(15,19) 2:(2,5) Avatar 1:(15,19) Moving east.
0:(15,19) 1:(15,19) 2:(2,5) Avatar 2:(2,5) Moving west.
0:(15,19) 1:(15,19) 2:(1,5) Avatar 0:(15,19) Sleeping.
0:(15,19) 1:(15,19) 2:(1,5) Avatar 1:(15,19) Moving south.
0:(15,19) 1:(15,20) 2:(1,5) Avatar 2:(1,5) Moving south.
0:(15,19) 1:(15,20) 2:(1,5) Avatar 0:(15,19) Moving south.
0:(15,20) 1:(15,20) 2:(1,5) Avatar 1:(15,20) Moving east.
0:(15,20) 1:(15,20) 2:(1,5) Avatar 2:(1,5) Moving west.
0:(15,20) 1:(15,20) 2:(1,5) Avatar 0:(15,20) Sleeping.
0:(15,20) 1:(15,20) 2:(1,5) Avatar 1:(15,20) Moving south.
0:(15,20) 1:(15,20) 2:(1,5) Avatar 2:(1,5) Moving north.
0:(15,20) 1:(15,20) 2:(1,4) Avatar 0:(15,20) Sleeping.
0:(15,20) 1:(15,20) 2:(1,4) Avatar 1:(15,20) Moving west.
0:(15,20) 1:(14,20) 2:(1,4) Avatar 2:(1,4) Moving west.
0:(15,20) 1:(14,20) 2:(0,4) Avatar 0:(15,20) Moving west.
0:(14,20) 1:(14,20) 2:(0,4) Avatar 1:(14,20) Moving south.
0:(14,20) 1:(14,21) 2:(0,4) Avatar 2:(0,4) Moving south.
0:(14,20) 1:(14,21) 2:(0,5) Avatar 0:(14,20) Moving south.
0:(14,21) 1:(14,21) 2:(0,5) Avatar 1:(14,21) Moving east.
0:(14,21) 1:(14,21) 2:(0,5) Avatar 2:(0,5) Moving south.
0:(14,21) 1:(14,21) 2:(0,6) Avatar 0:(14,21) Sleeping.
0:(14,21) 1:(14,21) 2:(0,6) Avatar 1:(14,21) Moving south.
0:(14,21) 1:(14,21) 2:(0,6) Avatar 2:(0,6) Moving east.
0:(14,21) 1:(14,21) 2:(0,6) Avatar 0:(14,21) Sleeping.
0:(14,21) 1:(14,21) 2:(0,6) Avatar 1:(14,21) Moving west.
0:(14,21) 1:(13,21) 2:(0,6) Avatar 2:(0,6) Moving south.
0:(14,21) 1:(13,21) 2:(0,7) Avatar 0:(14,21) Moving west.
0:(13,21) 1:(13,21) 2:(0,7) Avatar 1:(13,21) Moving south.
0:(13,21) 1:(13,22) 2:(0,7) Avatar 2:(0,7) Moving east.
0:(13,21) 1:(13,22) 2:(1,7) Avatar 0:(13,21) Moving south.
0:(13,22) 1:(13,22) 2:(1,7) Avatar 1:(13,22) Moving east.
0:(13,22) 1:(14,22) 2:(1,7) Avatar 2:(1,7) Moving east.
0:(13,22) 1:(14,22) 2:(2,7) Avatar 0:(13,22) Moving east.
0:(14,22) 1:(14,22) 2:(2,7) Avatar 1:(14,22) Moving east.
0:(14,22) 1:(15,22) 2:(2,7) Avatar 2:(2,7) Moving north.
0:(14,22) 1:(15,22) 2:(2,6) Avatar 0:(14,22) Moving east.
0:(15,22) 1:(15,22) 2:(2,6) Avatar 1:(15,22) Moving north.
0:(15,22) 1:(15,21) 2:(2,6) Avatar 2:(2,6) Moving east.
0:(15,22) 1:(15,21) 2:(3,6) Avatar 0:(15,22) Moving north.
0:(15,21) 1:(15,21) 2:(3,6) Avatar 1:(15,21) Moving east.
0:(15,21) 1:(16,21) 2:(3,6) Avatar 2:(3,6) Moving south.
0:(15,21) 1:(16,21) 2:(3,7) Avatar 0:(15,21) Moving east.
0:(16,21) 1:(16,21) 2:(3,7) Avatar 1:(16,21) Moving north.
0:(16,21) 1:(16,20) 2:(3,7) Avatar 2:(3,7) Moving south.
0:(16,21) 1:(16,20) 2:(3,8) Avatar 0:(16,21) Moving north.
0:(16,20) 1:(16,20) 2:(3,8) Avatar 1:(16,20) Moving north.
0:(16,20) 1:(16,20) 2:(3,8) Avatar 2:(3,8) Moving south.
0:(16,20) 1:(16,20) 2:(3,9) Avatar 0:(16,20) Sleeping.
0:(16,20) 1:(16,20) 2:(3,9) Avatar 1:(16,20) Moving east.
0:(16,20) 1:(17,20) 2:(3,9) Avatar 2:(3,9) Moving south.
0:(16,20) 1:(17,20) 2:(3,9) Avatar 0:(16,20) Moving east.
0:(17,20) 1:(17,20) 2:(3,9) Avatar 1:(17,20) Moving north.
0:(17,20) 1:(17,20) 2:(3,9) Avatar 2:(3,9) Moving west.
0:(17,20) 1:(17,20) 2:(2,9) Avatar 0:(17,20) Sleeping.
0:(17,20) 1:(17,20) 2:(2,9) Avatar 1:(17,20) Moving east.
0:(17,20) 1:(17,20) 2:(2,9) Avatar 2:(2,9) Moving south.
0:(17,20) 1:(17,20) 2:(2,10) Avatar 0:(17,20) Sleeping.
0:(17,20) 1:(17,20) 2:(2,10) Avatar 1:(17,20) Moving south.
0:(17,20) 1:(17,21) 2:(2,10) Avatar 2:(2,10) Moving east.
0:(17,20) 1:(17,21) 2:(2,10) Avatar 0:(17,20) Moving south.
0:(17,21) 1:(17,21) 2:(2,10) Avatar 1:(17,21) Moving east.
0:(17,21) 1:(17,21) 2:(2,10) Avatar 2:(2,10) Moving west.
0:(17,21) 1:(17,21) 2:(1,10) Avatar 0:(17,21) Sleeping.
0:(17,21) 1:(17,21) 2:(1,10) Avatar 1:(17,21) Moving south.
0:(17,21) 1:(17,22) 2:(1,10) Avatar 2:(1,10) Moving south.
0:(17,21) 1:(17,22) 2:(1,10) Avatar 0:(17,21) Moving south.
0:(17,22) 1:(17,22) 2:(1,10) Avatar 1:(17,22) Moving east.
0:(17,22) 1:(17,22) 2:(1,10) Avatar 2:(1,10) Moving west.
0:(17,22) 1:(17,22) 2:(1,10) Avatar 0:(17,22) Sleeping.
0:(17,22) 1:(17,22) 2:(1,10) Avatar 1:(17,22) Moving south.
0:(17,22) 1:(17,23) 2:(1,10) Avatar 2:(1,10) Moving north.
0:(17,22) 1:(17,23) 2:(1,9) Avatar 0:(17,22) Moving south.
0:(17,23) 1:(17,23) 2:(1,9) Avatar 1:(17,23) Moving east.
0:(17,23) 1:(18,23) 2:(1,9) Avatar 2:(1,9) Moving west.
0:(17,23) 1:(18,23) 2:(0,9) Avatar 0:(17,23) Moving east.
0:(18,23) 1:(18,23) 2:(0,9) Avatar 1:(18,23) Moving north.
0:(18,23) 1:(18,23) 2:(0,9) Avatar 2:(0,9) Moving south.
0:(18,23) 1:(18,23) 2:(0,10) Avatar 0:(18,23) Sleeping.
0:(18,23) 1:(18,23) 2:(0,10) Avatar 1:(18,23) Moving east.
0:(18,23) 1:(19,23) 2:(0,10) Avatar 2:(0,10) Moving south.
0:(18,23) 1:(19,23) 2:(0,11) Avatar 0:(18,23) Moving east.
0:(19,23) 1:(19,23) 2:(0,11) Avatar 1:(19,23) Moving north.
0:(19,23) 1:(19,23) 2:(0,11) Avatar 2:(0,11) Moving east.
0:(19,23) 1:(19,23) 2:(0,11) Avatar 0:(19,23) Sleeping.
0:(19,23) 1:(19,23) 2:(0,11) Avatar 1:(19,23) Moving south.
0:(19,23) 1:(19,24) 2:(0,11) Avatar 2:(0,11) Moving south.
0:(19,23) 1:(19,24) 2:(0,12) Avatar 0:(19,23) Moving south.
0:(19,24) 1:(19,24) 2:(0,12) Avatar 1:(19,24) Moving west.
0:(19,24) 1:(18,24) 2:(0,12) Avatar 2:(0,12) Moving south.
0:(19,24) 1:(18,24) 2:(0,12) Avatar 0:(19,24) Moving west.
0:(18,24) 1:(18,24) 2:(0,12) Avatar 1:(18,24) Moving north.
0:(18,24) 1:(18,24) 2:(0,12) Avatar 2:(0,12) Moving east.
0:(18,24) 1:(18,24) 2:(1,12) Avatar 0:(18,24) Sleeping.
0:(18,24) 1:(18,24) 2:(1,12) Avatar 1:(18,24) Moving west.
0:(18,24) 1:(17,24) 2:(1,12) Avatar 2:(1,12) Moving south.
0:(18,24) 1:(17,24) 2:(1,13) Avatar 0:(18,24) Moving west.
0:(17,24) 1:(17,24) 2:(1,13) Avatar 1:(17,24) Moving north.
0:(17,24) 1:(17,24) 2:(1,13) Avatar 2:(1,13) Moving east.
0:(17,24) 1:(17,24) 2:(1,13) Avatar 0:(17,24) Sleeping.
0:(17,24) 1:(17,24) 2:(1,13) Avatar 1:(17,24) Moving west.
0:(17,24) 1:(16,24) 2:(1,13) Avatar 2:(1,13) Moving west.
0:(17,24) 1:(16,24) 2:(1,13) Avatar 0:(17,24) Moving west.
0:(16,24) 1:(16,24) 2:(1,13) Avatar 1:(16,24) Moving north.
0:(16,24) 1:(16,23) 2:(1,13) Avatar 2:(1,13) Moving south.
0:(16,24) 1:(16,23) 2:(1,14) Avatar 0:(16,24) Moving north.
0:(16,23) 1:(16,23) 2:(1,14) Avatar 1:(16,23) Moving north.
0:(16,23) 1:(16,23) 2:(1,14) Avatar 2:(1,14) Moving south.
0:(16,23) 1:(16,23) 2:(1,14) Avatar 0:(16,23) Sleeping.
0:(16,23) 1:(16,23) 2:(1,14) Avatar 1:(16,23) Moving east.
0:(16,23) 1:(16,23) 2:(1,14) Avatar 2:(1,14) Moving west.
0:(16,23) 1:(16,23) 2:(1,14) Avatar 0:(16,23) Sleeping.
0:(16,23) 1:(16,23) 2:(1,14) Avatar 1:(16,23) Moving west.
0:(16,23) 1:(15,23) 2:(1,14) Avatar 2:(1,14) Moving east.
0:(16,23) 1:(15,23) 2:(2,14) Avatar 0:(16,23) Moving west.
0:(15,23) 1:(15,23) 2:(2,14) Avatar 1:(15,23) Moving north.
0:(15,23) 1:(15,23) 2:(2,14) Avatar 2:(2,14) Moving south.
0:(15,23) 1:(15,23) 2:(2,15) Avatar 0:(15,23) Sleeping.
0:(15,23) 1:(15,23) 2:(2,15) Avatar 1:(15,23) Moving south.
0:(15,23) 1:(15,24) 2:(2,15) Avatar 2:(2,15) Moving east.
0:(15,23) 1:(15,24) 2:(2,15) Avatar 0:(15,23) Moving south.
0:(15,24) 1:(15,24) 2:(2,15) Avatar 1:(15,24) Moving east.
0:(15,24) 1:(15,24) 2:(2,15) Avatar 2:(2,15) Moving west.
0:(15,24) 1:(15,24) 2:(2,15) Avatar 0:(15,24) Sleeping.
0:(15,24) 1:(15,24) 2:(2,15) Avatar 1:(15,24) Moving west.
0:(15,24) 1:(14,24) 2:(2,15) Avatar 2:(2,15) Moving south.
0:(15,24) 1:(14,24) 2:(2,16) Avatar 0:(15,24) Moving west.
0:(14,24) 1:(14,24) 2:(2,16) Avatar 1:(14,24) Moving north.
0:(14,24) 1:(14,24) 2:(2,16) Avatar 2:(2,16) Moving east.
0:(14,24) 1:(14,24) 2:(2,16) Avatar 0:(14,24) Sleeping.
0:(14,24) 1:(14,24) 2:(2,16) Avatar 1:(14,24) Moving west.
0:(14,24) 1:(13,24) 2:(2,16) Avatar 2:(2,16) Moving west.
0:(14,24) 1:(13,24) 2:(1,16) Avatar 0:(14,24) Moving west.
0:(13,24) 1:(13,24) 2:(1,16) Avatar 1:(13,24) Moving north.
0:(13,24) 1:(13,23) 2:(1,16) Avatar 2:(1,16) Moving west.
0:(13,24) 1:(13,23) 2:(1,16) Avatar 0:(13,24) Moving north.
0:(13,23) 1:(13,23) 2:(1,16) Avatar 1:(13,23) Moving north.
0:(13,23) 1:(13,23) 2:(1,16) Avatar 2:(1,16) Moving south.
0:(13,23) 1:(13,23) 2:(1,17) Avatar 0:(13,23) Sleeping.
0:(13,23) 1:(13,23) 2:(1,17) Avatar 1:(13,23) Moving east.
0:(13,23) 1:(13,23) 2:(1,17) Avatar 2:(1,17) Moving south.
0:(13,23) 1:(13,23) 2:(1,17) Avatar 0:(13,23) Sleeping.
0:(13,23) 1:(13,23) 2:(1,17) Avatar 1:(13,23) Moving west.
0:(13,23) 1:(12,23) 2:(1,17) Avatar 2:(1,17) Moving west.
0:(13,23) 1:(12,23) 2:(1,17) Avatar 0:(13,23) Moving west.
0:(12,23) 1:(12,23) 2:(1,17) Avatar 1:(12,23) Moving north.
0:(12,23) 1:(12,23) 2:(1,17) Avatar 2:(1,17) Moving east.
0:(12,23) 1:(12,23) 2:(2,17) Avatar 0:(12,23) Sleeping.
0:(12,23) 1:(12,23) 2:(2,17) Avatar 1:(12,23) Moving south.
0:(12,23) 1:(12,24) 2:(2,17) Avatar 2:(2,17) Moving south.
0:(12,23) 1:(12,24) 2:(2,18) Avatar 0:(12,23) Moving south.
0:(12,24) 1:(12,24) 2:(2,18) Avatar 1:(12,24) Moving east.
0:(12,24) 1:(12,24) 2:(2,18) Avatar 2:(2,18) Moving east.
0:(12,24) 1:(12,24) 2:(2,18) Avatar 0:(12,24) Sleeping.
0:(12,24) 1:(12,24) 2:(2,18) Avatar 1:(12,24) Moving west.
0:(12,24) 1:(11,24) 2:(2,18) Avatar 2:(2,18) Moving west.
0:(12,24) 1:(11,24) 2:(2,18) Avatar 0:(12,24) Moving west.
0:(11,24) 1:(11,24) 2:(2,18) Avatar 1:(11,24) Moving north.
0:(11,24) 1:(11,23) 2:(2,18) Avatar 2:(2,18) Moving south.
0:(11,24) 1:(11,23) 2:(2,19) Avatar 0:(11,24) Moving north.
0:(11,23) 1:(11,23) 2:(2,19) Avatar 1:(11,23) Moving north.
0:(11,23) 1:(11,23) 2:(2,19) Avatar 2:(2,19) Moving south.
0:(11,23) 1:(11,23) 2:(2,19) Avatar 0:(11,23) Sleeping.
0:(11,23) 1:(11,23) 2:(2,19) Avatar 1:(11,23) Moving east.
0:(11,23) 1:(11,23) 2:(2,19) Avatar 2:(2,19) Moving west.
0:(11,23) 1:(11,23) 2:(2,19) Avatar 0:(11,23) Sleeping.
0:(11,23) 1:(11,23) 2:(2,19) Avatar 1:(11,23) Moving west.
0:(11,23) 1:(10,23) 2:(2,19) Avatar 2:(2,19) Moving east.
0:(11,23) 1:(10,23) 2:(3,19) Avatar 0:(11,23) Moving west.
0:(10,23) 1:(10,23) 2:(3,19) Avatar 1:(10,23) Moving north.
0:(10,23) 1:(10,23) 2:(3,19) Avatar 2:(3,19) Moving south.
0:(10,23) 1:(10,23) 2:(3,20) Avatar 0:(10,23) Sleeping.
0:(10,23) 1:(10,23) 2:(3,20) Avatar 1:(10,23) Moving south.
0:(10,23) 1:(10,24) 2:(3,20) Avatar 2:(3,20) Moving south.
0:(10,23) 1:(10,24) 2:(3,20) Avatar 0:(10,23) Moving south.
0:(10,24) 1:(10,24) 2:(3,20) Avatar 1:(10,24) Moving east.
0:(10,24) 1:(10,24) 2:(3,20) Avatar 2:(3,20) Moving west.
0:(10,24) 1:(10,24) 2:(3,20) Avatar 0:(10,24) Sleeping.
0:(10,24) 1:(10,24) 2:(3,20) Avatar 1:(10,24) Moving west.
0:(10,24) 1:(9,24) 2:(3,20) Avatar 2:(3,20) Moving east.
0:(10,24) 1:(9,24) 2:(4,20) Avatar 0:(10,24) Moving west.
0:(9,24) 1:(9,24) 2:(4,20) Avatar 1:(9,24) Moving north.
0:(9,24) 1:(9,24) 2:(4,20) Avatar 2:(4,20) Moving south.
0:(9,24) 1:(9,24) 2:(4,21) Avatar 0:(9,24) Sleeping.
0:(9,24) 1:(9,24) 2:(4,21) Avatar 1:(9,24) Moving west.
0:(9,24) 1:(8,24) 2:(4,21) Avatar 2:(4,21) Moving south.
0:(9,24) 1:(8,24) 2:(4,21) Avatar 0:(9,24) Moving west.
0:(8,24) 1:(8,24) 2:(4,21) Avatar 1:(8,24) Moving north.
0:(8,24) 1:(8,23) 2:(4,21) Avatar 2:(4,21) Moving east.
0:(8,24) 1:(8,23) 2:(5,21) Avatar 0:(8,24) Moving north.
0:(8,23) 1:(8,23) 2:(5,21) Avatar 1:(8,23) Moving north.
0:(8,23) 1:(8,22) 2:(5,21) Avatar 2:(5,21) Sleeping.
0:(8,23) 1:(8,22) 2:(5,21) Avatar 0:(8,23) Moving north.
0:(8,22) 1:(8,22) 2:(5,21) Avatar 1:(8,22) Moving west.
0:(8,22) 1:(7,22) 2:(5,21) Avatar 2:(5,21) Sleeping.
0:(8,22) 1:(7,22) 2:(5,21) Avatar 0:(8,22) Moving west.
0:(7,22) 1:(7,22) 2:(5,21) Avatar 1:(7,22) Moving north.
0:(7,22) 1:(7,21) 2:(5,21) Avatar 2:(5,21) Sleeping.
0:(7,22) 1:(7,21) 2:(5,21) Avatar 0:(7,22) Moving north.
0:(7,21) 1:(7,21) 2:(5,21) Avatar 1:(7,21) Moving north.
0:(7,21) 1:(7,20) 2:(5,21) Avatar 2:(5,21) Sleeping.
0:(7,21) 1:(7,20) 2:(5,21) Avatar 0:(7,21) Moving north.
0:(7,20) 1:(7,20) 2:(5,21) Avatar 1:(7,20) Moving west.
0:(7,20) 1:(6,20) 2:(5,21) Avatar 2:(5,21) Sleeping.
0:(7,20) 1:(6,20) 2:(5,21) Avatar 0:(7,20) Moving west.
0:(6,20) 1:(6,20) 2:(5,21) Avatar 1:(6,20) Moving south.
0:(6,20) 1:(6,21) 2:(5,21) Avatar 2:(5,21) Sleeping.
0:(6,20) 1:(6,21) 2:(5,21) Avatar 0:(6,20) Moving south.
0:(6,21) 1:(6,21) 2:(5,21) Avatar 1:(6,21) Moving west.
0:(6,21) 1:(5,21) 2:(5,21) Avatar 2:(5,21) Sleeping.
0:(6,21) 1:(5,21) 2:(5,21) Avatar 0:(6,21) Moving west.
AM_MAZE_SOLVED 3 4 1281 1585886749