diyogon 39233 Sun Aug 28 17:13:53 2016

Avatar 0:(2,0) Moving east.
0:(3,0) 1:(2,5) 2:(4,4) 3:(3,0) Avatar 1:(2,5) Moving north.
0:(3,0) 1:(2,5) 2:(4,4) 3:(3,0) Avatar 2:(4,4) Moving north.
0:(3,0) 1:(2,5) 2:(4,4) 3:(3,0) Avatar 3:(3,0) Moving east.
0:(3,0) 1:(2,5) 2:(4,4) 3:(3,0) Avatar 0:(3,0) Moving south.
0:(3,0) 1:(2,5) 2:(4,4) 3:(3,0) Avatar 1:(2,5) Moving east.
0:(3,0) 1:(2,5) 2:(4,4) 3:(3,0) Avatar 2:(4,4) Moving east.
0:(3,0) 1:(2,5) 2:(5,4) 3:(3,0) Avatar 3:(3,0) Moving west.
0:(3,0) 1:(2,5) 2:(5,4) 3:(2,0) Avatar 0:(3,0) Moving west.
0:(2,0) 1:(2,5) 2:(5,4) 3:(2,0) Avatar 1:(2,5) Moving south.
0:(2,0) 1:(2,6) 2:(5,4) 3:(2,0) Avatar 2:(5,4) Moving north.
0:(2,0) 1:(2,6) 2:(5,3) 3:(2,0) Avatar 3:(2,0) Moving south.
0:(2,0) 1:(2,6) 2:(5,3) 3:(2,1) Avatar 0:(2,0) Moving south.
0:(2,1) 1:(2,6) 2:(5,3) 3:(2,1) Avatar 1:(2,6) Moving east.
0:(2,1) 1:(2,6) 2:(5,3) 3:(2,1) Avatar 2:(5,3) Moving north.
0:(2,1) 1:(2,6) 2:(5,2) 3:(2,1) Avatar 3:(2,1) Moving east.
0:(2,1) 1:(2,6) 2:(5,2) 3:(3,1) Avatar 0:(2,1) Moving east.
0:(3,1) 1:(2,6) 2:(5,2) 3:(3,1) Avatar 1:(2,6) Moving south.
0:(3,1) 1:(2,7) 2:(5,2) 3:(3,1) Avatar 2:(5,2) Moving north.
0:(3,1) 1:(2,7) 2:(5,1) 3:(3,1) Avatar 3:(3,1) Moving east.
0:(3,1) 1:(2,7) 2:(5,1) 3:(4,1) Avatar 0:(3,1) Moving east.
0:(4,1) 1:(2,7) 2:(5,1) 3:(4,1) Avatar 1:(2,7) Moving east.
0:(4,1) 1:(2,7) 2:(5,1) 3:(4,1) Avatar 2:(5,1) Moving north.
0:(4,1) 1:(2,7) 2:(5,0) 3:(4,1) Avatar 3:(4,1) Moving north.
0:(4,1) 1:(2,7) 2:(5,0) 3:(4,0) Avatar 0:(4,1) Moving north.
0:(4,0) 1:(2,7) 2:(5,0) 3:(4,0) Avatar 1:(2,7) Moving south.
0:(4,0) 1:(2,8) 2:(5,0) 3:(4,0) Avatar 2:(5,0) Moving west.
0:(4,0) 1:(2,8) 2:(4,0) 3:(4,0) Avatar 3:(4,0) Moving east.
0:(4,0) 1:(2,8) 2:(4,0) 3:(5,0) Avatar 0:(4,0) Moving east.
0:(5,0) 1:(2,8) 2:(4,0) 3:(5,0) Avatar 1:(2,8) Moving east.
0:(5,0) 1:(3,8) 2:(4,0) 3:(5,0) Avatar 2:(4,0) Moving east.
0:(5,0) 1:(3,8) 2:(5,0) 3:(5,0) Avatar 3:(5,0) Moving south.
0:(5,0) 1:(3,8) 2:(5,0) 3:(5,1) Avatar 0:(5,0) Moving south.
0:(5,1) 1:(3,8) 2:(5,0) 3:(5,1) Avatar 1:(3,8) Moving north.
0:(5,1) 1:(3,8) 2:(5,0) 3:(5,1) Avatar 2:(5,0) Moving south.
0:(5,1) 1:(3,8) 2:(5,1) 3:(5,1) Avatar 3:(5,1) Moving west.
0:(5,1) 1:(3,8) 2:(5,1) 3:(5,1) Avatar 0:(5,1) Sleeping.
0:(5,1) 1:(3,8) 2:(5,1) 3:(5,1) Avatar 1:(3,8) Moving east.
0:(5,1) 1:(4,8) 2:(5,1) 3:(5,1) Avatar 2:(5,1) Sleeping.
0:(5,1) 1:(4,8) 2:(5,1) 3:(5,1) Avatar 3:(5,1) Moving south.
0:(5,1) 1:(4,8) 2:(5,1) 3:(5,2) Avatar 0:(5,1) Moving south.
0:(5,2) 1:(4,8) 2:(5,1) 3:(5,2) Avatar 1:(4,8) Moving north.
0:(5,2) 1:(4,8) 2:(5,1) 3:(5,2) Avatar 2:(5,1) Moving south.
0:(5,2) 1:(4,8) 2:(5,2) 3:(5,2) Avatar 3:(5,2) Moving west.
0:(5,2) 1:(4,8) 2:(5,2) 3:(5,2) Avatar 0:(5,2) Sleeping.
0:(5,2) 1:(4,8) 2:(5,2) 3:(5,2) Avatar 1:(4,8) Moving east.
0:(5,2) 1:(5,8) 2:(5,2) 3:(5,2) Avatar 2:(5,2) Sleeping.
0:(5,2) 1:(5,8) 2:(5,2) 3:(5,2) Avatar 3:(5,2) Moving south.
0:(5,2) 1:(5,8) 2:(5,2) 3:(5,3) Avatar 0:(5,2) Moving south.
0:(5,3) 1:(5,8) 2:(5,2) 3:(5,3) Avatar 1:(5,8) Moving north.
0:(5,3) 1:(5,7) 2:(5,2) 3:(5,3) Avatar 2:(5,2) Moving south.
0:(5,3) 1:(5,7) 2:(5,3) 3:(5,3) Avatar 3:(5,3) Moving west.
0:(5,3) 1:(5,7) 2:(5,3) 3:(5,3) Avatar 0:(5,3) Sleeping.
0:(5,3) 1:(5,7) 2:(5,3) 3:(5,3) Avatar 1:(5,7) Moving north.
0:(5,3) 1:(5,7) 2:(5,3) 3:(5,3) Avatar 2:(5,3) Sleeping.
0:(5,3) 1:(5,7) 2:(5,3) 3:(5,3) Avatar 3:(5,3) Moving south.
0:(5,3) 1:(5,7) 2:(5,3) 3:(5,4) Avatar 0:(5,3) Moving south.
0:(5,4) 1:(5,7) 2:(5,3) 3:(5,4) Avatar 1:(5,7) Moving west.
0:(5,4) 1:(5,7) 2:(5,3) 3:(5,4) Avatar 2:(5,3) Moving south.
0:(5,4) 1:(5,7) 2:(5,4) 3:(5,4) Avatar 3:(5,4) Moving south.
0:(5,4) 1:(5,7) 2:(5,4) 3:(5,4) Avatar 0:(5,4) Sleeping.
0:(5,4) 1:(5,7) 2:(5,4) 3:(5,4) Avatar 1:(5,7) Moving south.
0:(5,4) 1:(5,8) 2:(5,4) 3:(5,4) Avatar 2:(5,4) Sleeping.
0:(5,4) 1:(5,8) 2:(5,4) 3:(5,4) Avatar 3:(5,4) Moving west.
0:(5,4) 1:(5,8) 2:(5,4) 3:(4,4) Avatar 0:(5,4) Moving west.
0:(4,4) 1:(5,8) 2:(5,4) 3:(4,4) Avatar 1:(5,8) Moving west.
0:(4,4) 1:(4,8) 2:(5,4) 3:(4,4) Avatar 2:(5,4) Moving west.
0:(4,4) 1:(4,8) 2:(4,4) 3:(4,4) Avatar 3:(4,4) Moving south.
0:(4,4) 1:(4,8) 2:(4,4) 3:(4,5) Avatar 0:(4,4) Moving south.
0:(4,5) 1:(4,8) 2:(4,4) 3:(4,5) Avatar 1:(4,8) Moving west.
0:(4,5) 1:(3,8) 2:(4,4) 3:(4,5) Avatar 2:(4,4) Moving south.
0:(4,5) 1:(3,8) 2:(4,5) 3:(4,5) Avatar 3:(4,5) Moving east.
0:(4,5) 1:(3,8) 2:(4,5) 3:(5,5) Avatar 0:(4,5) Moving east.
0:(5,5) 1:(3,8) 2:(4,5) 3:(5,5) Avatar 1:(3,8) Moving west.
0:(5,5) 1:(2,8) 2:(4,5) 3:(5,5) Avatar 2:(4,5) Moving east.
0:(5,5) 1:(2,8) 2:(5,5) 3:(5,5) Avatar 3:(5,5) Moving south.
0:(5,5) 1:(2,8) 2:(5,5) 3:(5,6) Avatar 0:(5,5) Moving south.
0:(5,6) 1:(2,8) 2:(5,5) 3:(5,6) Avatar 1:(2,8) Moving west.
0:(5,6) 1:(1,8) 2:(5,5) 3:(5,6) Avatar 2:(5,5) Moving south.
0:(5,6) 1:(1,8) 2:(5,6) 3:(5,6) Avatar 3:(5,6) Moving west.
0:(5,6) 1:(1,8) 2:(5,6) 3:(4,6) Avatar 0:(5,6) Moving west.
0:(4,6) 1:(1,8) 2:(5,6) 3:(4,6) Avatar 1:(1,8) Moving north.
0:(4,6) 1:(1,7) 2:(5,6) 3:(4,6) Avatar 2:(5,6) Moving west.
0:(4,6) 1:(1,7) 2:(4,6) 3:(4,6) Avatar 3:(4,6) Moving north.
0:(4,6) 1:(1,7) 2:(4,6) 3:(4,6) Avatar 0:(4,6) Sleeping.
0:(4,6) 1:(1,7) 2:(4,6) 3:(4,6) Avatar 1:(1,7) Moving north.
0:(4,6) 1:(1,7) 2:(4,6) 3:(4,6) Avatar 2:(4,6) Sleeping.
0:(4,6) 1:(1,7) 2:(4,6) 3:(4,6) Avatar 3:(4,6) Moving south.
0:(4,6) 1:(1,7) 2:(4,6) 3:(4,7) Avatar 0:(4,6) Moving south.
0:(4,7) 1:(1,7) 2:(4,6) 3:(4,7) Avatar 1:(1,7) Moving east.
0:(4,7) 1:(1,7) 2:(4,6) 3:(4,7) Avatar 2:(4,6) Moving south.
0:(4,7) 1:(1,7) 2:(4,7) 3:(4,7) Avatar 3:(4,7) Moving west.
0:(4,7) 1:(1,7) 2:(4,7) 3:(3,7) Avatar 0:(4,7) Moving west.
0:(3,7) 1:(1,7) 2:(4,7) 3:(3,7) Avatar 1:(1,7) Moving west.
0:(3,7) 1:(0,7) 2:(4,7) 3:(3,7) Avatar 2:(4,7) Moving west.
0:(3,7) 1:(0,7) 2:(3,7) 3:(3,7) Avatar 3:(3,7) Moving north.
0:(3,7) 1:(0,7) 2:(3,7) 3:(3,6) Avatar 0:(3,7) Moving north.
0:(3,6) 1:(0,7) 2:(3,7) 3:(3,6) Avatar 1:(0,7) Moving north.
0:(3,6) 1:(0,7) 2:(3,7) 3:(3,6) Avatar 2:(3,7) Moving north.
0:(3,6) 1:(0,7) 2:(3,6) 3:(3,6) Avatar 3:(3,6) Moving north.
0:(3,6) 1:(0,7) 2:(3,6) 3:(3,5) Avatar 0:(3,6) Moving north.
0:(3,5) 1:(0,7) 2:(3,6) 3:(3,5) Avatar 1:(0,7) Moving south.
0:(3,5) 1:(0,8) 2:(3,6) 3:(3,5) Avatar 2:(3,6) Moving north.
0:(3,5) 1:(0,8) 2:(3,5) 3:(3,5) Avatar 3:(3,5) Moving north.
0:(3,5) 1:(0,8) 2:(3,5) 3:(3,4) Avatar 0:(3,5) Moving north.
0:(3,4) 1:(0,8) 2:(3,5) 3:(3,4) Avatar 1:(0,8) Moving east.
0:(3,4) 1:(0,8) 2:(3,5) 3:(3,4) Avatar 2:(3,5) Moving north.
0:(3,4) 1:(0,8) 2:(3,4) 3:(3,4) Avatar 3:(3,4) Moving north.
0:(3,4) 1:(0,8) 2:(3,4) 3:(3,4) Avatar 0:(3,4) Sleeping.
0:(3,4) 1:(0,8) 2:(3,4) 3:(3,4) Avatar 1:(0,8) Moving north.
0:(3,4) 1:(0,7) 2:(3,4) 3:(3,4) Avatar 2:(3,4) Sleeping.
0:(3,4) 1:(0,7) 2:(3,4) 3:(3,4) Avatar 3:(3,4) Moving east.
0:(3,4) 1:(0,7) 2:(3,4) 3:(3,4) Avatar 0:(3,4) Sleeping.
0:(3,4) 1:(0,7) 2:(3,4) 3:(3,4) Avatar 1:(0,7) Moving east.
0:(3,4) 1:(1,7) 2:(3,4) 3:(3,4) Avatar 2:(3,4) Sleeping.
0:(3,4) 1:(1,7) 2:(3,4) 3:(3,4) Avatar 3:(3,4) Moving west.
0:(3,4) 1:(1,7) 2:(3,4) 3:(2,4) Avatar 0:(3,4) Moving west.
0:(2,4) 1:(1,7) 2:(3,4) 3:(2,4) Avatar 1:(1,7) Moving south.
0:(2,4) 1:(1,8) 2:(3,4) 3:(2,4) Avatar 2:(3,4) Moving west.
0:(2,4) 1:(1,8) 2:(2,4) 3:(2,4) Avatar 3:(2,4) Moving north.
0:(2,4) 1:(1,8) 2:(2,4) 3:(2,4) Avatar 0:(2,4) Sleeping.
0:(2,4) 1:(1,8) 2:(2,4) 3:(2,4) Avatar 1:(1,8) Moving east.
0:(2,4) 1:(2,8) 2:(2,4) 3:(2,4) Avatar 2:(2,4) Sleeping.
0:(2,4) 1:(2,8) 2:(2,4) 3:(2,4) Avatar 3:(2,4) Moving west.
0:(2,4) 1:(2,8) 2:(2,4) 3:(1,4) Avatar 0:(2,4) Moving west.
0:(1,4) 1:(2,8) 2:(2,4) 3:(1,4) Avatar 1:(2,8) Moving north.
0:(1,4) 1:(2,7) 2:(2,4) 3:(1,4) Avatar 2:(2,4) Moving west.
0:(1,4) 1:(2,7) 2:(1,4) 3:(1,4) Avatar 3:(1,4) Moving north.
0:(1,4) 1:(2,7) 2:(1,4) 3:(1,3) Avatar 0:(1,4) Moving north.
0:(1,3) 1:(2,7) 2:(1,4) 3:(1,3) Avatar 1:(2,7) Moving north.
0:(1,3) 1:(2,6) 2:(1,4) 3:(1,3) Avatar 2:(1,4) Moving north.
0:(1,3) 1:(2,6) 2:(1,3) 3:(1,3) Avatar 3:(1,3) Moving north.
0:(1,3) 1:(2,6) 2:(1,3) 3:(1,3) Avatar 0:(1,3) Sleeping.
0:(1,3) 1:(2,6) 2:(1,3) 3:(1,3) Avatar 1:(2,6) Moving west.
0:(1,3) 1:(2,6) 2:(1,3) 3:(1,3) Avatar 2:(1,3) Sleeping.
0:(1,3) 1:(2,6) 2:(1,3) 3:(1,3) Avatar 3:(1,3) Moving east.
0:(1,3) 1:(2,6) 2:(1,3) 3:(1,3) Avatar 0:(1,3) Sleeping.
0:(1,3) 1:(2,6) 2:(1,3) 3:(1,3) Avatar 1:(2,6) Moving north.
0:(1,3) 1:(2,5) 2:(1,3) 3:(1,3) Avatar 2:(1,3) Sleeping.
0:(1,3) 1:(2,5) 2:(1,3) 3:(1,3) Avatar 3:(1,3) Moving west.
0:(1,3) 1:(2,5) 2:(1,3) 3:(1,3) Avatar 0:(1,3) Moving south.
0:(1,4) 1:(2,5) 2:(1,3) 3:(1,3) Avatar 1:(2,5) Moving west.
0:(1,4) 1:(1,5) 2:(1,3) 3:(1,3) Avatar 2:(1,3) Moving south.
0:(1,4) 1:(1,5) 2:(1,4) 3:(1,3) Avatar 3:(1,3) Moving south.
0:(1,4) 1:(1,5) 2:(1,4) 3:(1,4) Avatar 0:(1,4) Sleeping.
0:(1,4) 1:(1,5) 2:(1,4) 3:(1,4) Avatar 1:(1,5) Moving north.
0:(1,4) 1:(1,5) 2:(1,4) 3:(1,4) Avatar 2:(1,4) Sleeping.
0:(1,4) 1:(1,5) 2:(1,4) 3:(1,4) Avatar 3:(1,4) Moving west.
0:(1,4) 1:(1,5) 2:(1,4) 3:(1,4) Avatar 0:(1,4) Moving east.
0:(2,4) 1:(1,5) 2:(1,4) 3:(1,4) Avatar 1:(1,5) Moving south.
0:(2,4) 1:(1,6) 2:(1,4) 3:(1,4) Avatar 2:(1,4) Moving east.
0:(2,4) 1:(1,6) 2:(2,4) 3:(1,4) Avatar 3:(1,4) Moving east.
0:(2,4) 1:(1,6) 2:(2,4) 3:(2,4) Avatar 0:(2,4) Moving east.
0:(3,4) 1:(1,6) 2:(2,4) 3:(2,4) Avatar 1:(1,6) Moving west.
0:(3,4) 1:(0,6) 2:(2,4) 3:(2,4) Avatar 2:(2,4) Moving east.
0:(3,4) 1:(0,6) 2:(3,4) 3:(2,4) Avatar 3:(2,4) Moving east.
0:(3,4) 1:(0,6) 2:(3,4) 3:(3,4) Avatar 0:(3,4) Moving south.
0:(3,5) 1:(0,6) 2:(3,4) 3:(3,4) Avatar 1:(0,6) Moving north.
0:(3,5) 1:(0,5) 2:(3,4) 3:(3,4) Avatar 2:(3,4) Moving south.
0:(3,5) 1:(0,5) 2:(3,5) 3:(3,4) Avatar 3:(3,4) Moving south.
0:(3,5) 1:(0,5) 2:(3,5) 3:(3,5) Avatar 0:(3,5) Sleeping.
0:(3,5) 1:(0,5) 2:(3,5) 3:(3,5) Avatar 1:(0,5) Moving north.
0:(3,5) 1:(0,4) 2:(3,5) 3:(3,5) Avatar 2:(3,5) Sleeping.
0:(3,5) 1:(0,4) 2:(3,5) 3:(3,5) Avatar 3:(3,5) Moving east.
0:(3,5) 1:(0,4) 2:(3,5) 3:(3,5) Avatar 0:(3,5) Moving south.
0:(3,6) 1:(0,4) 2:(3,5) 3:(3,5) Avatar 1:(0,4) Moving north.
0:(3,6) 1:(0,3) 2:(3,5) 3:(3,5) Avatar 2:(3,5) Moving south.
0:(3,6) 1:(0,3) 2:(3,6) 3:(3,5) Avatar 3:(3,5) Moving south.
0:(3,6) 1:(0,3) 2:(3,6) 3:(3,6) Avatar 0:(3,6) Sleeping.
0:(3,6) 1:(0,3) 2:(3,6) 3:(3,6) Avatar 1:(0,3) Moving north.
0:(3,6) 1:(0,2) 2:(3,6) 3:(3,6) Avatar 2:(3,6) Sleeping.
0:(3,6) 1:(0,2) 2:(3,6) 3:(3,6) Avatar 3:(3,6) Moving east.
0:(3,6) 1:(0,2) 2:(3,6) 3:(3,6) Avatar 0:(3,6) Moving south.
0:(3,7) 1:(0,2) 2:(3,6) 3:(3,6) Avatar 1:(0,2) Moving north.
0:(3,7) 1:(0,1) 2:(3,6) 3:(3,6) Avatar 2:(3,6) Moving south.
0:(3,7) 1:(0,1) 2:(3,7) 3:(3,6) Avatar 3:(3,6) Moving south.
0:(3,7) 1:(0,1) 2:(3,7) 3:(3,7) Avatar 0:(3,7) Moving east.
0:(4,7) 1:(0,1) 2:(3,7) 3:(3,7) Avatar 1:(0,1) Moving north.
0:(4,7) 1:(0,0) 2:(3,7) 3:(3,7) Avatar 2:(3,7) Moving east.
0:(4,7) 1:(0,0) 2:(4,7) 3:(3,7) Avatar 3:(3,7) Moving east.
0:(4,7) 1:(0,0) 2:(4,7) 3:(4,7) Avatar 0:(4,7) Moving north.
0:(4,6) 1:(0,0) 2:(4,7) 3:(4,7) Avatar 1:(0,0) Moving east.
0:(4,6) 1:(0,0) 2:(4,7) 3:(4,7) Avatar 2:(4,7) Moving north.
0:(4,6) 1:(0,0) 2:(4,6) 3:(4,7) Avatar 3:(4,7) Moving north.
0:(4,6) 1:(0,0) 2:(4,6) 3:(4,6) Avatar 0:(4,6) Moving east.
0:(5,6) 1:(0,0) 2:(4,6) 3:(4,6) Avatar 1:(0,0) Moving south.
0:(5,6) 1:(0,1) 2:(4,6) 3:(4,6) Avatar 2:(4,6) Moving east.
0:(5,6) 1:(0,1) 2:(5,6) 3:(4,6) Avatar 3:(4,6) Moving east.
0:(5,6) 1:(0,1) 2:(5,6) 3:(5,6) Avatar 0:(5,6) Moving north.
0:(5,5) 1:(0,1) 2:(5,6) 3:(5,6) Avatar 1:(0,1) Moving east.
0:(5,5) 1:(0,1) 2:(5,6) 3:(5,6) Avatar 2:(5,6) Moving north.
0:(5,5) 1:(0,1) 2:(5,5) 3:(5,6) Avatar 3:(5,6) Moving north.
0:(5,5) 1:(0,1) 2:(5,5) 3:(5,5) Avatar 0:(5,5) Moving west.
0:(4,5) 1:(0,1) 2:(5,5) 3:(5,5) Avatar 1:(0,1) Moving south.
0:(4,5) 1:(0,2) 2:(5,5) 3:(5,5) Avatar 2:(5,5) Moving west.
0:(4,5) 1:(0,2) 2:(4,5) 3:(5,5) Avatar 3:(5,5) Moving west.
0:(4,5) 1:(0,2) 2:(4,5) 3:(4,5) Avatar 0:(4,5) Moving north.
0:(4,4) 1:(0,2) 2:(4,5) 3:(4,5) Avatar 1:(0,2) Moving east.
0:(4,4) 1:(1,2) 2:(4,5) 3:(4,5) Avatar 2:(4,5) Moving north.
0:(4,4) 1:(1,2) 2:(4,4) 3:(4,5) Avatar 3:(4,5) Moving north.
0:(4,4) 1:(1,2) 2:(4,4) 3:(4,4) Avatar 0:(4,4) Moving east.
0:(5,4) 1:(1,2) 2:(4,4) 3:(4,4) Avatar 1:(1,2) Moving north.
0:(5,4) 1:(1,1) 2:(4,4) 3:(4,4) Avatar 2:(4,4) Moving east.
0:(5,4) 1:(1,1) 2:(5,4) 3:(4,4) Avatar 3:(4,4) Moving east.
0:(5,4) 1:(1,1) 2:(5,4) 3:(5,4) Avatar 0:(5,4) Moving north.
0:(5,3) 1:(1,1) 2:(5,4) 3:(5,4) Avatar 1:(1,1) Moving north.
0:(5,3) 1:(1,0) 2:(5,4) 3:(5,4) Avatar 2:(5,4) Moving north.
0:(5,3) 1:(1,0) 2:(5,3) 3:(5,4) Avatar 3:(5,4) Moving north.
0:(5,3) 1:(1,0) 2:(5,3) 3:(5,3) Avatar 0:(5,3) Moving north.
0:(5,2) 1:(1,0) 2:(5,3) 3:(5,3) Avatar 1:(1,0) Moving east.
0:(5,2) 1:(2,0) 2:(5,3) 3:(5,3) Avatar 2:(5,3) Moving north.
0:(5,2) 1:(2,0) 2:(5,2) 3:(5,3) Avatar 3:(5,3) Moving north.
0:(5,2) 1:(2,0) 2:(5,2) 3:(5,2) Avatar 0:(5,2) Moving north.
0:(5,1) 1:(2,0) 2:(5,2) 3:(5,2) Avatar 1:(2,0) Moving south.
0:(5,1) 1:(2,1) 2:(5,2) 3:(5,2) Avatar 2:(5,2) Moving north.
0:(5,1) 1:(2,1) 2:(5,1) 3:(5,2) Avatar 3:(5,2) Moving north.
0:(5,1) 1:(2,1) 2:(5,1) 3:(5,1) Avatar 0:(5,1) Moving north.
0:(5,0) 1:(2,1) 2:(5,1) 3:(5,1) Avatar 1:(2,1) Moving east.
0:(5,0) 1:(3,1) 2:(5,1) 3:(5,1) Avatar 2:(5,1) Moving north.
0:(5,0) 1:(3,1) 2:(5,0) 3:(5,1) Avatar 3:(5,1) Moving north.
0:(5,0) 1:(3,1) 2:(5,0) 3:(5,0) Avatar 0:(5,0) Moving west.
0:(4,0) 1:(3,1) 2:(5,0) 3:(5,0) Avatar 1:(3,1) Moving east.
0:(4,0) 1:(4,1) 2:(5,0) 3:(5,0) Avatar 2:(5,0) Moving west.
0:(4,0) 1:(4,1) 2:(4,0) 3:(5,0) Avatar 3:(5,0) Moving west.
0:(4,0) 1:(4,1) 2:(4,0) 3:(4,0) Avatar 0:(4,0) Moving south.
0:(4,1) 1:(4,1) 2:(4,0) 3:(4,0) Avatar 1:(4,1) Sleeping.
0:(4,1) 1:(4,1) 2:(4,0) 3:(4,0) Avatar 2:(4,0) Moving south.
0:(4,1) 1:(4,1) 2:(4,1) 3:(4,0) Avatar 3:(4,0) Moving south.
AM_MAZE_SOLVED 4 1 227 71750430