diyogon 33311 Sun Aug 28 17:19:50 2016

Avatar 0:(12,2) Moving north.
0:(12,1) 1:(21,6) 2:(13,10) Avatar 1:(21,6) Moving north.
0:(12,1) 1:(21,6) 2:(13,10) Avatar 2:(13,10) Moving north.
0:(12,1) 1:(21,6) 2:(13,10) Avatar 0:(12,1) Moving north.
0:(12,0) 1:(21,6) 2:(13,10) Avatar 1:(21,6) Moving east.
0:(12,0) 1:(22,6) 2:(13,10) Avatar 2:(13,10) Moving east.
0:(12,0) 1:(22,6) 2:(13,10) Avatar 0:(12,0) Moving east.
0:(13,0) 1:(22,6) 2:(13,10) Avatar 1:(22,6) Moving north.
0:(13,0) 1:(22,6) 2:(13,10) Avatar 2:(13,10) Moving south.
0:(13,0) 1:(22,6) 2:(13,10) Avatar 0:(13,0) Moving east.
0:(13,0) 1:(22,6) 2:(13,10) Avatar 1:(22,6) Moving east.
0:(13,0) 1:(22,6) 2:(13,10) Avatar 2:(13,10) Moving west.
0:(13,0) 1:(22,6) 2:(12,10) Avatar 0:(13,0) Moving south.
0:(13,1) 1:(22,6) 2:(12,10) Avatar 1:(22,6) Moving south.
0:(13,1) 1:(22,7) 2:(12,10) Avatar 2:(12,10) Moving north.
0:(13,1) 1:(22,7) 2:(12,9) Avatar 0:(13,1) Moving east.
0:(14,1) 1:(22,7) 2:(12,9) Avatar 1:(22,7) Moving east.
0:(14,1) 1:(22,7) 2:(12,9) Avatar 2:(12,9) Moving north.
0:(14,1) 1:(22,7) 2:(12,8) Avatar 0:(14,1) Moving north.
0:(14,1) 1:(22,7) 2:(12,8) Avatar 1:(22,7) Moving south.
0:(14,1) 1:(22,8) 2:(12,8) Avatar 2:(12,8) Moving north.
0:(14,1) 1:(22,8) 2:(12,8) Avatar 0:(14,1) Moving east.
0:(15,1) 1:(22,8) 2:(12,8) Avatar 1:(22,8) Moving east.
0:(15,1) 1:(22,8) 2:(12,8) Avatar 2:(12,8) Moving east.
0:(15,1) 1:(22,8) 2:(12,8) Avatar 0:(15,1) Moving north.
0:(15,1) 1:(22,8) 2:(12,8) Avatar 1:(22,8) Moving south.
0:(15,1) 1:(22,8) 2:(12,8) Avatar 2:(12,8) Moving west.
0:(15,1) 1:(22,8) 2:(11,8) Avatar 0:(15,1) Moving east.
0:(15,1) 1:(22,8) 2:(11,8) Avatar 1:(22,8) Moving west.
0:(15,1) 1:(22,8) 2:(11,8) Avatar 2:(11,8) Moving north.
0:(15,1) 1:(22,8) 2:(11,8) Avatar 0:(15,1) Moving south.
0:(15,2) 1:(22,8) 2:(11,8) Avatar 1:(22,8) Moving north.
0:(15,2) 1:(22,7) 2:(11,8) Avatar 2:(11,8) Moving south.
0:(15,2) 1:(22,7) 2:(11,8) Avatar 0:(15,2) Moving east.
0:(16,2) 1:(22,7) 2:(11,8) Avatar 1:(22,7) Moving west.
0:(16,2) 1:(21,7) 2:(11,8) Avatar 2:(11,8) Moving west.
0:(16,2) 1:(21,7) 2:(10,8) Avatar 0:(16,2) Moving north.
0:(16,1) 1:(21,7) 2:(10,8) Avatar 1:(21,7) Moving north.
0:(16,1) 1:(21,7) 2:(10,8) Avatar 2:(10,8) Moving north.
0:(16,1) 1:(21,7) 2:(10,7) Avatar 0:(16,1) Moving north.
0:(16,1) 1:(21,7) 2:(10,7) Avatar 1:(21,7) Moving south.
0:(16,1) 1:(21,8) 2:(10,7) Avatar 2:(10,7) Moving north.
0:(16,1) 1:(21,8) 2:(10,7) Avatar 0:(16,1) Moving east.
0:(17,1) 1:(21,8) 2:(10,7) Avatar 1:(21,8) Moving south.
0:(17,1) 1:(21,8) 2:(10,7) Avatar 2:(10,7) Moving east.
0:(17,1) 1:(21,8) 2:(11,7) Avatar 0:(17,1) Moving north.
0:(17,1) 1:(21,8) 2:(11,7) Avatar 1:(21,8) Moving west.
0:(17,1) 1:(20,8) 2:(11,7) Avatar 2:(11,7) Moving north.
0:(17,1) 1:(20,8) 2:(11,6) Avatar 0:(17,1) Moving east.
0:(17,1) 1:(20,8) 2:(11,6) Avatar 1:(20,8) Moving north.
0:(17,1) 1:(20,8) 2:(11,6) Avatar 2:(11,6) Moving north.
0:(17,1) 1:(20,8) 2:(11,6) Avatar 0:(17,1) Moving south.
0:(17,2) 1:(20,8) 2:(11,6) Avatar 1:(20,8) Moving south.
0:(17,2) 1:(20,9) 2:(11,6) Avatar 2:(11,6) Moving east.
0:(17,2) 1:(20,9) 2:(11,6) Avatar 0:(17,2) Moving east.
0:(17,2) 1:(20,9) 2:(11,6) Avatar 1:(20,9) Moving east.
0:(17,2) 1:(21,9) 2:(11,6) Avatar 2:(11,6) Moving west.
0:(17,2) 1:(21,9) 2:(11,6) Avatar 0:(17,2) Moving south.
0:(17,3) 1:(21,9) 2:(11,6) Avatar 1:(21,9) Moving east.
0:(17,3) 1:(22,9) 2:(11,6) Avatar 2:(11,6) Moving south.
0:(17,3) 1:(22,9) 2:(11,7) Avatar 0:(17,3) Moving east.
0:(17,3) 1:(22,9) 2:(11,7) Avatar 1:(22,9) Moving east.
0:(17,3) 1:(22,9) 2:(11,7) Avatar 2:(11,7) Moving east.
0:(17,3) 1:(22,9) 2:(12,7) Avatar 0:(17,3) Moving south.
0:(17,4) 1:(22,9) 2:(12,7) Avatar 1:(22,9) Moving south.
0:(17,4) 1:(22,10) 2:(12,7) Avatar 2:(12,7) Moving north.
0:(17,4) 1:(22,10) 2:(12,7) Avatar 0:(17,4) Moving east.
0:(18,4) 1:(22,10) 2:(12,7) Avatar 1:(22,10) Moving east.
0:(18,4) 1:(23,10) 2:(12,7) Avatar 2:(12,7) Moving east.
0:(18,4) 1:(23,10) 2:(12,7) Avatar 0:(18,4) Moving north.
0:(18,4) 1:(23,10) 2:(12,7) Avatar 1:(23,10) Moving north.
0:(18,4) 1:(23,10) 2:(12,7) Avatar 2:(12,7) Moving west.
0:(18,4) 1:(23,10) 2:(11,7) Avatar 0:(18,4) Moving east.
0:(19,4) 1:(23,10) 2:(11,7) Avatar 1:(23,10) Moving east.
0:(19,4) 1:(24,10) 2:(11,7) Avatar 2:(11,7) Moving west.
0:(19,4) 1:(24,10) 2:(10,7) Avatar 0:(19,4) Moving north.
0:(19,4) 1:(24,10) 2:(10,7) Avatar 1:(24,10) Moving north.
0:(19,4) 1:(24,10) 2:(10,7) Avatar 2:(10,7) Moving west.
0:(19,4) 1:(24,10) 2:(10,7) Avatar 0:(19,4) Moving east.
0:(19,4) 1:(24,10) 2:(10,7) Avatar 1:(24,10) Moving east.
0:(19,4) 1:(25,10) 2:(10,7) Avatar 2:(10,7) Moving south.
0:(19,4) 1:(25,10) 2:(10,8) Avatar 0:(19,4) Moving south.
0:(19,5) 1:(25,10) 2:(10,8) Avatar 1:(25,10) Moving north.
0:(19,5) 1:(25,10) 2:(10,8) Avatar 2:(10,8) Moving south.
0:(19,5) 1:(25,10) 2:(10,8) Avatar 0:(19,5) Moving east.
0:(19,5) 1:(25,10) 2:(10,8) Avatar 1:(25,10) Moving east.
0:(19,5) 1:(25,10) 2:(10,8) Avatar 2:(10,8) Moving west.
0:(19,5) 1:(25,10) 2:(10,8) Avatar 0:(19,5) Moving south.
0:(19,5) 1:(25,10) 2:(10,8) Avatar 1:(25,10) Moving south.
0:(19,5) 1:(25,10) 2:(10,8) Avatar 2:(10,8) Moving east.
0:(19,5) 1:(25,10) 2:(11,8) Avatar 0:(19,5) Moving west.
0:(18,5) 1:(25,10) 2:(11,8) Avatar 1:(25,10) Moving west.
0:(18,5) 1:(24,10) 2:(11,8) Avatar 2:(11,8) Moving east.
0:(18,5) 1:(24,10) 2:(12,8) Avatar 0:(18,5) Moving north.
0:(18,5) 1:(24,10) 2:(12,8) Avatar 1:(24,10) Moving south.
0:(18,5) 1:(24,11) 2:(12,8) Avatar 2:(12,8) Moving south.
0:(18,5) 1:(24,11) 2:(12,9) Avatar 0:(18,5) Moving south.
0:(18,6) 1:(24,11) 2:(12,9) Avatar 1:(24,11) Moving east.
0:(18,6) 1:(25,11) 2:(12,9) Avatar 2:(12,9) Moving east.
0:(18,6) 1:(25,11) 2:(13,9) Avatar 0:(18,6) Moving east.
0:(18,6) 1:(25,11) 2:(13,9) Avatar 1:(25,11) Moving east.
0:(18,6) 1:(25,11) 2:(13,9) Avatar 2:(13,9) Moving north.
0:(18,6) 1:(25,11) 2:(13,8) Avatar 0:(18,6) Moving south.
0:(18,7) 1:(25,11) 2:(13,8) Avatar 1:(25,11) Moving south.
0:(18,7) 1:(25,12) 2:(13,8) Avatar 2:(13,8) Moving north.
0:(18,7) 1:(25,12) 2:(13,7) Avatar 0:(18,7) Moving east.
0:(19,7) 1:(25,12) 2:(13,7) Avatar 1:(25,12) Moving east.
0:(19,7) 1:(25,12) 2:(13,7) Avatar 2:(13,7) Moving north.
0:(19,7) 1:(25,12) 2:(13,6) Avatar 0:(19,7) Moving north.
0:(19,6) 1:(25,12) 2:(13,6) Avatar 1:(25,12) Moving south.
0:(19,6) 1:(25,12) 2:(13,6) Avatar 2:(13,6) Moving north.
0:(19,6) 1:(25,12) 2:(13,6) Avatar 0:(19,6) Moving east.
0:(20,6) 1:(25,12) 2:(13,6) Avatar 1:(25,12) Moving west.
0:(20,6) 1:(24,12) 2:(13,6) Avatar 2:(13,6) Moving east.
0:(20,6) 1:(24,12) 2:(13,6) Avatar 0:(20,6) Moving north.
0:(20,5) 1:(24,12) 2:(13,6) Avatar 1:(24,12) Moving north.
0:(20,5) 1:(24,12) 2:(13,6) Avatar 2:(13,6) Moving west.
0:(20,5) 1:(24,12) 2:(12,6) Avatar 0:(20,5) Moving north.
0:(20,5) 1:(24,12) 2:(12,6) Avatar 1:(24,12) Moving south.
0:(20,5) 1:(24,13) 2:(12,6) Avatar 2:(12,6) Moving north.
0:(20,5) 1:(24,13) 2:(12,5) Avatar 0:(20,5) Moving east.
0:(21,5) 1:(24,13) 2:(12,5) Avatar 1:(24,13) Moving east.
0:(21,5) 1:(24,13) 2:(12,5) Avatar 2:(12,5) Moving north.
0:(21,5) 1:(24,13) 2:(12,4) Avatar 0:(21,5) Moving north.
0:(21,5) 1:(24,13) 2:(12,4) Avatar 1:(24,13) Moving south.
0:(21,5) 1:(24,14) 2:(12,4) Avatar 2:(12,4) Moving north.
0:(21,5) 1:(24,14) 2:(12,3) Avatar 0:(21,5) Moving east.
0:(22,5) 1:(24,14) 2:(12,3) Avatar 1:(24,14) Moving east.
0:(22,5) 1:(24,14) 2:(12,3) Avatar 2:(12,3) Moving north.
0:(22,5) 1:(24,14) 2:(12,3) Avatar 0:(22,5) Moving north.
0:(22,4) 1:(24,14) 2:(12,3) Avatar 1:(24,14) Moving south.
0:(22,4) 1:(24,14) 2:(12,3) Avatar 2:(12,3) Moving east.
0:(22,4) 1:(24,14) 2:(13,3) Avatar 0:(22,4) Moving north.
0:(22,4) 1:(24,14) 2:(13,3) Avatar 1:(24,14) Moving west.
0:(22,4) 1:(23,14) 2:(13,3) Avatar 2:(13,3) Moving north.
0:(22,4) 1:(23,14) 2:(13,2) Avatar 0:(22,4) Moving east.
0:(22,4) 1:(23,14) 2:(13,2) Avatar 1:(23,14) Moving north.
0:(22,4) 1:(23,14) 2:(13,2) Avatar 2:(13,2) Moving north.
0:(22,4) 1:(23,14) 2:(13,2) Avatar 0:(22,4) Moving west.
0:(21,4) 1:(23,14) 2:(13,2) Avatar 1:(23,14) Moving south.
0:(21,4) 1:(23,14) 2:(13,2) Avatar 2:(13,2) Moving east.
0:(21,4) 1:(23,14) 2:(13,2) Avatar 0:(21,4) Moving north.
0:(21,4) 1:(23,14) 2:(13,2) Avatar 1:(23,14) Moving west.
0:(21,4) 1:(22,14) 2:(13,2) Avatar 2:(13,2) Moving west.
0:(21,4) 1:(22,14) 2:(12,2) Avatar 0:(21,4) Moving west.
0:(20,4) 1:(22,14) 2:(12,2) Avatar 1:(22,14) Moving north.
0:(20,4) 1:(22,14) 2:(12,2) Avatar 2:(12,2) Moving north.
0:(20,4) 1:(22,14) 2:(12,1) Avatar 0:(20,4) Moving north.
0:(20,3) 1:(22,14) 2:(12,1) Avatar 1:(22,14) Moving south.
0:(20,3) 1:(22,14) 2:(12,1) Avatar 2:(12,1) Moving north.
0:(20,3) 1:(22,14) 2:(12,0) Avatar 0:(20,3) Moving north.
0:(20,3) 1:(22,14) 2:(12,0) Avatar 1:(22,14) Moving west.
0:(20,3) 1:(22,14) 2:(12,0) Avatar 2:(12,0) Moving east.
0:(20,3) 1:(22,14) 2:(13,0) Avatar 0:(20,3) Moving east.
0:(21,3) 1:(22,14) 2:(13,0) Avatar 1:(22,14) Moving east.
0:(21,3) 1:(23,14) 2:(13,0) Avatar 2:(13,0) Moving south.
0:(21,3) 1:(23,14) 2:(13,1) Avatar 0:(21,3) Moving north.
0:(21,3) 1:(23,14) 2:(13,1) Avatar 1:(23,14) Moving east.
0:(21,3) 1:(24,14) 2:(13,1) Avatar 2:(13,1) Moving east.
0:(21,3) 1:(24,14) 2:(14,1) Avatar 0:(21,3) Moving east.
0:(22,3) 1:(24,14) 2:(14,1) Avatar 1:(24,14) Moving north.
0:(22,3) 1:(24,13) 2:(14,1) Avatar 2:(14,1) Moving east.
0:(22,3) 1:(24,13) 2:(15,1) Avatar 0:(22,3) Moving north.
0:(22,2) 1:(24,13) 2:(15,1) Avatar 1:(24,13) Moving west.
0:(22,2) 1:(23,13) 2:(15,1) Avatar 2:(15,1) Moving south.
0:(22,2) 1:(23,13) 2:(15,2) Avatar 0:(22,2) Moving north.
0:(22,2) 1:(23,13) 2:(15,2) Avatar 1:(23,13) Moving north.
0:(22,2) 1:(23,13) 2:(15,2) Avatar 2:(15,2) Moving east.
0:(22,2) 1:(23,13) 2:(16,2) Avatar 0:(22,2) Moving east.
0:(23,2) 1:(23,13) 2:(16,2) Avatar 1:(23,13) Moving west.
0:(23,2) 1:(22,13) 2:(16,2) Avatar 2:(16,2) Moving north.
0:(23,2) 1:(22,13) 2:(16,1) Avatar 0:(23,2) Moving north.
0:(23,2) 1:(22,13) 2:(16,1) Avatar 1:(22,13) Moving north.
0:(23,2) 1:(22,13) 2:(16,1) Avatar 2:(16,1) Moving east.
0:(23,2) 1:(22,13) 2:(17,1) Avatar 0:(23,2) Moving east.
0:(23,2) 1:(22,13) 2:(17,1) Avatar 1:(22,13) Moving west.
0:(23,2) 1:(21,13) 2:(17,1) Avatar 2:(17,1) Moving south.
0:(23,2) 1:(21,13) 2:(17,2) Avatar 0:(23,2) Moving south.
0:(23,3) 1:(21,13) 2:(17,2) Avatar 1:(21,13) Moving north.
0:(23,3) 1:(21,13) 2:(17,2) Avatar 2:(17,2) Moving south.
0:(23,3) 1:(21,13) 2:(17,3) Avatar 0:(23,3) Moving east.
0:(23,3) 1:(21,13) 2:(17,3) Avatar 1:(21,13) Moving south.
0:(23,3) 1:(21,14) 2:(17,3) Avatar 2:(17,3) Moving south.
0:(23,3) 1:(21,14) 2:(17,4) Avatar 0:(23,3) Moving south.
0:(23,4) 1:(21,14) 2:(17,4) Avatar 1:(21,14) Moving south.
0:(23,4) 1:(21,15) 2:(17,4) Avatar 2:(17,4) Moving east.
0:(23,4) 1:(21,15) 2:(18,4) Avatar 0:(23,4) Moving east.
0:(23,4) 1:(21,15) 2:(18,4) Avatar 1:(21,15) Moving east.
0:(23,4) 1:(22,15) 2:(18,4) Avatar 2:(18,4) Moving east.
0:(23,4) 1:(22,15) 2:(19,4) Avatar 0:(23,4) Moving south.
0:(23,5) 1:(22,15) 2:(19,4) Avatar 1:(22,15) Moving east.
0:(23,5) 1:(23,15) 2:(19,4) Avatar 2:(19,4) Moving south.
0:(23,5) 1:(23,15) 2:(19,5) Avatar 0:(23,5) Moving east.
0:(23,5) 1:(23,15) 2:(19,5) Avatar 1:(23,15) Moving east.
0:(23,5) 1:(24,15) 2:(19,5) Avatar 2:(19,5) Moving west.
0:(23,5) 1:(24,15) 2:(18,5) Avatar 0:(23,5) Moving south.
0:(23,6) 1:(24,15) 2:(18,5) Avatar 1:(24,15) Moving east.
0:(23,6) 1:(24,15) 2:(18,5) Avatar 2:(18,5) Moving south.
0:(23,6) 1:(24,15) 2:(18,6) Avatar 0:(23,6) Moving east.
0:(23,6) 1:(24,15) 2:(18,6) Avatar 1:(24,15) Moving south.
0:(23,6) 1:(24,16) 2:(18,6) Avatar 2:(18,6) Moving south.
0:(23,6) 1:(24,16) 2:(18,7) Avatar 0:(23,6) Moving south.
0:(23,7) 1:(24,16) 2:(18,7) Avatar 1:(24,16) Moving east.
0:(23,7) 1:(24,16) 2:(18,7) Avatar 2:(18,7) Moving east.
0:(23,7) 1:(24,16) 2:(19,7) Avatar 0:(23,7) Moving east.
0:(24,7) 1:(24,16) 2:(19,7) Avatar 1:(24,16) Moving south.
0:(24,7) 1:(24,17) 2:(19,7) Avatar 2:(19,7) Moving north.
0:(24,7) 1:(24,17) 2:(19,6) Avatar 0:(24,7) Moving north.
0:(24,7) 1:(24,17) 2:(19,6) Avatar 1:(24,17) Moving east.
0:(24,7) 1:(25,17) 2:(19,6) Avatar 2:(19,6) Moving east.
0:(24,7) 1:(25,17) 2:(20,6) Avatar 0:(24,7) Moving east.
0:(24,7) 1:(25,17) 2:(20,6) Avatar 1:(25,17) Moving north.
0:(24,7) 1:(25,17) 2:(20,6) Avatar 2:(20,6) Moving north.
0:(24,7) 1:(25,17) 2:(20,5) Avatar 0:(24,7) Moving south.
0:(24,8) 1:(25,17) 2:(20,5) Avatar 1:(25,17) Moving east.
0:(24,8) 1:(26,17) 2:(20,5) Avatar 2:(20,5) Moving east.
0:(24,8) 1:(26,17) 2:(21,5) Avatar 0:(24,8) Moving east.
0:(24,8) 1:(26,17) 2:(21,5) Avatar 1:(26,17) Moving north.
0:(24,8) 1:(26,16) 2:(21,5) Avatar 2:(21,5) Moving east.
0:(24,8) 1:(26,16) 2:(22,5) Avatar 0:(24,8) Moving south.
0:(24,8) 1:(26,16) 2:(22,5) Avatar 1:(26,16) Moving north.
0:(24,8) 1:(26,16) 2:(22,5) Avatar 2:(22,5) Moving north.
0:(24,8) 1:(26,16) 2:(22,4) Avatar 0:(24,8) Moving west.
0:(23,8) 1:(26,16) 2:(22,4) Avatar 1:(26,16) Moving east.
0:(23,8) 1:(26,16) 2:(22,4) Avatar 2:(22,4) Moving west.
0:(23,8) 1:(26,16) 2:(21,4) Avatar 0:(23,8) Moving north.
0:(23,8) 1:(26,16) 2:(21,4) Avatar 1:(26,16) Moving west.
0:(23,8) 1:(25,16) 2:(21,4) Avatar 2:(21,4) Moving west.
0:(23,8) 1:(25,16) 2:(20,4) Avatar 0:(23,8) Moving south.
0:(23,9) 1:(25,16) 2:(20,4) Avatar 1:(25,16) Moving north.
0:(23,9) 1:(25,15) 2:(20,4) Avatar 2:(20,4) Moving north.
0:(23,9) 1:(25,15) 2:(20,3) Avatar 0:(23,9) Moving east.
0:(24,9) 1:(25,15) 2:(20,3) Avatar 1:(25,15) Moving north.
0:(24,9) 1:(25,15) 2:(20,3) Avatar 2:(20,3) Moving east.
0:(24,9) 1:(25,15) 2:(21,3) Avatar 0:(24,9) Moving east.
0:(25,9) 1:(25,15) 2:(21,3) Avatar 1:(25,15) Moving east.
0:(25,9) 1:(26,15) 2:(21,3) Avatar 2:(21,3) Moving east.
0:(25,9) 1:(26,15) 2:(22,3) Avatar 0:(25,9) Moving north.
0:(25,8) 1:(26,15) 2:(22,3) Avatar 1:(26,15) Moving north.
0:(25,8) 1:(26,14) 2:(22,3) Avatar 2:(22,3) Moving north.
0:(25,8) 1:(26,14) 2:(22,2) Avatar 0:(25,8) Moving north.
0:(25,7) 1:(26,14) 2:(22,2) Avatar 1:(26,14) Moving north.
0:(25,7) 1:(26,14) 2:(22,2) Avatar 2:(22,2) Moving east.
0:(25,7) 1:(26,14) 2:(23,2) Avatar 0:(25,7) Moving north.
0:(25,7) 1:(26,14) 2:(23,2) Avatar 1:(26,14) Moving east.
0:(25,7) 1:(26,14) 2:(23,2) Avatar 2:(23,2) Moving south.
0:(25,7) 1:(26,14) 2:(23,3) Avatar 0:(25,7) Moving east.
0:(26,7) 1:(26,14) 2:(23,3) Avatar 1:(26,14) Moving west.
0:(26,7) 1:(25,14) 2:(23,3) Avatar 2:(23,3) Moving south.
0:(26,7) 1:(25,14) 2:(23,4) Avatar 0:(26,7) Moving north.
0:(26,6) 1:(25,14) 2:(23,4) Avatar 1:(25,14) Moving north.
0:(26,6) 1:(25,13) 2:(23,4) Avatar 2:(23,4) Moving south.
0:(26,6) 1:(25,13) 2:(23,5) Avatar 0:(26,6) Moving north.
0:(26,6) 1:(25,13) 2:(23,5) Avatar 1:(25,13) Moving east.
0:(26,6) 1:(26,13) 2:(23,5) Avatar 2:(23,5) Moving south.
0:(26,6) 1:(26,13) 2:(23,6) Avatar 0:(26,6) Moving east.
0:(26,6) 1:(26,13) 2:(23,6) Avatar 1:(26,13) Moving north.
0:(26,6) 1:(26,12) 2:(23,6) Avatar 2:(23,6) Moving south.
0:(26,6) 1:(26,12) 2:(23,7) Avatar 0:(26,6) Moving west.
0:(25,6) 1:(26,12) 2:(23,7) Avatar 1:(26,12) Moving north.
0:(25,6) 1:(26,11) 2:(23,7) Avatar 2:(23,7) Moving east.
0:(25,6) 1:(26,11) 2:(24,7) Avatar 0:(25,6) Moving north.
0:(25,5) 1:(26,11) 2:(24,7) Avatar 1:(26,11) Moving north.
0:(25,5) 1:(26,10) 2:(24,7) Avatar 2:(24,7) Moving south.
0:(25,5) 1:(26,10) 2:(24,8) Avatar 0:(25,5) Moving north.
0:(25,5) 1:(26,10) 2:(24,8) Avatar 1:(26,10) Moving north.
0:(25,5) 1:(26,9) 2:(24,8) Avatar 2:(24,8) Moving west.
0:(25,5) 1:(26,9) 2:(23,8) Avatar 0:(25,5) Moving east.
0:(25,5) 1:(26,9) 2:(23,8) Avatar 1:(26,9) Moving north.
0:(25,5) 1:(26,8) 2:(23,8) Avatar 2:(23,8) Moving south.
0:(25,5) 1:(26,8) 2:(23,9) Avatar 0:(25,5) Moving west.
0:(24,5) 1:(26,8) 2:(23,9) Avatar 1:(26,8) Moving north.
0:(24,5) 1:(26,8) 2:(23,9) Avatar 2:(23,9) Moving east.
0:(24,5) 1:(26,8) 2:(24,9) Avatar 0:(24,5) Moving north.
0:(24,4) 1:(26,8) 2:(24,9) Avatar 1:(26,8) Moving east.
0:(24,4) 1:(26,8) 2:(24,9) Avatar 2:(24,9) Moving east.
0:(24,4) 1:(26,8) 2:(25,9) Avatar 0:(24,4) Moving north.
0:(24,3) 1:(26,8) 2:(25,9) Avatar 1:(26,8) Moving west.
0:(24,3) 1:(26,8) 2:(25,9) Avatar 2:(25,9) Moving north.
0:(24,3) 1:(26,8) 2:(25,8) Avatar 0:(24,3) Moving north.
0:(24,3) 1:(26,8) 2:(25,8) Avatar 1:(26,8) Moving south.
0:(24,3) 1:(26,9) 2:(25,8) Avatar 2:(25,8) Moving north.
0:(24,3) 1:(26,9) 2:(25,7) Avatar 0:(24,3) Moving east.
0:(25,3) 1:(26,9) 2:(25,7) Avatar 1:(26,9) Moving east.
0:(25,3) 1:(27,9) 2:(25,7) Avatar 2:(25,7) Moving east.
0:(25,3) 1:(27,9) 2:(26,7) Avatar 0:(25,3) Moving north.
0:(25,2) 1:(27,9) 2:(26,7) Avatar 1:(27,9) Moving north.
0:(25,2) 1:(27,8) 2:(26,7) Avatar 2:(26,7) Moving north.
0:(25,2) 1:(27,8) 2:(26,6) Avatar 0:(25,2) Moving north.
0:(25,2) 1:(27,8) 2:(26,6) Avatar 1:(27,8) Moving north.
0:(25,2) 1:(27,7) 2:(26,6) Avatar 2:(26,6) Moving west.
0:(25,2) 1:(27,7) 2:(25,6) Avatar 0:(25,2) Moving east.
0:(25,2) 1:(27,7) 2:(25,6) Avatar 1:(27,7) Moving north.
0:(25,2) 1:(27,7) 2:(25,6) Avatar 2:(25,6) Moving north.
0:(25,2) 1:(27,7) 2:(25,5) Avatar 0:(25,2) Moving west.
0:(24,2) 1:(27,7) 2:(25,5) Avatar 1:(27,7) Moving east.
0:(24,2) 1:(28,7) 2:(25,5) Avatar 2:(25,5) Moving west.
0:(24,2) 1:(28,7) 2:(24,5) Avatar 0:(24,2) Moving north.
0:(24,1) 1:(28,7) 2:(24,5) Avatar 1:(28,7) Moving north.
0:(24,1) 1:(28,6) 2:(24,5) Avatar 2:(24,5) Moving north.
0:(24,1) 1:(28,6) 2:(24,4) Avatar 0:(24,1) Moving north.
0:(24,0) 1:(28,6) 2:(24,4) Avatar 1:(28,6) Moving north.
0:(24,0) 1:(28,6) 2:(24,4) Avatar 2:(24,4) Moving north.
0:(24,0) 1:(28,6) 2:(24,3) Avatar 0:(24,0) Moving east.
0:(25,0) 1:(28,6) 2:(24,3) Avatar 1:(28,6) Moving east.
0:(25,0) 1:(28,6) 2:(24,3) Avatar 2:(24,3) Moving east.
0:(25,0) 1:(28,6) 2:(25,3) Avatar 0:(25,0) Moving east.
0:(25,0) 1:(28,6) 2:(25,3) Avatar 1:(28,6) Moving west.
0:(25,0) 1:(27,6) 2:(25,3) Avatar 2:(25,3) Moving north.
0:(25,0) 1:(27,6) 2:(25,2) Avatar 0:(25,0) Moving south.
0:(25,1) 1:(27,6) 2:(25,2) Avatar 1:(27,6) Moving north.
0:(25,1) 1:(27,5) 2:(25,2) Avatar 2:(25,2) Moving west.
0:(25,1) 1:(27,5) 2:(24,2) Avatar 0:(25,1) Moving east.
0:(26,1) 1:(27,5) 2:(24,2) Avatar 1:(27,5) Moving north.
0:(26,1) 1:(27,4) 2:(24,2) Avatar 2:(24,2) Moving north.
0:(26,1) 1:(27,4) 2:(24,1) Avatar 0:(26,1) Moving north.
0:(26,0) 1:(27,4) 2:(24,1) Avatar 1:(27,4) Moving north.
0:(26,0) 1:(27,4) 2:(24,1) Avatar 2:(24,1) Moving north.
0:(26,0) 1:(27,4) 2:(24,0) Avatar 0:(26,0) Moving east.
0:(27,0) 1:(27,4) 2:(24,0) Avatar 1:(27,4) Moving east.
0:(27,0) 1:(28,4) 2:(24,0) Avatar 2:(24,0) Moving east.
0:(27,0) 1:(28,4) 2:(25,0) Avatar 0:(27,0) Moving east.
0:(28,0) 1:(28,4) 2:(25,0) Avatar 1:(28,4) Moving north.
0:(28,0) 1:(28,4) 2:(25,0) Avatar 2:(25,0) Moving south.
0:(28,0) 1:(28,4) 2:(25,1) Avatar 0:(28,0) Moving east.
0:(29,0) 1:(28,4) 2:(25,1) Avatar 1:(28,4) Moving east.
0:(29,0) 1:(28,4) 2:(25,1) Avatar 2:(25,1) Moving east.
0:(29,0) 1:(28,4) 2:(26,1) Avatar 0:(29,0) Moving south.
0:(29,1) 1:(28,4) 2:(26,1) Avatar 1:(28,4) Moving south.
0:(29,1) 1:(28,5) 2:(26,1) Avatar 2:(26,1) Moving north.
0:(29,1) 1:(28,5) 2:(26,0) Avatar 0:(29,1) Moving south.
0:(29,2) 1:(28,5) 2:(26,0) Avatar 1:(28,5) Moving east.
0:(29,2) 1:(28,5) 2:(26,0) Avatar 2:(26,0) Moving east.
0:(29,2) 1:(28,5) 2:(27,0) Avatar 0:(29,2) Moving south.
0:(29,2) 1:(28,5) 2:(27,0) Avatar 1:(28,5) Moving west.
0:(29,2) 1:(28,5) 2:(27,0) Avatar 2:(27,0) Moving east.
0:(29,2) 1:(28,5) 2:(28,0) Avatar 0:(29,2) Moving west.
0:(28,2) 1:(28,5) 2:(28,0) Avatar 1:(28,5) Moving north.
0:(28,2) 1:(28,4) 2:(28,0) Avatar 2:(28,0) Moving east.
0:(28,2) 1:(28,4) 2:(29,0) Avatar 0:(28,2) Moving north.
0:(28,2) 1:(28,4) 2:(29,0) Avatar 1:(28,4) Moving west.
0:(28,2) 1:(27,4) 2:(29,0) Avatar 2:(29,0) Moving south.
0:(28,2) 1:(27,4) 2:(29,1) Avatar 0:(28,2) Moving south.
0:(28,2) 1:(27,4) 2:(29,1) Avatar 1:(27,4) Moving west.
0:(28,2) 1:(26,4) 2:(29,1) Avatar 2:(29,1) Moving south.
0:(28,2) 1:(26,4) 2:(29,2) Avatar 0:(28,2) Moving west.
0:(27,2) 1:(26,4) 2:(29,2) Avatar 1:(26,4) Moving north.
0:(27,2) 1:(26,4) 2:(29,2) Avatar 2:(29,2) Moving west.
0:(27,2) 1:(26,4) 2:(28,2) Avatar 0:(27,2) Moving north.
0:(27,1) 1:(26,4) 2:(28,2) Avatar 1:(26,4) Moving south.
0:(27,1) 1:(26,5) 2:(28,2) Avatar 2:(28,2) Moving west.
0:(27,1) 1:(26,5) 2:(27,2) Avatar 0:(27,1) Moving north.
0:(27,1) 1:(26,5) 2:(27,2) Avatar 1:(26,5) Moving east.
0:(27,1) 1:(26,5) 2:(27,2) Avatar 2:(27,2) Moving north.
0:(27,1) 1:(26,5) 2:(27,1) Avatar 0:(27,1) Moving east.
0:(28,1) 1:(26,5) 2:(27,1) Avatar 1:(26,5) Moving north.
0:(28,1) 1:(26,4) 2:(27,1) Avatar 2:(27,1) Moving east.
0:(28,1) 1:(26,4) 2:(28,1) Avatar 0:(28,1) Moving north.
0:(28,1) 1:(26,4) 2:(28,1) Avatar 1:(26,4) Moving west.
0:(28,1) 1:(25,4) 2:(28,1) Avatar 2:(28,1) Sleeping.
0:(28,1) 1:(25,4) 2:(28,1) Avatar 0:(28,1) Moving east.
0:(28,1) 1:(25,4) 2:(28,1) Avatar 1:(25,4) Moving north.
0:(28,1) 1:(25,4) 2:(28,1) Avatar 2:(28,1) Moving west.
0:(28,1) 1:(25,4) 2:(27,1) Avatar 0:(28,1) Moving west.
0:(27,1) 1:(25,4) 2:(27,1) Avatar 1:(25,4) Moving west.
0:(27,1) 1:(25,4) 2:(27,1) Avatar 2:(27,1) Sleeping.
0:(27,1) 1:(25,4) 2:(27,1) Avatar 0:(27,1) Moving west.
0:(27,1) 1:(25,4) 2:(27,1) Avatar 1:(25,4) Moving east.
0:(27,1) 1:(26,4) 2:(27,1) Avatar 2:(27,1) Moving south.
0:(27,1) 1:(26,4) 2:(27,2) Avatar 0:(27,1) Moving south.
0:(27,2) 1:(26,4) 2:(27,2) Avatar 1:(26,4) Moving east.
0:(27,2) 1:(27,4) 2:(27,2) Avatar 2:(27,2) Sleeping.
0:(27,2) 1:(27,4) 2:(27,2) Avatar 0:(27,2) Moving south.
0:(27,2) 1:(27,4) 2:(27,2) Avatar 1:(27,4) Moving south.
0:(27,2) 1:(27,5) 2:(27,2) Avatar 2:(27,2) Sleeping.
0:(27,2) 1:(27,5) 2:(27,2) Avatar 0:(27,2) Moving west.
0:(26,2) 1:(27,5) 2:(27,2) Avatar 1:(27,5) Moving south.
0:(26,2) 1:(27,6) 2:(27,2) Avatar 2:(27,2) Moving west.
0:(26,2) 1:(27,6) 2:(26,2) Avatar 0:(26,2) Moving north.
0:(26,2) 1:(27,6) 2:(26,2) Avatar 1:(27,6) Moving east.
0:(26,2) 1:(28,6) 2:(26,2) Avatar 2:(26,2) Sleeping.
0:(26,2) 1:(28,6) 2:(26,2) Avatar 0:(26,2) Moving south.
0:(26,3) 1:(28,6) 2:(26,2) Avatar 1:(28,6) Moving south.
0:(26,3) 1:(28,7) 2:(26,2) Avatar 2:(26,2) Moving south.
0:(26,3) 1:(28,7) 2:(26,3) Avatar 0:(26,3) Moving east.
0:(27,3) 1:(28,7) 2:(26,3) Avatar 1:(28,7) Moving east.
0:(27,3) 1:(28,7) 2:(26,3) Avatar 2:(26,3) Moving east.
0:(27,3) 1:(28,7) 2:(27,3) Avatar 0:(27,3) Moving east.
0:(28,3) 1:(28,7) 2:(27,3) Avatar 1:(28,7) Moving south.
0:(28,3) 1:(28,7) 2:(27,3) Avatar 2:(27,3) Moving east.
0:(28,3) 1:(28,7) 2:(28,3) Avatar 0:(28,3) Moving east.
0:(29,3) 1:(28,7) 2:(28,3) Avatar 1:(28,7) Moving west.
0:(29,3) 1:(27,7) 2:(28,3) Avatar 2:(28,3) Moving east.
0:(29,3) 1:(27,7) 2:(29,3) Avatar 0:(29,3) Moving south.
0:(29,4) 1:(27,7) 2:(29,3) Avatar 1:(27,7) Moving west.
0:(29,4) 1:(27,7) 2:(29,3) Avatar 2:(29,3) Moving south.
0:(29,4) 1:(27,7) 2:(29,4) Avatar 0:(29,4) Moving south.
0:(29,5) 1:(27,7) 2:(29,4) Avatar 1:(27,7) Moving south.
0:(29,5) 1:(27,8) 2:(29,4) Avatar 2:(29,4) Moving south.
0:(29,5) 1:(27,8) 2:(29,5) Avatar 0:(29,5) Moving south.
0:(29,6) 1:(27,8) 2:(29,5) Avatar 1:(27,8) Moving east.
0:(29,6) 1:(28,8) 2:(29,5) Avatar 2:(29,5) Moving south.
0:(29,6) 1:(28,8) 2:(29,6) Avatar 0:(29,6) Moving south.
0:(29,7) 1:(28,8) 2:(29,6) Avatar 1:(28,8) Moving east.
0:(29,7) 1:(28,8) 2:(29,6) Avatar 2:(29,6) Moving south.
0:(29,7) 1:(28,8) 2:(29,7) Avatar 0:(29,7) Moving south.
0:(29,8) 1:(28,8) 2:(29,7) Avatar 1:(28,8) Moving south.
0:(29,8) 1:(28,9) 2:(29,7) Avatar 2:(29,7) Moving south.
0:(29,8) 1:(28,9) 2:(29,8) Avatar 0:(29,8) Moving south.
0:(29,9) 1:(28,9) 2:(29,8) Avatar 1:(28,9) Moving east.
0:(29,9) 1:(28,9) 2:(29,8) Avatar 2:(29,8) Moving south.
0:(29,9) 1:(28,9) 2:(29,9) Avatar 0:(29,9) Moving south.
0:(29,10) 1:(28,9) 2:(29,9) Avatar 1:(28,9) Moving south.
0:(29,10) 1:(28,10) 2:(29,9) Avatar 2:(29,9) Moving south.
0:(29,10) 1:(28,10) 2:(29,10) Avatar 0:(29,10) Moving south.
0:(29,10) 1:(28,10) 2:(29,10) Avatar 1:(28,10) Moving east.
AM_MAZE_SOLVED 3 5 415 282422905