diyogon 38581 Sun Aug 28 17:14:09 2016

Avatar 0:(4,9) Moving north.
0:(4,9) 1:(3,7) 2:(9,1) 3:(9,5) Avatar 1:(3,7) Moving north.
0:(4,9) 1:(3,6) 2:(9,1) 3:(9,5) Avatar 2:(9,1) Moving north.
0:(4,9) 1:(3,6) 2:(9,1) 3:(9,5) Avatar 3:(9,5) Moving north.
0:(4,9) 1:(3,6) 2:(9,1) 3:(9,5) Avatar 0:(4,9) Moving east.
0:(5,9) 1:(3,6) 2:(9,1) 3:(9,5) Avatar 1:(3,6) Moving north.
0:(5,9) 1:(3,6) 2:(9,1) 3:(9,5) Avatar 2:(9,1) Moving east.
0:(5,9) 1:(3,6) 2:(9,1) 3:(9,5) Avatar 3:(9,5) Moving east.
0:(5,9) 1:(3,6) 2:(9,1) 3:(9,5) Avatar 0:(5,9) Moving north.
0:(5,9) 1:(3,6) 2:(9,1) 3:(9,5) Avatar 1:(3,6) Moving east.
0:(5,9) 1:(4,6) 2:(9,1) 3:(9,5) Avatar 2:(9,1) Moving south.
0:(5,9) 1:(4,6) 2:(9,2) 3:(9,5) Avatar 3:(9,5) Moving south.
0:(5,9) 1:(4,6) 2:(9,2) 3:(9,6) Avatar 0:(5,9) Moving east.
0:(6,9) 1:(4,6) 2:(9,2) 3:(9,6) Avatar 1:(4,6) Moving north.
0:(6,9) 1:(4,6) 2:(9,2) 3:(9,6) Avatar 2:(9,2) Moving east.
0:(6,9) 1:(4,6) 2:(10,2) 3:(9,6) Avatar 3:(9,6) Moving east.
0:(6,9) 1:(4,6) 2:(10,2) 3:(9,6) Avatar 0:(6,9) Moving north.
0:(6,9) 1:(4,6) 2:(10,2) 3:(9,6) Avatar 1:(4,6) Moving east.
0:(6,9) 1:(4,6) 2:(10,2) 3:(9,6) Avatar 2:(10,2) Moving north.
0:(6,9) 1:(4,6) 2:(10,2) 3:(9,6) Avatar 3:(9,6) Moving south.
0:(6,9) 1:(4,6) 2:(10,2) 3:(9,6) Avatar 0:(6,9) Moving east.
0:(7,9) 1:(4,6) 2:(10,2) 3:(9,6) Avatar 1:(4,6) Moving south.
0:(7,9) 1:(4,7) 2:(10,2) 3:(9,6) Avatar 2:(10,2) Moving east.
0:(7,9) 1:(4,7) 2:(10,2) 3:(9,6) Avatar 3:(9,6) Moving west.
0:(7,9) 1:(4,7) 2:(10,2) 3:(8,6) Avatar 0:(7,9) Moving north.
0:(7,8) 1:(4,7) 2:(10,2) 3:(8,6) Avatar 1:(4,7) Moving east.
0:(7,8) 1:(4,7) 2:(10,2) 3:(8,6) Avatar 2:(10,2) Moving south.
0:(7,8) 1:(4,7) 2:(10,3) 3:(8,6) Avatar 3:(8,6) Moving north.
0:(7,8) 1:(4,7) 2:(10,3) 3:(8,6) Avatar 0:(7,8) Moving north.
0:(7,8) 1:(4,7) 2:(10,3) 3:(8,6) Avatar 1:(4,7) Moving south.
0:(7,8) 1:(4,8) 2:(10,3) 3:(8,6) Avatar 2:(10,3) Moving east.
0:(7,8) 1:(4,8) 2:(11,3) 3:(8,6) Avatar 3:(8,6) Moving south.
0:(7,8) 1:(4,8) 2:(11,3) 3:(8,7) Avatar 0:(7,8) Moving east.
0:(7,8) 1:(4,8) 2:(11,3) 3:(8,7) Avatar 1:(4,8) Moving east.
0:(7,8) 1:(5,8) 2:(11,3) 3:(8,7) Avatar 2:(11,3) Moving north.
0:(7,8) 1:(5,8) 2:(11,2) 3:(8,7) Avatar 3:(8,7) Moving east.
0:(7,8) 1:(5,8) 2:(11,2) 3:(8,7) Avatar 0:(7,8) Moving west.
0:(7,8) 1:(5,8) 2:(11,2) 3:(8,7) Avatar 1:(5,8) Moving north.
0:(7,8) 1:(5,8) 2:(11,2) 3:(8,7) Avatar 2:(11,2) Moving north.
0:(7,8) 1:(5,8) 2:(11,1) 3:(8,7) Avatar 3:(8,7) Moving south.
0:(7,8) 1:(5,8) 2:(11,1) 3:(8,8) Avatar 0:(7,8) Moving south.
0:(7,9) 1:(5,8) 2:(11,1) 3:(8,8) Avatar 1:(5,8) Moving east.
0:(7,9) 1:(6,8) 2:(11,1) 3:(8,8) Avatar 2:(11,1) Moving north.
0:(7,9) 1:(6,8) 2:(11,0) 3:(8,8) Avatar 3:(8,8) Moving east.
0:(7,9) 1:(6,8) 2:(11,0) 3:(9,8) Avatar 0:(7,9) Moving east.
0:(7,9) 1:(6,8) 2:(11,0) 3:(9,8) Avatar 1:(6,8) Moving north.
0:(7,9) 1:(6,7) 2:(11,0) 3:(9,8) Avatar 2:(11,0) Moving west.
0:(7,9) 1:(6,7) 2:(11,0) 3:(9,8) Avatar 3:(9,8) Moving north.
0:(7,9) 1:(6,7) 2:(11,0) 3:(9,8) Avatar 0:(7,9) Moving west.
0:(6,9) 1:(6,7) 2:(11,0) 3:(9,8) Avatar 1:(6,7) Moving north.
0:(6,9) 1:(6,7) 2:(11,0) 3:(9,8) Avatar 2:(11,0) Moving south.
0:(6,9) 1:(6,7) 2:(11,1) 3:(9,8) Avatar 3:(9,8) Moving east.
0:(6,9) 1:(6,7) 2:(11,1) 3:(9,8) Avatar 0:(6,9) Moving west.
0:(5,9) 1:(6,7) 2:(11,1) 3:(9,8) Avatar 1:(6,7) Moving east.
0:(5,9) 1:(7,7) 2:(11,1) 3:(9,8) Avatar 2:(11,1) Moving west.
0:(5,9) 1:(7,7) 2:(10,1) 3:(9,8) Avatar 3:(9,8) Moving south.
0:(5,9) 1:(7,7) 2:(10,1) 3:(9,9) Avatar 0:(5,9) Moving west.
0:(4,9) 1:(7,7) 2:(10,1) 3:(9,9) Avatar 1:(7,7) Moving north.
0:(4,9) 1:(7,6) 2:(10,1) 3:(9,9) Avatar 2:(10,1) Moving north.
0:(4,9) 1:(7,6) 2:(10,0) 3:(9,9) Avatar 3:(9,9) Moving east.
0:(4,9) 1:(7,6) 2:(10,0) 3:(10,9) Avatar 0:(4,9) Moving west.
0:(3,9) 1:(7,6) 2:(10,0) 3:(10,9) Avatar 1:(7,6) Moving north.
0:(3,9) 1:(7,5) 2:(10,0) 3:(10,9) Avatar 2:(10,0) Moving west.
0:(3,9) 1:(7,5) 2:(9,0) 3:(10,9) Avatar 3:(10,9) Moving north.
0:(3,9) 1:(7,5) 2:(9,0) 3:(10,9) Avatar 0:(3,9) Moving north.
0:(3,8) 1:(7,5) 2:(9,0) 3:(10,9) Avatar 1:(7,5) Moving north.
0:(3,8) 1:(7,5) 2:(9,0) 3:(10,9) Avatar 2:(9,0) Moving west.
0:(3,8) 1:(7,5) 2:(8,0) 3:(10,9) Avatar 3:(10,9) Moving east.
0:(3,8) 1:(7,5) 2:(8,0) 3:(11,9) Avatar 0:(3,8) Moving north.
0:(3,7) 1:(7,5) 2:(8,0) 3:(11,9) Avatar 1:(7,5) Moving east.
0:(3,7) 1:(8,5) 2:(8,0) 3:(11,9) Avatar 2:(8,0) Moving south.
0:(3,7) 1:(8,5) 2:(8,1) 3:(11,9) Avatar 3:(11,9) Moving north.
0:(3,7) 1:(8,5) 2:(8,1) 3:(11,8) Avatar 0:(3,7) Moving north.
0:(3,6) 1:(8,5) 2:(8,1) 3:(11,8) Avatar 1:(8,5) Moving north.
0:(3,6) 1:(8,5) 2:(8,1) 3:(11,8) Avatar 2:(8,1) Moving east.
0:(3,6) 1:(8,5) 2:(8,1) 3:(11,8) Avatar 3:(11,8) Moving north.
0:(3,6) 1:(8,5) 2:(8,1) 3:(11,8) Avatar 0:(3,6) Moving east.
0:(4,6) 1:(8,5) 2:(8,1) 3:(11,8) Avatar 1:(8,5) Moving east.
0:(4,6) 1:(9,5) 2:(8,1) 3:(11,8) Avatar 2:(8,1) Moving south.
0:(4,6) 1:(9,5) 2:(8,2) 3:(11,8) Avatar 3:(11,8) Moving west.
0:(4,6) 1:(9,5) 2:(8,2) 3:(10,8) Avatar 0:(4,6) Moving south.
0:(4,7) 1:(9,5) 2:(8,2) 3:(10,8) Avatar 1:(9,5) Moving south.
0:(4,7) 1:(9,6) 2:(8,2) 3:(10,8) Avatar 2:(8,2) Moving east.
0:(4,7) 1:(9,6) 2:(8,2) 3:(10,8) Avatar 3:(10,8) Moving north.
0:(4,7) 1:(9,6) 2:(8,2) 3:(10,7) Avatar 0:(4,7) Moving south.
0:(4,8) 1:(9,6) 2:(8,2) 3:(10,7) Avatar 1:(9,6) Moving west.
0:(4,8) 1:(8,6) 2:(8,2) 3:(10,7) Avatar 2:(8,2) Moving south.
0:(4,8) 1:(8,6) 2:(8,3) 3:(10,7) Avatar 3:(10,7) Moving north.
0:(4,8) 1:(8,6) 2:(8,3) 3:(10,6) Avatar 0:(4,8) Moving east.
0:(5,8) 1:(8,6) 2:(8,3) 3:(10,6) Avatar 1:(8,6) Moving south.
0:(5,8) 1:(8,7) 2:(8,3) 3:(10,6) Avatar 2:(8,3) Moving east.
0:(5,8) 1:(8,7) 2:(8,3) 3:(10,6) Avatar 3:(10,6) Moving north.
0:(5,8) 1:(8,7) 2:(8,3) 3:(10,5) Avatar 0:(5,8) Moving east.
0:(6,8) 1:(8,7) 2:(8,3) 3:(10,5) Avatar 1:(8,7) Moving south.
0:(6,8) 1:(8,8) 2:(8,3) 3:(10,5) Avatar 2:(8,3) Moving south.
0:(6,8) 1:(8,8) 2:(8,3) 3:(10,5) Avatar 3:(10,5) Moving north.
0:(6,8) 1:(8,8) 2:(8,3) 3:(10,4) Avatar 0:(6,8) Moving north.
0:(6,7) 1:(8,8) 2:(8,3) 3:(10,4) Avatar 1:(8,8) Moving east.
0:(6,7) 1:(9,8) 2:(8,3) 3:(10,4) Avatar 2:(8,3) Moving west.
0:(6,7) 1:(9,8) 2:(7,3) 3:(10,4) Avatar 3:(10,4) Moving north.
0:(6,7) 1:(9,8) 2:(7,3) 3:(10,4) Avatar 0:(6,7) Moving east.
0:(7,7) 1:(9,8) 2:(7,3) 3:(10,4) Avatar 1:(9,8) Moving south.
0:(7,7) 1:(9,9) 2:(7,3) 3:(10,4) Avatar 2:(7,3) Moving north.
0:(7,7) 1:(9,9) 2:(7,3) 3:(10,4) Avatar 3:(10,4) Moving east.
0:(7,7) 1:(9,9) 2:(7,3) 3:(10,4) Avatar 0:(7,7) Moving north.
0:(7,6) 1:(9,9) 2:(7,3) 3:(10,4) Avatar 1:(9,9) Moving east.
0:(7,6) 1:(10,9) 2:(7,3) 3:(10,4) Avatar 2:(7,3) Moving south.
0:(7,6) 1:(10,9) 2:(7,4) 3:(10,4) Avatar 3:(10,4) Moving west.
0:(7,6) 1:(10,9) 2:(7,4) 3:(9,4) Avatar 0:(7,6) Moving north.
0:(7,5) 1:(10,9) 2:(7,4) 3:(9,4) Avatar 1:(10,9) Moving east.
0:(7,5) 1:(11,9) 2:(7,4) 3:(9,4) Avatar 2:(7,4) Moving east.
0:(7,5) 1:(11,9) 2:(8,4) 3:(9,4) Avatar 3:(9,4) Moving north.
0:(7,5) 1:(11,9) 2:(8,4) 3:(9,4) Avatar 0:(7,5) Moving east.
0:(8,5) 1:(11,9) 2:(8,4) 3:(9,4) Avatar 1:(11,9) Moving north.
0:(8,5) 1:(11,8) 2:(8,4) 3:(9,4) Avatar 2:(8,4) Moving east.
0:(8,5) 1:(11,8) 2:(9,4) 3:(9,4) Avatar 3:(9,4) Moving west.
0:(8,5) 1:(11,8) 2:(9,4) 3:(8,4) Avatar 0:(8,5) Moving east.
0:(9,5) 1:(11,8) 2:(9,4) 3:(8,4) Avatar 1:(11,8) Moving west.
0:(9,5) 1:(10,8) 2:(9,4) 3:(8,4) Avatar 2:(9,4) Moving west.
0:(9,5) 1:(10,8) 2:(8,4) 3:(8,4) Avatar 3:(8,4) Sleeping.
0:(9,5) 1:(10,8) 2:(8,4) 3:(8,4) Avatar 0:(9,5) Moving south.
0:(9,6) 1:(10,8) 2:(8,4) 3:(8,4) Avatar 1:(10,8) Moving north.
0:(9,6) 1:(10,7) 2:(8,4) 3:(8,4) Avatar 2:(8,4) Sleeping.
0:(9,6) 1:(10,7) 2:(8,4) 3:(8,4) Avatar 3:(8,4) Sleeping.
0:(9,6) 1:(10,7) 2:(8,4) 3:(8,4) Avatar 0:(9,6) Moving west.
0:(8,6) 1:(10,7) 2:(8,4) 3:(8,4) Avatar 1:(10,7) Moving north.
0:(8,6) 1:(10,6) 2:(8,4) 3:(8,4) Avatar 2:(8,4) Sleeping.
0:(8,6) 1:(10,6) 2:(8,4) 3:(8,4) Avatar 3:(8,4) Sleeping.
0:(8,6) 1:(10,6) 2:(8,4) 3:(8,4) Avatar 0:(8,6) Moving south.
0:(8,7) 1:(10,6) 2:(8,4) 3:(8,4) Avatar 1:(10,6) Moving north.
0:(8,7) 1:(10,5) 2:(8,4) 3:(8,4) Avatar 2:(8,4) Sleeping.
0:(8,7) 1:(10,5) 2:(8,4) 3:(8,4) Avatar 3:(8,4) Sleeping.
0:(8,7) 1:(10,5) 2:(8,4) 3:(8,4) Avatar 0:(8,7) Moving south.
0:(8,8) 1:(10,5) 2:(8,4) 3:(8,4) Avatar 1:(10,5) Moving north.
0:(8,8) 1:(10,4) 2:(8,4) 3:(8,4) Avatar 2:(8,4) Sleeping.
0:(8,8) 1:(10,4) 2:(8,4) 3:(8,4) Avatar 3:(8,4) Sleeping.
0:(8,8) 1:(10,4) 2:(8,4) 3:(8,4) Avatar 0:(8,8) Moving east.
0:(9,8) 1:(10,4) 2:(8,4) 3:(8,4) Avatar 1:(10,4) Moving west.
0:(9,8) 1:(9,4) 2:(8,4) 3:(8,4) Avatar 2:(8,4) Sleeping.
0:(9,8) 1:(9,4) 2:(8,4) 3:(8,4) Avatar 3:(8,4) Sleeping.
0:(9,8) 1:(9,4) 2:(8,4) 3:(8,4) Avatar 0:(9,8) Moving south.
0:(9,9) 1:(9,4) 2:(8,4) 3:(8,4) Avatar 1:(9,4) Moving west.
0:(9,9) 1:(8,4) 2:(8,4) 3:(8,4) Avatar 2:(8,4) Sleeping.
0:(9,9) 1:(8,4) 2:(8,4) 3:(8,4) Avatar 3:(8,4) Sleeping.
0:(9,9) 1:(8,4) 2:(8,4) 3:(8,4) Avatar 0:(9,9) Moving east.
0:(10,9) 1:(8,4) 2:(8,4) 3:(8,4) Avatar 1:(8,4) Sleeping.
0:(10,9) 1:(8,4) 2:(8,4) 3:(8,4) Avatar 2:(8,4) Sleeping.
0:(10,9) 1:(8,4) 2:(8,4) 3:(8,4) Avatar 3:(8,4) Sleeping.
0:(10,9) 1:(8,4) 2:(8,4) 3:(8,4) Avatar 0:(10,9) Moving east.
0:(11,9) 1:(8,4) 2:(8,4) 3:(8,4) Avatar 1:(8,4) Sleeping.
0:(11,9) 1:(8,4) 2:(8,4) 3:(8,4) Avatar 2:(8,4) Sleeping.
0:(11,9) 1:(8,4) 2:(8,4) 3:(8,4) Avatar 3:(8,4) Sleeping.
0:(11,9) 1:(8,4) 2:(8,4) 3:(8,4) Avatar 0:(11,9) Moving north.
0:(11,8) 1:(8,4) 2:(8,4) 3:(8,4) Avatar 1:(8,4) Sleeping.
0:(11,8) 1:(8,4) 2:(8,4) 3:(8,4) Avatar 2:(8,4) Sleeping.
0:(11,8) 1:(8,4) 2:(8,4) 3:(8,4) Avatar 3:(8,4) Sleeping.
0:(11,8) 1:(8,4) 2:(8,4) 3:(8,4) Avatar 0:(11,8) Moving west.
0:(10,8) 1:(8,4) 2:(8,4) 3:(8,4) Avatar 1:(8,4) Sleeping.
0:(10,8) 1:(8,4) 2:(8,4) 3:(8,4) Avatar 2:(8,4) Sleeping.
0:(10,8) 1:(8,4) 2:(8,4) 3:(8,4) Avatar 3:(8,4) Sleeping.
0:(10,8) 1:(8,4) 2:(8,4) 3:(8,4) Avatar 0:(10,8) Moving north.
0:(10,7) 1:(8,4) 2:(8,4) 3:(8,4) Avatar 1:(8,4) Sleeping.
0:(10,7) 1:(8,4) 2:(8,4) 3:(8,4) Avatar 2:(8,4) Sleeping.
0:(10,7) 1:(8,4) 2:(8,4) 3:(8,4) Avatar 3:(8,4) Sleeping.
0:(10,7) 1:(8,4) 2:(8,4) 3:(8,4) Avatar 0:(10,7) Moving north.
0:(10,6) 1:(8,4) 2:(8,4) 3:(8,4) Avatar 1:(8,4) Sleeping.
0:(10,6) 1:(8,4) 2:(8,4) 3:(8,4) Avatar 2:(8,4) Sleeping.
0:(10,6) 1:(8,4) 2:(8,4) 3:(8,4) Avatar 3:(8,4) Sleeping.
0:(10,6) 1:(8,4) 2:(8,4) 3:(8,4) Avatar 0:(10,6) Moving north.
0:(10,5) 1:(8,4) 2:(8,4) 3:(8,4) Avatar 1:(8,4) Sleeping.
0:(10,5) 1:(8,4) 2:(8,4) 3:(8,4) Avatar 2:(8,4) Sleeping.
0:(10,5) 1:(8,4) 2:(8,4) 3:(8,4) Avatar 3:(8,4) Sleeping.
0:(10,5) 1:(8,4) 2:(8,4) 3:(8,4) Avatar 0:(10,5) Moving north.
0:(10,4) 1:(8,4) 2:(8,4) 3:(8,4) Avatar 1:(8,4) Sleeping.
0:(10,4) 1:(8,4) 2:(8,4) 3:(8,4) Avatar 2:(8,4) Sleeping.
0:(10,4) 1:(8,4) 2:(8,4) 3:(8,4) Avatar 3:(8,4) Sleeping.
0:(10,4) 1:(8,4) 2:(8,4) 3:(8,4) Avatar 0:(10,4) Moving west.
0:(9,4) 1:(8,4) 2:(8,4) 3:(8,4) Avatar 1:(8,4) Sleeping.
0:(9,4) 1:(8,4) 2:(8,4) 3:(8,4) Avatar 2:(8,4) Sleeping.
0:(9,4) 1:(8,4) 2:(8,4) 3:(8,4) Avatar 3:(8,4) Sleeping.
0:(9,4) 1:(8,4) 2:(8,4) 3:(8,4) Avatar 0:(9,4) Moving west.
AM_MAZE_SOLVED 4 2 180 -617193222