diyogon 40171 Sun Aug 28 17:14:16 2016

Avatar 0:(4,9) Moving north.
0:(4,9) 1:(3,7) 2:(9,1) 3:(9,5) 4:(9,7) 5:(3,6) 6:(5,3) Avatar 1:(3,7) Moving north.
0:(4,9) 1:(3,6) 2:(9,1) 3:(9,5) 4:(9,7) 5:(3,6) 6:(5,3) Avatar 2:(9,1) Moving north.
0:(4,9) 1:(3,6) 2:(9,1) 3:(9,5) 4:(9,7) 5:(3,6) 6:(5,3) Avatar 3:(9,5) Moving north.
0:(4,9) 1:(3,6) 2:(9,1) 3:(9,5) 4:(9,7) 5:(3,6) 6:(5,3) Avatar 4:(9,7) Moving north.
0:(4,9) 1:(3,6) 2:(9,1) 3:(9,5) 4:(9,7) 5:(3,6) 6:(5,3) Avatar 5:(3,6) Moving north.
0:(4,9) 1:(3,6) 2:(9,1) 3:(9,5) 4:(9,7) 5:(3,6) 6:(5,3) Avatar 6:(5,3) Moving north.
0:(4,9) 1:(3,6) 2:(9,1) 3:(9,5) 4:(9,7) 5:(3,6) 6:(5,3) Avatar 0:(4,9) Moving east.
0:(5,9) 1:(3,6) 2:(9,1) 3:(9,5) 4:(9,7) 5:(3,6) 6:(5,3) Avatar 1:(3,6) Moving east.
0:(5,9) 1:(4,6) 2:(9,1) 3:(9,5) 4:(9,7) 5:(3,6) 6:(5,3) Avatar 2:(9,1) Moving east.
0:(5,9) 1:(4,6) 2:(9,1) 3:(9,5) 4:(9,7) 5:(3,6) 6:(5,3) Avatar 3:(9,5) Moving east.
0:(5,9) 1:(4,6) 2:(9,1) 3:(9,5) 4:(9,7) 5:(3,6) 6:(5,3) Avatar 4:(9,7) Moving east.
0:(5,9) 1:(4,6) 2:(9,1) 3:(9,5) 4:(10,7) 5:(3,6) 6:(5,3) Avatar 5:(3,6) Moving east.
0:(5,9) 1:(4,6) 2:(9,1) 3:(9,5) 4:(10,7) 5:(4,6) 6:(5,3) Avatar 6:(5,3) Moving east.
0:(5,9) 1:(4,6) 2:(9,1) 3:(9,5) 4:(10,7) 5:(4,6) 6:(6,3) Avatar 0:(5,9) Moving north.
0:(5,9) 1:(4,6) 2:(9,1) 3:(9,5) 4:(10,7) 5:(4,6) 6:(6,3) Avatar 1:(4,6) Moving north.
0:(5,9) 1:(4,6) 2:(9,1) 3:(9,5) 4:(10,7) 5:(4,6) 6:(6,3) Avatar 2:(9,1) Moving south.
0:(5,9) 1:(4,6) 2:(9,2) 3:(9,5) 4:(10,7) 5:(4,6) 6:(6,3) Avatar 3:(9,5) Moving south.
0:(5,9) 1:(4,6) 2:(9,2) 3:(9,6) 4:(10,7) 5:(4,6) 6:(6,3) Avatar 4:(10,7) Moving north.
0:(5,9) 1:(4,6) 2:(9,2) 3:(9,6) 4:(10,6) 5:(4,6) 6:(6,3) Avatar 5:(4,6) Sleeping.
0:(5,9) 1:(4,6) 2:(9,2) 3:(9,6) 4:(10,6) 5:(4,6) 6:(6,3) Avatar 6:(6,3) Moving north.
0:(5,9) 1:(4,6) 2:(9,2) 3:(9,6) 4:(10,6) 5:(4,6) 6:(6,3) Avatar 0:(5,9) Moving east.
0:(6,9) 1:(4,6) 2:(9,2) 3:(9,6) 4:(10,6) 5:(4,6) 6:(6,3) Avatar 1:(4,6) Moving east.
0:(6,9) 1:(4,6) 2:(9,2) 3:(9,6) 4:(10,6) 5:(4,6) 6:(6,3) Avatar 2:(9,2) Moving east.
0:(6,9) 1:(4,6) 2:(10,2) 3:(9,6) 4:(10,6) 5:(4,6) 6:(6,3) Avatar 3:(9,6) Moving east.
0:(6,9) 1:(4,6) 2:(10,2) 3:(9,6) 4:(10,6) 5:(4,6) 6:(6,3) Avatar 4:(10,6) Moving north.
0:(6,9) 1:(4,6) 2:(10,2) 3:(9,6) 4:(10,5) 5:(4,6) 6:(6,3) Avatar 5:(4,6) Sleeping.
0:(6,9) 1:(4,6) 2:(10,2) 3:(9,6) 4:(10,5) 5:(4,6) 6:(6,3) Avatar 6:(6,3) Moving east.
0:(6,9) 1:(4,6) 2:(10,2) 3:(9,6) 4:(10,5) 5:(4,6) 6:(6,3) Avatar 0:(6,9) Moving north.
0:(6,9) 1:(4,6) 2:(10,2) 3:(9,6) 4:(10,5) 5:(4,6) 6:(6,3) Avatar 1:(4,6) Moving south.
0:(6,9) 1:(4,7) 2:(10,2) 3:(9,6) 4:(10,5) 5:(4,6) 6:(6,3) Avatar 2:(10,2) Moving north.
0:(6,9) 1:(4,7) 2:(10,2) 3:(9,6) 4:(10,5) 5:(4,6) 6:(6,3) Avatar 3:(9,6) Moving west.
0:(6,9) 1:(4,7) 2:(10,2) 3:(8,6) 4:(10,5) 5:(4,6) 6:(6,3) Avatar 4:(10,5) Moving north.
0:(6,9) 1:(4,7) 2:(10,2) 3:(8,6) 4:(10,4) 5:(4,6) 6:(6,3) Avatar 5:(4,6) Moving south.
0:(6,9) 1:(4,7) 2:(10,2) 3:(8,6) 4:(10,4) 5:(4,7) 6:(6,3) Avatar 6:(6,3) Moving south.
0:(6,9) 1:(4,7) 2:(10,2) 3:(8,6) 4:(10,4) 5:(4,7) 6:(6,4) Avatar 0:(6,9) Moving east.
0:(7,9) 1:(4,7) 2:(10,2) 3:(8,6) 4:(10,4) 5:(4,7) 6:(6,4) Avatar 1:(4,7) Moving east.
0:(7,9) 1:(4,7) 2:(10,2) 3:(8,6) 4:(10,4) 5:(4,7) 6:(6,4) Avatar 2:(10,2) Moving east.
0:(7,9) 1:(4,7) 2:(10,2) 3:(8,6) 4:(10,4) 5:(4,7) 6:(6,4) Avatar 3:(8,6) Moving north.
0:(7,9) 1:(4,7) 2:(10,2) 3:(8,6) 4:(10,4) 5:(4,7) 6:(6,4) Avatar 4:(10,4) Moving north.
0:(7,9) 1:(4,7) 2:(10,2) 3:(8,6) 4:(10,4) 5:(4,7) 6:(6,4) Avatar 5:(4,7) Sleeping.
0:(7,9) 1:(4,7) 2:(10,2) 3:(8,6) 4:(10,4) 5:(4,7) 6:(6,4) Avatar 6:(6,4) Moving east.
0:(7,9) 1:(4,7) 2:(10,2) 3:(8,6) 4:(10,4) 5:(4,7) 6:(6,4) Avatar 0:(7,9) Moving north.
0:(7,8) 1:(4,7) 2:(10,2) 3:(8,6) 4:(10,4) 5:(4,7) 6:(6,4) Avatar 1:(4,7) Moving south.
0:(7,8) 1:(4,8) 2:(10,2) 3:(8,6) 4:(10,4) 5:(4,7) 6:(6,4) Avatar 2:(10,2) Moving south.
0:(7,8) 1:(4,8) 2:(10,3) 3:(8,6) 4:(10,4) 5:(4,7) 6:(6,4) Avatar 3:(8,6) Moving south.
0:(7,8) 1:(4,8) 2:(10,3) 3:(8,7) 4:(10,4) 5:(4,7) 6:(6,4) Avatar 4:(10,4) Moving east.
0:(7,8) 1:(4,8) 2:(10,3) 3:(8,7) 4:(10,4) 5:(4,7) 6:(6,4) Avatar 5:(4,7) Moving south.
0:(7,8) 1:(4,8) 2:(10,3) 3:(8,7) 4:(10,4) 5:(4,8) 6:(6,4) Avatar 6:(6,4) Moving south.
0:(7,8) 1:(4,8) 2:(10,3) 3:(8,7) 4:(10,4) 5:(4,8) 6:(6,5) Avatar 0:(7,8) Moving north.
0:(7,8) 1:(4,8) 2:(10,3) 3:(8,7) 4:(10,4) 5:(4,8) 6:(6,5) Avatar 1:(4,8) Moving east.
0:(7,8) 1:(5,8) 2:(10,3) 3:(8,7) 4:(10,4) 5:(4,8) 6:(6,5) Avatar 2:(10,3) Moving east.
0:(7,8) 1:(5,8) 2:(11,3) 3:(8,7) 4:(10,4) 5:(4,8) 6:(6,5) Avatar 3:(8,7) Moving east.
0:(7,8) 1:(5,8) 2:(11,3) 3:(8,7) 4:(10,4) 5:(4,8) 6:(6,5) Avatar 4:(10,4) Moving west.
0:(7,8) 1:(5,8) 2:(11,3) 3:(8,7) 4:(9,4) 5:(4,8) 6:(6,5) Avatar 5:(4,8) Moving east.
0:(7,8) 1:(5,8) 2:(11,3) 3:(8,7) 4:(9,4) 5:(5,8) 6:(6,5) Avatar 6:(6,5) Moving east.
0:(7,8) 1:(5,8) 2:(11,3) 3:(8,7) 4:(9,4) 5:(5,8) 6:(6,5) Avatar 0:(7,8) Moving east.
0:(7,8) 1:(5,8) 2:(11,3) 3:(8,7) 4:(9,4) 5:(5,8) 6:(6,5) Avatar 1:(5,8) Moving north.
0:(7,8) 1:(5,8) 2:(11,3) 3:(8,7) 4:(9,4) 5:(5,8) 6:(6,5) Avatar 2:(11,3) Moving north.
0:(7,8) 1:(5,8) 2:(11,2) 3:(8,7) 4:(9,4) 5:(5,8) 6:(6,5) Avatar 3:(8,7) Moving south.
0:(7,8) 1:(5,8) 2:(11,2) 3:(8,8) 4:(9,4) 5:(5,8) 6:(6,5) Avatar 4:(9,4) Moving north.
0:(7,8) 1:(5,8) 2:(11,2) 3:(8,8) 4:(9,4) 5:(5,8) 6:(6,5) Avatar 5:(5,8) Sleeping.
0:(7,8) 1:(5,8) 2:(11,2) 3:(8,8) 4:(9,4) 5:(5,8) 6:(6,5) Avatar 6:(6,5) Moving south.
0:(7,8) 1:(5,8) 2:(11,2) 3:(8,8) 4:(9,4) 5:(5,8) 6:(6,6) Avatar 0:(7,8) Moving west.
0:(7,8) 1:(5,8) 2:(11,2) 3:(8,8) 4:(9,4) 5:(5,8) 6:(6,6) Avatar 1:(5,8) Moving east.
0:(7,8) 1:(6,8) 2:(11,2) 3:(8,8) 4:(9,4) 5:(5,8) 6:(6,6) Avatar 2:(11,2) Moving north.
0:(7,8) 1:(6,8) 2:(11,1) 3:(8,8) 4:(9,4) 5:(5,8) 6:(6,6) Avatar 3:(8,8) Moving east.
0:(7,8) 1:(6,8) 2:(11,1) 3:(9,8) 4:(9,4) 5:(5,8) 6:(6,6) Avatar 4:(9,4) Moving west.
0:(7,8) 1:(6,8) 2:(11,1) 3:(9,8) 4:(8,4) 5:(5,8) 6:(6,6) Avatar 5:(5,8) Moving east.
0:(7,8) 1:(6,8) 2:(11,1) 3:(9,8) 4:(8,4) 5:(6,8) 6:(6,6) Avatar 6:(6,6) Moving east.
0:(7,8) 1:(6,8) 2:(11,1) 3:(9,8) 4:(8,4) 5:(6,8) 6:(6,6) Avatar 0:(7,8) Moving south.
0:(7,9) 1:(6,8) 2:(11,1) 3:(9,8) 4:(8,4) 5:(6,8) 6:(6,6) Avatar 1:(6,8) Moving north.
0:(7,9) 1:(6,7) 2:(11,1) 3:(9,8) 4:(8,4) 5:(6,8) 6:(6,6) Avatar 2:(11,1) Moving north.
0:(7,9) 1:(6,7) 2:(11,0) 3:(9,8) 4:(8,4) 5:(6,8) 6:(6,6) Avatar 3:(9,8) Moving north.
0:(7,9) 1:(6,7) 2:(11,0) 3:(9,8) 4:(8,4) 5:(6,8) 6:(6,6) Avatar 4:(8,4) Moving north.
0:(7,9) 1:(6,7) 2:(11,0) 3:(9,8) 4:(8,4) 5:(6,8) 6:(6,6) Avatar 5:(6,8) Moving north.
0:(7,9) 1:(6,7) 2:(11,0) 3:(9,8) 4:(8,4) 5:(6,7) 6:(6,6) Avatar 6:(6,6) Moving south.
0:(7,9) 1:(6,7) 2:(11,0) 3:(9,8) 4:(8,4) 5:(6,7) 6:(6,6) Avatar 0:(7,9) Moving east.
0:(7,9) 1:(6,7) 2:(11,0) 3:(9,8) 4:(8,4) 5:(6,7) 6:(6,6) Avatar 1:(6,7) Moving east.
0:(7,9) 1:(7,7) 2:(11,0) 3:(9,8) 4:(8,4) 5:(6,7) 6:(6,6) Avatar 2:(11,0) Moving west.
0:(7,9) 1:(7,7) 2:(11,0) 3:(9,8) 4:(8,4) 5:(6,7) 6:(6,6) Avatar 3:(9,8) Moving east.
0:(7,9) 1:(7,7) 2:(11,0) 3:(9,8) 4:(8,4) 5:(6,7) 6:(6,6) Avatar 4:(8,4) Moving south.
0:(7,9) 1:(7,7) 2:(11,0) 3:(9,8) 4:(8,4) 5:(6,7) 6:(6,6) Avatar 5:(6,7) Moving east.
0:(7,9) 1:(7,7) 2:(11,0) 3:(9,8) 4:(8,4) 5:(7,7) 6:(6,6) Avatar 6:(6,6) Moving west.
0:(7,9) 1:(7,7) 2:(11,0) 3:(9,8) 4:(8,4) 5:(7,7) 6:(5,6) Avatar 0:(7,9) Moving west.
0:(6,9) 1:(7,7) 2:(11,0) 3:(9,8) 4:(8,4) 5:(7,7) 6:(5,6) Avatar 1:(7,7) Moving north.
0:(6,9) 1:(7,6) 2:(11,0) 3:(9,8) 4:(8,4) 5:(7,7) 6:(5,6) Avatar 2:(11,0) Moving south.
0:(6,9) 1:(7,6) 2:(11,1) 3:(9,8) 4:(8,4) 5:(7,7) 6:(5,6) Avatar 3:(9,8) Moving south.
0:(6,9) 1:(7,6) 2:(11,1) 3:(9,9) 4:(8,4) 5:(7,7) 6:(5,6) Avatar 4:(8,4) Moving west.
0:(6,9) 1:(7,6) 2:(11,1) 3:(9,9) 4:(7,4) 5:(7,7) 6:(5,6) Avatar 5:(7,7) Moving north.
0:(6,9) 1:(7,6) 2:(11,1) 3:(9,9) 4:(7,4) 5:(7,6) 6:(5,6) Avatar 6:(5,6) Moving north.
0:(6,9) 1:(7,6) 2:(11,1) 3:(9,9) 4:(7,4) 5:(7,6) 6:(5,5) Avatar 0:(6,9) Moving west.
0:(5,9) 1:(7,6) 2:(11,1) 3:(9,9) 4:(7,4) 5:(7,6) 6:(5,5) Avatar 1:(7,6) Moving north.
0:(5,9) 1:(7,5) 2:(11,1) 3:(9,9) 4:(7,4) 5:(7,6) 6:(5,5) Avatar 2:(11,1) Moving west.
0:(5,9) 1:(7,5) 2:(10,1) 3:(9,9) 4:(7,4) 5:(7,6) 6:(5,5) Avatar 3:(9,9) Moving east.
0:(5,9) 1:(7,5) 2:(10,1) 3:(10,9) 4:(7,4) 5:(7,6) 6:(5,5) Avatar 4:(7,4) Moving north.
0:(5,9) 1:(7,5) 2:(10,1) 3:(10,9) 4:(7,3) 5:(7,6) 6:(5,5) Avatar 5:(7,6) Moving north.
0:(5,9) 1:(7,5) 2:(10,1) 3:(10,9) 4:(7,3) 5:(7,5) 6:(5,5) Avatar 6:(5,5) Moving north.
0:(5,9) 1:(7,5) 2:(10,1) 3:(10,9) 4:(7,3) 5:(7,5) 6:(5,5) Avatar 0:(5,9) Moving west.
0:(4,9) 1:(7,5) 2:(10,1) 3:(10,9) 4:(7,3) 5:(7,5) 6:(5,5) Avatar 1:(7,5) Moving north.
0:(4,9) 1:(7,5) 2:(10,1) 3:(10,9) 4:(7,3) 5:(7,5) 6:(5,5) Avatar 2:(10,1) Moving north.
0:(4,9) 1:(7,5) 2:(10,0) 3:(10,9) 4:(7,3) 5:(7,5) 6:(5,5) Avatar 3:(10,9) Moving north.
0:(4,9) 1:(7,5) 2:(10,0) 3:(10,9) 4:(7,3) 5:(7,5) 6:(5,5) Avatar 4:(7,3) Moving north.
0:(4,9) 1:(7,5) 2:(10,0) 3:(10,9) 4:(7,3) 5:(7,5) 6:(5,5) Avatar 5:(7,5) Sleeping.
0:(4,9) 1:(7,5) 2:(10,0) 3:(10,9) 4:(7,3) 5:(7,5) 6:(5,5) Avatar 6:(5,5) Moving east.
0:(4,9) 1:(7,5) 2:(10,0) 3:(10,9) 4:(7,3) 5:(7,5) 6:(5,5) Avatar 0:(4,9) Moving west.
0:(3,9) 1:(7,5) 2:(10,0) 3:(10,9) 4:(7,3) 5:(7,5) 6:(5,5) Avatar 1:(7,5) Moving east.
0:(3,9) 1:(8,5) 2:(10,0) 3:(10,9) 4:(7,3) 5:(7,5) 6:(5,5) Avatar 2:(10,0) Moving west.
0:(3,9) 1:(8,5) 2:(9,0) 3:(10,9) 4:(7,3) 5:(7,5) 6:(5,5) Avatar 3:(10,9) Moving east.
0:(3,9) 1:(8,5) 2:(9,0) 3:(11,9) 4:(7,3) 5:(7,5) 6:(5,5) Avatar 4:(7,3) Moving east.
0:(3,9) 1:(8,5) 2:(9,0) 3:(11,9) 4:(8,3) 5:(7,5) 6:(5,5) Avatar 5:(7,5) Moving east.
0:(3,9) 1:(8,5) 2:(9,0) 3:(11,9) 4:(8,3) 5:(8,5) 6:(5,5) Avatar 6:(5,5) Moving west.
0:(3,9) 1:(8,5) 2:(9,0) 3:(11,9) 4:(8,3) 5:(8,5) 6:(4,5) Avatar 0:(3,9) Moving north.
0:(3,8) 1:(8,5) 2:(9,0) 3:(11,9) 4:(8,3) 5:(8,5) 6:(4,5) Avatar 1:(8,5) Moving east.
0:(3,8) 1:(9,5) 2:(9,0) 3:(11,9) 4:(8,3) 5:(8,5) 6:(4,5) Avatar 2:(9,0) Moving west.
0:(3,8) 1:(9,5) 2:(8,0) 3:(11,9) 4:(8,3) 5:(8,5) 6:(4,5) Avatar 3:(11,9) Moving north.
0:(3,8) 1:(9,5) 2:(8,0) 3:(11,8) 4:(8,3) 5:(8,5) 6:(4,5) Avatar 4:(8,3) Moving north.
0:(3,8) 1:(9,5) 2:(8,0) 3:(11,8) 4:(8,2) 5:(8,5) 6:(4,5) Avatar 5:(8,5) Moving east.
0:(3,8) 1:(9,5) 2:(8,0) 3:(11,8) 4:(8,2) 5:(9,5) 6:(4,5) Avatar 6:(4,5) Moving north.
0:(3,8) 1:(9,5) 2:(8,0) 3:(11,8) 4:(8,2) 5:(9,5) 6:(4,5) Avatar 0:(3,8) Moving north.
0:(3,7) 1:(9,5) 2:(8,0) 3:(11,8) 4:(8,2) 5:(9,5) 6:(4,5) Avatar 1:(9,5) Moving south.
0:(3,7) 1:(9,6) 2:(8,0) 3:(11,8) 4:(8,2) 5:(9,5) 6:(4,5) Avatar 2:(8,0) Moving south.
0:(3,7) 1:(9,6) 2:(8,1) 3:(11,8) 4:(8,2) 5:(9,5) 6:(4,5) Avatar 3:(11,8) Moving north.
0:(3,7) 1:(9,6) 2:(8,1) 3:(11,8) 4:(8,2) 5:(9,5) 6:(4,5) Avatar 4:(8,2) Moving north.
0:(3,7) 1:(9,6) 2:(8,1) 3:(11,8) 4:(8,1) 5:(9,5) 6:(4,5) Avatar 5:(9,5) Moving south.
0:(3,7) 1:(9,6) 2:(8,1) 3:(11,8) 4:(8,1) 5:(9,6) 6:(4,5) Avatar 6:(4,5) Moving west.
0:(3,7) 1:(9,6) 2:(8,1) 3:(11,8) 4:(8,1) 5:(9,6) 6:(3,5) Avatar 0:(3,7) Moving north.
0:(3,6) 1:(9,6) 2:(8,1) 3:(11,8) 4:(8,1) 5:(9,6) 6:(3,5) Avatar 1:(9,6) Moving west.
0:(3,6) 1:(8,6) 2:(8,1) 3:(11,8) 4:(8,1) 5:(9,6) 6:(3,5) Avatar 2:(8,1) Moving east.
0:(3,6) 1:(8,6) 2:(8,1) 3:(11,8) 4:(8,1) 5:(9,6) 6:(3,5) Avatar 3:(11,8) Moving west.
0:(3,6) 1:(8,6) 2:(8,1) 3:(10,8) 4:(8,1) 5:(9,6) 6:(3,5) Avatar 4:(8,1) Moving west.
0:(3,6) 1:(8,6) 2:(8,1) 3:(10,8) 4:(8,1) 5:(9,6) 6:(3,5) Avatar 5:(9,6) Moving west.
0:(3,6) 1:(8,6) 2:(8,1) 3:(10,8) 4:(8,1) 5:(8,6) 6:(3,5) Avatar 6:(3,5) Moving north.
0:(3,6) 1:(8,6) 2:(8,1) 3:(10,8) 4:(8,1) 5:(8,6) 6:(3,5) Avatar 0:(3,6) Moving east.
0:(4,6) 1:(8,6) 2:(8,1) 3:(10,8) 4:(8,1) 5:(8,6) 6:(3,5) Avatar 1:(8,6) Moving south.
0:(4,6) 1:(8,7) 2:(8,1) 3:(10,8) 4:(8,1) 5:(8,6) 6:(3,5) Avatar 2:(8,1) Moving south.
0:(4,6) 1:(8,7) 2:(8,2) 3:(10,8) 4:(8,1) 5:(8,6) 6:(3,5) Avatar 3:(10,8) Moving north.
0:(4,6) 1:(8,7) 2:(8,2) 3:(10,7) 4:(8,1) 5:(8,6) 6:(3,5) Avatar 4:(8,1) Moving south.
0:(4,6) 1:(8,7) 2:(8,2) 3:(10,7) 4:(8,2) 5:(8,6) 6:(3,5) Avatar 5:(8,6) Moving south.
0:(4,6) 1:(8,7) 2:(8,2) 3:(10,7) 4:(8,2) 5:(8,7) 6:(3,5) Avatar 6:(3,5) Moving west.
0:(4,6) 1:(8,7) 2:(8,2) 3:(10,7) 4:(8,2) 5:(8,7) 6:(2,5) Avatar 0:(4,6) Moving south.
0:(4,7) 1:(8,7) 2:(8,2) 3:(10,7) 4:(8,2) 5:(8,7) 6:(2,5) Avatar 1:(8,7) Moving south.
0:(4,7) 1:(8,8) 2:(8,2) 3:(10,7) 4:(8,2) 5:(8,7) 6:(2,5) Avatar 2:(8,2) Moving east.
0:(4,7) 1:(8,8) 2:(8,2) 3:(10,7) 4:(8,2) 5:(8,7) 6:(2,5) Avatar 3:(10,7) Moving north.
0:(4,7) 1:(8,8) 2:(8,2) 3:(10,6) 4:(8,2) 5:(8,7) 6:(2,5) Avatar 4:(8,2) Sleeping.
0:(4,7) 1:(8,8) 2:(8,2) 3:(10,6) 4:(8,2) 5:(8,7) 6:(2,5) Avatar 5:(8,7) Moving south.
0:(4,7) 1:(8,8) 2:(8,2) 3:(10,6) 4:(8,2) 5:(8,8) 6:(2,5) Avatar 6:(2,5) Moving north.
0:(4,7) 1:(8,8) 2:(8,2) 3:(10,6) 4:(8,2) 5:(8,8) 6:(2,5) Avatar 0:(4,7) Moving south.
0:(4,8) 1:(8,8) 2:(8,2) 3:(10,6) 4:(8,2) 5:(8,8) 6:(2,5) Avatar 1:(8,8) Moving east.
0:(4,8) 1:(9,8) 2:(8,2) 3:(10,6) 4:(8,2) 5:(8,8) 6:(2,5) Avatar 2:(8,2) Moving west.
0:(4,8) 1:(9,8) 2:(8,2) 3:(10,6) 4:(8,2) 5:(8,8) 6:(2,5) Avatar 3:(10,6) Moving north.
0:(4,8) 1:(9,8) 2:(8,2) 3:(10,5) 4:(8,2) 5:(8,8) 6:(2,5) Avatar 4:(8,2) Sleeping.
0:(4,8) 1:(9,8) 2:(8,2) 3:(10,5) 4:(8,2) 5:(8,8) 6:(2,5) Avatar 5:(8,8) Moving east.
0:(4,8) 1:(9,8) 2:(8,2) 3:(10,5) 4:(8,2) 5:(9,8) 6:(2,5) Avatar 6:(2,5) Moving south.
0:(4,8) 1:(9,8) 2:(8,2) 3:(10,5) 4:(8,2) 5:(9,8) 6:(2,6) Avatar 0:(4,8) Moving east.
0:(5,8) 1:(9,8) 2:(8,2) 3:(10,5) 4:(8,2) 5:(9,8) 6:(2,6) Avatar 1:(9,8) Moving south.
0:(5,8) 1:(9,9) 2:(8,2) 3:(10,5) 4:(8,2) 5:(9,8) 6:(2,6) Avatar 2:(8,2) Moving south.
0:(5,8) 1:(9,9) 2:(8,3) 3:(10,5) 4:(8,2) 5:(9,8) 6:(2,6) Avatar 3:(10,5) Moving north.
0:(5,8) 1:(9,9) 2:(8,3) 3:(10,4) 4:(8,2) 5:(9,8) 6:(2,6) Avatar 4:(8,2) Moving south.
0:(5,8) 1:(9,9) 2:(8,3) 3:(10,4) 4:(8,3) 5:(9,8) 6:(2,6) Avatar 5:(9,8) Moving south.
0:(5,8) 1:(9,9) 2:(8,3) 3:(10,4) 4:(8,3) 5:(9,9) 6:(2,6) Avatar 6:(2,6) Moving east.
0:(5,8) 1:(9,9) 2:(8,3) 3:(10,4) 4:(8,3) 5:(9,9) 6:(2,6) Avatar 0:(5,8) Moving east.
0:(6,8) 1:(9,9) 2:(8,3) 3:(10,4) 4:(8,3) 5:(9,9) 6:(2,6) Avatar 1:(9,9) Moving east.
0:(6,8) 1:(10,9) 2:(8,3) 3:(10,4) 4:(8,3) 5:(9,9) 6:(2,6) Avatar 2:(8,3) Moving east.
0:(6,8) 1:(10,9) 2:(8,3) 3:(10,4) 4:(8,3) 5:(9,9) 6:(2,6) Avatar 3:(10,4) Moving west.
0:(6,8) 1:(10,9) 2:(8,3) 3:(9,4) 4:(8,3) 5:(9,9) 6:(2,6) Avatar 4:(8,3) Sleeping.
0:(6,8) 1:(10,9) 2:(8,3) 3:(9,4) 4:(8,3) 5:(9,9) 6:(2,6) Avatar 5:(9,9) Moving east.
0:(6,8) 1:(10,9) 2:(8,3) 3:(9,4) 4:(8,3) 5:(10,9) 6:(2,6) Avatar 6:(2,6) Moving south.
0:(6,8) 1:(10,9) 2:(8,3) 3:(9,4) 4:(8,3) 5:(10,9) 6:(2,6) Avatar 0:(6,8) Moving north.
0:(6,7) 1:(10,9) 2:(8,3) 3:(9,4) 4:(8,3) 5:(10,9) 6:(2,6) Avatar 1:(10,9) Moving east.
0:(6,7) 1:(11,9) 2:(8,3) 3:(9,4) 4:(8,3) 5:(10,9) 6:(2,6) Avatar 2:(8,3) Moving west.
0:(6,7) 1:(11,9) 2:(7,3) 3:(9,4) 4:(8,3) 5:(10,9) 6:(2,6) Avatar 3:(9,4) Moving west.
0:(6,7) 1:(11,9) 2:(7,3) 3:(8,4) 4:(8,3) 5:(10,9) 6:(2,6) Avatar 4:(8,3) Moving west.
0:(6,7) 1:(11,9) 2:(7,3) 3:(8,4) 4:(7,3) 5:(10,9) 6:(2,6) Avatar 5:(10,9) Moving east.
0:(6,7) 1:(11,9) 2:(7,3) 3:(8,4) 4:(7,3) 5:(11,9) 6:(2,6) Avatar 6:(2,6) Moving west.
0:(6,7) 1:(11,9) 2:(7,3) 3:(8,4) 4:(7,3) 5:(11,9) 6:(1,6) Avatar 0:(6,7) Moving east.
0:(7,7) 1:(11,9) 2:(7,3) 3:(8,4) 4:(7,3) 5:(11,9) 6:(1,6) Avatar 1:(11,9) Moving north.
0:(7,7) 1:(11,8) 2:(7,3) 3:(8,4) 4:(7,3) 5:(11,9) 6:(1,6) Avatar 2:(7,3) Moving south.
0:(7,7) 1:(11,8) 2:(7,4) 3:(8,4) 4:(7,3) 5:(11,9) 6:(1,6) Avatar 3:(8,4) Moving west.
0:(7,7) 1:(11,8) 2:(7,4) 3:(7,4) 4:(7,3) 5:(11,9) 6:(1,6) Avatar 4:(7,3) Moving south.
0:(7,7) 1:(11,8) 2:(7,4) 3:(7,4) 4:(7,4) 5:(11,9) 6:(1,6) Avatar 5:(11,9) Moving north.
0:(7,7) 1:(11,8) 2:(7,4) 3:(7,4) 4:(7,4) 5:(11,8) 6:(1,6) Avatar 6:(1,6) Moving north.
0:(7,7) 1:(11,8) 2:(7,4) 3:(7,4) 4:(7,4) 5:(11,8) 6:(1,6) Avatar 0:(7,7) Moving north.
0:(7,6) 1:(11,8) 2:(7,4) 3:(7,4) 4:(7,4) 5:(11,8) 6:(1,6) Avatar 1:(11,8) Moving west.
0:(7,6) 1:(10,8) 2:(7,4) 3:(7,4) 4:(7,4) 5:(11,8) 6:(1,6) Avatar 2:(7,4) Moving east.
0:(7,6) 1:(10,8) 2:(8,4) 3:(7,4) 4:(7,4) 5:(11,8) 6:(1,6) Avatar 3:(7,4) Moving east.
0:(7,6) 1:(10,8) 2:(8,4) 3:(8,4) 4:(7,4) 5:(11,8) 6:(1,6) Avatar 4:(7,4) Moving east.
0:(7,6) 1:(10,8) 2:(8,4) 3:(8,4) 4:(8,4) 5:(11,8) 6:(1,6) Avatar 5:(11,8) Moving west.
0:(7,6) 1:(10,8) 2:(8,4) 3:(8,4) 4:(8,4) 5:(10,8) 6:(1,6) Avatar 6:(1,6) Moving south.
0:(7,6) 1:(10,8) 2:(8,4) 3:(8,4) 4:(8,4) 5:(10,8) 6:(1,6) Avatar 0:(7,6) Moving north.
0:(7,5) 1:(10,8) 2:(8,4) 3:(8,4) 4:(8,4) 5:(10,8) 6:(1,6) Avatar 1:(10,8) Moving north.
0:(7,5) 1:(10,7) 2:(8,4) 3:(8,4) 4:(8,4) 5:(10,8) 6:(1,6) Avatar 2:(8,4) Moving east.
0:(7,5) 1:(10,7) 2:(9,4) 3:(8,4) 4:(8,4) 5:(10,8) 6:(1,6) Avatar 3:(8,4) Moving east.
0:(7,5) 1:(10,7) 2:(9,4) 3:(9,4) 4:(8,4) 5:(10,8) 6:(1,6) Avatar 4:(8,4) Moving east.
0:(7,5) 1:(10,7) 2:(9,4) 3:(9,4) 4:(9,4) 5:(10,8) 6:(1,6) Avatar 5:(10,8) Moving north.
0:(7,5) 1:(10,7) 2:(9,4) 3:(9,4) 4:(9,4) 5:(10,7) 6:(1,6) Avatar 6:(1,6) Moving west.
0:(7,5) 1:(10,7) 2:(9,4) 3:(9,4) 4:(9,4) 5:(10,7) 6:(0,6) Avatar 0:(7,5) Moving east.
0:(8,5) 1:(10,7) 2:(9,4) 3:(9,4) 4:(9,4) 5:(10,7) 6:(0,6) Avatar 1:(10,7) Moving north.
0:(8,5) 1:(10,6) 2:(9,4) 3:(9,4) 4:(9,4) 5:(10,7) 6:(0,6) Avatar 2:(9,4) Moving east.
0:(8,5) 1:(10,6) 2:(10,4) 3:(9,4) 4:(9,4) 5:(10,7) 6:(0,6) Avatar 3:(9,4) Moving east.
0:(8,5) 1:(10,6) 2:(10,4) 3:(10,4) 4:(9,4) 5:(10,7) 6:(0,6) Avatar 4:(9,4) Moving east.
0:(8,5) 1:(10,6) 2:(10,4) 3:(10,4) 4:(10,4) 5:(10,7) 6:(0,6) Avatar 5:(10,7) Moving north.
0:(8,5) 1:(10,6) 2:(10,4) 3:(10,4) 4:(10,4) 5:(10,6) 6:(0,6) Avatar 6:(0,6) Moving north.
0:(8,5) 1:(10,6) 2:(10,4) 3:(10,4) 4:(10,4) 5:(10,6) 6:(0,5) Avatar 0:(8,5) Moving east.
0:(9,5) 1:(10,6) 2:(10,4) 3:(10,4) 4:(10,4) 5:(10,6) 6:(0,5) Avatar 1:(10,6) Moving north.
0:(9,5) 1:(10,5) 2:(10,4) 3:(10,4) 4:(10,4) 5:(10,6) 6:(0,5) Avatar 2:(10,4) Moving south.
0:(9,5) 1:(10,5) 2:(10,5) 3:(10,4) 4:(10,4) 5:(10,6) 6:(0,5) Avatar 3:(10,4) Moving south.
0:(9,5) 1:(10,5) 2:(10,5) 3:(10,5) 4:(10,4) 5:(10,6) 6:(0,5) Avatar 4:(10,4) Moving south.
0:(9,5) 1:(10,5) 2:(10,5) 3:(10,5) 4:(10,5) 5:(10,6) 6:(0,5) Avatar 5:(10,6) Moving north.
0:(9,5) 1:(10,5) 2:(10,5) 3:(10,5) 4:(10,5) 5:(10,5) 6:(0,5) Avatar 6:(0,5) Moving north.
0:(9,5) 1:(10,5) 2:(10,5) 3:(10,5) 4:(10,5) 5:(10,5) 6:(0,5) Avatar 0:(9,5) Moving south.
0:(9,6) 1:(10,5) 2:(10,5) 3:(10,5) 4:(10,5) 5:(10,5) 6:(0,5) Avatar 1:(10,5) Sleeping.
0:(9,6) 1:(10,5) 2:(10,5) 3:(10,5) 4:(10,5) 5:(10,5) 6:(0,5) Avatar 2:(10,5) Moving east.
0:(9,6) 1:(10,5) 2:(10,5) 3:(10,5) 4:(10,5) 5:(10,5) 6:(0,5) Avatar 3:(10,5) Sleeping.
0:(9,6) 1:(10,5) 2:(10,5) 3:(10,5) 4:(10,5) 5:(10,5) 6:(0,5) Avatar 4:(10,5) Sleeping.
0:(9,6) 1:(10,5) 2:(10,5) 3:(10,5) 4:(10,5) 5:(10,5) 6:(0,5) Avatar 5:(10,5) Sleeping.
0:(9,6) 1:(10,5) 2:(10,5) 3:(10,5) 4:(10,5) 5:(10,5) 6:(0,5) Avatar 6:(0,5) Moving east.
0:(9,6) 1:(10,5) 2:(10,5) 3:(10,5) 4:(10,5) 5:(10,5) 6:(1,5) Avatar 0:(9,6) Moving west.
0:(8,6) 1:(10,5) 2:(10,5) 3:(10,5) 4:(10,5) 5:(10,5) 6:(1,5) Avatar 1:(10,5) Sleeping.
0:(8,6) 1:(10,5) 2:(10,5) 3:(10,5) 4:(10,5) 5:(10,5) 6:(1,5) Avatar 2:(10,5) Moving south.
0:(8,6) 1:(10,5) 2:(10,6) 3:(10,5) 4:(10,5) 5:(10,5) 6:(1,5) Avatar 3:(10,5) Moving south.
0:(8,6) 1:(10,5) 2:(10,6) 3:(10,6) 4:(10,5) 5:(10,5) 6:(1,5) Avatar 4:(10,5) Moving south.
0:(8,6) 1:(10,5) 2:(10,6) 3:(10,6) 4:(10,6) 5:(10,5) 6:(1,5) Avatar 5:(10,5) Moving south.
0:(8,6) 1:(10,5) 2:(10,6) 3:(10,6) 4:(10,6) 5:(10,6) 6:(1,5) Avatar 6:(1,5) Moving north.
0:(8,6) 1:(10,5) 2:(10,6) 3:(10,6) 4:(10,6) 5:(10,6) 6:(1,5) Avatar 0:(8,6) Moving south.
0:(8,7) 1:(10,5) 2:(10,6) 3:(10,6) 4:(10,6) 5:(10,6) 6:(1,5) Avatar 1:(10,5) Moving south.
0:(8,7) 1:(10,6) 2:(10,6) 3:(10,6) 4:(10,6) 5:(10,6) 6:(1,5) Avatar 2:(10,6) Moving east.
0:(8,7) 1:(10,6) 2:(10,6) 3:(10,6) 4:(10,6) 5:(10,6) 6:(1,5) Avatar 3:(10,6) Sleeping.
0:(8,7) 1:(10,6) 2:(10,6) 3:(10,6) 4:(10,6) 5:(10,6) 6:(1,5) Avatar 4:(10,6) Sleeping.
0:(8,7) 1:(10,6) 2:(10,6) 3:(10,6) 4:(10,6) 5:(10,6) 6:(1,5) Avatar 5:(10,6) Sleeping.
0:(8,7) 1:(10,6) 2:(10,6) 3:(10,6) 4:(10,6) 5:(10,6) 6:(1,5) Avatar 6:(1,5) Moving east.
0:(8,7) 1:(10,6) 2:(10,6) 3:(10,6) 4:(10,6) 5:(10,6) 6:(1,5) Avatar 0:(8,7) Moving south.
0:(8,8) 1:(10,6) 2:(10,6) 3:(10,6) 4:(10,6) 5:(10,6) 6:(1,5) Avatar 1:(10,6) Sleeping.
0:(8,8) 1:(10,6) 2:(10,6) 3:(10,6) 4:(10,6) 5:(10,6) 6:(1,5) Avatar 2:(10,6) Moving south.
0:(8,8) 1:(10,6) 2:(10,7) 3:(10,6) 4:(10,6) 5:(10,6) 6:(1,5) Avatar 3:(10,6) Moving south.
0:(8,8) 1:(10,6) 2:(10,7) 3:(10,7) 4:(10,6) 5:(10,6) 6:(1,5) Avatar 4:(10,6) Moving south.
0:(8,8) 1:(10,6) 2:(10,7) 3:(10,7) 4:(10,7) 5:(10,6) 6:(1,5) Avatar 5:(10,6) Moving south.
0:(8,8) 1:(10,6) 2:(10,7) 3:(10,7) 4:(10,7) 5:(10,7) 6:(1,5) Avatar 6:(1,5) Moving west.
0:(8,8) 1:(10,6) 2:(10,7) 3:(10,7) 4:(10,7) 5:(10,7) 6:(0,5) Avatar 0:(8,8) Moving east.
0:(9,8) 1:(10,6) 2:(10,7) 3:(10,7) 4:(10,7) 5:(10,7) 6:(0,5) Avatar 1:(10,6) Moving south.
0:(9,8) 1:(10,7) 2:(10,7) 3:(10,7) 4:(10,7) 5:(10,7) 6:(0,5) Avatar 2:(10,7) Moving east.
0:(9,8) 1:(10,7) 2:(10,7) 3:(10,7) 4:(10,7) 5:(10,7) 6:(0,5) Avatar 3:(10,7) Sleeping.
0:(9,8) 1:(10,7) 2:(10,7) 3:(10,7) 4:(10,7) 5:(10,7) 6:(0,5) Avatar 4:(10,7) Sleeping.
0:(9,8) 1:(10,7) 2:(10,7) 3:(10,7) 4:(10,7) 5:(10,7) 6:(0,5) Avatar 5:(10,7) Sleeping.
0:(9,8) 1:(10,7) 2:(10,7) 3:(10,7) 4:(10,7) 5:(10,7) 6:(0,5) Avatar 6:(0,5) Moving south.
0:(9,8) 1:(10,7) 2:(10,7) 3:(10,7) 4:(10,7) 5:(10,7) 6:(0,6) Avatar 0:(9,8) Moving south.
0:(9,9) 1:(10,7) 2:(10,7) 3:(10,7) 4:(10,7) 5:(10,7) 6:(0,6) Avatar 1:(10,7) Sleeping.
0:(9,9) 1:(10,7) 2:(10,7) 3:(10,7) 4:(10,7) 5:(10,7) 6:(0,6) Avatar 2:(10,7) Moving south.
0:(9,9) 1:(10,7) 2:(10,8) 3:(10,7) 4:(10,7) 5:(10,7) 6:(0,6) Avatar 3:(10,7) Moving south.
0:(9,9) 1:(10,7) 2:(10,8) 3:(10,8) 4:(10,7) 5:(10,7) 6:(0,6) Avatar 4:(10,7) Moving south.
0:(9,9) 1:(10,7) 2:(10,8) 3:(10,8) 4:(10,8) 5:(10,7) 6:(0,6) Avatar 5:(10,7) Moving south.
0:(9,9) 1:(10,7) 2:(10,8) 3:(10,8) 4:(10,8) 5:(10,8) 6:(0,6) Avatar 6:(0,6) Moving south.
0:(9,9) 1:(10,7) 2:(10,8) 3:(10,8) 4:(10,8) 5:(10,8) 6:(0,7) Avatar 0:(9,9) Moving east.
0:(10,9) 1:(10,7) 2:(10,8) 3:(10,8) 4:(10,8) 5:(10,8) 6:(0,7) Avatar 1:(10,7) Moving south.
0:(10,9) 1:(10,8) 2:(10,8) 3:(10,8) 4:(10,8) 5:(10,8) 6:(0,7) Avatar 2:(10,8) Moving east.
0:(10,9) 1:(10,8) 2:(11,8) 3:(10,8) 4:(10,8) 5:(10,8) 6:(0,7) Avatar 3:(10,8) Moving east.
0:(10,9) 1:(10,8) 2:(11,8) 3:(11,8) 4:(10,8) 5:(10,8) 6:(0,7) Avatar 4:(10,8) Moving east.
0:(10,9) 1:(10,8) 2:(11,8) 3:(11,8) 4:(11,8) 5:(10,8) 6:(0,7) Avatar 5:(10,8) Moving east.
0:(10,9) 1:(10,8) 2:(11,8) 3:(11,8) 4:(11,8) 5:(11,8) 6:(0,7) Avatar 6:(0,7) Moving east.
0:(10,9) 1:(10,8) 2:(11,8) 3:(11,8) 4:(11,8) 5:(11,8) 6:(1,7) Avatar 0:(10,9) Moving east.
0:(11,9) 1:(10,8) 2:(11,8) 3:(11,8) 4:(11,8) 5:(11,8) 6:(1,7) Avatar 1:(10,8) Moving east.
0:(11,9) 1:(11,8) 2:(11,8) 3:(11,8) 4:(11,8) 5:(11,8) 6:(1,7) Avatar 2:(11,8) Moving south.
0:(11,9) 1:(11,8) 2:(11,9) 3:(11,8) 4:(11,8) 5:(11,8) 6:(1,7) Avatar 3:(11,8) Moving south.
0:(11,9) 1:(11,8) 2:(11,9) 3:(11,9) 4:(11,8) 5:(11,8) 6:(1,7) Avatar 4:(11,8) Moving south.
0:(11,9) 1:(11,8) 2:(11,9) 3:(11,9) 4:(11,9) 5:(11,8) 6:(1,7) Avatar 5:(11,8) Moving south.
0:(11,9) 1:(11,8) 2:(11,9) 3:(11,9) 4:(11,9) 5:(11,9) 6:(1,7) Avatar 6:(1,7) Moving east.
0:(11,9) 1:(11,8) 2:(11,9) 3:(11,9) 4:(11,9) 5:(11,9) 6:(2,7) Avatar 0:(11,9) Sleeping.
0:(11,9) 1:(11,8) 2:(11,9) 3:(11,9) 4:(11,9) 5:(11,9) 6:(2,7) Avatar 1:(11,8) Moving south.
0:(11,9) 1:(11,9) 2:(11,9) 3:(11,9) 4:(11,9) 5:(11,9) 6:(2,7) Avatar 2:(11,9) Moving west.
0:(11,9) 1:(11,9) 2:(10,9) 3:(11,9) 4:(11,9) 5:(11,9) 6:(2,7) Avatar 3:(11,9) Moving west.
0:(11,9) 1:(11,9) 2:(10,9) 3:(10,9) 4:(11,9) 5:(11,9) 6:(2,7) Avatar 4:(11,9) Moving west.
0:(11,9) 1:(11,9) 2:(10,9) 3:(10,9) 4:(10,9) 5:(11,9) 6:(2,7) Avatar 5:(11,9) Moving west.
0:(11,9) 1:(11,9) 2:(10,9) 3:(10,9) 4:(10,9) 5:(10,9) 6:(2,7) Avatar 6:(2,7) Moving east.
0:(11,9) 1:(11,9) 2:(10,9) 3:(10,9) 4:(10,9) 5:(10,9) 6:(2,7) Avatar 0:(11,9) Moving west.
0:(10,9) 1:(11,9) 2:(10,9) 3:(10,9) 4:(10,9) 5:(10,9) 6:(2,7) Avatar 1:(11,9) Moving west.
0:(10,9) 1:(10,9) 2:(10,9) 3:(10,9) 4:(10,9) 5:(10,9) 6:(2,7) Avatar 2:(10,9) Moving west.
0:(10,9) 1:(10,9) 2:(9,9) 3:(10,9) 4:(10,9) 5:(10,9) 6:(2,7) Avatar 3:(10,9) Moving west.
0:(10,9) 1:(10,9) 2:(9,9) 3:(9,9) 4:(10,9) 5:(10,9) 6:(2,7) Avatar 4:(10,9) Moving west.
0:(10,9) 1:(10,9) 2:(9,9) 3:(9,9) 4:(9,9) 5:(10,9) 6:(2,7) Avatar 5:(10,9) Moving west.
0:(10,9) 1:(10,9) 2:(9,9) 3:(9,9) 4:(9,9) 5:(9,9) 6:(2,7) Avatar 6:(2,7) Moving south.
0:(10,9) 1:(10,9) 2:(9,9) 3:(9,9) 4:(9,9) 5:(9,9) 6:(2,8) Avatar 0:(10,9) Moving west.
0:(9,9) 1:(10,9) 2:(9,9) 3:(9,9) 4:(9,9) 5:(9,9) 6:(2,8) Avatar 1:(10,9) Moving west.
0:(9,9) 1:(9,9) 2:(9,9) 3:(9,9) 4:(9,9) 5:(9,9) 6:(2,8) Avatar 2:(9,9) Moving west.
0:(9,9) 1:(9,9) 2:(8,9) 3:(9,9) 4:(9,9) 5:(9,9) 6:(2,8) Avatar 3:(9,9) Moving west.
0:(9,9) 1:(9,9) 2:(8,9) 3:(8,9) 4:(9,9) 5:(9,9) 6:(2,8) Avatar 4:(9,9) Moving west.
0:(9,9) 1:(9,9) 2:(8,9) 3:(8,9) 4:(8,9) 5:(9,9) 6:(2,8) Avatar 5:(9,9) Moving west.
0:(9,9) 1:(9,9) 2:(8,9) 3:(8,9) 4:(8,9) 5:(8,9) 6:(2,8) Avatar 6:(2,8) Moving east.
0:(9,9) 1:(9,9) 2:(8,9) 3:(8,9) 4:(8,9) 5:(8,9) 6:(2,8) Avatar 0:(9,9) Moving west.
0:(8,9) 1:(9,9) 2:(8,9) 3:(8,9) 4:(8,9) 5:(8,9) 6:(2,8) Avatar 1:(9,9) Moving west.
0:(8,9) 1:(8,9) 2:(8,9) 3:(8,9) 4:(8,9) 5:(8,9) 6:(2,8) Avatar 2:(8,9) Moving north.
0:(8,9) 1:(8,9) 2:(8,9) 3:(8,9) 4:(8,9) 5:(8,9) 6:(2,8) Avatar 3:(8,9) Moving east.
0:(8,9) 1:(8,9) 2:(8,9) 3:(9,9) 4:(8,9) 5:(8,9) 6:(2,8) Avatar 4:(8,9) Moving east.
0:(8,9) 1:(8,9) 2:(8,9) 3:(9,9) 4:(9,9) 5:(8,9) 6:(2,8) Avatar 5:(8,9) Moving east.
0:(8,9) 1:(8,9) 2:(8,9) 3:(9,9) 4:(9,9) 5:(9,9) 6:(2,8) Avatar 6:(2,8) Moving south.
0:(8,9) 1:(8,9) 2:(8,9) 3:(9,9) 4:(9,9) 5:(9,9) 6:(2,8) Avatar 0:(8,9) Moving east.
0:(9,9) 1:(8,9) 2:(8,9) 3:(9,9) 4:(9,9) 5:(9,9) 6:(2,8) Avatar 1:(8,9) Moving east.
0:(9,9) 1:(9,9) 2:(8,9) 3:(9,9) 4:(9,9) 5:(9,9) 6:(2,8) Avatar 2:(8,9) Moving east.
0:(9,9) 1:(9,9) 2:(9,9) 3:(9,9) 4:(9,9) 5:(9,9) 6:(2,8) Avatar 3:(9,9) Sleeping.
0:(9,9) 1:(9,9) 2:(9,9) 3:(9,9) 4:(9,9) 5:(9,9) 6:(2,8) Avatar 4:(9,9) Sleeping.
0:(9,9) 1:(9,9) 2:(9,9) 3:(9,9) 4:(9,9) 5:(9,9) 6:(2,8) Avatar 5:(9,9) Sleeping.
0:(9,9) 1:(9,9) 2:(9,9) 3:(9,9) 4:(9,9) 5:(9,9) 6:(2,8) Avatar 6:(2,8) Moving west.
0:(9,9) 1:(9,9) 2:(9,9) 3:(9,9) 4:(9,9) 5:(9,9) 6:(1,8) Avatar 0:(9,9) Sleeping.
0:(9,9) 1:(9,9) 2:(9,9) 3:(9,9) 4:(9,9) 5:(9,9) 6:(1,8) Avatar 1:(9,9) Sleeping.
0:(9,9) 1:(9,9) 2:(9,9) 3:(9,9) 4:(9,9) 5:(9,9) 6:(1,8) Avatar 2:(9,9) Moving north.
0:(9,9) 1:(9,9) 2:(9,8) 3:(9,9) 4:(9,9) 5:(9,9) 6:(1,8) Avatar 3:(9,9) Moving north.
0:(9,9) 1:(9,9) 2:(9,8) 3:(9,8) 4:(9,9) 5:(9,9) 6:(1,8) Avatar 4:(9,9) Moving north.
0:(9,9) 1:(9,9) 2:(9,8) 3:(9,8) 4:(9,8) 5:(9,9) 6:(1,8) Avatar 5:(9,9) Moving north.
0:(9,9) 1:(9,9) 2:(9,8) 3:(9,8) 4:(9,8) 5:(9,8) 6:(1,8) Avatar 6:(1,8) Moving north.
0:(9,9) 1:(9,9) 2:(9,8) 3:(9,8) 4:(9,8) 5:(9,8) 6:(1,8) Avatar 0:(9,9) Moving north.
0:(9,8) 1:(9,9) 2:(9,8) 3:(9,8) 4:(9,8) 5:(9,8) 6:(1,8) Avatar 1:(9,9) Moving north.
0:(9,8) 1:(9,8) 2:(9,8) 3:(9,8) 4:(9,8) 5:(9,8) 6:(1,8) Avatar 2:(9,8) Moving west.
0:(9,8) 1:(9,8) 2:(8,8) 3:(9,8) 4:(9,8) 5:(9,8) 6:(1,8) Avatar 3:(9,8) Moving west.
0:(9,8) 1:(9,8) 2:(8,8) 3:(8,8) 4:(9,8) 5:(9,8) 6:(1,8) Avatar 4:(9,8) Moving west.
0:(9,8) 1:(9,8) 2:(8,8) 3:(8,8) 4:(8,8) 5:(9,8) 6:(1,8) Avatar 5:(9,8) Moving west.
0:(9,8) 1:(9,8) 2:(8,8) 3:(8,8) 4:(8,8) 5:(8,8) 6:(1,8) Avatar 6:(1,8) Moving south.
0:(9,8) 1:(9,8) 2:(8,8) 3:(8,8) 4:(8,8) 5:(8,8) 6:(1,9) Avatar 0:(9,8) Moving west.
0:(8,8) 1:(9,8) 2:(8,8) 3:(8,8) 4:(8,8) 5:(8,8) 6:(1,9) Avatar 1:(9,8) Moving west.
0:(8,8) 1:(8,8) 2:(8,8) 3:(8,8) 4:(8,8) 5:(8,8) 6:(1,9) Avatar 2:(8,8) Moving north.
0:(8,8) 1:(8,8) 2:(8,7) 3:(8,8) 4:(8,8) 5:(8,8) 6:(1,9) Avatar 3:(8,8) Moving north.
0:(8,8) 1:(8,8) 2:(8,7) 3:(8,7) 4:(8,8) 5:(8,8) 6:(1,9) Avatar 4:(8,8) Moving north.
0:(8,8) 1:(8,8) 2:(8,7) 3:(8,7) 4:(8,7) 5:(8,8) 6:(1,9) Avatar 5:(8,8) Moving north.
0:(8,8) 1:(8,8) 2:(8,7) 3:(8,7) 4:(8,7) 5:(8,7) 6:(1,9) Avatar 6:(1,9) Moving east.
0:(8,8) 1:(8,8) 2:(8,7) 3:(8,7) 4:(8,7) 5:(8,7) 6:(2,9) Avatar 0:(8,8) Moving north.
0:(8,7) 1:(8,8) 2:(8,7) 3:(8,7) 4:(8,7) 5:(8,7) 6:(2,9) Avatar 1:(8,8) Moving north.
0:(8,7) 1:(8,7) 2:(8,7) 3:(8,7) 4:(8,7) 5:(8,7) 6:(2,9) Avatar 2:(8,7) Moving west.
0:(8,7) 1:(8,7) 2:(8,7) 3:(8,7) 4:(8,7) 5:(8,7) 6:(2,9) Avatar 3:(8,7) Sleeping.
0:(8,7) 1:(8,7) 2:(8,7) 3:(8,7) 4:(8,7) 5:(8,7) 6:(2,9) Avatar 4:(8,7) Sleeping.
0:(8,7) 1:(8,7) 2:(8,7) 3:(8,7) 4:(8,7) 5:(8,7) 6:(2,9) Avatar 5:(8,7) Sleeping.
0:(8,7) 1:(8,7) 2:(8,7) 3:(8,7) 4:(8,7) 5:(8,7) 6:(2,9) Avatar 6:(2,9) Moving east.
0:(8,7) 1:(8,7) 2:(8,7) 3:(8,7) 4:(8,7) 5:(8,7) 6:(2,9) Avatar 0:(8,7) Sleeping.
0:(8,7) 1:(8,7) 2:(8,7) 3:(8,7) 4:(8,7) 5:(8,7) 6:(2,9) Avatar 1:(8,7) Sleeping.
0:(8,7) 1:(8,7) 2:(8,7) 3:(8,7) 4:(8,7) 5:(8,7) 6:(2,9) Avatar 2:(8,7) Moving north.
0:(8,7) 1:(8,7) 2:(8,6) 3:(8,7) 4:(8,7) 5:(8,7) 6:(2,9) Avatar 3:(8,7) Moving north.
0:(8,7) 1:(8,7) 2:(8,6) 3:(8,6) 4:(8,7) 5:(8,7) 6:(2,9) Avatar 4:(8,7) Moving north.
0:(8,7) 1:(8,7) 2:(8,6) 3:(8,6) 4:(8,6) 5:(8,7) 6:(2,9) Avatar 5:(8,7) Moving north.
0:(8,7) 1:(8,7) 2:(8,6) 3:(8,6) 4:(8,6) 5:(8,6) 6:(2,9) Avatar 6:(2,9) Moving west.
0:(8,7) 1:(8,7) 2:(8,6) 3:(8,6) 4:(8,6) 5:(8,6) 6:(1,9) Avatar 0:(8,7) Moving north.
0:(8,6) 1:(8,7) 2:(8,6) 3:(8,6) 4:(8,6) 5:(8,6) 6:(1,9) Avatar 1:(8,7) Moving north.
0:(8,6) 1:(8,6) 2:(8,6) 3:(8,6) 4:(8,6) 5:(8,6) 6:(1,9) Avatar 2:(8,6) Moving west.
0:(8,6) 1:(8,6) 2:(8,6) 3:(8,6) 4:(8,6) 5:(8,6) 6:(1,9) Avatar 3:(8,6) Sleeping.
0:(8,6) 1:(8,6) 2:(8,6) 3:(8,6) 4:(8,6) 5:(8,6) 6:(1,9) Avatar 4:(8,6) Sleeping.
0:(8,6) 1:(8,6) 2:(8,6) 3:(8,6) 4:(8,6) 5:(8,6) 6:(1,9) Avatar 5:(8,6) Sleeping.
0:(8,6) 1:(8,6) 2:(8,6) 3:(8,6) 4:(8,6) 5:(8,6) 6:(1,9) Avatar 6:(1,9) Moving west.
0:(8,6) 1:(8,6) 2:(8,6) 3:(8,6) 4:(8,6) 5:(8,6) 6:(0,9) Avatar 0:(8,6) Sleeping.
0:(8,6) 1:(8,6) 2:(8,6) 3:(8,6) 4:(8,6) 5:(8,6) 6:(0,9) Avatar 1:(8,6) Sleeping.
0:(8,6) 1:(8,6) 2:(8,6) 3:(8,6) 4:(8,6) 5:(8,6) 6:(0,9) Avatar 2:(8,6) Moving east.
0:(8,6) 1:(8,6) 2:(9,6) 3:(8,6) 4:(8,6) 5:(8,6) 6:(0,9) Avatar 3:(8,6) Moving east.
0:(8,6) 1:(8,6) 2:(9,6) 3:(9,6) 4:(8,6) 5:(8,6) 6:(0,9) Avatar 4:(8,6) Moving east.
0:(8,6) 1:(8,6) 2:(9,6) 3:(9,6) 4:(9,6) 5:(8,6) 6:(0,9) Avatar 5:(8,6) Moving east.
0:(8,6) 1:(8,6) 2:(9,6) 3:(9,6) 4:(9,6) 5:(9,6) 6:(0,9) Avatar 6:(0,9) Moving north.
0:(8,6) 1:(8,6) 2:(9,6) 3:(9,6) 4:(9,6) 5:(9,6) 6:(0,8) Avatar 0:(8,6) Moving east.
0:(9,6) 1:(8,6) 2:(9,6) 3:(9,6) 4:(9,6) 5:(9,6) 6:(0,8) Avatar 1:(8,6) Moving east.
0:(9,6) 1:(9,6) 2:(9,6) 3:(9,6) 4:(9,6) 5:(9,6) 6:(0,8) Avatar 2:(9,6) Moving north.
0:(9,6) 1:(9,6) 2:(9,5) 3:(9,6) 4:(9,6) 5:(9,6) 6:(0,8) Avatar 3:(9,6) Moving north.
0:(9,6) 1:(9,6) 2:(9,5) 3:(9,5) 4:(9,6) 5:(9,6) 6:(0,8) Avatar 4:(9,6) Moving north.
0:(9,6) 1:(9,6) 2:(9,5) 3:(9,5) 4:(9,5) 5:(9,6) 6:(0,8) Avatar 5:(9,6) Moving north.
0:(9,6) 1:(9,6) 2:(9,5) 3:(9,5) 4:(9,5) 5:(9,5) 6:(0,8) Avatar 6:(0,8) Moving north.
0:(9,6) 1:(9,6) 2:(9,5) 3:(9,5) 4:(9,5) 5:(9,5) 6:(0,8) Avatar 0:(9,6) Moving north.
0:(9,5) 1:(9,6) 2:(9,5) 3:(9,5) 4:(9,5) 5:(9,5) 6:(0,8) Avatar 1:(9,6) Moving north.
0:(9,5) 1:(9,5) 2:(9,5) 3:(9,5) 4:(9,5) 5:(9,5) 6:(0,8) Avatar 2:(9,5) Moving west.
0:(9,5) 1:(9,5) 2:(8,5) 3:(9,5) 4:(9,5) 5:(9,5) 6:(0,8) Avatar 3:(9,5) Moving west.
0:(9,5) 1:(9,5) 2:(8,5) 3:(8,5) 4:(9,5) 5:(9,5) 6:(0,8) Avatar 4:(9,5) Moving west.
0:(9,5) 1:(9,5) 2:(8,5) 3:(8,5) 4:(8,5) 5:(9,5) 6:(0,8) Avatar 5:(9,5) Moving west.
0:(9,5) 1:(9,5) 2:(8,5) 3:(8,5) 4:(8,5) 5:(8,5) 6:(0,8) Avatar 6:(0,8) Moving east.
0:(9,5) 1:(9,5) 2:(8,5) 3:(8,5) 4:(8,5) 5:(8,5) 6:(0,8) Avatar 0:(9,5) Moving west.
0:(8,5) 1:(9,5) 2:(8,5) 3:(8,5) 4:(8,5) 5:(8,5) 6:(0,8) Avatar 1:(9,5) Moving west.
0:(8,5) 1:(8,5) 2:(8,5) 3:(8,5) 4:(8,5) 5:(8,5) 6:(0,8) Avatar 2:(8,5) Moving west.
0:(8,5) 1:(8,5) 2:(7,5) 3:(8,5) 4:(8,5) 5:(8,5) 6:(0,8) Avatar 3:(8,5) Moving west.
0:(8,5) 1:(8,5) 2:(7,5) 3:(7,5) 4:(8,5) 5:(8,5) 6:(0,8) Avatar 4:(8,5) Moving west.
0:(8,5) 1:(8,5) 2:(7,5) 3:(7,5) 4:(7,5) 5:(8,5) 6:(0,8) Avatar 5:(8,5) Moving west.
0:(8,5) 1:(8,5) 2:(7,5) 3:(7,5) 4:(7,5) 5:(7,5) 6:(0,8) Avatar 6:(0,8) Moving south.
0:(8,5) 1:(8,5) 2:(7,5) 3:(7,5) 4:(7,5) 5:(7,5) 6:(0,9) Avatar 0:(8,5) Moving west.
0:(7,5) 1:(8,5) 2:(7,5) 3:(7,5) 4:(7,5) 5:(7,5) 6:(0,9) Avatar 1:(8,5) Moving west.
0:(7,5) 1:(7,5) 2:(7,5) 3:(7,5) 4:(7,5) 5:(7,5) 6:(0,9) Avatar 2:(7,5) Moving south.
0:(7,5) 1:(7,5) 2:(7,6) 3:(7,5) 4:(7,5) 5:(7,5) 6:(0,9) Avatar 3:(7,5) Moving south.
0:(7,5) 1:(7,5) 2:(7,6) 3:(7,6) 4:(7,5) 5:(7,5) 6:(0,9) Avatar 4:(7,5) Moving south.
0:(7,5) 1:(7,5) 2:(7,6) 3:(7,6) 4:(7,6) 5:(7,5) 6:(0,9) Avatar 5:(7,5) Moving south.
0:(7,5) 1:(7,5) 2:(7,6) 3:(7,6) 4:(7,6) 5:(7,6) 6:(0,9) Avatar 6:(0,9) Moving east.
0:(7,5) 1:(7,5) 2:(7,6) 3:(7,6) 4:(7,6) 5:(7,6) 6:(1,9) Avatar 0:(7,5) Moving south.
0:(7,6) 1:(7,5) 2:(7,6) 3:(7,6) 4:(7,6) 5:(7,6) 6:(1,9) Avatar 1:(7,5) Moving south.
0:(7,6) 1:(7,6) 2:(7,6) 3:(7,6) 4:(7,6) 5:(7,6) 6:(1,9) Avatar 2:(7,6) Moving south.
0:(7,6) 1:(7,6) 2:(7,7) 3:(7,6) 4:(7,6) 5:(7,6) 6:(1,9) Avatar 3:(7,6) Moving south.
0:(7,6) 1:(7,6) 2:(7,7) 3:(7,7) 4:(7,6) 5:(7,6) 6:(1,9) Avatar 4:(7,6) Moving south.
0:(7,6) 1:(7,6) 2:(7,7) 3:(7,7) 4:(7,7) 5:(7,6) 6:(1,9) Avatar 5:(7,6) Moving south.
0:(7,6) 1:(7,6) 2:(7,7) 3:(7,7) 4:(7,7) 5:(7,7) 6:(1,9) Avatar 6:(1,9) Moving north.
0:(7,6) 1:(7,6) 2:(7,7) 3:(7,7) 4:(7,7) 5:(7,7) 6:(1,8) Avatar 0:(7,6) Moving south.
0:(7,7) 1:(7,6) 2:(7,7) 3:(7,7) 4:(7,7) 5:(7,7) 6:(1,8) Avatar 1:(7,6) Moving south.
0:(7,7) 1:(7,7) 2:(7,7) 3:(7,7) 4:(7,7) 5:(7,7) 6:(1,8) Avatar 2:(7,7) Moving west.
0:(7,7) 1:(7,7) 2:(6,7) 3:(7,7) 4:(7,7) 5:(7,7) 6:(1,8) Avatar 3:(7,7) Moving west.
0:(7,7) 1:(7,7) 2:(6,7) 3:(6,7) 4:(7,7) 5:(7,7) 6:(1,8) Avatar 4:(7,7) Moving west.
0:(7,7) 1:(7,7) 2:(6,7) 3:(6,7) 4:(6,7) 5:(7,7) 6:(1,8) Avatar 5:(7,7) Moving west.
0:(7,7) 1:(7,7) 2:(6,7) 3:(6,7) 4:(6,7) 5:(6,7) 6:(1,8) Avatar 6:(1,8) Moving east.
0:(7,7) 1:(7,7) 2:(6,7) 3:(6,7) 4:(6,7) 5:(6,7) 6:(2,8) Avatar 0:(7,7) Moving west.
0:(6,7) 1:(7,7) 2:(6,7) 3:(6,7) 4:(6,7) 5:(6,7) 6:(2,8) Avatar 1:(7,7) Moving west.
0:(6,7) 1:(6,7) 2:(6,7) 3:(6,7) 4:(6,7) 5:(6,7) 6:(2,8) Avatar 2:(6,7) Moving west.
0:(6,7) 1:(6,7) 2:(6,7) 3:(6,7) 4:(6,7) 5:(6,7) 6:(2,8) Avatar 3:(6,7) Sleeping.
0:(6,7) 1:(6,7) 2:(6,7) 3:(6,7) 4:(6,7) 5:(6,7) 6:(2,8) Avatar 4:(6,7) Sleeping.
0:(6,7) 1:(6,7) 2:(6,7) 3:(6,7) 4:(6,7) 5:(6,7) 6:(2,8) Avatar 5:(6,7) Sleeping.
0:(6,7) 1:(6,7) 2:(6,7) 3:(6,7) 4:(6,7) 5:(6,7) 6:(2,8) Avatar 6:(2,8) Moving north.
0:(6,7) 1:(6,7) 2:(6,7) 3:(6,7) 4:(6,7) 5:(6,7) 6:(2,7) Avatar 0:(6,7) Sleeping.
0:(6,7) 1:(6,7) 2:(6,7) 3:(6,7) 4:(6,7) 5:(6,7) 6:(2,7) Avatar 1:(6,7) Sleeping.
0:(6,7) 1:(6,7) 2:(6,7) 3:(6,7) 4:(6,7) 5:(6,7) 6:(2,7) Avatar 2:(6,7) Moving south.
0:(6,7) 1:(6,7) 2:(6,8) 3:(6,7) 4:(6,7) 5:(6,7) 6:(2,7) Avatar 3:(6,7) Moving south.
0:(6,7) 1:(6,7) 2:(6,8) 3:(6,8) 4:(6,7) 5:(6,7) 6:(2,7) Avatar 4:(6,7) Moving south.
0:(6,7) 1:(6,7) 2:(6,8) 3:(6,8) 4:(6,8) 5:(6,7) 6:(2,7) Avatar 5:(6,7) Moving south.
0:(6,7) 1:(6,7) 2:(6,8) 3:(6,8) 4:(6,8) 5:(6,8) 6:(2,7) Avatar 6:(2,7) Moving west.
0:(6,7) 1:(6,7) 2:(6,8) 3:(6,8) 4:(6,8) 5:(6,8) 6:(1,7) Avatar 0:(6,7) Moving south.
0:(6,8) 1:(6,7) 2:(6,8) 3:(6,8) 4:(6,8) 5:(6,8) 6:(1,7) Avatar 1:(6,7) Moving south.
0:(6,8) 1:(6,8) 2:(6,8) 3:(6,8) 4:(6,8) 5:(6,8) 6:(1,7) Avatar 2:(6,8) Moving west.
0:(6,8) 1:(6,8) 2:(5,8) 3:(6,8) 4:(6,8) 5:(6,8) 6:(1,7) Avatar 3:(6,8) Moving west.
0:(6,8) 1:(6,8) 2:(5,8) 3:(5,8) 4:(6,8) 5:(6,8) 6:(1,7) Avatar 4:(6,8) Moving west.
0:(6,8) 1:(6,8) 2:(5,8) 3:(5,8) 4:(5,8) 5:(6,8) 6:(1,7) Avatar 5:(6,8) Moving west.
0:(6,8) 1:(6,8) 2:(5,8) 3:(5,8) 4:(5,8) 5:(5,8) 6:(1,7) Avatar 6:(1,7) Moving west.
0:(6,8) 1:(6,8) 2:(5,8) 3:(5,8) 4:(5,8) 5:(5,8) 6:(0,7) Avatar 0:(6,8) Moving west.
0:(5,8) 1:(6,8) 2:(5,8) 3:(5,8) 4:(5,8) 5:(5,8) 6:(0,7) Avatar 1:(6,8) Moving west.
0:(5,8) 1:(5,8) 2:(5,8) 3:(5,8) 4:(5,8) 5:(5,8) 6:(0,7) Avatar 2:(5,8) Moving west.
0:(5,8) 1:(5,8) 2:(4,8) 3:(5,8) 4:(5,8) 5:(5,8) 6:(0,7) Avatar 3:(5,8) Moving west.
0:(5,8) 1:(5,8) 2:(4,8) 3:(4,8) 4:(5,8) 5:(5,8) 6:(0,7) Avatar 4:(5,8) Moving west.
0:(5,8) 1:(5,8) 2:(4,8) 3:(4,8) 4:(4,8) 5:(5,8) 6:(0,7) Avatar 5:(5,8) Moving west.
0:(5,8) 1:(5,8) 2:(4,8) 3:(4,8) 4:(4,8) 5:(4,8) 6:(0,7) Avatar 6:(0,7) Moving north.
0:(5,8) 1:(5,8) 2:(4,8) 3:(4,8) 4:(4,8) 5:(4,8) 6:(0,6) Avatar 0:(5,8) Moving west.
0:(4,8) 1:(5,8) 2:(4,8) 3:(4,8) 4:(4,8) 5:(4,8) 6:(0,6) Avatar 1:(5,8) Moving west.
0:(4,8) 1:(4,8) 2:(4,8) 3:(4,8) 4:(4,8) 5:(4,8) 6:(0,6) Avatar 2:(4,8) Moving west.
0:(4,8) 1:(4,8) 2:(4,8) 3:(4,8) 4:(4,8) 5:(4,8) 6:(0,6) Avatar 3:(4,8) Sleeping.
0:(4,8) 1:(4,8) 2:(4,8) 3:(4,8) 4:(4,8) 5:(4,8) 6:(0,6) Avatar 4:(4,8) Sleeping.
0:(4,8) 1:(4,8) 2:(4,8) 3:(4,8) 4:(4,8) 5:(4,8) 6:(0,6) Avatar 5:(4,8) Sleeping.
0:(4,8) 1:(4,8) 2:(4,8) 3:(4,8) 4:(4,8) 5:(4,8) 6:(0,6) Avatar 6:(0,6) Moving east.
0:(4,8) 1:(4,8) 2:(4,8) 3:(4,8) 4:(4,8) 5:(4,8) 6:(1,6) Avatar 0:(4,8) Sleeping.
0:(4,8) 1:(4,8) 2:(4,8) 3:(4,8) 4:(4,8) 5:(4,8) 6:(1,6) Avatar 1:(4,8) Sleeping.
0:(4,8) 1:(4,8) 2:(4,8) 3:(4,8) 4:(4,8) 5:(4,8) 6:(1,6) Avatar 2:(4,8) Moving north.
0:(4,8) 1:(4,8) 2:(4,7) 3:(4,8) 4:(4,8) 5:(4,8) 6:(1,6) Avatar 3:(4,8) Moving north.
0:(4,8) 1:(4,8) 2:(4,7) 3:(4,7) 4:(4,8) 5:(4,8) 6:(1,6) Avatar 4:(4,8) Moving north.
0:(4,8) 1:(4,8) 2:(4,7) 3:(4,7) 4:(4,7) 5:(4,8) 6:(1,6) Avatar 5:(4,8) Moving north.
0:(4,8) 1:(4,8) 2:(4,7) 3:(4,7) 4:(4,7) 5:(4,7) 6:(1,6) Avatar 6:(1,6) Moving east.
0:(4,8) 1:(4,8) 2:(4,7) 3:(4,7) 4:(4,7) 5:(4,7) 6:(2,6) Avatar 0:(4,8) Moving north.
0:(4,7) 1:(4,8) 2:(4,7) 3:(4,7) 4:(4,7) 5:(4,7) 6:(2,6) Avatar 1:(4,8) Moving north.
0:(4,7) 1:(4,7) 2:(4,7) 3:(4,7) 4:(4,7) 5:(4,7) 6:(2,6) Avatar 2:(4,7) Moving west.
0:(4,7) 1:(4,7) 2:(4,7) 3:(4,7) 4:(4,7) 5:(4,7) 6:(2,6) Avatar 3:(4,7) Sleeping.
0:(4,7) 1:(4,7) 2:(4,7) 3:(4,7) 4:(4,7) 5:(4,7) 6:(2,6) Avatar 4:(4,7) Moving south.
0:(4,7) 1:(4,7) 2:(4,7) 3:(4,7) 4:(4,8) 5:(4,7) 6:(2,6) Avatar 5:(4,7) Moving south.
0:(4,7) 1:(4,7) 2:(4,7) 3:(4,7) 4:(4,8) 5:(4,8) 6:(2,6) Avatar 6:(2,6) Moving north.
0:(4,7) 1:(4,7) 2:(4,7) 3:(4,7) 4:(4,8) 5:(4,8) 6:(2,5) Avatar 0:(4,7) Moving south.
0:(4,8) 1:(4,7) 2:(4,7) 3:(4,7) 4:(4,8) 5:(4,8) 6:(2,5) Avatar 1:(4,7) Moving south.
0:(4,8) 1:(4,8) 2:(4,7) 3:(4,7) 4:(4,8) 5:(4,8) 6:(2,5) Avatar 2:(4,7) Moving south.
0:(4,8) 1:(4,8) 2:(4,8) 3:(4,7) 4:(4,8) 5:(4,8) 6:(2,5) Avatar 3:(4,7) Moving south.
0:(4,8) 1:(4,8) 2:(4,8) 3:(4,8) 4:(4,8) 5:(4,8) 6:(2,5) Avatar 4:(4,8) Moving east.
0:(4,8) 1:(4,8) 2:(4,8) 3:(4,8) 4:(5,8) 5:(4,8) 6:(2,5) Avatar 5:(4,8) Moving east.
0:(4,8) 1:(4,8) 2:(4,8) 3:(4,8) 4:(5,8) 5:(5,8) 6:(2,5) Avatar 6:(2,5) Moving east.
0:(4,8) 1:(4,8) 2:(4,8) 3:(4,8) 4:(5,8) 5:(5,8) 6:(3,5) Avatar 0:(4,8) Moving east.
0:(5,8) 1:(4,8) 2:(4,8) 3:(4,8) 4:(5,8) 5:(5,8) 6:(3,5) Avatar 1:(4,8) Moving east.
0:(5,8) 1:(5,8) 2:(4,8) 3:(4,8) 4:(5,8) 5:(5,8) 6:(3,5) Avatar 2:(4,8) Moving east.
0:(5,8) 1:(5,8) 2:(5,8) 3:(4,8) 4:(5,8) 5:(5,8) 6:(3,5) Avatar 3:(4,8) Moving east.
0:(5,8) 1:(5,8) 2:(5,8) 3:(5,8) 4:(5,8) 5:(5,8) 6:(3,5) Avatar 4:(5,8) Moving east.
0:(5,8) 1:(5,8) 2:(5,8) 3:(5,8) 4:(6,8) 5:(5,8) 6:(3,5) Avatar 5:(5,8) Moving east.
0:(5,8) 1:(5,8) 2:(5,8) 3:(5,8) 4:(6,8) 5:(6,8) 6:(3,5) Avatar 6:(3,5) Moving east.
0:(5,8) 1:(5,8) 2:(5,8) 3:(5,8) 4:(6,8) 5:(6,8) 6:(4,5) Avatar 0:(5,8) Moving east.
0:(6,8) 1:(5,8) 2:(5,8) 3:(5,8) 4:(6,8) 5:(6,8) 6:(4,5) Avatar 1:(5,8) Moving east.
0:(6,8) 1:(6,8) 2:(5,8) 3:(5,8) 4:(6,8) 5:(6,8) 6:(4,5) Avatar 2:(5,8) Moving east.
0:(6,8) 1:(6,8) 2:(6,8) 3:(5,8) 4:(6,8) 5:(6,8) 6:(4,5) Avatar 3:(5,8) Moving east.
0:(6,8) 1:(6,8) 2:(6,8) 3:(6,8) 4:(6,8) 5:(6,8) 6:(4,5) Avatar 4:(6,8) Moving north.
0:(6,8) 1:(6,8) 2:(6,8) 3:(6,8) 4:(6,7) 5:(6,8) 6:(4,5) Avatar 5:(6,8) Moving north.
0:(6,8) 1:(6,8) 2:(6,8) 3:(6,8) 4:(6,7) 5:(6,7) 6:(4,5) Avatar 6:(4,5) Moving east.
0:(6,8) 1:(6,8) 2:(6,8) 3:(6,8) 4:(6,7) 5:(6,7) 6:(5,5) Avatar 0:(6,8) Moving north.
0:(6,7) 1:(6,8) 2:(6,8) 3:(6,8) 4:(6,7) 5:(6,7) 6:(5,5) Avatar 1:(6,8) Moving north.
0:(6,7) 1:(6,7) 2:(6,8) 3:(6,8) 4:(6,7) 5:(6,7) 6:(5,5) Avatar 2:(6,8) Moving north.
0:(6,7) 1:(6,7) 2:(6,7) 3:(6,8) 4:(6,7) 5:(6,7) 6:(5,5) Avatar 3:(6,8) Moving north.
0:(6,7) 1:(6,7) 2:(6,7) 3:(6,7) 4:(6,7) 5:(6,7) 6:(5,5) Avatar 4:(6,7) Moving east.
0:(6,7) 1:(6,7) 2:(6,7) 3:(6,7) 4:(7,7) 5:(6,7) 6:(5,5) Avatar 5:(6,7) Moving east.
0:(6,7) 1:(6,7) 2:(6,7) 3:(6,7) 4:(7,7) 5:(7,7) 6:(5,5) Avatar 6:(5,5) Moving south.
0:(6,7) 1:(6,7) 2:(6,7) 3:(6,7) 4:(7,7) 5:(7,7) 6:(5,6) Avatar 0:(6,7) Moving east.
0:(7,7) 1:(6,7) 2:(6,7) 3:(6,7) 4:(7,7) 5:(7,7) 6:(5,6) Avatar 1:(6,7) Moving east.
0:(7,7) 1:(7,7) 2:(6,7) 3:(6,7) 4:(7,7) 5:(7,7) 6:(5,6) Avatar 2:(6,7) Moving east.
0:(7,7) 1:(7,7) 2:(7,7) 3:(6,7) 4:(7,7) 5:(7,7) 6:(5,6) Avatar 3:(6,7) Moving east.
0:(7,7) 1:(7,7) 2:(7,7) 3:(7,7) 4:(7,7) 5:(7,7) 6:(5,6) Avatar 4:(7,7) Moving north.
0:(7,7) 1:(7,7) 2:(7,7) 3:(7,7) 4:(7,6) 5:(7,7) 6:(5,6) Avatar 5:(7,7) Moving north.
0:(7,7) 1:(7,7) 2:(7,7) 3:(7,7) 4:(7,6) 5:(7,6) 6:(5,6) Avatar 6:(5,6) Moving east.
0:(7,7) 1:(7,7) 2:(7,7) 3:(7,7) 4:(7,6) 5:(7,6) 6:(6,6) Avatar 0:(7,7) Moving north.
0:(7,6) 1:(7,7) 2:(7,7) 3:(7,7) 4:(7,6) 5:(7,6) 6:(6,6) Avatar 1:(7,7) Moving north.
0:(7,6) 1:(7,6) 2:(7,7) 3:(7,7) 4:(7,6) 5:(7,6) 6:(6,6) Avatar 2:(7,7) Moving north.
0:(7,6) 1:(7,6) 2:(7,6) 3:(7,7) 4:(7,6) 5:(7,6) 6:(6,6) Avatar 3:(7,7) Moving north.
0:(7,6) 1:(7,6) 2:(7,6) 3:(7,6) 4:(7,6) 5:(7,6) 6:(6,6) Avatar 4:(7,6) Moving north.
0:(7,6) 1:(7,6) 2:(7,6) 3:(7,6) 4:(7,5) 5:(7,6) 6:(6,6) Avatar 5:(7,6) Moving north.
0:(7,6) 1:(7,6) 2:(7,6) 3:(7,6) 4:(7,5) 5:(7,5) 6:(6,6) Avatar 6:(6,6) Moving north.
0:(7,6) 1:(7,6) 2:(7,6) 3:(7,6) 4:(7,5) 5:(7,5) 6:(6,5) Avatar 0:(7,6) Moving north.
0:(7,5) 1:(7,6) 2:(7,6) 3:(7,6) 4:(7,5) 5:(7,5) 6:(6,5) Avatar 1:(7,6) Moving north.
0:(7,5) 1:(7,5) 2:(7,6) 3:(7,6) 4:(7,5) 5:(7,5) 6:(6,5) Avatar 2:(7,6) Moving north.
0:(7,5) 1:(7,5) 2:(7,5) 3:(7,6) 4:(7,5) 5:(7,5) 6:(6,5) Avatar 3:(7,6) Moving north.
0:(7,5) 1:(7,5) 2:(7,5) 3:(7,5) 4:(7,5) 5:(7,5) 6:(6,5) Avatar 4:(7,5) Moving east.
0:(7,5) 1:(7,5) 2:(7,5) 3:(7,5) 4:(8,5) 5:(7,5) 6:(6,5) Avatar 5:(7,5) Moving east.
0:(7,5) 1:(7,5) 2:(7,5) 3:(7,5) 4:(8,5) 5:(8,5) 6:(6,5) Avatar 6:(6,5) Moving north.
0:(7,5) 1:(7,5) 2:(7,5) 3:(7,5) 4:(8,5) 5:(8,5) 6:(6,4) Avatar 0:(7,5) Moving east.
0:(8,5) 1:(7,5) 2:(7,5) 3:(7,5) 4:(8,5) 5:(8,5) 6:(6,4) Avatar 1:(7,5) Moving east.
0:(8,5) 1:(8,5) 2:(7,5) 3:(7,5) 4:(8,5) 5:(8,5) 6:(6,4) Avatar 2:(7,5) Moving east.
0:(8,5) 1:(8,5) 2:(8,5) 3:(7,5) 4:(8,5) 5:(8,5) 6:(6,4) Avatar 3:(7,5) Moving east.
0:(8,5) 1:(8,5) 2:(8,5) 3:(8,5) 4:(8,5) 5:(8,5) 6:(6,4) Avatar 4:(8,5) Moving east.
0:(8,5) 1:(8,5) 2:(8,5) 3:(8,5) 4:(9,5) 5:(8,5) 6:(6,4) Avatar 5:(8,5) Moving east.
0:(8,5) 1:(8,5) 2:(8,5) 3:(8,5) 4:(9,5) 5:(9,5) 6:(6,4) Avatar 6:(6,4) Moving west.
0:(8,5) 1:(8,5) 2:(8,5) 3:(8,5) 4:(9,5) 5:(9,5) 6:(6,4) Avatar 0:(8,5) Moving east.
0:(9,5) 1:(8,5) 2:(8,5) 3:(8,5) 4:(9,5) 5:(9,5) 6:(6,4) Avatar 1:(8,5) Moving east.
0:(9,5) 1:(9,5) 2:(8,5) 3:(8,5) 4:(9,5) 5:(9,5) 6:(6,4) Avatar 2:(8,5) Moving east.
0:(9,5) 1:(9,5) 2:(9,5) 3:(8,5) 4:(9,5) 5:(9,5) 6:(6,4) Avatar 3:(8,5) Moving east.
0:(9,5) 1:(9,5) 2:(9,5) 3:(9,5) 4:(9,5) 5:(9,5) 6:(6,4) Avatar 4:(9,5) Moving south.
0:(9,5) 1:(9,5) 2:(9,5) 3:(9,5) 4:(9,6) 5:(9,5) 6:(6,4) Avatar 5:(9,5) Moving south.
0:(9,5) 1:(9,5) 2:(9,5) 3:(9,5) 4:(9,6) 5:(9,6) 6:(6,4) Avatar 6:(6,4) Moving north.
0:(9,5) 1:(9,5) 2:(9,5) 3:(9,5) 4:(9,6) 5:(9,6) 6:(6,3) Avatar 0:(9,5) Moving south.
0:(9,6) 1:(9,5) 2:(9,5) 3:(9,5) 4:(9,6) 5:(9,6) 6:(6,3) Avatar 1:(9,5) Moving south.
0:(9,6) 1:(9,6) 2:(9,5) 3:(9,5) 4:(9,6) 5:(9,6) 6:(6,3) Avatar 2:(9,5) Moving south.
0:(9,6) 1:(9,6) 2:(9,6) 3:(9,5) 4:(9,6) 5:(9,6) 6:(6,3) Avatar 3:(9,5) Moving south.
0:(9,6) 1:(9,6) 2:(9,6) 3:(9,6) 4:(9,6) 5:(9,6) 6:(6,3) Avatar 4:(9,6) Moving west.
0:(9,6) 1:(9,6) 2:(9,6) 3:(9,6) 4:(8,6) 5:(9,6) 6:(6,3) Avatar 5:(9,6) Moving west.
0:(9,6) 1:(9,6) 2:(9,6) 3:(9,6) 4:(8,6) 5:(8,6) 6:(6,3) Avatar 6:(6,3) Moving west.
0:(9,6) 1:(9,6) 2:(9,6) 3:(9,6) 4:(8,6) 5:(8,6) 6:(5,3) Avatar 0:(9,6) Moving west.
0:(8,6) 1:(9,6) 2:(9,6) 3:(9,6) 4:(8,6) 5:(8,6) 6:(5,3) Avatar 1:(9,6) Moving west.
0:(8,6) 1:(8,6) 2:(9,6) 3:(9,6) 4:(8,6) 5:(8,6) 6:(5,3) Avatar 2:(9,6) Moving west.
0:(8,6) 1:(8,6) 2:(8,6) 3:(9,6) 4:(8,6) 5:(8,6) 6:(5,3) Avatar 3:(9,6) Moving west.
0:(8,6) 1:(8,6) 2:(8,6) 3:(8,6) 4:(8,6) 5:(8,6) 6:(5,3) Avatar 4:(8,6) Moving south.
0:(8,6) 1:(8,6) 2:(8,6) 3:(8,6) 4:(8,7) 5:(8,6) 6:(5,3) Avatar 5:(8,6) Moving south.
0:(8,6) 1:(8,6) 2:(8,6) 3:(8,6) 4:(8,7) 5:(8,7) 6:(5,3) Avatar 6:(5,3) Moving south.
0:(8,6) 1:(8,6) 2:(8,6) 3:(8,6) 4:(8,7) 5:(8,7) 6:(5,4) Avatar 0:(8,6) Moving south.
0:(8,7) 1:(8,6) 2:(8,6) 3:(8,6) 4:(8,7) 5:(8,7) 6:(5,4) Avatar 1:(8,6) Moving south.
0:(8,7) 1:(8,7) 2:(8,6) 3:(8,6) 4:(8,7) 5:(8,7) 6:(5,4) Avatar 2:(8,6) Moving south.
0:(8,7) 1:(8,7) 2:(8,7) 3:(8,6) 4:(8,7) 5:(8,7) 6:(5,4) Avatar 3:(8,6) Moving south.
0:(8,7) 1:(8,7) 2:(8,7) 3:(8,7) 4:(8,7) 5:(8,7) 6:(5,4) Avatar 4:(8,7) Moving south.
0:(8,7) 1:(8,7) 2:(8,7) 3:(8,7) 4:(8,8) 5:(8,7) 6:(5,4) Avatar 5:(8,7) Moving south.
0:(8,7) 1:(8,7) 2:(8,7) 3:(8,7) 4:(8,8) 5:(8,8) 6:(5,4) Avatar 6:(5,4) Moving west.
0:(8,7) 1:(8,7) 2:(8,7) 3:(8,7) 4:(8,8) 5:(8,8) 6:(4,4) Avatar 0:(8,7) Moving south.
0:(8,8) 1:(8,7) 2:(8,7) 3:(8,7) 4:(8,8) 5:(8,8) 6:(4,4) Avatar 1:(8,7) Moving south.
0:(8,8) 1:(8,8) 2:(8,7) 3:(8,7) 4:(8,8) 5:(8,8) 6:(4,4) Avatar 2:(8,7) Moving south.
0:(8,8) 1:(8,8) 2:(8,8) 3:(8,7) 4:(8,8) 5:(8,8) 6:(4,4) Avatar 3:(8,7) Moving south.
0:(8,8) 1:(8,8) 2:(8,8) 3:(8,8) 4:(8,8) 5:(8,8) 6:(4,4) Avatar 4:(8,8) Moving east.
0:(8,8) 1:(8,8) 2:(8,8) 3:(8,8) 4:(9,8) 5:(8,8) 6:(4,4) Avatar 5:(8,8) Moving east.
0:(8,8) 1:(8,8) 2:(8,8) 3:(8,8) 4:(9,8) 5:(9,8) 6:(4,4) Avatar 6:(4,4) Moving north.
0:(8,8) 1:(8,8) 2:(8,8) 3:(8,8) 4:(9,8) 5:(9,8) 6:(4,3) Avatar 0:(8,8) Moving east.
0:(9,8) 1:(8,8) 2:(8,8) 3:(8,8) 4:(9,8) 5:(9,8) 6:(4,3) Avatar 1:(8,8) Moving east.
0:(9,8) 1:(9,8) 2:(8,8) 3:(8,8) 4:(9,8) 5:(9,8) 6:(4,3) Avatar 2:(8,8) Moving east.
0:(9,8) 1:(9,8) 2:(9,8) 3:(8,8) 4:(9,8) 5:(9,8) 6:(4,3) Avatar 3:(8,8) Moving east.
0:(9,8) 1:(9,8) 2:(9,8) 3:(9,8) 4:(9,8) 5:(9,8) 6:(4,3) Avatar 4:(9,8) Moving south.
0:(9,8) 1:(9,8) 2:(9,8) 3:(9,8) 4:(9,9) 5:(9,8) 6:(4,3) Avatar 5:(9,8) Moving south.
0:(9,8) 1:(9,8) 2:(9,8) 3:(9,8) 4:(9,9) 5:(9,9) 6:(4,3) Avatar 6:(4,3) Moving north.
0:(9,8) 1:(9,8) 2:(9,8) 3:(9,8) 4:(9,9) 5:(9,9) 6:(4,3) Avatar 0:(9,8) Moving south.
0:(9,9) 1:(9,8) 2:(9,8) 3:(9,8) 4:(9,9) 5:(9,9) 6:(4,3) Avatar 1:(9,8) Moving south.
0:(9,9) 1:(9,9) 2:(9,8) 3:(9,8) 4:(9,9) 5:(9,9) 6:(4,3) Avatar 2:(9,8) Moving south.
0:(9,9) 1:(9,9) 2:(9,9) 3:(9,8) 4:(9,9) 5:(9,9) 6:(4,3) Avatar 3:(9,8) Moving south.
0:(9,9) 1:(9,9) 2:(9,9) 3:(9,9) 4:(9,9) 5:(9,9) 6:(4,3) Avatar 4:(9,9) Moving east.
0:(9,9) 1:(9,9) 2:(9,9) 3:(9,9) 4:(10,9) 5:(9,9) 6:(4,3) Avatar 5:(9,9) Moving east.
0:(9,9) 1:(9,9) 2:(9,9) 3:(9,9) 4:(10,9) 5:(10,9) 6:(4,3) Avatar 6:(4,3) Moving east.
0:(9,9) 1:(9,9) 2:(9,9) 3:(9,9) 4:(10,9) 5:(10,9) 6:(4,3) Avatar 0:(9,9) Moving east.
0:(10,9) 1:(9,9) 2:(9,9) 3:(9,9) 4:(10,9) 5:(10,9) 6:(4,3) Avatar 1:(9,9) Moving east.
0:(10,9) 1:(10,9) 2:(9,9) 3:(9,9) 4:(10,9) 5:(10,9) 6:(4,3) Avatar 2:(9,9) Moving east.
0:(10,9) 1:(10,9) 2:(10,9) 3:(9,9) 4:(10,9) 5:(10,9) 6:(4,3) Avatar 3:(9,9) Moving east.
0:(10,9) 1:(10,9) 2:(10,9) 3:(10,9) 4:(10,9) 5:(10,9) 6:(4,3) Avatar 4:(10,9) Moving east.
0:(10,9) 1:(10,9) 2:(10,9) 3:(10,9) 4:(11,9) 5:(10,9) 6:(4,3) Avatar 5:(10,9) Moving east.
0:(10,9) 1:(10,9) 2:(10,9) 3:(10,9) 4:(11,9) 5:(11,9) 6:(4,3) Avatar 6:(4,3) Moving west.
0:(10,9) 1:(10,9) 2:(10,9) 3:(10,9) 4:(11,9) 5:(11,9) 6:(3,3) Avatar 0:(10,9) Moving east.
0:(11,9) 1:(10,9) 2:(10,9) 3:(10,9) 4:(11,9) 5:(11,9) 6:(3,3) Avatar 1:(10,9) Moving east.
0:(11,9) 1:(11,9) 2:(10,9) 3:(10,9) 4:(11,9) 5:(11,9) 6:(3,3) Avatar 2:(10,9) Moving east.
0:(11,9) 1:(11,9) 2:(11,9) 3:(10,9) 4:(11,9) 5:(11,9) 6:(3,3) Avatar 3:(10,9) Moving east.
0:(11,9) 1:(11,9) 2:(11,9) 3:(11,9) 4:(11,9) 5:(11,9) 6:(3,3) Avatar 4:(11,9) Moving north.
0:(11,9) 1:(11,9) 2:(11,9) 3:(11,9) 4:(11,8) 5:(11,9) 6:(3,3) Avatar 5:(11,9) Moving north.
0:(11,9) 1:(11,9) 2:(11,9) 3:(11,9) 4:(11,8) 5:(11,8) 6:(3,3) Avatar 6:(3,3) Moving north.
0:(11,9) 1:(11,9) 2:(11,9) 3:(11,9) 4:(11,8) 5:(11,8) 6:(3,3) Avatar 0:(11,9) Moving north.
0:(11,8) 1:(11,9) 2:(11,9) 3:(11,9) 4:(11,8) 5:(11,8) 6:(3,3) Avatar 1:(11,9) Moving north.
0:(11,8) 1:(11,8) 2:(11,9) 3:(11,9) 4:(11,8) 5:(11,8) 6:(3,3) Avatar 2:(11,9) Moving north.
0:(11,8) 1:(11,8) 2:(11,8) 3:(11,9) 4:(11,8) 5:(11,8) 6:(3,3) Avatar 3:(11,9) Moving north.
0:(11,8) 1:(11,8) 2:(11,8) 3:(11,8) 4:(11,8) 5:(11,8) 6:(3,3) Avatar 4:(11,8) Moving west.
0:(11,8) 1:(11,8) 2:(11,8) 3:(11,8) 4:(10,8) 5:(11,8) 6:(3,3) Avatar 5:(11,8) Moving west.
0:(11,8) 1:(11,8) 2:(11,8) 3:(11,8) 4:(10,8) 5:(10,8) 6:(3,3) Avatar 6:(3,3) Moving south.
0:(11,8) 1:(11,8) 2:(11,8) 3:(11,8) 4:(10,8) 5:(10,8) 6:(3,4) Avatar 0:(11,8) Moving west.
0:(10,8) 1:(11,8) 2:(11,8) 3:(11,8) 4:(10,8) 5:(10,8) 6:(3,4) Avatar 1:(11,8) Moving west.
0:(10,8) 1:(10,8) 2:(11,8) 3:(11,8) 4:(10,8) 5:(10,8) 6:(3,4) Avatar 2:(11,8) Moving west.
0:(10,8) 1:(10,8) 2:(10,8) 3:(11,8) 4:(10,8) 5:(10,8) 6:(3,4) Avatar 3:(11,8) Moving west.
0:(10,8) 1:(10,8) 2:(10,8) 3:(10,8) 4:(10,8) 5:(10,8) 6:(3,4) Avatar 4:(10,8) Moving north.
0:(10,8) 1:(10,8) 2:(10,8) 3:(10,8) 4:(10,7) 5:(10,8) 6:(3,4) Avatar 5:(10,8) Moving north.
0:(10,8) 1:(10,8) 2:(10,8) 3:(10,8) 4:(10,7) 5:(10,7) 6:(3,4) Avatar 6:(3,4) Moving east.
0:(10,8) 1:(10,8) 2:(10,8) 3:(10,8) 4:(10,7) 5:(10,7) 6:(3,4) Avatar 0:(10,8) Moving north.
0:(10,7) 1:(10,8) 2:(10,8) 3:(10,8) 4:(10,7) 5:(10,7) 6:(3,4) Avatar 1:(10,8) Moving north.
0:(10,7) 1:(10,7) 2:(10,8) 3:(10,8) 4:(10,7) 5:(10,7) 6:(3,4) Avatar 2:(10,8) Moving north.
0:(10,7) 1:(10,7) 2:(10,7) 3:(10,8) 4:(10,7) 5:(10,7) 6:(3,4) Avatar 3:(10,8) Moving north.
0:(10,7) 1:(10,7) 2:(10,7) 3:(10,7) 4:(10,7) 5:(10,7) 6:(3,4) Avatar 4:(10,7) Moving north.
0:(10,7) 1:(10,7) 2:(10,7) 3:(10,7) 4:(10,6) 5:(10,7) 6:(3,4) Avatar 5:(10,7) Moving north.
0:(10,7) 1:(10,7) 2:(10,7) 3:(10,7) 4:(10,6) 5:(10,6) 6:(3,4) Avatar 6:(3,4) Moving west.
0:(10,7) 1:(10,7) 2:(10,7) 3:(10,7) 4:(10,6) 5:(10,6) 6:(2,4) Avatar 0:(10,7) Moving north.
0:(10,6) 1:(10,7) 2:(10,7) 3:(10,7) 4:(10,6) 5:(10,6) 6:(2,4) Avatar 1:(10,7) Moving north.
0:(10,6) 1:(10,6) 2:(10,7) 3:(10,7) 4:(10,6) 5:(10,6) 6:(2,4) Avatar 2:(10,7) Moving north.
0:(10,6) 1:(10,6) 2:(10,6) 3:(10,7) 4:(10,6) 5:(10,6) 6:(2,4) Avatar 3:(10,7) Moving north.
0:(10,6) 1:(10,6) 2:(10,6) 3:(10,6) 4:(10,6) 5:(10,6) 6:(2,4) Avatar 4:(10,6) Moving north.
0:(10,6) 1:(10,6) 2:(10,6) 3:(10,6) 4:(10,5) 5:(10,6) 6:(2,4) Avatar 5:(10,6) Moving north.
0:(10,6) 1:(10,6) 2:(10,6) 3:(10,6) 4:(10,5) 5:(10,5) 6:(2,4) Avatar 6:(2,4) Moving north.
0:(10,6) 1:(10,6) 2:(10,6) 3:(10,6) 4:(10,5) 5:(10,5) 6:(2,3) Avatar 0:(10,6) Moving north.
0:(10,5) 1:(10,6) 2:(10,6) 3:(10,6) 4:(10,5) 5:(10,5) 6:(2,3) Avatar 1:(10,6) Moving north.
0:(10,5) 1:(10,5) 2:(10,6) 3:(10,6) 4:(10,5) 5:(10,5) 6:(2,3) Avatar 2:(10,6) Moving north.
0:(10,5) 1:(10,5) 2:(10,5) 3:(10,6) 4:(10,5) 5:(10,5) 6:(2,3) Avatar 3:(10,6) Moving north.
0:(10,5) 1:(10,5) 2:(10,5) 3:(10,5) 4:(10,5) 5:(10,5) 6:(2,3) Avatar 4:(10,5) Moving north.
0:(10,5) 1:(10,5) 2:(10,5) 3:(10,5) 4:(10,4) 5:(10,5) 6:(2,3) Avatar 5:(10,5) Moving north.
0:(10,5) 1:(10,5) 2:(10,5) 3:(10,5) 4:(10,4) 5:(10,4) 6:(2,3) Avatar 6:(2,3) Moving north.
0:(10,5) 1:(10,5) 2:(10,5) 3:(10,5) 4:(10,4) 5:(10,4) 6:(2,3) Avatar 0:(10,5) Moving north.
0:(10,4) 1:(10,5) 2:(10,5) 3:(10,5) 4:(10,4) 5:(10,4) 6:(2,3) Avatar 1:(10,5) Moving north.
0:(10,4) 1:(10,4) 2:(10,5) 3:(10,5) 4:(10,4) 5:(10,4) 6:(2,3) Avatar 2:(10,5) Moving north.
0:(10,4) 1:(10,4) 2:(10,4) 3:(10,5) 4:(10,4) 5:(10,4) 6:(2,3) Avatar 3:(10,5) Moving north.
0:(10,4) 1:(10,4) 2:(10,4) 3:(10,4) 4:(10,4) 5:(10,4) 6:(2,3) Avatar 4:(10,4) Moving west.
0:(10,4) 1:(10,4) 2:(10,4) 3:(10,4) 4:(9,4) 5:(10,4) 6:(2,3) Avatar 5:(10,4) Moving west.
0:(10,4) 1:(10,4) 2:(10,4) 3:(10,4) 4:(9,4) 5:(9,4) 6:(2,3) Avatar 6:(2,3) Moving east.
0:(10,4) 1:(10,4) 2:(10,4) 3:(10,4) 4:(9,4) 5:(9,4) 6:(2,3) Avatar 0:(10,4) Moving west.
0:(9,4) 1:(10,4) 2:(10,4) 3:(10,4) 4:(9,4) 5:(9,4) 6:(2,3) Avatar 1:(10,4) Moving west.
0:(9,4) 1:(9,4) 2:(10,4) 3:(10,4) 4:(9,4) 5:(9,4) 6:(2,3) Avatar 2:(10,4) Moving west.
0:(9,4) 1:(9,4) 2:(9,4) 3:(10,4) 4:(9,4) 5:(9,4) 6:(2,3) Avatar 3:(10,4) Moving west.
0:(9,4) 1:(9,4) 2:(9,4) 3:(9,4) 4:(9,4) 5:(9,4) 6:(2,3) Avatar 4:(9,4) Moving west.
0:(9,4) 1:(9,4) 2:(9,4) 3:(9,4) 4:(8,4) 5:(9,4) 6:(2,3) Avatar 5:(9,4) Moving west.
0:(9,4) 1:(9,4) 2:(9,4) 3:(9,4) 4:(8,4) 5:(8,4) 6:(2,3) Avatar 6:(2,3) Moving west.
0:(9,4) 1:(9,4) 2:(9,4) 3:(9,4) 4:(8,4) 5:(8,4) 6:(1,3) Avatar 0:(9,4) Moving west.
0:(8,4) 1:(9,4) 2:(9,4) 3:(9,4) 4:(8,4) 5:(8,4) 6:(1,3) Avatar 1:(9,4) Moving west.
0:(8,4) 1:(8,4) 2:(9,4) 3:(9,4) 4:(8,4) 5:(8,4) 6:(1,3) Avatar 2:(9,4) Moving west.
0:(8,4) 1:(8,4) 2:(8,4) 3:(9,4) 4:(8,4) 5:(8,4) 6:(1,3) Avatar 3:(9,4) Moving west.
0:(8,4) 1:(8,4) 2:(8,4) 3:(8,4) 4:(8,4) 5:(8,4) 6:(1,3) Avatar 4:(8,4) Moving west.
0:(8,4) 1:(8,4) 2:(8,4) 3:(8,4) 4:(7,4) 5:(8,4) 6:(1,3) Avatar 5:(8,4) Moving west.
0:(8,4) 1:(8,4) 2:(8,4) 3:(8,4) 4:(7,4) 5:(7,4) 6:(1,3) Avatar 6:(1,3) Moving north.
0:(8,4) 1:(8,4) 2:(8,4) 3:(8,4) 4:(7,4) 5:(7,4) 6:(1,3) Avatar 0:(8,4) Moving west.
0:(7,4) 1:(8,4) 2:(8,4) 3:(8,4) 4:(7,4) 5:(7,4) 6:(1,3) Avatar 1:(8,4) Moving west.
0:(7,4) 1:(7,4) 2:(8,4) 3:(8,4) 4:(7,4) 5:(7,4) 6:(1,3) Avatar 2:(8,4) Moving west.
0:(7,4) 1:(7,4) 2:(7,4) 3:(8,4) 4:(7,4) 5:(7,4) 6:(1,3) Avatar 3:(8,4) Moving west.
0:(7,4) 1:(7,4) 2:(7,4) 3:(7,4) 4:(7,4) 5:(7,4) 6:(1,3) Avatar 4:(7,4) Moving north.
0:(7,4) 1:(7,4) 2:(7,4) 3:(7,4) 4:(7,3) 5:(7,4) 6:(1,3) Avatar 5:(7,4) Moving north.
0:(7,4) 1:(7,4) 2:(7,4) 3:(7,4) 4:(7,3) 5:(7,3) 6:(1,3) Avatar 6:(1,3) Moving south.
0:(7,4) 1:(7,4) 2:(7,4) 3:(7,4) 4:(7,3) 5:(7,3) 6:(1,4) Avatar 0:(7,4) Moving north.
0:(7,3) 1:(7,4) 2:(7,4) 3:(7,4) 4:(7,3) 5:(7,3) 6:(1,4) Avatar 1:(7,4) Moving north.
0:(7,3) 1:(7,3) 2:(7,4) 3:(7,4) 4:(7,3) 5:(7,3) 6:(1,4) Avatar 2:(7,4) Moving north.
0:(7,3) 1:(7,3) 2:(7,3) 3:(7,4) 4:(7,3) 5:(7,3) 6:(1,4) Avatar 3:(7,4) Moving north.
0:(7,3) 1:(7,3) 2:(7,3) 3:(7,3) 4:(7,3) 5:(7,3) 6:(1,4) Avatar 4:(7,3) Moving east.
0:(7,3) 1:(7,3) 2:(7,3) 3:(7,3) 4:(8,3) 5:(7,3) 6:(1,4) Avatar 5:(7,3) Moving east.
0:(7,3) 1:(7,3) 2:(7,3) 3:(7,3) 4:(8,3) 5:(8,3) 6:(1,4) Avatar 6:(1,4) Moving east.
0:(7,3) 1:(7,3) 2:(7,3) 3:(7,3) 4:(8,3) 5:(8,3) 6:(1,4) Avatar 0:(7,3) Moving east.
0:(8,3) 1:(7,3) 2:(7,3) 3:(7,3) 4:(8,3) 5:(8,3) 6:(1,4) Avatar 1:(7,3) Moving east.
0:(8,3) 1:(8,3) 2:(7,3) 3:(7,3) 4:(8,3) 5:(8,3) 6:(1,4) Avatar 2:(7,3) Moving east.
0:(8,3) 1:(8,3) 2:(8,3) 3:(7,3) 4:(8,3) 5:(8,3) 6:(1,4) Avatar 3:(7,3) Moving east.
0:(8,3) 1:(8,3) 2:(8,3) 3:(8,3) 4:(8,3) 5:(8,3) 6:(1,4) Avatar 4:(8,3) Moving north.
0:(8,3) 1:(8,3) 2:(8,3) 3:(8,3) 4:(8,2) 5:(8,3) 6:(1,4) Avatar 5:(8,3) Moving north.
0:(8,3) 1:(8,3) 2:(8,3) 3:(8,3) 4:(8,2) 5:(8,2) 6:(1,4) Avatar 6:(1,4) Moving west.
0:(8,3) 1:(8,3) 2:(8,3) 3:(8,3) 4:(8,2) 5:(8,2) 6:(0,4) Avatar 0:(8,3) Moving north.
0:(8,2) 1:(8,3) 2:(8,3) 3:(8,3) 4:(8,2) 5:(8,2) 6:(0,4) Avatar 1:(8,3) Moving north.
0:(8,2) 1:(8,2) 2:(8,3) 3:(8,3) 4:(8,2) 5:(8,2) 6:(0,4) Avatar 2:(8,3) Moving north.
0:(8,2) 1:(8,2) 2:(8,2) 3:(8,3) 4:(8,2) 5:(8,2) 6:(0,4) Avatar 3:(8,3) Moving north.
0:(8,2) 1:(8,2) 2:(8,2) 3:(8,2) 4:(8,2) 5:(8,2) 6:(0,4) Avatar 4:(8,2) Moving north.
0:(8,2) 1:(8,2) 2:(8,2) 3:(8,2) 4:(8,1) 5:(8,2) 6:(0,4) Avatar 5:(8,2) Moving north.
0:(8,2) 1:(8,2) 2:(8,2) 3:(8,2) 4:(8,1) 5:(8,1) 6:(0,4) Avatar 6:(0,4) Moving north.
0:(8,2) 1:(8,2) 2:(8,2) 3:(8,2) 4:(8,1) 5:(8,1) 6:(0,3) Avatar 0:(8,2) Moving north.
0:(8,1) 1:(8,2) 2:(8,2) 3:(8,2) 4:(8,1) 5:(8,1) 6:(0,3) Avatar 1:(8,2) Moving north.
0:(8,1) 1:(8,1) 2:(8,2) 3:(8,2) 4:(8,1) 5:(8,1) 6:(0,3) Avatar 2:(8,2) Moving north.
0:(8,1) 1:(8,1) 2:(8,1) 3:(8,2) 4:(8,1) 5:(8,1) 6:(0,3) Avatar 3:(8,2) Moving north.
0:(8,1) 1:(8,1) 2:(8,1) 3:(8,1) 4:(8,1) 5:(8,1) 6:(0,3) Avatar 4:(8,1) Moving north.
0:(8,1) 1:(8,1) 2:(8,1) 3:(8,1) 4:(8,0) 5:(8,1) 6:(0,3) Avatar 5:(8,1) Moving north.
0:(8,1) 1:(8,1) 2:(8,1) 3:(8,1) 4:(8,0) 5:(8,0) 6:(0,3) Avatar 6:(0,3) Moving north.
0:(8,1) 1:(8,1) 2:(8,1) 3:(8,1) 4:(8,0) 5:(8,0) 6:(0,2) Avatar 0:(8,1) Moving north.
0:(8,0) 1:(8,1) 2:(8,1) 3:(8,1) 4:(8,0) 5:(8,0) 6:(0,2) Avatar 1:(8,1) Moving north.
0:(8,0) 1:(8,0) 2:(8,1) 3:(8,1) 4:(8,0) 5:(8,0) 6:(0,2) Avatar 2:(8,1) Moving north.
0:(8,0) 1:(8,0) 2:(8,0) 3:(8,1) 4:(8,0) 5:(8,0) 6:(0,2) Avatar 3:(8,1) Moving north.
0:(8,0) 1:(8,0) 2:(8,0) 3:(8,0) 4:(8,0) 5:(8,0) 6:(0,2) Avatar 4:(8,0) Sleeping.
0:(8,0) 1:(8,0) 2:(8,0) 3:(8,0) 4:(8,0) 5:(8,0) 6:(0,2) Avatar 5:(8,0) Sleeping.
0:(8,0) 1:(8,0) 2:(8,0) 3:(8,0) 4:(8,0) 5:(8,0) 6:(0,2) Avatar 6:(0,2) Moving north.
0:(8,0) 1:(8,0) 2:(8,0) 3:(8,0) 4:(8,0) 5:(8,0) 6:(0,1) Avatar 0:(8,0) Sleeping.
0:(8,0) 1:(8,0) 2:(8,0) 3:(8,0) 4:(8,0) 5:(8,0) 6:(0,1) Avatar 1:(8,0) Sleeping.
0:(8,0) 1:(8,0) 2:(8,0) 3:(8,0) 4:(8,0) 5:(8,0) 6:(0,1) Avatar 2:(8,0) Moving west.
0:(8,0) 1:(8,0) 2:(7,0) 3:(8,0) 4:(8,0) 5:(8,0) 6:(0,1) Avatar 3:(8,0) Moving west.
0:(8,0) 1:(8,0) 2:(7,0) 3:(7,0) 4:(8,0) 5:(8,0) 6:(0,1) Avatar 4:(8,0) Moving west.
0:(8,0) 1:(8,0) 2:(7,0) 3:(7,0) 4:(7,0) 5:(8,0) 6:(0,1) Avatar 5:(8,0) Moving west.
0:(8,0) 1:(8,0) 2:(7,0) 3:(7,0) 4:(7,0) 5:(7,0) 6:(0,1) Avatar 6:(0,1) Moving north.
0:(8,0) 1:(8,0) 2:(7,0) 3:(7,0) 4:(7,0) 5:(7,0) 6:(0,1) Avatar 0:(8,0) Moving west.
0:(7,0) 1:(8,0) 2:(7,0) 3:(7,0) 4:(7,0) 5:(7,0) 6:(0,1) Avatar 1:(8,0) Moving west.
0:(7,0) 1:(7,0) 2:(7,0) 3:(7,0) 4:(7,0) 5:(7,0) 6:(0,1) Avatar 2:(7,0) Moving south.
0:(7,0) 1:(7,0) 2:(7,0) 3:(7,0) 4:(7,0) 5:(7,0) 6:(0,1) Avatar 3:(7,0) Sleeping.
0:(7,0) 1:(7,0) 2:(7,0) 3:(7,0) 4:(7,0) 5:(7,0) 6:(0,1) Avatar 4:(7,0) Sleeping.
0:(7,0) 1:(7,0) 2:(7,0) 3:(7,0) 4:(7,0) 5:(7,0) 6:(0,1) Avatar 5:(7,0) Sleeping.
0:(7,0) 1:(7,0) 2:(7,0) 3:(7,0) 4:(7,0) 5:(7,0) 6:(0,1) Avatar 6:(0,1) Moving east.
0:(7,0) 1:(7,0) 2:(7,0) 3:(7,0) 4:(7,0) 5:(7,0) 6:(1,1) Avatar 0:(7,0) Sleeping.
0:(7,0) 1:(7,0) 2:(7,0) 3:(7,0) 4:(7,0) 5:(7,0) 6:(1,1) Avatar 1:(7,0) Sleeping.
0:(7,0) 1:(7,0) 2:(7,0) 3:(7,0) 4:(7,0) 5:(7,0) 6:(1,1) Avatar 2:(7,0) Moving west.
0:(7,0) 1:(7,0) 2:(6,0) 3:(7,0) 4:(7,0) 5:(7,0) 6:(1,1) Avatar 3:(7,0) Moving west.
0:(7,0) 1:(7,0) 2:(6,0) 3:(6,0) 4:(7,0) 5:(7,0) 6:(1,1) Avatar 4:(7,0) Moving west.
0:(7,0) 1:(7,0) 2:(6,0) 3:(6,0) 4:(6,0) 5:(7,0) 6:(1,1) Avatar 5:(7,0) Moving west.
0:(7,0) 1:(7,0) 2:(6,0) 3:(6,0) 4:(6,0) 5:(6,0) 6:(1,1) Avatar 6:(1,1) Moving north.
0:(7,0) 1:(7,0) 2:(6,0) 3:(6,0) 4:(6,0) 5:(6,0) 6:(1,0) Avatar 0:(7,0) Moving west.
0:(6,0) 1:(7,0) 2:(6,0) 3:(6,0) 4:(6,0) 5:(6,0) 6:(1,0) Avatar 1:(7,0) Moving west.
0:(6,0) 1:(6,0) 2:(6,0) 3:(6,0) 4:(6,0) 5:(6,0) 6:(1,0) Avatar 2:(6,0) Moving south.
0:(6,0) 1:(6,0) 2:(6,1) 3:(6,0) 4:(6,0) 5:(6,0) 6:(1,0) Avatar 3:(6,0) Moving south.
0:(6,0) 1:(6,0) 2:(6,1) 3:(6,1) 4:(6,0) 5:(6,0) 6:(1,0) Avatar 4:(6,0) Moving south.
0:(6,0) 1:(6,0) 2:(6,1) 3:(6,1) 4:(6,1) 5:(6,0) 6:(1,0) Avatar 5:(6,0) Moving south.
0:(6,0) 1:(6,0) 2:(6,1) 3:(6,1) 4:(6,1) 5:(6,1) 6:(1,0) Avatar 6:(1,0) Moving east.
0:(6,0) 1:(6,0) 2:(6,1) 3:(6,1) 4:(6,1) 5:(6,1) 6:(2,0) Avatar 0:(6,0) Moving south.
0:(6,1) 1:(6,0) 2:(6,1) 3:(6,1) 4:(6,1) 5:(6,1) 6:(2,0) Avatar 1:(6,0) Moving south.
0:(6,1) 1:(6,1) 2:(6,1) 3:(6,1) 4:(6,1) 5:(6,1) 6:(2,0) Avatar 2:(6,1) Moving east.
0:(6,1) 1:(6,1) 2:(6,1) 3:(6,1) 4:(6,1) 5:(6,1) 6:(2,0) Avatar 3:(6,1) Sleeping.
0:(6,1) 1:(6,1) 2:(6,1) 3:(6,1) 4:(6,1) 5:(6,1) 6:(2,0) Avatar 4:(6,1) Sleeping.
0:(6,1) 1:(6,1) 2:(6,1) 3:(6,1) 4:(6,1) 5:(6,1) 6:(2,0) Avatar 5:(6,1) Sleeping.
0:(6,1) 1:(6,1) 2:(6,1) 3:(6,1) 4:(6,1) 5:(6,1) 6:(2,0) Avatar 6:(2,0) Moving east.
0:(6,1) 1:(6,1) 2:(6,1) 3:(6,1) 4:(6,1) 5:(6,1) 6:(3,0) Avatar 0:(6,1) Sleeping.
0:(6,1) 1:(6,1) 2:(6,1) 3:(6,1) 4:(6,1) 5:(6,1) 6:(3,0) Avatar 1:(6,1) Sleeping.
0:(6,1) 1:(6,1) 2:(6,1) 3:(6,1) 4:(6,1) 5:(6,1) 6:(3,0) Avatar 2:(6,1) Moving south.
0:(6,1) 1:(6,1) 2:(6,2) 3:(6,1) 4:(6,1) 5:(6,1) 6:(3,0) Avatar 3:(6,1) Moving south.
0:(6,1) 1:(6,1) 2:(6,2) 3:(6,2) 4:(6,1) 5:(6,1) 6:(3,0) Avatar 4:(6,1) Moving south.
0:(6,1) 1:(6,1) 2:(6,2) 3:(6,2) 4:(6,2) 5:(6,1) 6:(3,0) Avatar 5:(6,1) Moving south.
0:(6,1) 1:(6,1) 2:(6,2) 3:(6,2) 4:(6,2) 5:(6,2) 6:(3,0) Avatar 6:(3,0) Moving east.
0:(6,1) 1:(6,1) 2:(6,2) 3:(6,2) 4:(6,2) 5:(6,2) 6:(4,0) Avatar 0:(6,1) Moving south.
0:(6,2) 1:(6,1) 2:(6,2) 3:(6,2) 4:(6,2) 5:(6,2) 6:(4,0) Avatar 1:(6,1) Moving south.
0:(6,2) 1:(6,2) 2:(6,2) 3:(6,2) 4:(6,2) 5:(6,2) 6:(4,0) Avatar 2:(6,2) Moving west.
0:(6,2) 1:(6,2) 2:(5,2) 3:(6,2) 4:(6,2) 5:(6,2) 6:(4,0) Avatar 3:(6,2) Moving west.
0:(6,2) 1:(6,2) 2:(5,2) 3:(5,2) 4:(6,2) 5:(6,2) 6:(4,0) Avatar 4:(6,2) Moving west.
0:(6,2) 1:(6,2) 2:(5,2) 3:(5,2) 4:(5,2) 5:(6,2) 6:(4,0) Avatar 5:(6,2) Moving west.
0:(6,2) 1:(6,2) 2:(5,2) 3:(5,2) 4:(5,2) 5:(5,2) 6:(4,0) Avatar 6:(4,0) Moving east.
0:(6,2) 1:(6,2) 2:(5,2) 3:(5,2) 4:(5,2) 5:(5,2) 6:(4,0) Avatar 0:(6,2) Moving west.
0:(5,2) 1:(6,2) 2:(5,2) 3:(5,2) 4:(5,2) 5:(5,2) 6:(4,0) Avatar 1:(6,2) Moving west.
0:(5,2) 1:(5,2) 2:(5,2) 3:(5,2) 4:(5,2) 5:(5,2) 6:(4,0) Avatar 2:(5,2) Moving north.
0:(5,2) 1:(5,2) 2:(5,2) 3:(5,2) 4:(5,2) 5:(5,2) 6:(4,0) Avatar 3:(5,2) Sleeping.
0:(5,2) 1:(5,2) 2:(5,2) 3:(5,2) 4:(5,2) 5:(5,2) 6:(4,0) Avatar 4:(5,2) Sleeping.
0:(5,2) 1:(5,2) 2:(5,2) 3:(5,2) 4:(5,2) 5:(5,2) 6:(4,0) Avatar 5:(5,2) Sleeping.
0:(5,2) 1:(5,2) 2:(5,2) 3:(5,2) 4:(5,2) 5:(5,2) 6:(4,0) Avatar 6:(4,0) Moving south.
0:(5,2) 1:(5,2) 2:(5,2) 3:(5,2) 4:(5,2) 5:(5,2) 6:(4,1) Avatar 0:(5,2) Sleeping.
0:(5,2) 1:(5,2) 2:(5,2) 3:(5,2) 4:(5,2) 5:(5,2) 6:(4,1) Avatar 1:(5,2) Sleeping.
0:(5,2) 1:(5,2) 2:(5,2) 3:(5,2) 4:(5,2) 5:(5,2) 6:(4,1) Avatar 2:(5,2) Moving west.
0:(5,2) 1:(5,2) 2:(4,2) 3:(5,2) 4:(5,2) 5:(5,2) 6:(4,1) Avatar 3:(5,2) Moving west.
0:(5,2) 1:(5,2) 2:(4,2) 3:(4,2) 4:(5,2) 5:(5,2) 6:(4,1) Avatar 4:(5,2) Moving west.
0:(5,2) 1:(5,2) 2:(4,2) 3:(4,2) 4:(4,2) 5:(5,2) 6:(4,1) Avatar 5:(5,2) Moving west.
0:(5,2) 1:(5,2) 2:(4,2) 3:(4,2) 4:(4,2) 5:(4,2) 6:(4,1) Avatar 6:(4,1) Moving east.
0:(5,2) 1:(5,2) 2:(4,2) 3:(4,2) 4:(4,2) 5:(4,2) 6:(5,1) Avatar 0:(5,2) Moving west.
0:(4,2) 1:(5,2) 2:(4,2) 3:(4,2) 4:(4,2) 5:(4,2) 6:(5,1) Avatar 1:(5,2) Moving west.
0:(4,2) 1:(4,2) 2:(4,2) 3:(4,2) 4:(4,2) 5:(4,2) 6:(5,1) Avatar 2:(4,2) Moving north.
0:(4,2) 1:(4,2) 2:(4,2) 3:(4,2) 4:(4,2) 5:(4,2) 6:(5,1) Avatar 3:(4,2) Sleeping.
0:(4,2) 1:(4,2) 2:(4,2) 3:(4,2) 4:(4,2) 5:(4,2) 6:(5,1) Avatar 4:(4,2) Sleeping.
0:(4,2) 1:(4,2) 2:(4,2) 3:(4,2) 4:(4,2) 5:(4,2) 6:(5,1) Avatar 5:(4,2) Sleeping.
0:(4,2) 1:(4,2) 2:(4,2) 3:(4,2) 4:(4,2) 5:(4,2) 6:(5,1) Avatar 6:(5,1) Moving north.
0:(4,2) 1:(4,2) 2:(4,2) 3:(4,2) 4:(4,2) 5:(4,2) 6:(5,0) Avatar 0:(4,2) Sleeping.
0:(4,2) 1:(4,2) 2:(4,2) 3:(4,2) 4:(4,2) 5:(4,2) 6:(5,0) Avatar 1:(4,2) Sleeping.
0:(4,2) 1:(4,2) 2:(4,2) 3:(4,2) 4:(4,2) 5:(4,2) 6:(5,0) Avatar 2:(4,2) Moving west.
0:(4,2) 1:(4,2) 2:(3,2) 3:(4,2) 4:(4,2) 5:(4,2) 6:(5,0) Avatar 3:(4,2) Moving west.
0:(4,2) 1:(4,2) 2:(3,2) 3:(3,2) 4:(4,2) 5:(4,2) 6:(5,0) Avatar 4:(4,2) Moving west.
0:(4,2) 1:(4,2) 2:(3,2) 3:(3,2) 4:(3,2) 5:(4,2) 6:(5,0) Avatar 5:(4,2) Moving west.
0:(4,2) 1:(4,2) 2:(3,2) 3:(3,2) 4:(3,2) 5:(3,2) 6:(5,0) Avatar 6:(5,0) Moving east.
0:(4,2) 1:(4,2) 2:(3,2) 3:(3,2) 4:(3,2) 5:(3,2) 6:(5,0) Avatar 0:(4,2) Moving west.
0:(3,2) 1:(4,2) 2:(3,2) 3:(3,2) 4:(3,2) 5:(3,2) 6:(5,0) Avatar 1:(4,2) Moving west.
0:(3,2) 1:(3,2) 2:(3,2) 3:(3,2) 4:(3,2) 5:(3,2) 6:(5,0) Avatar 2:(3,2) Moving north.
0:(3,2) 1:(3,2) 2:(3,1) 3:(3,2) 4:(3,2) 5:(3,2) 6:(5,0) Avatar 3:(3,2) Moving north.
0:(3,2) 1:(3,2) 2:(3,1) 3:(3,1) 4:(3,2) 5:(3,2) 6:(5,0) Avatar 4:(3,2) Moving north.
0:(3,2) 1:(3,2) 2:(3,1) 3:(3,1) 4:(3,1) 5:(3,2) 6:(5,0) Avatar 5:(3,2) Moving north.
0:(3,2) 1:(3,2) 2:(3,1) 3:(3,1) 4:(3,1) 5:(3,1) 6:(5,0) Avatar 6:(5,0) Moving south.
0:(3,2) 1:(3,2) 2:(3,1) 3:(3,1) 4:(3,1) 5:(3,1) 6:(5,1) Avatar 0:(3,2) Moving north.
0:(3,1) 1:(3,2) 2:(3,1) 3:(3,1) 4:(3,1) 5:(3,1) 6:(5,1) Avatar 1:(3,2) Moving north.
0:(3,1) 1:(3,1) 2:(3,1) 3:(3,1) 4:(3,1) 5:(3,1) 6:(5,1) Avatar 2:(3,1) Moving north.
0:(3,1) 1:(3,1) 2:(3,1) 3:(3,1) 4:(3,1) 5:(3,1) 6:(5,1) Avatar 3:(3,1) Sleeping.
0:(3,1) 1:(3,1) 2:(3,1) 3:(3,1) 4:(3,1) 5:(3,1) 6:(5,1) Avatar 4:(3,1) Sleeping.
0:(3,1) 1:(3,1) 2:(3,1) 3:(3,1) 4:(3,1) 5:(3,1) 6:(5,1) Avatar 5:(3,1) Sleeping.
0:(3,1) 1:(3,1) 2:(3,1) 3:(3,1) 4:(3,1) 5:(3,1) 6:(5,1) Avatar 6:(5,1) Moving east.
0:(3,1) 1:(3,1) 2:(3,1) 3:(3,1) 4:(3,1) 5:(3,1) 6:(5,1) Avatar 0:(3,1) Sleeping.
0:(3,1) 1:(3,1) 2:(3,1) 3:(3,1) 4:(3,1) 5:(3,1) 6:(5,1) Avatar 1:(3,1) Sleeping.
0:(3,1) 1:(3,1) 2:(3,1) 3:(3,1) 4:(3,1) 5:(3,1) 6:(5,1) Avatar 2:(3,1) Moving east.
0:(3,1) 1:(3,1) 2:(3,1) 3:(3,1) 4:(3,1) 5:(3,1) 6:(5,1) Avatar 3:(3,1) Sleeping.
0:(3,1) 1:(3,1) 2:(3,1) 3:(3,1) 4:(3,1) 5:(3,1) 6:(5,1) Avatar 4:(3,1) Sleeping.
0:(3,1) 1:(3,1) 2:(3,1) 3:(3,1) 4:(3,1) 5:(3,1) 6:(5,1) Avatar 5:(3,1) Sleeping.
0:(3,1) 1:(3,1) 2:(3,1) 3:(3,1) 4:(3,1) 5:(3,1) 6:(5,1) Avatar 6:(5,1) Moving west.
0:(3,1) 1:(3,1) 2:(3,1) 3:(3,1) 4:(3,1) 5:(3,1) 6:(4,1) Avatar 0:(3,1) Sleeping.
0:(3,1) 1:(3,1) 2:(3,1) 3:(3,1) 4:(3,1) 5:(3,1) 6:(4,1) Avatar 1:(3,1) Sleeping.
0:(3,1) 1:(3,1) 2:(3,1) 3:(3,1) 4:(3,1) 5:(3,1) 6:(4,1) Avatar 2:(3,1) Moving west.
0:(3,1) 1:(3,1) 2:(2,1) 3:(3,1) 4:(3,1) 5:(3,1) 6:(4,1) Avatar 3:(3,1) Moving west.
0:(3,1) 1:(3,1) 2:(2,1) 3:(2,1) 4:(3,1) 5:(3,1) 6:(4,1) Avatar 4:(3,1) Moving west.
0:(3,1) 1:(3,1) 2:(2,1) 3:(2,1) 4:(2,1) 5:(3,1) 6:(4,1) Avatar 5:(3,1) Moving west.
0:(3,1) 1:(3,1) 2:(2,1) 3:(2,1) 4:(2,1) 5:(2,1) 6:(4,1) Avatar 6:(4,1) Moving north.
0:(3,1) 1:(3,1) 2:(2,1) 3:(2,1) 4:(2,1) 5:(2,1) 6:(4,0) Avatar 0:(3,1) Moving west.
0:(2,1) 1:(3,1) 2:(2,1) 3:(2,1) 4:(2,1) 5:(2,1) 6:(4,0) Avatar 1:(3,1) Moving west.
0:(2,1) 1:(2,1) 2:(2,1) 3:(2,1) 4:(2,1) 5:(2,1) 6:(4,0) Avatar 2:(2,1) Moving north.
0:(2,1) 1:(2,1) 2:(2,1) 3:(2,1) 4:(2,1) 5:(2,1) 6:(4,0) Avatar 3:(2,1) Sleeping.
0:(2,1) 1:(2,1) 2:(2,1) 3:(2,1) 4:(2,1) 5:(2,1) 6:(4,0) Avatar 4:(2,1) Sleeping.
0:(2,1) 1:(2,1) 2:(2,1) 3:(2,1) 4:(2,1) 5:(2,1) 6:(4,0) Avatar 5:(2,1) Sleeping.
0:(2,1) 1:(2,1) 2:(2,1) 3:(2,1) 4:(2,1) 5:(2,1) 6:(4,0) Avatar 6:(4,0) Moving west.
0:(2,1) 1:(2,1) 2:(2,1) 3:(2,1) 4:(2,1) 5:(2,1) 6:(3,0) Avatar 0:(2,1) Sleeping.
0:(2,1) 1:(2,1) 2:(2,1) 3:(2,1) 4:(2,1) 5:(2,1) 6:(3,0) Avatar 1:(2,1) Sleeping.
0:(2,1) 1:(2,1) 2:(2,1) 3:(2,1) 4:(2,1) 5:(2,1) 6:(3,0) Avatar 2:(2,1) Moving south.
0:(2,1) 1:(2,1) 2:(2,2) 3:(2,1) 4:(2,1) 5:(2,1) 6:(3,0) Avatar 3:(2,1) Moving south.
0:(2,1) 1:(2,1) 2:(2,2) 3:(2,2) 4:(2,1) 5:(2,1) 6:(3,0) Avatar 4:(2,1) Moving south.
0:(2,1) 1:(2,1) 2:(2,2) 3:(2,2) 4:(2,2) 5:(2,1) 6:(3,0) Avatar 5:(2,1) Moving south.
0:(2,1) 1:(2,1) 2:(2,2) 3:(2,2) 4:(2,2) 5:(2,2) 6:(3,0) Avatar 6:(3,0) Moving west.
0:(2,1) 1:(2,1) 2:(2,2) 3:(2,2) 4:(2,2) 5:(2,2) 6:(2,0) Avatar 0:(2,1) Moving south.
0:(2,2) 1:(2,1) 2:(2,2) 3:(2,2) 4:(2,2) 5:(2,2) 6:(2,0) Avatar 1:(2,1) Moving south.
0:(2,2) 1:(2,2) 2:(2,2) 3:(2,2) 4:(2,2) 5:(2,2) 6:(2,0) Avatar 2:(2,2) Moving east.
0:(2,2) 1:(2,2) 2:(2,2) 3:(2,2) 4:(2,2) 5:(2,2) 6:(2,0) Avatar 3:(2,2) Sleeping.
0:(2,2) 1:(2,2) 2:(2,2) 3:(2,2) 4:(2,2) 5:(2,2) 6:(2,0) Avatar 4:(2,2) Sleeping.
0:(2,2) 1:(2,2) 2:(2,2) 3:(2,2) 4:(2,2) 5:(2,2) 6:(2,0) Avatar 5:(2,2) Sleeping.
0:(2,2) 1:(2,2) 2:(2,2) 3:(2,2) 4:(2,2) 5:(2,2) 6:(2,0) Avatar 6:(2,0) Moving west.
0:(2,2) 1:(2,2) 2:(2,2) 3:(2,2) 4:(2,2) 5:(2,2) 6:(1,0) Avatar 0:(2,2) Sleeping.
0:(2,2) 1:(2,2) 2:(2,2) 3:(2,2) 4:(2,2) 5:(2,2) 6:(1,0) Avatar 1:(2,2) Sleeping.
0:(2,2) 1:(2,2) 2:(2,2) 3:(2,2) 4:(2,2) 5:(2,2) 6:(1,0) Avatar 2:(2,2) Moving west.
0:(2,2) 1:(2,2) 2:(1,2) 3:(2,2) 4:(2,2) 5:(2,2) 6:(1,0) Avatar 3:(2,2) Moving west.
0:(2,2) 1:(2,2) 2:(1,2) 3:(1,2) 4:(2,2) 5:(2,2) 6:(1,0) Avatar 4:(2,2) Moving west.
0:(2,2) 1:(2,2) 2:(1,2) 3:(1,2) 4:(1,2) 5:(2,2) 6:(1,0) Avatar 5:(2,2) Moving west.
0:(2,2) 1:(2,2) 2:(1,2) 3:(1,2) 4:(1,2) 5:(1,2) 6:(1,0) Avatar 6:(1,0) Moving south.
0:(2,2) 1:(2,2) 2:(1,2) 3:(1,2) 4:(1,2) 5:(1,2) 6:(1,1) Avatar 0:(2,2) Moving west.
0:(1,2) 1:(2,2) 2:(1,2) 3:(1,2) 4:(1,2) 5:(1,2) 6:(1,1) Avatar 1:(2,2) Moving west.
0:(1,2) 1:(1,2) 2:(1,2) 3:(1,2) 4:(1,2) 5:(1,2) 6:(1,1) Avatar 2:(1,2) Moving north.
0:(1,2) 1:(1,2) 2:(1,2) 3:(1,2) 4:(1,2) 5:(1,2) 6:(1,1) Avatar 3:(1,2) Sleeping.
0:(1,2) 1:(1,2) 2:(1,2) 3:(1,2) 4:(1,2) 5:(1,2) 6:(1,1) Avatar 4:(1,2) Sleeping.
0:(1,2) 1:(1,2) 2:(1,2) 3:(1,2) 4:(1,2) 5:(1,2) 6:(1,1) Avatar 5:(1,2) Sleeping.
0:(1,2) 1:(1,2) 2:(1,2) 3:(1,2) 4:(1,2) 5:(1,2) 6:(1,1) Avatar 6:(1,1) Moving east.
0:(1,2) 1:(1,2) 2:(1,2) 3:(1,2) 4:(1,2) 5:(1,2) 6:(1,1) Avatar 0:(1,2) Sleeping.
0:(1,2) 1:(1,2) 2:(1,2) 3:(1,2) 4:(1,2) 5:(1,2) 6:(1,1) Avatar 1:(1,2) Sleeping.
0:(1,2) 1:(1,2) 2:(1,2) 3:(1,2) 4:(1,2) 5:(1,2) 6:(1,1) Avatar 2:(1,2) Moving west.
0:(1,2) 1:(1,2) 2:(0,2) 3:(1,2) 4:(1,2) 5:(1,2) 6:(1,1) Avatar 3:(1,2) Moving west.
0:(1,2) 1:(1,2) 2:(0,2) 3:(0,2) 4:(1,2) 5:(1,2) 6:(1,1) Avatar 4:(1,2) Moving west.
0:(1,2) 1:(1,2) 2:(0,2) 3:(0,2) 4:(0,2) 5:(1,2) 6:(1,1) Avatar 5:(1,2) Moving west.
0:(1,2) 1:(1,2) 2:(0,2) 3:(0,2) 4:(0,2) 5:(0,2) 6:(1,1) Avatar 6:(1,1) Moving west.
0:(1,2) 1:(1,2) 2:(0,2) 3:(0,2) 4:(0,2) 5:(0,2) 6:(0,1) Avatar 0:(1,2) Moving west.
0:(0,2) 1:(1,2) 2:(0,2) 3:(0,2) 4:(0,2) 5:(0,2) 6:(0,1) Avatar 1:(1,2) Moving west.
0:(0,2) 1:(0,2) 2:(0,2) 3:(0,2) 4:(0,2) 5:(0,2) 6:(0,1) Avatar 2:(0,2) Sleeping.
0:(0,2) 1:(0,2) 2:(0,2) 3:(0,2) 4:(0,2) 5:(0,2) 6:(0,1) Avatar 3:(0,2) Sleeping.
0:(0,2) 1:(0,2) 2:(0,2) 3:(0,2) 4:(0,2) 5:(0,2) 6:(0,1) Avatar 4:(0,2) Sleeping.
0:(0,2) 1:(0,2) 2:(0,2) 3:(0,2) 4:(0,2) 5:(0,2) 6:(0,1) Avatar 5:(0,2) Sleeping.
0:(0,2) 1:(0,2) 2:(0,2) 3:(0,2) 4:(0,2) 5:(0,2) 6:(0,1) Avatar 6:(0,1) Moving south.
AM_MAZE_SOLVED 7 2 811 -1938106670