diyogon 43477 Sun Aug 28 17:38:58 2016

Avatar 0:(3,9) Moving north.
0:(3,8) 1:(9,21) 2:(26,35) 3:(2,27) Avatar 1:(9,21) Moving north.
0:(3,8) 1:(9,21) 2:(26,35) 3:(2,27) Avatar 2:(26,35) Moving north.
0:(3,8) 1:(9,21) 2:(26,35) 3:(2,27) Avatar 3:(2,27) Moving north.
0:(3,8) 1:(9,21) 2:(26,35) 3:(2,26) Avatar 0:(3,8) Moving north.
0:(3,8) 1:(9,21) 2:(26,35) 3:(2,26) Avatar 1:(9,21) Moving east.
0:(3,8) 1:(10,21) 2:(26,35) 3:(2,26) Avatar 2:(26,35) Moving east.
0:(3,8) 1:(10,21) 2:(26,35) 3:(2,26) Avatar 3:(2,26) Moving north.
0:(3,8) 1:(10,21) 2:(26,35) 3:(2,25) Avatar 0:(3,8) Moving east.
0:(3,8) 1:(10,21) 2:(26,35) 3:(2,25) Avatar 1:(10,21) Moving north.
0:(3,8) 1:(10,21) 2:(26,35) 3:(2,25) Avatar 2:(26,35) Moving south.
0:(3,8) 1:(10,21) 2:(26,35) 3:(2,25) Avatar 3:(2,25) Moving north.
0:(3,8) 1:(10,21) 2:(26,35) 3:(2,24) Avatar 0:(3,8) Moving west.
0:(2,8) 1:(10,21) 2:(26,35) 3:(2,24) Avatar 1:(10,21) Moving east.
0:(2,8) 1:(11,21) 2:(26,35) 3:(2,24) Avatar 2:(26,35) Moving west.
0:(2,8) 1:(11,21) 2:(25,35) 3:(2,24) Avatar 3:(2,24) Moving north.
0:(2,8) 1:(11,21) 2:(25,35) 3:(2,24) Avatar 0:(2,8) Moving north.
0:(2,8) 1:(11,21) 2:(25,35) 3:(2,24) Avatar 1:(11,21) Moving north.
0:(2,8) 1:(11,21) 2:(25,35) 3:(2,24) Avatar 2:(25,35) Moving north.
0:(2,8) 1:(11,21) 2:(25,34) 3:(2,24) Avatar 3:(2,24) Moving east.
0:(2,8) 1:(11,21) 2:(25,34) 3:(3,24) Avatar 0:(2,8) Moving south.
0:(2,9) 1:(11,21) 2:(25,34) 3:(3,24) Avatar 1:(11,21) Moving east.
0:(2,9) 1:(12,21) 2:(25,34) 3:(3,24) Avatar 2:(25,34) Moving north.
0:(2,9) 1:(12,21) 2:(25,34) 3:(3,24) Avatar 3:(3,24) Moving north.
0:(2,9) 1:(12,21) 2:(25,34) 3:(3,23) Avatar 0:(2,9) Moving east.
0:(2,9) 1:(12,21) 2:(25,34) 3:(3,23) Avatar 1:(12,21) Moving north.
0:(2,9) 1:(12,21) 2:(25,34) 3:(3,23) Avatar 2:(25,34) Moving east.
0:(2,9) 1:(12,21) 2:(25,34) 3:(3,23) Avatar 3:(3,23) Moving north.
0:(2,9) 1:(12,21) 2:(25,34) 3:(3,22) Avatar 0:(2,9) Moving south.
0:(2,10) 1:(12,21) 2:(25,34) 3:(3,22) Avatar 1:(12,21) Moving east.
0:(2,10) 1:(13,21) 2:(25,34) 3:(3,22) Avatar 2:(25,34) Moving west.
0:(2,10) 1:(13,21) 2:(24,34) 3:(3,22) Avatar 3:(3,22) Moving north.
0:(2,10) 1:(13,21) 2:(24,34) 3:(3,21) Avatar 0:(2,10) Moving east.
0:(2,10) 1:(13,21) 2:(24,34) 3:(3,21) Avatar 1:(13,21) Moving north.
0:(2,10) 1:(13,21) 2:(24,34) 3:(3,21) Avatar 2:(24,34) Moving north.
0:(2,10) 1:(13,21) 2:(24,33) 3:(3,21) Avatar 3:(3,21) Moving north.
0:(2,10) 1:(13,21) 2:(24,33) 3:(3,21) Avatar 0:(2,10) Moving south.
0:(2,11) 1:(13,21) 2:(24,33) 3:(3,21) Avatar 1:(13,21) Moving east.
0:(2,11) 1:(14,21) 2:(24,33) 3:(3,21) Avatar 2:(24,33) Moving north.
0:(2,11) 1:(14,21) 2:(24,33) 3:(3,21) Avatar 3:(3,21) Moving east.
0:(2,11) 1:(14,21) 2:(24,33) 3:(3,21) Avatar 0:(2,11) Moving east.
0:(2,11) 1:(14,21) 2:(24,33) 3:(3,21) Avatar 1:(14,21) Moving north.
0:(2,11) 1:(14,21) 2:(24,33) 3:(3,21) Avatar 2:(24,33) Moving east.
0:(2,11) 1:(14,21) 2:(24,33) 3:(3,21) Avatar 3:(3,21) Moving west.
0:(2,11) 1:(14,21) 2:(24,33) 3:(2,21) Avatar 0:(2,11) Moving south.
0:(2,12) 1:(14,21) 2:(24,33) 3:(2,21) Avatar 1:(14,21) Moving east.
0:(2,12) 1:(15,21) 2:(24,33) 3:(2,21) Avatar 2:(24,33) Moving west.
0:(2,12) 1:(15,21) 2:(24,33) 3:(2,21) Avatar 3:(2,21) Moving north.
0:(2,12) 1:(15,21) 2:(24,33) 3:(2,21) Avatar 0:(2,12) Moving east.
0:(3,12) 1:(15,21) 2:(24,33) 3:(2,21) Avatar 1:(15,21) Moving north.
0:(3,12) 1:(15,20) 2:(24,33) 3:(2,21) Avatar 2:(24,33) Moving south.
0:(3,12) 1:(15,20) 2:(24,34) 3:(2,21) Avatar 3:(2,21) Moving south.
0:(3,12) 1:(15,20) 2:(24,34) 3:(2,22) Avatar 0:(3,12) Moving north.
0:(3,12) 1:(15,20) 2:(24,34) 3:(2,22) Avatar 1:(15,20) Moving north.
0:(3,12) 1:(15,19) 2:(24,34) 3:(2,22) Avatar 2:(24,34) Moving south.
0:(3,12) 1:(15,19) 2:(24,34) 3:(2,22) Avatar 3:(2,22) Moving east.
0:(3,12) 1:(15,19) 2:(24,34) 3:(2,22) Avatar 0:(3,12) Moving east.
0:(4,12) 1:(15,19) 2:(24,34) 3:(2,22) Avatar 1:(15,19) Moving north.
0:(4,12) 1:(15,19) 2:(24,34) 3:(2,22) Avatar 2:(24,34) Moving west.
0:(4,12) 1:(15,19) 2:(24,34) 3:(2,22) Avatar 3:(2,22) Moving south.
0:(4,12) 1:(15,19) 2:(24,34) 3:(2,23) Avatar 0:(4,12) Moving north.
0:(4,12) 1:(15,19) 2:(24,34) 3:(2,23) Avatar 1:(15,19) Moving east.
0:(4,12) 1:(16,19) 2:(24,34) 3:(2,23) Avatar 2:(24,34) Moving east.
0:(4,12) 1:(16,19) 2:(25,34) 3:(2,23) Avatar 3:(2,23) Moving east.
0:(4,12) 1:(16,19) 2:(25,34) 3:(2,23) Avatar 0:(4,12) Moving east.
0:(4,12) 1:(16,19) 2:(25,34) 3:(2,23) Avatar 1:(16,19) Moving north.
0:(4,12) 1:(16,18) 2:(25,34) 3:(2,23) Avatar 2:(25,34) Moving south.
0:(4,12) 1:(16,18) 2:(25,35) 3:(2,23) Avatar 3:(2,23) Moving west.
0:(4,12) 1:(16,18) 2:(25,35) 3:(2,23) Avatar 0:(4,12) Moving south.
0:(4,13) 1:(16,18) 2:(25,35) 3:(2,23) Avatar 1:(16,18) Moving north.
0:(4,13) 1:(16,18) 2:(25,35) 3:(2,23) Avatar 2:(25,35) Moving south.
0:(4,13) 1:(16,18) 2:(25,35) 3:(2,23) Avatar 3:(2,23) Moving north.
0:(4,13) 1:(16,18) 2:(25,35) 3:(2,22) Avatar 0:(4,13) Moving east.
0:(4,13) 1:(16,18) 2:(25,35) 3:(2,22) Avatar 1:(16,18) Moving east.
0:(4,13) 1:(17,18) 2:(25,35) 3:(2,22) Avatar 2:(25,35) Moving west.
0:(4,13) 1:(17,18) 2:(24,35) 3:(2,22) Avatar 3:(2,22) Moving west.
0:(4,13) 1:(17,18) 2:(24,35) 3:(2,22) Avatar 0:(4,13) Moving south.
0:(4,14) 1:(17,18) 2:(24,35) 3:(2,22) Avatar 1:(17,18) Moving north.
0:(4,14) 1:(17,17) 2:(24,35) 3:(2,22) Avatar 2:(24,35) Moving south.
0:(4,14) 1:(17,17) 2:(24,36) 3:(2,22) Avatar 3:(2,22) Moving north.
0:(4,14) 1:(17,17) 2:(24,36) 3:(2,21) Avatar 0:(4,14) Moving east.
0:(5,14) 1:(17,17) 2:(24,36) 3:(2,21) Avatar 1:(17,17) Moving north.
0:(5,14) 1:(17,16) 2:(24,36) 3:(2,21) Avatar 2:(24,36) Moving east.
0:(5,14) 1:(17,16) 2:(25,36) 3:(2,21) Avatar 3:(2,21) Moving west.
0:(5,14) 1:(17,16) 2:(25,36) 3:(1,21) Avatar 0:(5,14) Moving north.
0:(5,14) 1:(17,16) 2:(25,36) 3:(1,21) Avatar 1:(17,16) Moving north.
0:(5,14) 1:(17,16) 2:(25,36) 3:(1,21) Avatar 2:(25,36) Moving east.
0:(5,14) 1:(17,16) 2:(26,36) 3:(1,21) Avatar 3:(1,21) Moving north.
0:(5,14) 1:(17,16) 2:(26,36) 3:(1,20) Avatar 0:(5,14) Moving east.
0:(6,14) 1:(17,16) 2:(26,36) 3:(1,20) Avatar 1:(17,16) Moving east.
0:(6,14) 1:(17,16) 2:(26,36) 3:(1,20) Avatar 2:(26,36) Moving east.
0:(6,14) 1:(17,16) 2:(27,36) 3:(1,20) Avatar 3:(1,20) Moving north.
0:(6,14) 1:(17,16) 2:(27,36) 3:(1,19) Avatar 0:(6,14) Moving north.
0:(6,13) 1:(17,16) 2:(27,36) 3:(1,19) Avatar 1:(17,16) Moving west.
0:(6,13) 1:(16,16) 2:(27,36) 3:(1,19) Avatar 2:(27,36) Moving north.
0:(6,13) 1:(16,16) 2:(27,36) 3:(1,19) Avatar 3:(1,19) Moving north.
0:(6,13) 1:(16,16) 2:(27,36) 3:(1,18) Avatar 0:(6,13) Moving north.
0:(6,13) 1:(16,16) 2:(27,36) 3:(1,18) Avatar 1:(16,16) Moving north.
0:(6,13) 1:(16,16) 2:(27,36) 3:(1,18) Avatar 2:(27,36) Moving east.
0:(6,13) 1:(16,16) 2:(27,36) 3:(1,18) Avatar 3:(1,18) Moving north.
0:(6,13) 1:(16,16) 2:(27,36) 3:(1,18) Avatar 0:(6,13) Moving east.
0:(6,13) 1:(16,16) 2:(27,36) 3:(1,18) Avatar 1:(16,16) Moving south.
0:(6,13) 1:(16,16) 2:(27,36) 3:(1,18) Avatar 2:(27,36) Moving south.
0:(6,13) 1:(16,16) 2:(27,37) 3:(1,18) Avatar 3:(1,18) Moving east.
0:(6,13) 1:(16,16) 2:(27,37) 3:(2,18) Avatar 0:(6,13) Moving west.
0:(5,13) 1:(16,16) 2:(27,37) 3:(2,18) Avatar 1:(16,16) Moving west.
0:(5,13) 1:(15,16) 2:(27,37) 3:(2,18) Avatar 2:(27,37) Moving east.
0:(5,13) 1:(15,16) 2:(27,37) 3:(2,18) Avatar 3:(2,18) Moving north.
0:(5,13) 1:(15,16) 2:(27,37) 3:(2,17) Avatar 0:(5,13) Moving north.
0:(5,12) 1:(15,16) 2:(27,37) 3:(2,17) Avatar 1:(15,16) Moving north.
0:(5,12) 1:(15,15) 2:(27,37) 3:(2,17) Avatar 2:(27,37) Moving south.
0:(5,12) 1:(15,15) 2:(27,37) 3:(2,17) Avatar 3:(2,17) Moving north.
0:(5,12) 1:(15,15) 2:(27,37) 3:(2,17) Avatar 0:(5,12) Moving north.
0:(5,12) 1:(15,15) 2:(27,37) 3:(2,17) Avatar 1:(15,15) Moving north.
0:(5,12) 1:(15,15) 2:(27,37) 3:(2,17) Avatar 2:(27,37) Moving west.
0:(5,12) 1:(15,15) 2:(27,37) 3:(2,17) Avatar 3:(2,17) Moving east.
0:(5,12) 1:(15,15) 2:(27,37) 3:(3,17) Avatar 0:(5,12) Moving east.
0:(6,12) 1:(15,15) 2:(27,37) 3:(3,17) Avatar 1:(15,15) Moving east.
0:(6,12) 1:(15,15) 2:(27,37) 3:(3,17) Avatar 2:(27,37) Moving north.
0:(6,12) 1:(15,15) 2:(27,36) 3:(3,17) Avatar 3:(3,17) Moving north.
0:(6,12) 1:(15,15) 2:(27,36) 3:(3,17) Avatar 0:(6,12) Moving north.
0:(6,12) 1:(15,15) 2:(27,36) 3:(3,17) Avatar 1:(15,15) Moving west.
0:(6,12) 1:(14,15) 2:(27,36) 3:(3,17) Avatar 2:(27,36) Moving west.
0:(6,12) 1:(14,15) 2:(26,36) 3:(3,17) Avatar 3:(3,17) Moving east.
0:(6,12) 1:(14,15) 2:(26,36) 3:(3,17) Avatar 0:(6,12) Moving east.
0:(7,12) 1:(14,15) 2:(26,36) 3:(3,17) Avatar 1:(14,15) Moving north.
0:(7,12) 1:(14,14) 2:(26,36) 3:(3,17) Avatar 2:(26,36) Moving south.
0:(7,12) 1:(14,14) 2:(26,37) 3:(3,17) Avatar 3:(3,17) Moving south.
0:(7,12) 1:(14,14) 2:(26,37) 3:(3,18) Avatar 0:(7,12) Moving north.
0:(7,12) 1:(14,14) 2:(26,37) 3:(3,18) Avatar 1:(14,14) Moving north.
0:(7,12) 1:(14,13) 2:(26,37) 3:(3,18) Avatar 2:(26,37) Moving south.
0:(7,12) 1:(14,13) 2:(26,38) 3:(3,18) Avatar 3:(3,18) Moving east.
0:(7,12) 1:(14,13) 2:(26,38) 3:(4,18) Avatar 0:(7,12) Moving east.
0:(7,12) 1:(14,13) 2:(26,38) 3:(4,18) Avatar 1:(14,13) Moving north.
0:(7,12) 1:(14,13) 2:(26,38) 3:(4,18) Avatar 2:(26,38) Moving east.
0:(7,12) 1:(14,13) 2:(27,38) 3:(4,18) Avatar 3:(4,18) Moving north.
0:(7,12) 1:(14,13) 2:(27,38) 3:(4,18) Avatar 0:(7,12) Moving south.
0:(7,13) 1:(14,13) 2:(27,38) 3:(4,18) Avatar 1:(14,13) Moving east.
0:(7,13) 1:(14,13) 2:(27,38) 3:(4,18) Avatar 2:(27,38) Moving east.
0:(7,13) 1:(14,13) 2:(27,38) 3:(4,18) Avatar 3:(4,18) Moving east.
0:(7,13) 1:(14,13) 2:(27,38) 3:(5,18) Avatar 0:(7,13) Moving east.
0:(7,13) 1:(14,13) 2:(27,38) 3:(5,18) Avatar 1:(14,13) Moving west.
0:(7,13) 1:(13,13) 2:(27,38) 3:(5,18) Avatar 2:(27,38) Moving south.
0:(7,13) 1:(13,13) 2:(27,39) 3:(5,18) Avatar 3:(5,18) Moving north.
0:(7,13) 1:(13,13) 2:(27,39) 3:(5,18) Avatar 0:(7,13) Moving south.
0:(7,14) 1:(13,13) 2:(27,39) 3:(5,18) Avatar 1:(13,13) Moving north.
0:(7,14) 1:(13,13) 2:(27,39) 3:(5,18) Avatar 2:(27,39) Moving east.
0:(7,14) 1:(13,13) 2:(28,39) 3:(5,18) Avatar 3:(5,18) Moving east.
0:(7,14) 1:(13,13) 2:(28,39) 3:(5,18) Avatar 0:(7,14) Moving east.
0:(8,14) 1:(13,13) 2:(28,39) 3:(5,18) Avatar 1:(13,13) Moving south.
0:(8,14) 1:(13,13) 2:(28,39) 3:(5,18) Avatar 2:(28,39) Moving north.
0:(8,14) 1:(13,13) 2:(28,38) 3:(5,18) Avatar 3:(5,18) Moving south.
0:(8,14) 1:(13,13) 2:(28,38) 3:(5,19) Avatar 0:(8,14) Moving north.
0:(8,14) 1:(13,13) 2:(28,38) 3:(5,19) Avatar 1:(13,13) Moving west.
0:(8,14) 1:(12,13) 2:(28,38) 3:(5,19) Avatar 2:(28,38) Moving north.
0:(8,14) 1:(12,13) 2:(28,37) 3:(5,19) Avatar 3:(5,19) Moving east.
0:(8,14) 1:(12,13) 2:(28,37) 3:(6,19) Avatar 0:(8,14) Moving east.
0:(8,14) 1:(12,13) 2:(28,37) 3:(6,19) Avatar 1:(12,13) Moving north.
0:(8,14) 1:(12,13) 2:(28,37) 3:(6,19) Avatar 2:(28,37) Moving north.
0:(8,14) 1:(12,13) 2:(28,36) 3:(6,19) Avatar 3:(6,19) Moving north.
0:(8,14) 1:(12,13) 2:(28,36) 3:(6,19) Avatar 0:(8,14) Moving south.
0:(8,15) 1:(12,13) 2:(28,36) 3:(6,19) Avatar 1:(12,13) Moving south.
0:(8,15) 1:(12,13) 2:(28,36) 3:(6,19) Avatar 2:(28,36) Moving north.
0:(8,15) 1:(12,13) 2:(28,36) 3:(6,19) Avatar 3:(6,19) Moving east.
0:(8,15) 1:(12,13) 2:(28,36) 3:(7,19) Avatar 0:(8,15) Moving east.
0:(9,15) 1:(12,13) 2:(28,36) 3:(7,19) Avatar 1:(12,13) Moving west.
0:(9,15) 1:(11,13) 2:(28,36) 3:(7,19) Avatar 2:(28,36) Moving east.
0:(9,15) 1:(11,13) 2:(29,36) 3:(7,19) Avatar 3:(7,19) Moving north.
0:(9,15) 1:(11,13) 2:(29,36) 3:(7,19) Avatar 0:(9,15) Moving north.
0:(9,15) 1:(11,13) 2:(29,36) 3:(7,19) Avatar 1:(11,13) Moving north.
0:(9,15) 1:(11,13) 2:(29,36) 3:(7,19) Avatar 2:(29,36) Moving north.
0:(9,15) 1:(11,13) 2:(29,36) 3:(7,19) Avatar 3:(7,19) Moving east.
0:(9,15) 1:(11,13) 2:(29,36) 3:(7,19) Avatar 0:(9,15) Moving east.
0:(9,15) 1:(11,13) 2:(29,36) 3:(7,19) Avatar 1:(11,13) Moving south.
0:(9,15) 1:(11,13) 2:(29,36) 3:(7,19) Avatar 2:(29,36) Moving east.
0:(9,15) 1:(11,13) 2:(30,36) 3:(7,19) Avatar 3:(7,19) Moving south.
0:(9,15) 1:(11,13) 2:(30,36) 3:(7,20) Avatar 0:(9,15) Moving south.
0:(9,16) 1:(11,13) 2:(30,36) 3:(7,20) Avatar 1:(11,13) Moving west.
0:(9,16) 1:(10,13) 2:(30,36) 3:(7,20) Avatar 2:(30,36) Moving north.
0:(9,16) 1:(10,13) 2:(30,36) 3:(7,20) Avatar 3:(7,20) Moving east.
0:(9,16) 1:(10,13) 2:(30,36) 3:(8,20) Avatar 0:(9,16) Moving east.
0:(9,16) 1:(10,13) 2:(30,36) 3:(8,20) Avatar 1:(10,13) Moving north.
0:(9,16) 1:(10,13) 2:(30,36) 3:(8,20) Avatar 2:(30,36) Moving east.
0:(9,16) 1:(10,13) 2:(31,36) 3:(8,20) Avatar 3:(8,20) Moving north.
0:(9,16) 1:(10,13) 2:(31,36) 3:(8,20) Avatar 0:(9,16) Moving south.
0:(9,17) 1:(10,13) 2:(31,36) 3:(8,20) Avatar 1:(10,13) Moving south.
0:(9,17) 1:(10,14) 2:(31,36) 3:(8,20) Avatar 2:(31,36) Moving north.
0:(9,17) 1:(10,14) 2:(31,36) 3:(8,20) Avatar 3:(8,20) Moving east.
0:(9,17) 1:(10,14) 2:(31,36) 3:(9,20) Avatar 0:(9,17) Moving east.
0:(10,17) 1:(10,14) 2:(31,36) 3:(9,20) Avatar 1:(10,14) Moving east.
0:(10,17) 1:(10,14) 2:(31,36) 3:(9,20) Avatar 2:(31,36) Moving east.
0:(10,17) 1:(10,14) 2:(32,36) 3:(9,20) Avatar 3:(9,20) Moving north.
0:(10,17) 1:(10,14) 2:(32,36) 3:(9,19) Avatar 0:(10,17) Moving north.
0:(10,16) 1:(10,14) 2:(32,36) 3:(9,19) Avatar 1:(10,14) Moving south.
0:(10,16) 1:(10,14) 2:(32,36) 3:(9,19) Avatar 2:(32,36) Moving north.
0:(10,16) 1:(10,14) 2:(32,36) 3:(9,19) Avatar 3:(9,19) Moving north.
0:(10,16) 1:(10,14) 2:(32,36) 3:(9,18) Avatar 0:(10,16) Moving north.
0:(10,15) 1:(10,14) 2:(32,36) 3:(9,18) Avatar 1:(10,14) Moving west.
0:(10,15) 1:(9,14) 2:(32,36) 3:(9,18) Avatar 2:(32,36) Moving east.
0:(10,15) 1:(9,14) 2:(33,36) 3:(9,18) Avatar 3:(9,18) Moving north.
0:(10,15) 1:(9,14) 2:(33,36) 3:(9,18) Avatar 0:(10,15) Moving east.
0:(11,15) 1:(9,14) 2:(33,36) 3:(9,18) Avatar 1:(9,14) Moving north.
0:(11,15) 1:(9,13) 2:(33,36) 3:(9,18) Avatar 2:(33,36) Moving north.
0:(11,15) 1:(9,13) 2:(33,36) 3:(9,18) Avatar 3:(9,18) Moving east.
0:(11,15) 1:(9,13) 2:(33,36) 3:(10,18) Avatar 0:(11,15) Moving north.
0:(11,14) 1:(9,13) 2:(33,36) 3:(10,18) Avatar 1:(9,13) Moving north.
0:(11,14) 1:(9,13) 2:(33,36) 3:(10,18) Avatar 2:(33,36) Moving east.
0:(11,14) 1:(9,13) 2:(33,36) 3:(10,18) Avatar 3:(10,18) Moving north.
0:(11,14) 1:(9,13) 2:(33,36) 3:(10,18) Avatar 0:(11,14) Moving east.
0:(12,14) 1:(9,13) 2:(33,36) 3:(10,18) Avatar 1:(9,13) Moving east.
0:(12,14) 1:(9,13) 2:(33,36) 3:(10,18) Avatar 2:(33,36) Moving south.
0:(12,14) 1:(9,13) 2:(33,36) 3:(10,18) Avatar 3:(10,18) Moving east.
0:(12,14) 1:(9,13) 2:(33,36) 3:(11,18) Avatar 0:(12,14) Moving east.
0:(13,14) 1:(9,13) 2:(33,36) 3:(11,18) Avatar 1:(9,13) Moving west.
0:(13,14) 1:(8,13) 2:(33,36) 3:(11,18) Avatar 2:(33,36) Moving west.
0:(13,14) 1:(8,13) 2:(32,36) 3:(11,18) Avatar 3:(11,18) Moving north.
0:(13,14) 1:(8,13) 2:(32,36) 3:(11,17) Avatar 0:(13,14) Moving east.
0:(13,14) 1:(8,13) 2:(32,36) 3:(11,17) Avatar 1:(8,13) Moving north.
0:(13,14) 1:(8,12) 2:(32,36) 3:(11,17) Avatar 2:(32,36) Moving south.
0:(13,14) 1:(8,12) 2:(32,36) 3:(11,17) Avatar 3:(11,17) Moving north.
0:(13,14) 1:(8,12) 2:(32,36) 3:(11,17) Avatar 0:(13,14) Moving south.
0:(13,14) 1:(8,12) 2:(32,36) 3:(11,17) Avatar 1:(8,12) Moving north.
0:(13,14) 1:(8,11) 2:(32,36) 3:(11,17) Avatar 2:(32,36) Moving west.
0:(13,14) 1:(8,11) 2:(31,36) 3:(11,17) Avatar 3:(11,17) Moving east.
0:(13,14) 1:(8,11) 2:(31,36) 3:(12,17) Avatar 0:(13,14) Moving west.
0:(12,14) 1:(8,11) 2:(31,36) 3:(12,17) Avatar 1:(8,11) Moving north.
0:(12,14) 1:(8,11) 2:(31,36) 3:(12,17) Avatar 2:(31,36) Moving south.
0:(12,14) 1:(8,11) 2:(31,36) 3:(12,17) Avatar 3:(12,17) Moving north.
0:(12,14) 1:(8,11) 2:(31,36) 3:(12,16) Avatar 0:(12,14) Moving south.
0:(12,14) 1:(8,11) 2:(31,36) 3:(12,16) Avatar 1:(8,11) Moving east.
0:(12,14) 1:(8,11) 2:(31,36) 3:(12,16) Avatar 2:(31,36) Moving west.
0:(12,14) 1:(8,11) 2:(30,36) 3:(12,16) Avatar 3:(12,16) Moving north.
0:(12,14) 1:(8,11) 2:(30,36) 3:(12,16) Avatar 0:(12,14) Moving west.
0:(11,14) 1:(8,11) 2:(30,36) 3:(12,16) Avatar 1:(8,11) Moving west.
0:(11,14) 1:(7,11) 2:(30,36) 3:(12,16) Avatar 2:(30,36) Moving south.
0:(11,14) 1:(7,11) 2:(30,37) 3:(12,16) Avatar 3:(12,16) Moving east.
0:(11,14) 1:(7,11) 2:(30,37) 3:(13,16) Avatar 0:(11,14) Moving south.
0:(11,15) 1:(7,11) 2:(30,37) 3:(13,16) Avatar 1:(7,11) Moving north.
0:(11,15) 1:(7,10) 2:(30,37) 3:(13,16) Avatar 2:(30,37) Moving east.
0:(11,15) 1:(7,10) 2:(30,37) 3:(13,16) Avatar 3:(13,16) Moving north.
0:(11,15) 1:(7,10) 2:(30,37) 3:(13,15) Avatar 0:(11,15) Moving east.
0:(12,15) 1:(7,10) 2:(30,37) 3:(13,15) Avatar 1:(7,10) Moving north.
0:(12,15) 1:(7,10) 2:(30,37) 3:(13,15) Avatar 2:(30,37) Moving south.
0:(12,15) 1:(7,10) 2:(30,37) 3:(13,15) Avatar 3:(13,15) Moving east.
0:(12,15) 1:(7,10) 2:(30,37) 3:(13,15) Avatar 0:(12,15) Moving east.
0:(13,15) 1:(7,10) 2:(30,37) 3:(13,15) Avatar 1:(7,10) Moving east.
0:(13,15) 1:(7,10) 2:(30,37) 3:(13,15) Avatar 2:(30,37) Moving west.
0:(13,15) 1:(7,10) 2:(30,37) 3:(13,15) Avatar 3:(13,15) Moving west.
0:(13,15) 1:(7,10) 2:(30,37) 3:(12,15) Avatar 0:(13,15) Moving west.
0:(12,15) 1:(7,10) 2:(30,37) 3:(12,15) Avatar 1:(7,10) Moving west.
0:(12,15) 1:(6,10) 2:(30,37) 3:(12,15) Avatar 2:(30,37) Moving north.
0:(12,15) 1:(6,10) 2:(30,36) 3:(12,15) Avatar 3:(12,15) Moving west.
0:(12,15) 1:(6,10) 2:(30,36) 3:(11,15) Avatar 0:(12,15) Moving west.
0:(11,15) 1:(6,10) 2:(30,36) 3:(11,15) Avatar 1:(6,10) Moving north.
0:(11,15) 1:(6,10) 2:(30,36) 3:(11,15) Avatar 2:(30,36) Moving west.
0:(11,15) 1:(6,10) 2:(29,36) 3:(11,15) Avatar 3:(11,15) Moving south.
0:(11,15) 1:(6,10) 2:(29,36) 3:(11,15) Avatar 0:(11,15) Sleeping.
0:(11,15) 1:(6,10) 2:(29,36) 3:(11,15) Avatar 1:(6,10) Moving south.
0:(11,15) 1:(6,10) 2:(29,36) 3:(11,15) Avatar 2:(29,36) Moving south.
0:(11,15) 1:(6,10) 2:(29,37) 3:(11,15) Avatar 3:(11,15) Moving west.
0:(11,15) 1:(6,10) 2:(29,37) 3:(10,15) Avatar 0:(11,15) Moving west.
0:(10,15) 1:(6,10) 2:(29,37) 3:(10,15) Avatar 1:(6,10) Moving west.
0:(10,15) 1:(5,10) 2:(29,37) 3:(10,15) Avatar 2:(29,37) Moving south.
0:(10,15) 1:(5,10) 2:(29,38) 3:(10,15) Avatar 3:(10,15) Moving south.
0:(10,15) 1:(5,10) 2:(29,38) 3:(10,16) Avatar 0:(10,15) Moving south.
0:(10,16) 1:(5,10) 2:(29,38) 3:(10,16) Avatar 1:(5,10) Moving north.
0:(10,16) 1:(5,10) 2:(29,38) 3:(10,16) Avatar 2:(29,38) Moving east.
0:(10,16) 1:(5,10) 2:(30,38) 3:(10,16) Avatar 3:(10,16) Moving east.
0:(10,16) 1:(5,10) 2:(30,38) 3:(11,16) Avatar 0:(10,16) Moving east.
0:(11,16) 1:(5,10) 2:(30,38) 3:(11,16) Avatar 1:(5,10) Moving south.
0:(11,16) 1:(5,10) 2:(30,38) 3:(11,16) Avatar 2:(30,38) Moving east.
0:(11,16) 1:(5,10) 2:(30,38) 3:(11,16) Avatar 3:(11,16) Moving east.
0:(11,16) 1:(5,10) 2:(30,38) 3:(11,16) Avatar 0:(11,16) Moving west.
0:(10,16) 1:(5,10) 2:(30,38) 3:(11,16) Avatar 1:(5,10) Moving west.
0:(10,16) 1:(4,10) 2:(30,38) 3:(11,16) Avatar 2:(30,38) Moving south.
0:(10,16) 1:(4,10) 2:(30,39) 3:(11,16) Avatar 3:(11,16) Moving west.
0:(10,16) 1:(4,10) 2:(30,39) 3:(10,16) Avatar 0:(10,16) Sleeping.
0:(10,16) 1:(4,10) 2:(30,39) 3:(10,16) Avatar 1:(4,10) Moving north.
0:(10,16) 1:(4,9) 2:(30,39) 3:(10,16) Avatar 2:(30,39) Moving east.
0:(10,16) 1:(4,9) 2:(31,39) 3:(10,16) Avatar 3:(10,16) Moving south.
0:(10,16) 1:(4,9) 2:(31,39) 3:(10,17) Avatar 0:(10,16) Moving south.
0:(10,17) 1:(4,9) 2:(31,39) 3:(10,17) Avatar 1:(4,9) Moving north.
0:(10,17) 1:(4,8) 2:(31,39) 3:(10,17) Avatar 2:(31,39) Moving north.
0:(10,17) 1:(4,8) 2:(31,38) 3:(10,17) Avatar 3:(10,17) Moving east.
0:(10,17) 1:(4,8) 2:(31,38) 3:(10,17) Avatar 0:(10,17) Sleeping.
0:(10,17) 1:(4,8) 2:(31,38) 3:(10,17) Avatar 1:(4,8) Moving north.
0:(10,17) 1:(4,7) 2:(31,38) 3:(10,17) Avatar 2:(31,38) Moving north.
0:(10,17) 1:(4,7) 2:(31,37) 3:(10,17) Avatar 3:(10,17) Moving west.
0:(10,17) 1:(4,7) 2:(31,37) 3:(9,17) Avatar 0:(10,17) Moving west.
0:(9,17) 1:(4,7) 2:(31,37) 3:(9,17) Avatar 1:(4,7) Moving north.
0:(9,17) 1:(4,6) 2:(31,37) 3:(9,17) Avatar 2:(31,37) Moving east.
0:(9,17) 1:(4,6) 2:(32,37) 3:(9,17) Avatar 3:(9,17) Moving west.
0:(9,17) 1:(4,6) 2:(32,37) 3:(9,17) Avatar 0:(9,17) Sleeping.
0:(9,17) 1:(4,6) 2:(32,37) 3:(9,17) Avatar 1:(4,6) Moving north.
0:(9,17) 1:(4,6) 2:(32,37) 3:(9,17) Avatar 2:(32,37) Moving east.
0:(9,17) 1:(4,6) 2:(32,37) 3:(9,17) Avatar 3:(9,17) Moving north.
0:(9,17) 1:(4,6) 2:(32,37) 3:(9,16) Avatar 0:(9,17) Moving north.
0:(9,16) 1:(4,6) 2:(32,37) 3:(9,16) Avatar 1:(4,6) Moving east.
0:(9,16) 1:(4,6) 2:(32,37) 3:(9,16) Avatar 2:(32,37) Moving south.
0:(9,16) 1:(4,6) 2:(32,38) 3:(9,16) Avatar 3:(9,16) Moving west.
0:(9,16) 1:(4,6) 2:(32,38) 3:(9,16) Avatar 0:(9,16) Sleeping.
0:(9,16) 1:(4,6) 2:(32,38) 3:(9,16) Avatar 1:(4,6) Moving west.
0:(9,16) 1:(3,6) 2:(32,38) 3:(9,16) Avatar 2:(32,38) Moving east.
0:(9,16) 1:(3,6) 2:(32,38) 3:(9,16) Avatar 3:(9,16) Moving north.
0:(9,16) 1:(3,6) 2:(32,38) 3:(9,15) Avatar 0:(9,16) Moving north.
0:(9,15) 1:(3,6) 2:(32,38) 3:(9,15) Avatar 1:(3,6) Moving north.
0:(9,15) 1:(3,6) 2:(32,38) 3:(9,15) Avatar 2:(32,38) Moving south.
0:(9,15) 1:(3,6) 2:(32,39) 3:(9,15) Avatar 3:(9,15) Moving west.
0:(9,15) 1:(3,6) 2:(32,39) 3:(8,15) Avatar 0:(9,15) Moving west.
0:(8,15) 1:(3,6) 2:(32,39) 3:(8,15) Avatar 1:(3,6) Moving south.
0:(8,15) 1:(3,7) 2:(32,39) 3:(8,15) Avatar 2:(32,39) Moving east.
0:(8,15) 1:(3,7) 2:(33,39) 3:(8,15) Avatar 3:(8,15) Moving south.
0:(8,15) 1:(3,7) 2:(33,39) 3:(8,15) Avatar 0:(8,15) Sleeping.
0:(8,15) 1:(3,7) 2:(33,39) 3:(8,15) Avatar 1:(3,7) Moving east.
0:(8,15) 1:(3,7) 2:(33,39) 3:(8,15) Avatar 2:(33,39) Moving north.
0:(8,15) 1:(3,7) 2:(33,38) 3:(8,15) Avatar 3:(8,15) Moving west.
0:(8,15) 1:(3,7) 2:(33,38) 3:(8,15) Avatar 0:(8,15) Sleeping.
0:(8,15) 1:(3,7) 2:(33,38) 3:(8,15) Avatar 1:(3,7) Moving west.
0:(8,15) 1:(2,7) 2:(33,38) 3:(8,15) Avatar 2:(33,38) Moving north.
0:(8,15) 1:(2,7) 2:(33,37) 3:(8,15) Avatar 3:(8,15) Moving north.
0:(8,15) 1:(2,7) 2:(33,37) 3:(8,14) Avatar 0:(8,15) Moving north.
0:(8,14) 1:(2,7) 2:(33,37) 3:(8,14) Avatar 1:(2,7) Moving north.
0:(8,14) 1:(2,6) 2:(33,37) 3:(8,14) Avatar 2:(33,37) Moving east.
0:(8,14) 1:(2,6) 2:(34,37) 3:(8,14) Avatar 3:(8,14) Moving west.
0:(8,14) 1:(2,6) 2:(34,37) 3:(7,14) Avatar 0:(8,14) Moving west.
0:(7,14) 1:(2,6) 2:(34,37) 3:(7,14) Avatar 1:(2,6) Moving north.
0:(7,14) 1:(2,5) 2:(34,37) 3:(7,14) Avatar 2:(34,37) Moving north.
0:(7,14) 1:(2,5) 2:(34,36) 3:(7,14) Avatar 3:(7,14) Moving south.
0:(7,14) 1:(2,5) 2:(34,36) 3:(7,14) Avatar 0:(7,14) Sleeping.
0:(7,14) 1:(2,5) 2:(34,36) 3:(7,14) Avatar 1:(2,5) Moving north.
0:(7,14) 1:(2,4) 2:(34,36) 3:(7,14) Avatar 2:(34,36) Moving north.
0:(7,14) 1:(2,4) 2:(34,35) 3:(7,14) Avatar 3:(7,14) Moving west.
0:(7,14) 1:(2,4) 2:(34,35) 3:(7,14) Avatar 0:(7,14) Sleeping.
0:(7,14) 1:(2,4) 2:(34,35) 3:(7,14) Avatar 1:(2,4) Moving north.
0:(7,14) 1:(2,3) 2:(34,35) 3:(7,14) Avatar 2:(34,35) Moving north.
0:(7,14) 1:(2,3) 2:(34,34) 3:(7,14) Avatar 3:(7,14) Moving north.
0:(7,14) 1:(2,3) 2:(34,34) 3:(7,13) Avatar 0:(7,14) Moving north.
0:(7,13) 1:(2,3) 2:(34,34) 3:(7,13) Avatar 1:(2,3) Moving north.
0:(7,13) 1:(2,2) 2:(34,34) 3:(7,13) Avatar 2:(34,34) Moving north.
0:(7,13) 1:(2,2) 2:(34,34) 3:(7,13) Avatar 3:(7,13) Moving north.
0:(7,13) 1:(2,2) 2:(34,34) 3:(7,12) Avatar 0:(7,13) Moving north.
0:(7,12) 1:(2,2) 2:(34,34) 3:(7,12) Avatar 1:(2,2) Moving north.
0:(7,12) 1:(2,1) 2:(34,34) 3:(7,12) Avatar 2:(34,34) Moving east.
0:(7,12) 1:(2,1) 2:(35,34) 3:(7,12) Avatar 3:(7,12) Moving west.
0:(7,12) 1:(2,1) 2:(35,34) 3:(6,12) Avatar 0:(7,12) Moving west.
0:(6,12) 1:(2,1) 2:(35,34) 3:(6,12) Avatar 1:(2,1) Moving north.
0:(6,12) 1:(2,1) 2:(35,34) 3:(6,12) Avatar 2:(35,34) Moving north.
0:(6,12) 1:(2,1) 2:(35,34) 3:(6,12) Avatar 3:(6,12) Moving west.
0:(6,12) 1:(2,1) 2:(35,34) 3:(5,12) Avatar 0:(6,12) Moving west.
0:(5,12) 1:(2,1) 2:(35,34) 3:(5,12) Avatar 1:(2,1) Moving east.
0:(5,12) 1:(2,1) 2:(35,34) 3:(5,12) Avatar 2:(35,34) Moving east.
0:(5,12) 1:(2,1) 2:(35,34) 3:(5,12) Avatar 3:(5,12) Moving south.
0:(5,12) 1:(2,1) 2:(35,34) 3:(5,13) Avatar 0:(5,12) Moving south.
0:(5,13) 1:(2,1) 2:(35,34) 3:(5,13) Avatar 1:(2,1) Moving west.
0:(5,13) 1:(1,1) 2:(35,34) 3:(5,13) Avatar 2:(35,34) Moving south.
0:(5,13) 1:(1,1) 2:(35,35) 3:(5,13) Avatar 3:(5,13) Moving east.
0:(5,13) 1:(1,1) 2:(35,35) 3:(6,13) Avatar 0:(5,13) Moving east.
0:(6,13) 1:(1,1) 2:(35,35) 3:(6,13) Avatar 1:(1,1) Moving north.
0:(6,13) 1:(1,0) 2:(35,35) 3:(6,13) Avatar 2:(35,35) Moving east.
0:(6,13) 1:(1,0) 2:(36,35) 3:(6,13) Avatar 3:(6,13) Moving south.
0:(6,13) 1:(1,0) 2:(36,35) 3:(6,14) Avatar 0:(6,13) Moving south.
0:(6,14) 1:(1,0) 2:(36,35) 3:(6,14) Avatar 1:(1,0) Moving east.
0:(6,14) 1:(1,0) 2:(36,35) 3:(6,14) Avatar 2:(36,35) Moving north.
0:(6,14) 1:(1,0) 2:(36,35) 3:(6,14) Avatar 3:(6,14) Moving south.
0:(6,14) 1:(1,0) 2:(36,35) 3:(6,14) Avatar 0:(6,14) Sleeping.
0:(6,14) 1:(1,0) 2:(36,35) 3:(6,14) Avatar 1:(1,0) Moving west.
0:(6,14) 1:(0,0) 2:(36,35) 3:(6,14) Avatar 2:(36,35) Moving east.
0:(6,14) 1:(0,0) 2:(36,35) 3:(6,14) Avatar 3:(6,14) Moving west.
0:(6,14) 1:(0,0) 2:(36,35) 3:(5,14) Avatar 0:(6,14) Moving west.
0:(5,14) 1:(0,0) 2:(36,35) 3:(5,14) Avatar 1:(0,0) Moving south.
0:(5,14) 1:(0,1) 2:(36,35) 3:(5,14) Avatar 2:(36,35) Moving south.
0:(5,14) 1:(0,1) 2:(36,36) 3:(5,14) Avatar 3:(5,14) Moving south.
0:(5,14) 1:(0,1) 2:(36,36) 3:(5,14) Avatar 0:(5,14) Sleeping.
0:(5,14) 1:(0,1) 2:(36,36) 3:(5,14) Avatar 1:(0,1) Moving east.
0:(5,14) 1:(0,1) 2:(36,36) 3:(5,14) Avatar 2:(36,36) Moving east.
0:(5,14) 1:(0,1) 2:(36,36) 3:(5,14) Avatar 3:(5,14) Moving west.
0:(5,14) 1:(0,1) 2:(36,36) 3:(4,14) Avatar 0:(5,14) Moving west.
0:(4,14) 1:(0,1) 2:(36,36) 3:(4,14) Avatar 1:(0,1) Moving south.
0:(4,14) 1:(0,2) 2:(36,36) 3:(4,14) Avatar 2:(36,36) Moving south.
0:(4,14) 1:(0,2) 2:(36,36) 3:(4,14) Avatar 3:(4,14) Moving south.
0:(4,14) 1:(0,2) 2:(36,36) 3:(4,14) Avatar 0:(4,14) Sleeping.
0:(4,14) 1:(0,2) 2:(36,36) 3:(4,14) Avatar 1:(0,2) Moving east.
0:(4,14) 1:(1,2) 2:(36,36) 3:(4,14) Avatar 2:(36,36) Moving west.
0:(4,14) 1:(1,2) 2:(36,36) 3:(4,14) Avatar 3:(4,14) Moving west.
0:(4,14) 1:(1,2) 2:(36,36) 3:(4,14) Avatar 0:(4,14) Sleeping.
0:(4,14) 1:(1,2) 2:(36,36) 3:(4,14) Avatar 1:(1,2) Moving north.
0:(4,14) 1:(1,2) 2:(36,36) 3:(4,14) Avatar 2:(36,36) Moving north.
0:(4,14) 1:(1,2) 2:(36,35) 3:(4,14) Avatar 3:(4,14) Moving north.
0:(4,14) 1:(1,2) 2:(36,35) 3:(4,13) Avatar 0:(4,14) Moving north.
0:(4,13) 1:(1,2) 2:(36,35) 3:(4,13) Avatar 1:(1,2) Moving east.
0:(4,13) 1:(1,2) 2:(36,35) 3:(4,13) Avatar 2:(36,35) Moving west.
0:(4,13) 1:(1,2) 2:(35,35) 3:(4,13) Avatar 3:(4,13) Moving west.
0:(4,13) 1:(1,2) 2:(35,35) 3:(4,13) Avatar 0:(4,13) Sleeping.
0:(4,13) 1:(1,2) 2:(35,35) 3:(4,13) Avatar 1:(1,2) Moving south.
0:(4,13) 1:(1,3) 2:(35,35) 3:(4,13) Avatar 2:(35,35) Moving south.
0:(4,13) 1:(1,3) 2:(35,36) 3:(4,13) Avatar 3:(4,13) Moving north.
0:(4,13) 1:(1,3) 2:(35,36) 3:(4,12) Avatar 0:(4,13) Moving north.
0:(4,12) 1:(1,3) 2:(35,36) 3:(4,12) Avatar 1:(1,3) Moving east.
0:(4,12) 1:(1,3) 2:(35,36) 3:(4,12) Avatar 2:(35,36) Moving south.
0:(4,12) 1:(1,3) 2:(35,37) 3:(4,12) Avatar 3:(4,12) Moving west.
0:(4,12) 1:(1,3) 2:(35,37) 3:(3,12) Avatar 0:(4,12) Moving west.
0:(3,12) 1:(1,3) 2:(35,37) 3:(3,12) Avatar 1:(1,3) Moving south.
0:(3,12) 1:(1,4) 2:(35,37) 3:(3,12) Avatar 2:(35,37) Moving east.
0:(3,12) 1:(1,4) 2:(36,37) 3:(3,12) Avatar 3:(3,12) Moving south.
0:(3,12) 1:(1,4) 2:(36,37) 3:(3,12) Avatar 0:(3,12) Sleeping.
0:(3,12) 1:(1,4) 2:(36,37) 3:(3,12) Avatar 1:(1,4) Moving east.
0:(3,12) 1:(1,4) 2:(36,37) 3:(3,12) Avatar 2:(36,37) Moving east.
0:(3,12) 1:(1,4) 2:(37,37) 3:(3,12) Avatar 3:(3,12) Moving west.
0:(3,12) 1:(1,4) 2:(37,37) 3:(2,12) Avatar 0:(3,12) Moving west.
0:(2,12) 1:(1,4) 2:(37,37) 3:(2,12) Avatar 1:(1,4) Moving south.
0:(2,12) 1:(1,5) 2:(37,37) 3:(2,12) Avatar 2:(37,37) Moving north.
0:(2,12) 1:(1,5) 2:(37,36) 3:(2,12) Avatar 3:(2,12) Moving south.
0:(2,12) 1:(1,5) 2:(37,36) 3:(2,13) Avatar 0:(2,12) Moving south.
0:(2,13) 1:(1,5) 2:(37,36) 3:(2,13) Avatar 1:(1,5) Moving east.
0:(2,13) 1:(1,5) 2:(37,36) 3:(2,13) Avatar 2:(37,36) Moving north.
0:(2,13) 1:(1,5) 2:(37,35) 3:(2,13) Avatar 3:(2,13) Moving east.
0:(2,13) 1:(1,5) 2:(37,35) 3:(3,13) Avatar 0:(2,13) Moving east.
0:(3,13) 1:(1,5) 2:(37,35) 3:(3,13) Avatar 1:(1,5) Moving south.
0:(3,13) 1:(1,5) 2:(37,35) 3:(3,13) Avatar 2:(37,35) Moving north.
0:(3,13) 1:(1,5) 2:(37,34) 3:(3,13) Avatar 3:(3,13) Moving south.
0:(3,13) 1:(1,5) 2:(37,34) 3:(3,14) Avatar 0:(3,13) Moving south.
0:(3,14) 1:(1,5) 2:(37,34) 3:(3,14) Avatar 1:(1,5) Moving west.
0:(3,14) 1:(0,5) 2:(37,34) 3:(3,14) Avatar 2:(37,34) Moving north.
0:(3,14) 1:(0,5) 2:(37,34) 3:(3,14) Avatar 3:(3,14) Moving south.
0:(3,14) 1:(0,5) 2:(37,34) 3:(3,15) Avatar 0:(3,14) Moving south.
0:(3,15) 1:(0,5) 2:(37,34) 3:(3,15) Avatar 1:(0,5) Moving north.
0:(3,15) 1:(0,4) 2:(37,34) 3:(3,15) Avatar 2:(37,34) Moving east.
0:(3,15) 1:(0,4) 2:(37,34) 3:(3,15) Avatar 3:(3,15) Moving east.
0:(3,15) 1:(0,4) 2:(37,34) 3:(3,15) Avatar 0:(3,15) Sleeping.
0:(3,15) 1:(0,4) 2:(37,34) 3:(3,15) Avatar 1:(0,4) Moving north.
0:(3,15) 1:(0,3) 2:(37,34) 3:(3,15) Avatar 2:(37,34) Moving west.
0:(3,15) 1:(0,3) 2:(36,34) 3:(3,15) Avatar 3:(3,15) Moving south.
0:(3,15) 1:(0,3) 2:(36,34) 3:(3,16) Avatar 0:(3,15) Moving south.
0:(3,16) 1:(0,3) 2:(36,34) 3:(3,16) Avatar 1:(0,3) Moving north.
0:(3,16) 1:(0,3) 2:(36,34) 3:(3,16) Avatar 2:(36,34) Moving north.
0:(3,16) 1:(0,3) 2:(36,33) 3:(3,16) Avatar 3:(3,16) Moving east.
0:(3,16) 1:(0,3) 2:(36,33) 3:(4,16) Avatar 0:(3,16) Moving east.
0:(4,16) 1:(0,3) 2:(36,33) 3:(4,16) Avatar 1:(0,3) Moving east.
0:(4,16) 1:(0,3) 2:(36,33) 3:(4,16) Avatar 2:(36,33) Moving north.
0:(4,16) 1:(0,3) 2:(36,33) 3:(4,16) Avatar 3:(4,16) Moving north.
0:(4,16) 1:(0,3) 2:(36,33) 3:(4,16) Avatar 0:(4,16) Sleeping.
0:(4,16) 1:(0,3) 2:(36,33) 3:(4,16) Avatar 1:(0,3) Moving south.
0:(4,16) 1:(0,4) 2:(36,33) 3:(4,16) Avatar 2:(36,33) Moving east.
0:(4,16) 1:(0,4) 2:(36,33) 3:(4,16) Avatar 3:(4,16) Moving east.
0:(4,16) 1:(0,4) 2:(36,33) 3:(5,16) Avatar 0:(4,16) Moving east.
0:(5,16) 1:(0,4) 2:(36,33) 3:(5,16) Avatar 1:(0,4) Moving east.
0:(5,16) 1:(0,4) 2:(36,33) 3:(5,16) Avatar 2:(36,33) Moving west.
0:(5,16) 1:(0,4) 2:(35,33) 3:(5,16) Avatar 3:(5,16) Moving north.
0:(5,16) 1:(0,4) 2:(35,33) 3:(5,16) Avatar 0:(5,16) Sleeping.
0:(5,16) 1:(0,4) 2:(35,33) 3:(5,16) Avatar 1:(0,4) Moving south.
0:(5,16) 1:(0,5) 2:(35,33) 3:(5,16) Avatar 2:(35,33) Moving north.
0:(5,16) 1:(0,5) 2:(35,33) 3:(5,16) Avatar 3:(5,16) Moving east.
0:(5,16) 1:(0,5) 2:(35,33) 3:(5,16) Avatar 0:(5,16) Sleeping.
0:(5,16) 1:(0,5) 2:(35,33) 3:(5,16) Avatar 1:(0,5) Moving south.
0:(5,16) 1:(0,6) 2:(35,33) 3:(5,16) Avatar 2:(35,33) Moving west.
0:(5,16) 1:(0,6) 2:(34,33) 3:(5,16) Avatar 3:(5,16) Moving south.
0:(5,16) 1:(0,6) 2:(34,33) 3:(5,17) Avatar 0:(5,16) Moving south.
0:(5,17) 1:(0,6) 2:(34,33) 3:(5,17) Avatar 1:(0,6) Moving east.
0:(5,17) 1:(1,6) 2:(34,33) 3:(5,17) Avatar 2:(34,33) Moving north.
0:(5,17) 1:(1,6) 2:(34,32) 3:(5,17) Avatar 3:(5,17) Moving east.
0:(5,17) 1:(1,6) 2:(34,32) 3:(6,17) Avatar 0:(5,17) Moving east.
0:(6,17) 1:(1,6) 2:(34,32) 3:(6,17) Avatar 1:(1,6) Moving east.
0:(6,17) 1:(1,6) 2:(34,32) 3:(6,17) Avatar 2:(34,32) Moving north.
0:(6,17) 1:(1,6) 2:(34,31) 3:(6,17) Avatar 3:(6,17) Moving north.
0:(6,17) 1:(1,6) 2:(34,31) 3:(6,16) Avatar 0:(6,17) Moving north.
0:(6,16) 1:(1,6) 2:(34,31) 3:(6,16) Avatar 1:(1,6) Moving south.
0:(6,16) 1:(1,7) 2:(34,31) 3:(6,16) Avatar 2:(34,31) Moving north.
0:(6,16) 1:(1,7) 2:(34,30) 3:(6,16) Avatar 3:(6,16) Moving north.
0:(6,16) 1:(1,7) 2:(34,30) 3:(6,15) Avatar 0:(6,16) Moving north.
0:(6,15) 1:(1,7) 2:(34,30) 3:(6,15) Avatar 1:(1,7) Moving east.
0:(6,15) 1:(1,7) 2:(34,30) 3:(6,15) Avatar 2:(34,30) Moving north.
0:(6,15) 1:(1,7) 2:(34,30) 3:(6,15) Avatar 3:(6,15) Moving east.
0:(6,15) 1:(1,7) 2:(34,30) 3:(7,15) Avatar 0:(6,15) Moving east.
0:(7,15) 1:(1,7) 2:(34,30) 3:(7,15) Avatar 1:(1,7) Moving south.
0:(7,15) 1:(1,7) 2:(34,30) 3:(7,15) Avatar 2:(34,30) Moving east.
0:(7,15) 1:(1,7) 2:(35,30) 3:(7,15) Avatar 3:(7,15) Moving south.
0:(7,15) 1:(1,7) 2:(35,30) 3:(7,16) Avatar 0:(7,15) Moving south.
0:(7,16) 1:(1,7) 2:(35,30) 3:(7,16) Avatar 1:(1,7) Moving west.
0:(7,16) 1:(0,7) 2:(35,30) 3:(7,16) Avatar 2:(35,30) Moving north.
0:(7,16) 1:(0,7) 2:(35,29) 3:(7,16) Avatar 3:(7,16) Moving east.
0:(7,16) 1:(0,7) 2:(35,29) 3:(7,16) Avatar 0:(7,16) Sleeping.
0:(7,16) 1:(0,7) 2:(35,29) 3:(7,16) Avatar 1:(0,7) Moving north.
0:(7,16) 1:(0,7) 2:(35,29) 3:(7,16) Avatar 2:(35,29) Moving north.
0:(7,16) 1:(0,7) 2:(35,29) 3:(7,16) Avatar 3:(7,16) Moving south.
0:(7,16) 1:(0,7) 2:(35,29) 3:(7,17) Avatar 0:(7,16) Moving south.
0:(7,17) 1:(0,7) 2:(35,29) 3:(7,17) Avatar 1:(0,7) Moving south.
0:(7,17) 1:(0,8) 2:(35,29) 3:(7,17) Avatar 2:(35,29) Moving east.
0:(7,17) 1:(0,8) 2:(35,29) 3:(7,17) Avatar 3:(7,17) Moving east.
0:(7,17) 1:(0,8) 2:(35,29) 3:(8,17) Avatar 0:(7,17) Moving east.
0:(8,17) 1:(0,8) 2:(35,29) 3:(8,17) Avatar 1:(0,8) Moving east.
0:(8,17) 1:(0,8) 2:(35,29) 3:(8,17) Avatar 2:(35,29) Moving west.
0:(8,17) 1:(0,8) 2:(34,29) 3:(8,17) Avatar 3:(8,17) Moving south.
0:(8,17) 1:(0,8) 2:(34,29) 3:(8,18) Avatar 0:(8,17) Moving south.
0:(8,18) 1:(0,8) 2:(34,29) 3:(8,18) Avatar 1:(0,8) Moving south.
0:(8,18) 1:(0,9) 2:(34,29) 3:(8,18) Avatar 2:(34,29) Moving north.
0:(8,18) 1:(0,9) 2:(34,28) 3:(8,18) Avatar 3:(8,18) Moving east.
0:(8,18) 1:(0,9) 2:(34,28) 3:(8,18) Avatar 0:(8,18) Sleeping.
0:(8,18) 1:(0,9) 2:(34,28) 3:(8,18) Avatar 1:(0,9) Moving east.
0:(8,18) 1:(1,9) 2:(34,28) 3:(8,18) Avatar 2:(34,28) Moving north.
0:(8,18) 1:(1,9) 2:(34,27) 3:(8,18) Avatar 3:(8,18) Moving south.
0:(8,18) 1:(1,9) 2:(34,27) 3:(8,19) Avatar 0:(8,18) Moving south.
0:(8,19) 1:(1,9) 2:(34,27) 3:(8,19) Avatar 1:(1,9) Moving north.
0:(8,19) 1:(1,9) 2:(34,27) 3:(8,19) Avatar 2:(34,27) Moving north.
0:(8,19) 1:(1,9) 2:(34,27) 3:(8,19) Avatar 3:(8,19) Moving east.
0:(8,19) 1:(1,9) 2:(34,27) 3:(8,19) Avatar 0:(8,19) Moving north.
0:(8,18) 1:(1,9) 2:(34,27) 3:(8,19) Avatar 1:(1,9) Moving east.
0:(8,18) 1:(1,9) 2:(34,27) 3:(8,19) Avatar 2:(34,27) Moving east.
0:(8,18) 1:(1,9) 2:(34,27) 3:(8,19) Avatar 3:(8,19) Moving north.
0:(8,18) 1:(1,9) 2:(34,27) 3:(8,18) Avatar 0:(8,18) Sleeping.
0:(8,18) 1:(1,9) 2:(34,27) 3:(8,18) Avatar 1:(1,9) Moving south.
0:(8,18) 1:(1,10) 2:(34,27) 3:(8,18) Avatar 2:(34,27) Moving west.
0:(8,18) 1:(1,10) 2:(33,27) 3:(8,18) Avatar 3:(8,18) Moving west.
0:(8,18) 1:(1,10) 2:(33,27) 3:(7,18) Avatar 0:(8,18) Moving west.
0:(7,18) 1:(1,10) 2:(33,27) 3:(7,18) Avatar 1:(1,10) Moving east.
0:(7,18) 1:(1,10) 2:(33,27) 3:(7,18) Avatar 2:(33,27) Moving north.
0:(7,18) 1:(1,10) 2:(33,27) 3:(7,18) Avatar 3:(7,18) Moving north.
0:(7,18) 1:(1,10) 2:(33,27) 3:(7,18) Avatar 0:(7,18) Sleeping.
0:(7,18) 1:(1,10) 2:(33,27) 3:(7,18) Avatar 1:(1,10) Moving south.
0:(7,18) 1:(1,11) 2:(33,27) 3:(7,18) Avatar 2:(33,27) Moving south.
0:(7,18) 1:(1,11) 2:(33,28) 3:(7,18) Avatar 3:(7,18) Moving west.
0:(7,18) 1:(1,11) 2:(33,28) 3:(6,18) Avatar 0:(7,18) Moving west.
0:(6,18) 1:(1,11) 2:(33,28) 3:(6,18) Avatar 1:(1,11) Moving east.
0:(6,18) 1:(1,11) 2:(33,28) 3:(6,18) Avatar 2:(33,28) Moving east.
0:(6,18) 1:(1,11) 2:(33,28) 3:(6,18) Avatar 3:(6,18) Moving north.
0:(6,18) 1:(1,11) 2:(33,28) 3:(6,18) Avatar 0:(6,18) Moving east.
0:(7,18) 1:(1,11) 2:(33,28) 3:(6,18) Avatar 1:(1,11) Moving south.
0:(7,18) 1:(1,12) 2:(33,28) 3:(6,18) Avatar 2:(33,28) Moving south.
0:(7,18) 1:(1,12) 2:(33,29) 3:(6,18) Avatar 3:(6,18) Moving east.
0:(7,18) 1:(1,12) 2:(33,29) 3:(7,18) Avatar 0:(7,18) Moving east.
0:(8,18) 1:(1,12) 2:(33,29) 3:(7,18) Avatar 1:(1,12) Moving east.
0:(8,18) 1:(1,12) 2:(33,29) 3:(7,18) Avatar 2:(33,29) Moving east.
0:(8,18) 1:(1,12) 2:(33,29) 3:(7,18) Avatar 3:(7,18) Moving east.
0:(8,18) 1:(1,12) 2:(33,29) 3:(8,18) Avatar 0:(8,18) Moving north.
0:(8,17) 1:(1,12) 2:(33,29) 3:(8,18) Avatar 1:(1,12) Moving south.
0:(8,17) 1:(1,13) 2:(33,29) 3:(8,18) Avatar 2:(33,29) Moving south.
0:(8,17) 1:(1,13) 2:(33,30) 3:(8,18) Avatar 3:(8,18) Moving north.
0:(8,17) 1:(1,13) 2:(33,30) 3:(8,17) Avatar 0:(8,17) Moving west.
0:(7,17) 1:(1,13) 2:(33,30) 3:(8,17) Avatar 1:(1,13) Moving east.
0:(7,17) 1:(1,13) 2:(33,30) 3:(8,17) Avatar 2:(33,30) Moving east.
0:(7,17) 1:(1,13) 2:(33,30) 3:(8,17) Avatar 3:(8,17) Moving west.
0:(7,17) 1:(1,13) 2:(33,30) 3:(7,17) Avatar 0:(7,17) Sleeping.
0:(7,17) 1:(1,13) 2:(33,30) 3:(7,17) Avatar 1:(1,13) Moving south.
0:(7,17) 1:(1,14) 2:(33,30) 3:(7,17) Avatar 2:(33,30) Moving south.
0:(7,17) 1:(1,14) 2:(33,31) 3:(7,17) Avatar 3:(7,17) Moving west.
0:(7,17) 1:(1,14) 2:(33,31) 3:(7,17) Avatar 0:(7,17) Moving north.
0:(7,16) 1:(1,14) 2:(33,31) 3:(7,17) Avatar 1:(1,14) Moving east.
0:(7,16) 1:(1,14) 2:(33,31) 3:(7,17) Avatar 2:(33,31) Moving east.
0:(7,16) 1:(1,14) 2:(33,31) 3:(7,17) Avatar 3:(7,17) Moving north.
0:(7,16) 1:(1,14) 2:(33,31) 3:(7,16) Avatar 0:(7,16) Sleeping.
0:(7,16) 1:(1,14) 2:(33,31) 3:(7,16) Avatar 1:(1,14) Moving south.
0:(7,16) 1:(1,15) 2:(33,31) 3:(7,16) Avatar 2:(33,31) Moving south.
0:(7,16) 1:(1,15) 2:(33,32) 3:(7,16) Avatar 3:(7,16) Moving west.
0:(7,16) 1:(1,15) 2:(33,32) 3:(7,16) Avatar 0:(7,16) Moving north.
0:(7,15) 1:(1,15) 2:(33,32) 3:(7,16) Avatar 1:(1,15) Moving east.
0:(7,15) 1:(2,15) 2:(33,32) 3:(7,16) Avatar 2:(33,32) Moving east.
0:(7,15) 1:(2,15) 2:(33,32) 3:(7,16) Avatar 3:(7,16) Moving north.
0:(7,15) 1:(2,15) 2:(33,32) 3:(7,15) Avatar 0:(7,15) Moving west.
0:(6,15) 1:(2,15) 2:(33,32) 3:(7,15) Avatar 1:(2,15) Moving north.
0:(6,15) 1:(2,15) 2:(33,32) 3:(7,15) Avatar 2:(33,32) Moving south.
0:(6,15) 1:(2,15) 2:(33,33) 3:(7,15) Avatar 3:(7,15) Moving west.
0:(6,15) 1:(2,15) 2:(33,33) 3:(6,15) Avatar 0:(6,15) Moving south.
0:(6,16) 1:(2,15) 2:(33,33) 3:(6,15) Avatar 1:(2,15) Moving east.
0:(6,16) 1:(2,15) 2:(33,33) 3:(6,15) Avatar 2:(33,33) Moving east.
0:(6,16) 1:(2,15) 2:(33,33) 3:(6,15) Avatar 3:(6,15) Moving south.
0:(6,16) 1:(2,15) 2:(33,33) 3:(6,16) Avatar 0:(6,16) Moving south.
0:(6,17) 1:(2,15) 2:(33,33) 3:(6,16) Avatar 1:(2,15) Moving south.
0:(6,17) 1:(2,16) 2:(33,33) 3:(6,16) Avatar 2:(33,33) Moving south.
0:(6,17) 1:(2,16) 2:(33,33) 3:(6,16) Avatar 3:(6,16) Moving south.
0:(6,17) 1:(2,16) 2:(33,33) 3:(6,17) Avatar 0:(6,17) Moving west.
0:(5,17) 1:(2,16) 2:(33,33) 3:(6,17) Avatar 1:(2,16) Moving east.
0:(5,17) 1:(2,16) 2:(33,33) 3:(6,17) Avatar 2:(33,33) Moving west.
0:(5,17) 1:(2,16) 2:(32,33) 3:(6,17) Avatar 3:(6,17) Moving west.
0:(5,17) 1:(2,16) 2:(32,33) 3:(5,17) Avatar 0:(5,17) Sleeping.
0:(5,17) 1:(2,16) 2:(32,33) 3:(5,17) Avatar 1:(2,16) Moving west.
0:(5,17) 1:(1,16) 2:(32,33) 3:(5,17) Avatar 2:(32,33) Moving north.
0:(5,17) 1:(1,16) 2:(32,33) 3:(5,17) Avatar 3:(5,17) Moving west.
0:(5,17) 1:(1,16) 2:(32,33) 3:(4,17) Avatar 0:(5,17) Moving west.
0:(4,17) 1:(1,16) 2:(32,33) 3:(4,17) Avatar 1:(1,16) Moving north.
0:(4,17) 1:(1,16) 2:(32,33) 3:(4,17) Avatar 2:(32,33) Moving south.
0:(4,17) 1:(1,16) 2:(32,34) 3:(4,17) Avatar 3:(4,17) Moving north.
0:(4,17) 1:(1,16) 2:(32,34) 3:(4,17) Avatar 0:(4,17) Moving east.
0:(5,17) 1:(1,16) 2:(32,34) 3:(4,17) Avatar 1:(1,16) Moving south.
0:(5,17) 1:(1,17) 2:(32,34) 3:(4,17) Avatar 2:(32,34) Moving east.
0:(5,17) 1:(1,17) 2:(33,34) 3:(4,17) Avatar 3:(4,17) Moving east.
0:(5,17) 1:(1,17) 2:(33,34) 3:(5,17) Avatar 0:(5,17) Moving north.
0:(5,16) 1:(1,17) 2:(33,34) 3:(5,17) Avatar 1:(1,17) Moving east.
0:(5,16) 1:(1,17) 2:(33,34) 3:(5,17) Avatar 2:(33,34) Moving east.
0:(5,16) 1:(1,17) 2:(33,34) 3:(5,17) Avatar 3:(5,17) Moving north.
0:(5,16) 1:(1,17) 2:(33,34) 3:(5,16) Avatar 0:(5,16) Moving west.
0:(4,16) 1:(1,17) 2:(33,34) 3:(5,16) Avatar 1:(1,17) Moving west.
0:(4,16) 1:(0,17) 2:(33,34) 3:(5,16) Avatar 2:(33,34) Moving south.
0:(4,16) 1:(0,17) 2:(33,35) 3:(5,16) Avatar 3:(5,16) Moving west.
0:(4,16) 1:(0,17) 2:(33,35) 3:(4,16) Avatar 0:(4,16) Moving west.
0:(3,16) 1:(0,17) 2:(33,35) 3:(4,16) Avatar 1:(0,17) Moving north.
0:(3,16) 1:(0,16) 2:(33,35) 3:(4,16) Avatar 2:(33,35) Moving east.
0:(3,16) 1:(0,16) 2:(33,35) 3:(4,16) Avatar 3:(4,16) Moving west.
0:(3,16) 1:(0,16) 2:(33,35) 3:(3,16) Avatar 0:(3,16) Moving north.
0:(3,15) 1:(0,16) 2:(33,35) 3:(3,16) Avatar 1:(0,16) Moving north.
0:(3,15) 1:(0,15) 2:(33,35) 3:(3,16) Avatar 2:(33,35) Moving west.
0:(3,15) 1:(0,15) 2:(32,35) 3:(3,16) Avatar 3:(3,16) Moving north.
0:(3,15) 1:(0,15) 2:(32,35) 3:(3,15) Avatar 0:(3,15) Moving north.
0:(3,14) 1:(0,15) 2:(32,35) 3:(3,15) Avatar 1:(0,15) Moving north.
0:(3,14) 1:(0,14) 2:(32,35) 3:(3,15) Avatar 2:(32,35) Moving north.
0:(3,14) 1:(0,14) 2:(32,35) 3:(3,15) Avatar 3:(3,15) Moving north.
0:(3,14) 1:(0,14) 2:(32,35) 3:(3,14) Avatar 0:(3,14) Sleeping.
0:(3,14) 1:(0,14) 2:(32,35) 3:(3,14) Avatar 1:(0,14) Moving north.
0:(3,14) 1:(0,13) 2:(32,35) 3:(3,14) Avatar 2:(32,35) Moving west.
0:(3,14) 1:(0,13) 2:(31,35) 3:(3,14) Avatar 3:(3,14) Moving west.
0:(3,14) 1:(0,13) 2:(31,35) 3:(2,14) Avatar 0:(3,14) Moving west.
0:(2,14) 1:(0,13) 2:(31,35) 3:(2,14) Avatar 1:(0,13) Moving north.
0:(2,14) 1:(0,12) 2:(31,35) 3:(2,14) Avatar 2:(31,35) Moving north.
0:(2,14) 1:(0,12) 2:(31,35) 3:(2,14) Avatar 3:(2,14) Moving north.
0:(2,14) 1:(0,12) 2:(31,35) 3:(2,14) Avatar 0:(2,14) Moving east.
0:(3,14) 1:(0,12) 2:(31,35) 3:(2,14) Avatar 1:(0,12) Moving north.
0:(3,14) 1:(0,11) 2:(31,35) 3:(2,14) Avatar 2:(31,35) Moving west.
0:(3,14) 1:(0,11) 2:(30,35) 3:(2,14) Avatar 3:(2,14) Moving east.
0:(3,14) 1:(0,11) 2:(30,35) 3:(3,14) Avatar 0:(3,14) Moving north.
0:(3,13) 1:(0,11) 2:(30,35) 3:(3,14) Avatar 1:(0,11) Moving north.
0:(3,13) 1:(0,10) 2:(30,35) 3:(3,14) Avatar 2:(30,35) Moving north.
0:(3,13) 1:(0,10) 2:(30,35) 3:(3,14) Avatar 3:(3,14) Moving north.
0:(3,13) 1:(0,10) 2:(30,35) 3:(3,13) Avatar 0:(3,13) Moving west.
0:(2,13) 1:(0,10) 2:(30,35) 3:(3,13) Avatar 1:(0,10) Moving north.
0:(2,13) 1:(0,10) 2:(30,35) 3:(3,13) Avatar 2:(30,35) Moving west.
0:(2,13) 1:(0,10) 2:(29,35) 3:(3,13) Avatar 3:(3,13) Moving west.
0:(2,13) 1:(0,10) 2:(29,35) 3:(2,13) Avatar 0:(2,13) Moving north.
0:(2,12) 1:(0,10) 2:(29,35) 3:(2,13) Avatar 1:(0,10) Moving east.
0:(2,12) 1:(0,10) 2:(29,35) 3:(2,13) Avatar 2:(29,35) Moving north.
0:(2,12) 1:(0,10) 2:(29,34) 3:(2,13) Avatar 3:(2,13) Moving north.
0:(2,12) 1:(0,10) 2:(29,34) 3:(2,12) Avatar 0:(2,12) Sleeping.
0:(2,12) 1:(0,10) 2:(29,34) 3:(2,12) Avatar 1:(0,10) Moving south.
0:(2,12) 1:(0,11) 2:(29,34) 3:(2,12) Avatar 2:(29,34) Moving north.
0:(2,12) 1:(0,11) 2:(29,33) 3:(2,12) Avatar 3:(2,12) Moving north.
0:(2,12) 1:(0,11) 2:(29,33) 3:(2,11) Avatar 0:(2,12) Moving north.
0:(2,11) 1:(0,11) 2:(29,33) 3:(2,11) Avatar 1:(0,11) Moving east.
0:(2,11) 1:(0,11) 2:(29,33) 3:(2,11) Avatar 2:(29,33) Moving north.
0:(2,11) 1:(0,11) 2:(29,32) 3:(2,11) Avatar 3:(2,11) Moving north.
0:(2,11) 1:(0,11) 2:(29,32) 3:(2,10) Avatar 0:(2,11) Moving north.
0:(2,10) 1:(0,11) 2:(29,32) 3:(2,10) Avatar 1:(0,11) Moving south.
0:(2,10) 1:(0,12) 2:(29,32) 3:(2,10) Avatar 2:(29,32) Moving north.
0:(2,10) 1:(0,12) 2:(29,32) 3:(2,10) Avatar 3:(2,10) Moving north.
0:(2,10) 1:(0,12) 2:(29,32) 3:(2,9) Avatar 0:(2,10) Moving north.
0:(2,9) 1:(0,12) 2:(29,32) 3:(2,9) Avatar 1:(0,12) Moving east.
0:(2,9) 1:(0,12) 2:(29,32) 3:(2,9) Avatar 2:(29,32) Moving east.
0:(2,9) 1:(0,12) 2:(30,32) 3:(2,9) Avatar 3:(2,9) Moving north.
0:(2,9) 1:(0,12) 2:(30,32) 3:(2,8) Avatar 0:(2,9) Moving north.
0:(2,8) 1:(0,12) 2:(30,32) 3:(2,8) Avatar 1:(0,12) Moving south.
0:(2,8) 1:(0,13) 2:(30,32) 3:(2,8) Avatar 2:(30,32) Moving north.
0:(2,8) 1:(0,13) 2:(30,32) 3:(2,8) Avatar 3:(2,8) Moving east.
0:(2,8) 1:(0,13) 2:(30,32) 3:(3,8) Avatar 0:(2,8) Moving east.
0:(3,8) 1:(0,13) 2:(30,32) 3:(3,8) Avatar 1:(0,13) Moving east.
0:(3,8) 1:(0,13) 2:(30,32) 3:(3,8) Avatar 2:(30,32) Moving east.
0:(3,8) 1:(0,13) 2:(30,32) 3:(3,8) Avatar 3:(3,8) Moving south.
0:(3,8) 1:(0,13) 2:(30,32) 3:(3,9) Avatar 0:(3,8) Moving south.
0:(3,9) 1:(0,13) 2:(30,32) 3:(3,9) Avatar 1:(0,13) Moving south.
0:(3,9) 1:(0,14) 2:(30,32) 3:(3,9) Avatar 2:(30,32) Moving south.
0:(3,9) 1:(0,14) 2:(30,32) 3:(3,9) Avatar 3:(3,9) Moving east.
0:(3,9) 1:(0,14) 2:(30,32) 3:(3,9) Avatar 0:(3,9) Sleeping.
0:(3,9) 1:(0,14) 2:(30,32) 3:(3,9) Avatar 1:(0,14) Moving east.
0:(3,9) 1:(0,14) 2:(30,32) 3:(3,9) Avatar 2:(30,32) Moving west.
0:(3,9) 1:(0,14) 2:(29,32) 3:(3,9) Avatar 3:(3,9) Moving south.
0:(3,9) 1:(0,14) 2:(29,32) 3:(3,10) Avatar 0:(3,9) Moving south.
0:(3,10) 1:(0,14) 2:(29,32) 3:(3,10) Avatar 1:(0,14) Moving south.
0:(3,10) 1:(0,15) 2:(29,32) 3:(3,10) Avatar 2:(29,32) Moving west.
0:(3,10) 1:(0,15) 2:(28,32) 3:(3,10) Avatar 3:(3,10) Moving east.
0:(3,10) 1:(0,15) 2:(28,32) 3:(3,10) Avatar 0:(3,10) Sleeping.
0:(3,10) 1:(0,15) 2:(28,32) 3:(3,10) Avatar 1:(0,15) Moving east.
0:(3,10) 1:(0,15) 2:(28,32) 3:(3,10) Avatar 2:(28,32) Moving north.
0:(3,10) 1:(0,15) 2:(28,31) 3:(3,10) Avatar 3:(3,10) Moving south.
0:(3,10) 1:(0,15) 2:(28,31) 3:(3,11) Avatar 0:(3,10) Moving south.
0:(3,11) 1:(0,15) 2:(28,31) 3:(3,11) Avatar 1:(0,15) Moving south.
0:(3,11) 1:(0,16) 2:(28,31) 3:(3,11) Avatar 2:(28,31) Moving north.
0:(3,11) 1:(0,16) 2:(28,31) 3:(3,11) Avatar 3:(3,11) Moving east.
0:(3,11) 1:(0,16) 2:(28,31) 3:(4,11) Avatar 0:(3,11) Moving east.
0:(4,11) 1:(0,16) 2:(28,31) 3:(4,11) Avatar 1:(0,16) Moving east.
0:(4,11) 1:(0,16) 2:(28,31) 3:(4,11) Avatar 2:(28,31) Moving east.
0:(4,11) 1:(0,16) 2:(28,31) 3:(4,11) Avatar 3:(4,11) Moving north.
0:(4,11) 1:(0,16) 2:(28,31) 3:(4,11) Avatar 0:(4,11) Sleeping.
0:(4,11) 1:(0,16) 2:(28,31) 3:(4,11) Avatar 1:(0,16) Moving south.
0:(4,11) 1:(0,17) 2:(28,31) 3:(4,11) Avatar 2:(28,31) Moving west.
0:(4,11) 1:(0,17) 2:(28,31) 3:(4,11) Avatar 3:(4,11) Moving east.
0:(4,11) 1:(0,17) 2:(28,31) 3:(5,11) Avatar 0:(4,11) Moving east.
0:(5,11) 1:(0,17) 2:(28,31) 3:(5,11) Avatar 1:(0,17) Moving south.
0:(5,11) 1:(0,18) 2:(28,31) 3:(5,11) Avatar 2:(28,31) Moving south.
0:(5,11) 1:(0,18) 2:(28,32) 3:(5,11) Avatar 3:(5,11) Moving east.
0:(5,11) 1:(0,18) 2:(28,32) 3:(6,11) Avatar 0:(5,11) Moving east.
0:(6,11) 1:(0,18) 2:(28,32) 3:(6,11) Avatar 1:(0,18) Moving east.
0:(6,11) 1:(0,18) 2:(28,32) 3:(6,11) Avatar 2:(28,32) Moving south.
0:(6,11) 1:(0,18) 2:(28,32) 3:(6,11) Avatar 3:(6,11) Moving east.
0:(6,11) 1:(0,18) 2:(28,32) 3:(6,11) Avatar 0:(6,11) Moving west.
0:(5,11) 1:(0,18) 2:(28,32) 3:(6,11) Avatar 1:(0,18) Moving south.
0:(5,11) 1:(0,19) 2:(28,32) 3:(6,11) Avatar 2:(28,32) Moving west.
0:(5,11) 1:(0,19) 2:(28,32) 3:(6,11) Avatar 3:(6,11) Moving west.
0:(5,11) 1:(0,19) 2:(28,32) 3:(5,11) Avatar 0:(5,11) Moving west.
0:(4,11) 1:(0,19) 2:(28,32) 3:(5,11) Avatar 1:(0,19) Moving east.
0:(4,11) 1:(0,19) 2:(28,32) 3:(5,11) Avatar 2:(28,32) Moving east.
0:(4,11) 1:(0,19) 2:(29,32) 3:(5,11) Avatar 3:(5,11) Moving west.
0:(4,11) 1:(0,19) 2:(29,32) 3:(4,11) Avatar 0:(4,11) Moving west.
0:(3,11) 1:(0,19) 2:(29,32) 3:(4,11) Avatar 1:(0,19) Moving south.
0:(3,11) 1:(0,20) 2:(29,32) 3:(4,11) Avatar 2:(29,32) Moving south.
0:(3,11) 1:(0,20) 2:(29,33) 3:(4,11) Avatar 3:(4,11) Moving west.
0:(3,11) 1:(0,20) 2:(29,33) 3:(3,11) Avatar 0:(3,11) Moving north.
0:(3,10) 1:(0,20) 2:(29,33) 3:(3,11) Avatar 1:(0,20) Moving east.
0:(3,10) 1:(0,20) 2:(29,33) 3:(3,11) Avatar 2:(29,33) Moving east.
0:(3,10) 1:(0,20) 2:(29,33) 3:(3,11) Avatar 3:(3,11) Moving north.
0:(3,10) 1:(0,20) 2:(29,33) 3:(3,10) Avatar 0:(3,10) Moving north.
0:(3,9) 1:(0,20) 2:(29,33) 3:(3,10) Avatar 1:(0,20) Moving south.
0:(3,9) 1:(0,21) 2:(29,33) 3:(3,10) Avatar 2:(29,33) Moving west.
0:(3,9) 1:(0,21) 2:(29,33) 3:(3,10) Avatar 3:(3,10) Moving north.
0:(3,9) 1:(0,21) 2:(29,33) 3:(3,9) Avatar 0:(3,9) Moving north.
0:(3,8) 1:(0,21) 2:(29,33) 3:(3,9) Avatar 1:(0,21) Moving east.
0:(3,8) 1:(0,21) 2:(29,33) 3:(3,9) Avatar 2:(29,33) Moving south.
0:(3,8) 1:(0,21) 2:(29,34) 3:(3,9) Avatar 3:(3,9) Moving north.
0:(3,8) 1:(0,21) 2:(29,34) 3:(3,8) Avatar 0:(3,8) Moving west.
0:(2,8) 1:(0,21) 2:(29,34) 3:(3,8) Avatar 1:(0,21) Moving south.
0:(2,8) 1:(0,22) 2:(29,34) 3:(3,8) Avatar 2:(29,34) Moving east.
0:(2,8) 1:(0,22) 2:(30,34) 3:(3,8) Avatar 3:(3,8) Moving west.
0:(2,8) 1:(0,22) 2:(30,34) 3:(2,8) Avatar 0:(2,8) Moving south.
0:(2,9) 1:(0,22) 2:(30,34) 3:(2,8) Avatar 1:(0,22) Moving east.
0:(2,9) 1:(1,22) 2:(30,34) 3:(2,8) Avatar 2:(30,34) Moving north.
0:(2,9) 1:(1,22) 2:(30,33) 3:(2,8) Avatar 3:(2,8) Moving south.
0:(2,9) 1:(1,22) 2:(30,33) 3:(2,9) Avatar 0:(2,9) Moving south.
0:(2,10) 1:(1,22) 2:(30,33) 3:(2,9) Avatar 1:(1,22) Moving north.
0:(2,10) 1:(1,22) 2:(30,33) 3:(2,9) Avatar 2:(30,33) Moving east.
0:(2,10) 1:(1,22) 2:(31,33) 3:(2,9) Avatar 3:(2,9) Moving south.
0:(2,10) 1:(1,22) 2:(31,33) 3:(2,10) Avatar 0:(2,10) Moving south.
0:(2,11) 1:(1,22) 2:(31,33) 3:(2,10) Avatar 1:(1,22) Moving south.
0:(2,11) 1:(1,23) 2:(31,33) 3:(2,10) Avatar 2:(31,33) Moving north.
0:(2,11) 1:(1,23) 2:(31,32) 3:(2,10) Avatar 3:(2,10) Moving south.
0:(2,11) 1:(1,23) 2:(31,32) 3:(2,11) Avatar 0:(2,11) Moving south.
0:(2,12) 1:(1,23) 2:(31,32) 3:(2,11) Avatar 1:(1,23) Moving south.
0:(2,12) 1:(1,24) 2:(31,32) 3:(2,11) Avatar 2:(31,32) Moving north.
0:(2,12) 1:(1,24) 2:(31,31) 3:(2,11) Avatar 3:(2,11) Moving south.
0:(2,12) 1:(1,24) 2:(31,31) 3:(2,12) Avatar 0:(2,12) Moving east.
0:(3,12) 1:(1,24) 2:(31,31) 3:(2,12) Avatar 1:(1,24) Moving east.
0:(3,12) 1:(1,24) 2:(31,31) 3:(2,12) Avatar 2:(31,31) Moving north.
0:(3,12) 1:(1,24) 2:(31,31) 3:(2,12) Avatar 3:(2,12) Moving east.
0:(3,12) 1:(1,24) 2:(31,31) 3:(3,12) Avatar 0:(3,12) Moving east.
0:(4,12) 1:(1,24) 2:(31,31) 3:(3,12) Avatar 1:(1,24) Moving south.
0:(4,12) 1:(1,24) 2:(31,31) 3:(3,12) Avatar 2:(31,31) Moving east.
0:(4,12) 1:(1,24) 2:(31,31) 3:(3,12) Avatar 3:(3,12) Moving east.
0:(4,12) 1:(1,24) 2:(31,31) 3:(4,12) Avatar 0:(4,12) Moving south.
0:(4,13) 1:(1,24) 2:(31,31) 3:(4,12) Avatar 1:(1,24) Moving west.
0:(4,13) 1:(0,24) 2:(31,31) 3:(4,12) Avatar 2:(31,31) Moving west.
0:(4,13) 1:(0,24) 2:(30,31) 3:(4,12) Avatar 3:(4,12) Moving south.
0:(4,13) 1:(0,24) 2:(30,31) 3:(4,13) Avatar 0:(4,13) Moving south.
0:(4,14) 1:(0,24) 2:(30,31) 3:(4,13) Avatar 1:(0,24) Moving north.
0:(4,14) 1:(0,23) 2:(30,31) 3:(4,13) Avatar 2:(30,31) Moving north.
0:(4,14) 1:(0,23) 2:(30,31) 3:(4,13) Avatar 3:(4,13) Moving south.
0:(4,14) 1:(0,23) 2:(30,31) 3:(4,14) Avatar 0:(4,14) Moving east.
0:(5,14) 1:(0,23) 2:(30,31) 3:(4,14) Avatar 1:(0,23) Moving north.
0:(5,14) 1:(0,23) 2:(30,31) 3:(4,14) Avatar 2:(30,31) Moving west.
0:(5,14) 1:(0,23) 2:(29,31) 3:(4,14) Avatar 3:(4,14) Moving east.
0:(5,14) 1:(0,23) 2:(29,31) 3:(5,14) Avatar 0:(5,14) Moving east.
0:(6,14) 1:(0,23) 2:(29,31) 3:(5,14) Avatar 1:(0,23) Moving east.
0:(6,14) 1:(0,23) 2:(29,31) 3:(5,14) Avatar 2:(29,31) Moving north.
0:(6,14) 1:(0,23) 2:(29,30) 3:(5,14) Avatar 3:(5,14) Moving east.
0:(6,14) 1:(0,23) 2:(29,30) 3:(6,14) Avatar 0:(6,14) Moving north.
0:(6,13) 1:(0,23) 2:(29,30) 3:(6,14) Avatar 1:(0,23) Moving south.
0:(6,13) 1:(0,24) 2:(29,30) 3:(6,14) Avatar 2:(29,30) Moving north.
0:(6,13) 1:(0,24) 2:(29,30) 3:(6,14) Avatar 3:(6,14) Moving north.
0:(6,13) 1:(0,24) 2:(29,30) 3:(6,13) Avatar 0:(6,13) Moving west.
0:(5,13) 1:(0,24) 2:(29,30) 3:(6,13) Avatar 1:(0,24) Moving south.
0:(5,13) 1:(0,25) 2:(29,30) 3:(6,13) Avatar 2:(29,30) Moving east.
0:(5,13) 1:(0,25) 2:(29,30) 3:(6,13) Avatar 3:(6,13) Moving west.
0:(5,13) 1:(0,25) 2:(29,30) 3:(5,13) Avatar 0:(5,13) Moving north.
0:(5,12) 1:(0,25) 2:(29,30) 3:(5,13) Avatar 1:(0,25) Moving east.
0:(5,12) 1:(1,25) 2:(29,30) 3:(5,13) Avatar 2:(29,30) Moving west.
0:(5,12) 1:(1,25) 2:(28,30) 3:(5,13) Avatar 3:(5,13) Moving north.
0:(5,12) 1:(1,25) 2:(28,30) 3:(5,12) Avatar 0:(5,12) Moving east.
0:(6,12) 1:(1,25) 2:(28,30) 3:(5,12) Avatar 1:(1,25) Moving east.
0:(6,12) 1:(1,25) 2:(28,30) 3:(5,12) Avatar 2:(28,30) Moving north.
0:(6,12) 1:(1,25) 2:(28,30) 3:(5,12) Avatar 3:(5,12) Moving east.
0:(6,12) 1:(1,25) 2:(28,30) 3:(6,12) Avatar 0:(6,12) Moving east.
0:(7,12) 1:(1,25) 2:(28,30) 3:(6,12) Avatar 1:(1,25) Moving south.
0:(7,12) 1:(1,26) 2:(28,30) 3:(6,12) Avatar 2:(28,30) Moving west.
0:(7,12) 1:(1,26) 2:(27,30) 3:(6,12) Avatar 3:(6,12) Moving east.
0:(7,12) 1:(1,26) 2:(27,30) 3:(7,12) Avatar 0:(7,12) Moving south.
0:(7,13) 1:(1,26) 2:(27,30) 3:(7,12) Avatar 1:(1,26) Moving east.
0:(7,13) 1:(1,26) 2:(27,30) 3:(7,12) Avatar 2:(27,30) Moving north.
0:(7,13) 1:(1,26) 2:(27,30) 3:(7,12) Avatar 3:(7,12) Moving south.
0:(7,13) 1:(1,26) 2:(27,30) 3:(7,13) Avatar 0:(7,13) Moving south.
0:(7,14) 1:(1,26) 2:(27,30) 3:(7,13) Avatar 1:(1,26) Moving south.
0:(7,14) 1:(1,26) 2:(27,30) 3:(7,13) Avatar 2:(27,30) Moving south.
0:(7,14) 1:(1,26) 2:(27,31) 3:(7,13) Avatar 3:(7,13) Moving south.
0:(7,14) 1:(1,26) 2:(27,31) 3:(7,14) Avatar 0:(7,14) Moving east.
0:(8,14) 1:(1,26) 2:(27,31) 3:(7,14) Avatar 1:(1,26) Moving west.
0:(8,14) 1:(0,26) 2:(27,31) 3:(7,14) Avatar 2:(27,31) Moving south.
0:(8,14) 1:(0,26) 2:(27,31) 3:(7,14) Avatar 3:(7,14) Moving east.
0:(8,14) 1:(0,26) 2:(27,31) 3:(8,14) Avatar 0:(8,14) Moving south.
0:(8,15) 1:(0,26) 2:(27,31) 3:(8,14) Avatar 1:(0,26) Moving north.
0:(8,15) 1:(0,26) 2:(27,31) 3:(8,14) Avatar 2:(27,31) Moving west.
0:(8,15) 1:(0,26) 2:(26,31) 3:(8,14) Avatar 3:(8,14) Moving south.
0:(8,15) 1:(0,26) 2:(26,31) 3:(8,15) Avatar 0:(8,15) Moving east.
0:(9,15) 1:(0,26) 2:(26,31) 3:(8,15) Avatar 1:(0,26) Moving south.
0:(9,15) 1:(0,27) 2:(26,31) 3:(8,15) Avatar 2:(26,31) Moving north.
0:(9,15) 1:(0,27) 2:(26,31) 3:(8,15) Avatar 3:(8,15) Moving east.
0:(9,15) 1:(0,27) 2:(26,31) 3:(9,15) Avatar 0:(9,15) Moving south.
0:(9,16) 1:(0,27) 2:(26,31) 3:(9,15) Avatar 1:(0,27) Moving east.
0:(9,16) 1:(0,27) 2:(26,31) 3:(9,15) Avatar 2:(26,31) Moving south.
0:(9,16) 1:(0,27) 2:(26,32) 3:(9,15) Avatar 3:(9,15) Moving south.
0:(9,16) 1:(0,27) 2:(26,32) 3:(9,16) Avatar 0:(9,16) Moving south.
0:(9,17) 1:(0,27) 2:(26,32) 3:(9,16) Avatar 1:(0,27) Moving south.
0:(9,17) 1:(0,28) 2:(26,32) 3:(9,16) Avatar 2:(26,32) Moving east.
0:(9,17) 1:(0,28) 2:(27,32) 3:(9,16) Avatar 3:(9,16) Moving south.
0:(9,17) 1:(0,28) 2:(27,32) 3:(9,17) Avatar 0:(9,17) Moving east.
0:(10,17) 1:(0,28) 2:(27,32) 3:(9,17) Avatar 1:(0,28) Moving east.
0:(10,17) 1:(0,28) 2:(27,32) 3:(9,17) Avatar 2:(27,32) Moving south.
0:(10,17) 1:(0,28) 2:(27,33) 3:(9,17) Avatar 3:(9,17) Moving east.
0:(10,17) 1:(0,28) 2:(27,33) 3:(10,17) Avatar 0:(10,17) Moving north.
0:(10,16) 1:(0,28) 2:(27,33) 3:(10,17) Avatar 1:(0,28) Moving south.
0:(10,16) 1:(0,29) 2:(27,33) 3:(10,17) Avatar 2:(27,33) Moving east.
0:(10,16) 1:(0,29) 2:(28,33) 3:(10,17) Avatar 3:(10,17) Moving north.
0:(10,16) 1:(0,29) 2:(28,33) 3:(10,16) Avatar 0:(10,16) Moving north.
0:(10,15) 1:(0,29) 2:(28,33) 3:(10,16) Avatar 1:(0,29) Moving east.
0:(10,15) 1:(0,29) 2:(28,33) 3:(10,16) Avatar 2:(28,33) Moving south.
0:(10,15) 1:(0,29) 2:(28,34) 3:(10,16) Avatar 3:(10,16) Moving north.
0:(10,15) 1:(0,29) 2:(28,34) 3:(10,15) Avatar 0:(10,15) Moving east.
0:(11,15) 1:(0,29) 2:(28,34) 3:(10,15) Avatar 1:(0,29) Moving south.
0:(11,15) 1:(0,30) 2:(28,34) 3:(10,15) Avatar 2:(28,34) Moving east.
0:(11,15) 1:(0,30) 2:(28,34) 3:(10,15) Avatar 3:(10,15) Moving east.
0:(11,15) 1:(0,30) 2:(28,34) 3:(11,15) Avatar 0:(11,15) Moving east.
0:(12,15) 1:(0,30) 2:(28,34) 3:(11,15) Avatar 1:(0,30) Moving east.
0:(12,15) 1:(1,30) 2:(28,34) 3:(11,15) Avatar 2:(28,34) Moving south.
0:(12,15) 1:(1,30) 2:(28,35) 3:(11,15) Avatar 3:(11,15) Moving east.
0:(12,15) 1:(1,30) 2:(28,35) 3:(12,15) Avatar 0:(12,15) Moving east.
0:(13,15) 1:(1,30) 2:(28,35) 3:(12,15) Avatar 1:(1,30) Moving north.
0:(13,15) 1:(1,29) 2:(28,35) 3:(12,15) Avatar 2:(28,35) Moving east.
0:(13,15) 1:(1,29) 2:(28,35) 3:(12,15) Avatar 3:(12,15) Moving east.
0:(13,15) 1:(1,29) 2:(28,35) 3:(13,15) Avatar 0:(13,15) Moving south.
0:(13,16) 1:(1,29) 2:(28,35) 3:(13,15) Avatar 1:(1,29) Moving north.
0:(13,16) 1:(1,29) 2:(28,35) 3:(13,15) Avatar 2:(28,35) Moving west.
0:(13,16) 1:(1,29) 2:(27,35) 3:(13,15) Avatar 3:(13,15) Moving south.
0:(13,16) 1:(1,29) 2:(27,35) 3:(13,16) Avatar 0:(13,16) Sleeping.
0:(13,16) 1:(1,29) 2:(27,35) 3:(13,16) Avatar 1:(1,29) Moving east.
0:(13,16) 1:(2,29) 2:(27,35) 3:(13,16) Avatar 2:(27,35) Moving north.
0:(13,16) 1:(2,29) 2:(27,34) 3:(13,16) Avatar 3:(13,16) Moving east.
0:(13,16) 1:(2,29) 2:(27,34) 3:(13,16) Avatar 0:(13,16) Sleeping.
0:(13,16) 1:(2,29) 2:(27,34) 3:(13,16) Avatar 1:(2,29) Moving north.
0:(13,16) 1:(2,28) 2:(27,34) 3:(13,16) Avatar 2:(27,34) Moving north.
0:(13,16) 1:(2,28) 2:(27,34) 3:(13,16) Avatar 3:(13,16) Moving south.
0:(13,16) 1:(2,28) 2:(27,34) 3:(13,17) Avatar 0:(13,16) Moving south.
0:(13,17) 1:(2,28) 2:(27,34) 3:(13,17) Avatar 1:(2,28) Moving north.
0:(13,17) 1:(2,27) 2:(27,34) 3:(13,17) Avatar 2:(27,34) Moving east.
0:(13,17) 1:(2,27) 2:(27,34) 3:(13,17) Avatar 3:(13,17) Moving east.
0:(13,17) 1:(2,27) 2:(27,34) 3:(14,17) Avatar 0:(13,17) Moving east.
0:(14,17) 1:(2,27) 2:(27,34) 3:(14,17) Avatar 1:(2,27) Moving north.
0:(14,17) 1:(2,26) 2:(27,34) 3:(14,17) Avatar 2:(27,34) Moving west.
0:(14,17) 1:(2,26) 2:(26,34) 3:(14,17) Avatar 3:(14,17) Moving north.
0:(14,17) 1:(2,26) 2:(26,34) 3:(14,16) Avatar 0:(14,17) Moving north.
0:(14,16) 1:(2,26) 2:(26,34) 3:(14,16) Avatar 1:(2,26) Moving north.
0:(14,16) 1:(2,25) 2:(26,34) 3:(14,16) Avatar 2:(26,34) Moving north.
0:(14,16) 1:(2,25) 2:(26,33) 3:(14,16) Avatar 3:(14,16) Moving north.
0:(14,16) 1:(2,25) 2:(26,33) 3:(14,16) Avatar 0:(14,16) Sleeping.
0:(14,16) 1:(2,25) 2:(26,33) 3:(14,16) Avatar 1:(2,25) Moving north.
0:(14,16) 1:(2,24) 2:(26,33) 3:(14,16) Avatar 2:(26,33) Moving north.
0:(14,16) 1:(2,24) 2:(26,33) 3:(14,16) Avatar 3:(14,16) Moving east.
0:(14,16) 1:(2,24) 2:(26,33) 3:(14,16) Avatar 0:(14,16) Moving south.
0:(14,17) 1:(2,24) 2:(26,33) 3:(14,16) Avatar 1:(2,24) Moving east.
0:(14,17) 1:(3,24) 2:(26,33) 3:(14,16) Avatar 2:(26,33) Moving east.
0:(14,17) 1:(3,24) 2:(26,33) 3:(14,16) Avatar 3:(14,16) Moving south.
0:(14,17) 1:(3,24) 2:(26,33) 3:(14,17) Avatar 0:(14,17) Sleeping.
0:(14,17) 1:(3,24) 2:(26,33) 3:(14,17) Avatar 1:(3,24) Moving north.
0:(14,17) 1:(3,23) 2:(26,33) 3:(14,17) Avatar 2:(26,33) Moving west.
0:(14,17) 1:(3,23) 2:(25,33) 3:(14,17) Avatar 3:(14,17) Moving east.
0:(14,17) 1:(3,23) 2:(25,33) 3:(14,17) Avatar 0:(14,17) Sleeping.
0:(14,17) 1:(3,23) 2:(25,33) 3:(14,17) Avatar 1:(3,23) Moving north.
0:(14,17) 1:(3,22) 2:(25,33) 3:(14,17) Avatar 2:(25,33) Moving north.
0:(14,17) 1:(3,22) 2:(25,32) 3:(14,17) Avatar 3:(14,17) Moving south.
0:(14,17) 1:(3,22) 2:(25,32) 3:(14,18) Avatar 0:(14,17) Moving south.
0:(14,18) 1:(3,22) 2:(25,32) 3:(14,18) Avatar 1:(3,22) Moving north.
0:(14,18) 1:(3,21) 2:(25,32) 3:(14,18) Avatar 2:(25,32) Moving north.
0:(14,18) 1:(3,21) 2:(25,32) 3:(14,18) Avatar 3:(14,18) Moving east.
0:(14,18) 1:(3,21) 2:(25,32) 3:(15,18) Avatar 0:(14,18) Moving east.
0:(15,18) 1:(3,21) 2:(25,32) 3:(15,18) Avatar 1:(3,21) Moving west.
0:(15,18) 1:(2,21) 2:(25,32) 3:(15,18) Avatar 2:(25,32) Moving east.
0:(15,18) 1:(2,21) 2:(25,32) 3:(15,18) Avatar 3:(15,18) Moving north.
0:(15,18) 1:(2,21) 2:(25,32) 3:(15,17) Avatar 0:(15,18) Moving north.
0:(15,17) 1:(2,21) 2:(25,32) 3:(15,17) Avatar 1:(2,21) Moving west.
0:(15,17) 1:(1,21) 2:(25,32) 3:(15,17) Avatar 2:(25,32) Moving west.
0:(15,17) 1:(1,21) 2:(24,32) 3:(15,17) Avatar 3:(15,17) Moving north.
0:(15,17) 1:(1,21) 2:(24,32) 3:(15,17) Avatar 0:(15,17) Sleeping.
0:(15,17) 1:(1,21) 2:(24,32) 3:(15,17) Avatar 1:(1,21) Moving north.
0:(15,17) 1:(1,20) 2:(24,32) 3:(15,17) Avatar 2:(24,32) Moving north.
0:(15,17) 1:(1,20) 2:(24,32) 3:(15,17) Avatar 3:(15,17) Moving east.
0:(15,17) 1:(1,20) 2:(24,32) 3:(16,17) Avatar 0:(15,17) Moving east.
0:(16,17) 1:(1,20) 2:(24,32) 3:(16,17) Avatar 1:(1,20) Moving north.
0:(16,17) 1:(1,19) 2:(24,32) 3:(16,17) Avatar 2:(24,32) Moving west.
0:(16,17) 1:(1,19) 2:(23,32) 3:(16,17) Avatar 3:(16,17) Moving east.
0:(16,17) 1:(1,19) 2:(23,32) 3:(16,17) Avatar 0:(16,17) Moving west.
0:(15,17) 1:(1,19) 2:(23,32) 3:(16,17) Avatar 1:(1,19) Moving north.
0:(15,17) 1:(1,18) 2:(23,32) 3:(16,17) Avatar 2:(23,32) Moving north.
0:(15,17) 1:(1,18) 2:(23,32) 3:(16,17) Avatar 3:(16,17) Moving west.
0:(15,17) 1:(1,18) 2:(23,32) 3:(15,17) Avatar 0:(15,17) Moving south.
0:(15,18) 1:(1,18) 2:(23,32) 3:(15,17) Avatar 1:(1,18) Moving east.
0:(15,18) 1:(2,18) 2:(23,32) 3:(15,17) Avatar 2:(23,32) Moving south.
0:(15,18) 1:(2,18) 2:(23,33) 3:(15,17) Avatar 3:(15,17) Moving south.
0:(15,18) 1:(2,18) 2:(23,33) 3:(15,18) Avatar 0:(15,18) Sleeping.
0:(15,18) 1:(2,18) 2:(23,33) 3:(15,18) Avatar 1:(2,18) Moving north.
0:(15,18) 1:(2,17) 2:(23,33) 3:(15,18) Avatar 2:(23,33) Moving south.
0:(15,18) 1:(2,17) 2:(23,34) 3:(15,18) Avatar 3:(15,18) Moving east.
0:(15,18) 1:(2,17) 2:(23,34) 3:(15,18) Avatar 0:(15,18) Moving west.
0:(14,18) 1:(2,17) 2:(23,34) 3:(15,18) Avatar 1:(2,17) Moving east.
0:(14,18) 1:(3,17) 2:(23,34) 3:(15,18) Avatar 2:(23,34) Moving south.
0:(14,18) 1:(3,17) 2:(23,34) 3:(15,18) Avatar 3:(15,18) Moving west.
0:(14,18) 1:(3,17) 2:(23,34) 3:(14,18) Avatar 0:(14,18) Sleeping.
0:(14,18) 1:(3,17) 2:(23,34) 3:(14,18) Avatar 1:(3,17) Moving south.
0:(14,18) 1:(3,18) 2:(23,34) 3:(14,18) Avatar 2:(23,34) Moving west.
0:(14,18) 1:(3,18) 2:(22,34) 3:(14,18) Avatar 3:(14,18) Moving south.
0:(14,18) 1:(3,18) 2:(22,34) 3:(14,19) Avatar 0:(14,18) Moving south.
0:(14,19) 1:(3,18) 2:(22,34) 3:(14,19) Avatar 1:(3,18) Moving east.
0:(14,19) 1:(4,18) 2:(22,34) 3:(14,19) Avatar 2:(22,34) Moving north.
0:(14,19) 1:(4,18) 2:(22,33) 3:(14,19) Avatar 3:(14,19) Moving east.
0:(14,19) 1:(4,18) 2:(22,33) 3:(14,19) Avatar 0:(14,19) Sleeping.
0:(14,19) 1:(4,18) 2:(22,33) 3:(14,19) Avatar 1:(4,18) Moving east.
0:(14,19) 1:(5,18) 2:(22,33) 3:(14,19) Avatar 2:(22,33) Moving north.
0:(14,19) 1:(5,18) 2:(22,32) 3:(14,19) Avatar 3:(14,19) Moving south.
0:(14,19) 1:(5,18) 2:(22,32) 3:(14,19) Avatar 0:(14,19) Sleeping.
0:(14,19) 1:(5,18) 2:(22,32) 3:(14,19) Avatar 1:(5,18) Moving south.
0:(14,19) 1:(5,19) 2:(22,32) 3:(14,19) Avatar 2:(22,32) Moving north.
0:(14,19) 1:(5,19) 2:(22,32) 3:(14,19) Avatar 3:(14,19) Moving west.
0:(14,19) 1:(5,19) 2:(22,32) 3:(13,19) Avatar 0:(14,19) Moving west.
0:(13,19) 1:(5,19) 2:(22,32) 3:(13,19) Avatar 1:(5,19) Moving east.
0:(13,19) 1:(6,19) 2:(22,32) 3:(13,19) Avatar 2:(22,32) Moving east.
0:(13,19) 1:(6,19) 2:(22,32) 3:(13,19) Avatar 3:(13,19) Moving north.
0:(13,19) 1:(6,19) 2:(22,32) 3:(13,19) Avatar 0:(13,19) Sleeping.
0:(13,19) 1:(6,19) 2:(22,32) 3:(13,19) Avatar 1:(6,19) Moving east.
0:(13,19) 1:(7,19) 2:(22,32) 3:(13,19) Avatar 2:(22,32) Moving west.
0:(13,19) 1:(7,19) 2:(21,32) 3:(13,19) Avatar 3:(13,19) Moving south.
0:(13,19) 1:(7,19) 2:(21,32) 3:(13,20) Avatar 0:(13,19) Moving south.
0:(13,20) 1:(7,19) 2:(21,32) 3:(13,20) Avatar 1:(7,19) Moving south.
0:(13,20) 1:(7,20) 2:(21,32) 3:(13,20) Avatar 2:(21,32) Moving north.
0:(13,20) 1:(7,20) 2:(21,32) 3:(13,20) Avatar 3:(13,20) Moving east.
0:(13,20) 1:(7,20) 2:(21,32) 3:(14,20) Avatar 0:(13,20) Moving east.
0:(14,20) 1:(7,20) 2:(21,32) 3:(14,20) Avatar 1:(7,20) Moving east.
0:(14,20) 1:(8,20) 2:(21,32) 3:(14,20) Avatar 2:(21,32) Moving south.
0:(14,20) 1:(8,20) 2:(21,33) 3:(14,20) Avatar 3:(14,20) Moving east.
0:(14,20) 1:(8,20) 2:(21,33) 3:(14,20) Avatar 0:(14,20) Moving west.
0:(13,20) 1:(8,20) 2:(21,33) 3:(14,20) Avatar 1:(8,20) Moving east.
0:(13,20) 1:(9,20) 2:(21,33) 3:(14,20) Avatar 2:(21,33) Moving east.
0:(13,20) 1:(9,20) 2:(21,33) 3:(14,20) Avatar 3:(14,20) Moving west.
0:(13,20) 1:(9,20) 2:(21,33) 3:(13,20) Avatar 0:(13,20) Sleeping.
0:(13,20) 1:(9,20) 2:(21,33) 3:(13,20) Avatar 1:(9,20) Moving north.
0:(13,20) 1:(9,19) 2:(21,33) 3:(13,20) Avatar 2:(21,33) Moving south.
0:(13,20) 1:(9,19) 2:(21,33) 3:(13,20) Avatar 3:(13,20) Moving west.
0:(13,20) 1:(9,19) 2:(21,33) 3:(12,20) Avatar 0:(13,20) Moving west.
0:(12,20) 1:(9,19) 2:(21,33) 3:(12,20) Avatar 1:(9,19) Moving north.
0:(12,20) 1:(9,18) 2:(21,33) 3:(12,20) Avatar 2:(21,33) Moving west.
0:(12,20) 1:(9,18) 2:(20,33) 3:(12,20) Avatar 3:(12,20) Moving north.
0:(12,20) 1:(9,18) 2:(20,33) 3:(12,20) Avatar 0:(12,20) Sleeping.
0:(12,20) 1:(9,18) 2:(20,33) 3:(12,20) Avatar 1:(9,18) Moving east.
0:(12,20) 1:(10,18) 2:(20,33) 3:(12,20) Avatar 2:(20,33) Moving north.
0:(12,20) 1:(10,18) 2:(20,33) 3:(12,20) Avatar 3:(12,20) Moving west.
0:(12,20) 1:(10,18) 2:(20,33) 3:(11,20) Avatar 0:(12,20) Moving west.
0:(11,20) 1:(10,18) 2:(20,33) 3:(11,20) Avatar 1:(10,18) Moving east.
0:(11,20) 1:(11,18) 2:(20,33) 3:(11,20) Avatar 2:(20,33) Moving south.
0:(11,20) 1:(11,18) 2:(20,34) 3:(11,20) Avatar 3:(11,20) Moving north.
0:(11,20) 1:(11,18) 2:(20,34) 3:(11,19) Avatar 0:(11,20) Moving north.
0:(11,19) 1:(11,18) 2:(20,34) 3:(11,19) Avatar 1:(11,18) Moving north.
0:(11,19) 1:(11,17) 2:(20,34) 3:(11,19) Avatar 2:(20,34) Moving east.
0:(11,19) 1:(11,17) 2:(21,34) 3:(11,19) Avatar 3:(11,19) Moving north.
0:(11,19) 1:(11,17) 2:(21,34) 3:(11,19) Avatar 0:(11,19) Sleeping.
0:(11,19) 1:(11,17) 2:(21,34) 3:(11,19) Avatar 1:(11,17) Moving east.
0:(11,19) 1:(12,17) 2:(21,34) 3:(11,19) Avatar 2:(21,34) Moving east.
0:(11,19) 1:(12,17) 2:(21,34) 3:(11,19) Avatar 3:(11,19) Moving east.
0:(11,19) 1:(12,17) 2:(21,34) 3:(12,19) Avatar 0:(11,19) Moving east.
0:(12,19) 1:(12,17) 2:(21,34) 3:(12,19) Avatar 1:(12,17) Moving north.
0:(12,19) 1:(12,16) 2:(21,34) 3:(12,19) Avatar 2:(21,34) Moving south.
0:(12,19) 1:(12,16) 2:(21,35) 3:(12,19) Avatar 3:(12,19) Moving north.
0:(12,19) 1:(12,16) 2:(21,35) 3:(12,18) Avatar 0:(12,19) Moving north.
0:(12,18) 1:(12,16) 2:(21,35) 3:(12,18) Avatar 1:(12,16) Moving east.
0:(12,18) 1:(13,16) 2:(21,35) 3:(12,18) Avatar 2:(21,35) Moving east.
0:(12,18) 1:(13,16) 2:(21,35) 3:(12,18) Avatar 3:(12,18) Moving north.
0:(12,18) 1:(13,16) 2:(21,35) 3:(12,18) Avatar 0:(12,18) Sleeping.
0:(12,18) 1:(13,16) 2:(21,35) 3:(12,18) Avatar 1:(13,16) Moving south.
0:(12,18) 1:(13,17) 2:(21,35) 3:(12,18) Avatar 2:(21,35) Moving south.
0:(12,18) 1:(13,17) 2:(21,35) 3:(12,18) Avatar 3:(12,18) Moving east.
0:(12,18) 1:(13,17) 2:(21,35) 3:(13,18) Avatar 0:(12,18) Moving east.
0:(13,18) 1:(13,17) 2:(21,35) 3:(13,18) Avatar 1:(13,17) Moving east.
0:(13,18) 1:(14,17) 2:(21,35) 3:(13,18) Avatar 2:(21,35) Moving west.
0:(13,18) 1:(14,17) 2:(20,35) 3:(13,18) Avatar 3:(13,18) Moving north.
0:(13,18) 1:(14,17) 2:(20,35) 3:(13,18) Avatar 0:(13,18) Sleeping.
0:(13,18) 1:(14,17) 2:(20,35) 3:(13,18) Avatar 1:(14,17) Moving south.
0:(13,18) 1:(14,18) 2:(20,35) 3:(13,18) Avatar 2:(20,35) Moving north.
0:(13,18) 1:(14,18) 2:(20,35) 3:(13,18) Avatar 3:(13,18) Moving east.
0:(13,18) 1:(14,18) 2:(20,35) 3:(13,18) Avatar 0:(13,18) Moving west.
0:(12,18) 1:(14,18) 2:(20,35) 3:(13,18) Avatar 1:(14,18) Moving south.
0:(12,18) 1:(14,19) 2:(20,35) 3:(13,18) Avatar 2:(20,35) Moving south.
0:(12,18) 1:(14,19) 2:(20,35) 3:(13,18) Avatar 3:(13,18) Moving west.
0:(12,18) 1:(14,19) 2:(20,35) 3:(12,18) Avatar 0:(12,18) Sleeping.
0:(12,18) 1:(14,19) 2:(20,35) 3:(12,18) Avatar 1:(14,19) Moving west.
0:(12,18) 1:(13,19) 2:(20,35) 3:(12,18) Avatar 2:(20,35) Moving west.
0:(12,18) 1:(13,19) 2:(19,35) 3:(12,18) Avatar 3:(12,18) Moving west.
0:(12,18) 1:(13,19) 2:(19,35) 3:(12,18) Avatar 0:(12,18) Moving south.
0:(12,19) 1:(13,19) 2:(19,35) 3:(12,18) Avatar 1:(13,19) Moving south.
0:(12,19) 1:(13,20) 2:(19,35) 3:(12,18) Avatar 2:(19,35) Moving north.
0:(12,19) 1:(13,20) 2:(19,34) 3:(12,18) Avatar 3:(12,18) Moving south.
0:(12,19) 1:(13,20) 2:(19,34) 3:(12,19) Avatar 0:(12,19) Sleeping.
0:(12,19) 1:(13,20) 2:(19,34) 3:(12,19) Avatar 1:(13,20) Moving west.
0:(12,19) 1:(12,20) 2:(19,34) 3:(12,19) Avatar 2:(19,34) Moving north.
0:(12,19) 1:(12,20) 2:(19,34) 3:(12,19) Avatar 3:(12,19) Moving east.
0:(12,19) 1:(12,20) 2:(19,34) 3:(12,19) Avatar 0:(12,19) Moving west.
0:(11,19) 1:(12,20) 2:(19,34) 3:(12,19) Avatar 1:(12,20) Moving west.
0:(11,19) 1:(11,20) 2:(19,34) 3:(12,19) Avatar 2:(19,34) Moving east.
0:(11,19) 1:(11,20) 2:(19,34) 3:(12,19) Avatar 3:(12,19) Moving west.
0:(11,19) 1:(11,20) 2:(19,34) 3:(11,19) Avatar 0:(11,19) Sleeping.
0:(11,19) 1:(11,20) 2:(19,34) 3:(11,19) Avatar 1:(11,20) Moving north.
0:(11,19) 1:(11,19) 2:(19,34) 3:(11,19) Avatar 2:(19,34) Moving west.
0:(11,19) 1:(11,19) 2:(18,34) 3:(11,19) Avatar 3:(11,19) Moving west.
0:(11,19) 1:(11,19) 2:(18,34) 3:(10,19) Avatar 0:(11,19) Moving west.
0:(10,19) 1:(11,19) 2:(18,34) 3:(10,19) Avatar 1:(11,19) Moving west.
0:(10,19) 1:(10,19) 2:(18,34) 3:(10,19) Avatar 2:(18,34) Moving north.
0:(10,19) 1:(10,19) 2:(18,34) 3:(10,19) Avatar 3:(10,19) Moving north.
0:(10,19) 1:(10,19) 2:(18,34) 3:(10,19) Avatar 0:(10,19) Sleeping.
0:(10,19) 1:(10,19) 2:(18,34) 3:(10,19) Avatar 1:(10,19) Sleeping.
0:(10,19) 1:(10,19) 2:(18,34) 3:(10,19) Avatar 2:(18,34) Moving south.
0:(10,19) 1:(10,19) 2:(18,35) 3:(10,19) Avatar 3:(10,19) Moving south.
0:(10,19) 1:(10,19) 2:(18,35) 3:(10,20) Avatar 0:(10,19) Moving south.
0:(10,20) 1:(10,19) 2:(18,35) 3:(10,20) Avatar 1:(10,19) Moving south.
0:(10,20) 1:(10,20) 2:(18,35) 3:(10,20) Avatar 2:(18,35) Moving east.
0:(10,20) 1:(10,20) 2:(18,35) 3:(10,20) Avatar 3:(10,20) Moving east.
0:(10,20) 1:(10,20) 2:(18,35) 3:(10,20) Avatar 0:(10,20) Sleeping.
0:(10,20) 1:(10,20) 2:(18,35) 3:(10,20) Avatar 1:(10,20) Sleeping.
0:(10,20) 1:(10,20) 2:(18,35) 3:(10,20) Avatar 2:(18,35) Moving south.
0:(10,20) 1:(10,20) 2:(18,36) 3:(10,20) Avatar 3:(10,20) Moving west.
0:(10,20) 1:(10,20) 2:(18,36) 3:(10,20) Avatar 0:(10,20) Moving north.
0:(10,19) 1:(10,20) 2:(18,36) 3:(10,20) Avatar 1:(10,20) Moving north.
0:(10,19) 1:(10,19) 2:(18,36) 3:(10,20) Avatar 2:(18,36) Moving east.
0:(10,19) 1:(10,19) 2:(19,36) 3:(10,20) Avatar 3:(10,20) Moving north.
0:(10,19) 1:(10,19) 2:(19,36) 3:(10,19) Avatar 0:(10,19) Sleeping.
0:(10,19) 1:(10,19) 2:(19,36) 3:(10,19) Avatar 1:(10,19) Sleeping.
0:(10,19) 1:(10,19) 2:(19,36) 3:(10,19) Avatar 2:(19,36) Moving north.
0:(10,19) 1:(10,19) 2:(19,36) 3:(10,19) Avatar 3:(10,19) Moving west.
0:(10,19) 1:(10,19) 2:(19,36) 3:(10,19) Avatar 0:(10,19) Moving east.
0:(11,19) 1:(10,19) 2:(19,36) 3:(10,19) Avatar 1:(10,19) Moving east.
0:(11,19) 1:(11,19) 2:(19,36) 3:(10,19) Avatar 2:(19,36) Moving east.
0:(11,19) 1:(11,19) 2:(20,36) 3:(10,19) Avatar 3:(10,19) Moving east.
0:(11,19) 1:(11,19) 2:(20,36) 3:(11,19) Avatar 0:(11,19) Moving south.
0:(11,20) 1:(11,19) 2:(20,36) 3:(11,19) Avatar 1:(11,19) Moving south.
0:(11,20) 1:(11,20) 2:(20,36) 3:(11,19) Avatar 2:(20,36) Moving east.
0:(11,20) 1:(11,20) 2:(20,36) 3:(11,19) Avatar 3:(11,19) Moving south.
0:(11,20) 1:(11,20) 2:(20,36) 3:(11,20) Avatar 0:(11,20) Moving east.
0:(12,20) 1:(11,20) 2:(20,36) 3:(11,20) Avatar 1:(11,20) Moving east.
0:(12,20) 1:(12,20) 2:(20,36) 3:(11,20) Avatar 2:(20,36) Moving south.
0:(12,20) 1:(12,20) 2:(20,37) 3:(11,20) Avatar 3:(11,20) Moving east.
0:(12,20) 1:(12,20) 2:(20,37) 3:(12,20) Avatar 0:(12,20) Moving east.
0:(13,20) 1:(12,20) 2:(20,37) 3:(12,20) Avatar 1:(12,20) Moving east.
0:(13,20) 1:(13,20) 2:(20,37) 3:(12,20) Avatar 2:(20,37) Moving east.
0:(13,20) 1:(13,20) 2:(20,37) 3:(12,20) Avatar 3:(12,20) Moving east.
0:(13,20) 1:(13,20) 2:(20,37) 3:(13,20) Avatar 0:(13,20) Moving north.
0:(13,19) 1:(13,20) 2:(20,37) 3:(13,20) Avatar 1:(13,20) Moving north.
0:(13,19) 1:(13,19) 2:(20,37) 3:(13,20) Avatar 2:(20,37) Moving south.
0:(13,19) 1:(13,19) 2:(20,37) 3:(13,20) Avatar 3:(13,20) Moving north.
0:(13,19) 1:(13,19) 2:(20,37) 3:(13,19) Avatar 0:(13,19) Moving east.
0:(14,19) 1:(13,19) 2:(20,37) 3:(13,19) Avatar 1:(13,19) Moving east.
0:(14,19) 1:(14,19) 2:(20,37) 3:(13,19) Avatar 2:(20,37) Moving west.
0:(14,19) 1:(14,19) 2:(19,37) 3:(13,19) Avatar 3:(13,19) Moving east.
0:(14,19) 1:(14,19) 2:(19,37) 3:(14,19) Avatar 0:(14,19) Moving north.
0:(14,18) 1:(14,19) 2:(19,37) 3:(14,19) Avatar 1:(14,19) Moving north.
0:(14,18) 1:(14,18) 2:(19,37) 3:(14,19) Avatar 2:(19,37) Moving north.
0:(14,18) 1:(14,18) 2:(19,37) 3:(14,19) Avatar 3:(14,19) Moving north.
0:(14,18) 1:(14,18) 2:(19,37) 3:(14,18) Avatar 0:(14,18) Moving north.
0:(14,17) 1:(14,18) 2:(19,37) 3:(14,18) Avatar 1:(14,18) Moving north.
0:(14,17) 1:(14,17) 2:(19,37) 3:(14,18) Avatar 2:(19,37) Moving south.
0:(14,17) 1:(14,17) 2:(19,38) 3:(14,18) Avatar 3:(14,18) Moving north.
0:(14,17) 1:(14,17) 2:(19,38) 3:(14,17) Avatar 0:(14,17) Moving west.
0:(13,17) 1:(14,17) 2:(19,38) 3:(14,17) Avatar 1:(14,17) Moving west.
0:(13,17) 1:(13,17) 2:(19,38) 3:(14,17) Avatar 2:(19,38) Moving east.
0:(13,17) 1:(13,17) 2:(20,38) 3:(14,17) Avatar 3:(14,17) Moving west.
0:(13,17) 1:(13,17) 2:(20,38) 3:(13,17) Avatar 0:(13,17) Sleeping.
0:(13,17) 1:(13,17) 2:(20,38) 3:(13,17) Avatar 1:(13,17) Sleeping.
0:(13,17) 1:(13,17) 2:(20,38) 3:(13,17) Avatar 2:(20,38) Moving east.
0:(13,17) 1:(13,17) 2:(20,38) 3:(13,17) Avatar 3:(13,17) Moving west.
0:(13,17) 1:(13,17) 2:(20,38) 3:(13,17) Avatar 0:(13,17) Moving north.
0:(13,16) 1:(13,17) 2:(20,38) 3:(13,17) Avatar 1:(13,17) Moving north.
0:(13,16) 1:(13,16) 2:(20,38) 3:(13,17) Avatar 2:(20,38) Moving south.
0:(13,16) 1:(13,16) 2:(20,39) 3:(13,17) Avatar 3:(13,17) Moving north.
0:(13,16) 1:(13,16) 2:(20,39) 3:(13,16) Avatar 0:(13,16) Moving west.
0:(12,16) 1:(13,16) 2:(20,39) 3:(13,16) Avatar 1:(13,16) Moving west.
0:(12,16) 1:(12,16) 2:(20,39) 3:(13,16) Avatar 2:(20,39) Moving east.
0:(12,16) 1:(12,16) 2:(20,39) 3:(13,16) Avatar 3:(13,16) Moving west.
0:(12,16) 1:(12,16) 2:(20,39) 3:(12,16) Avatar 0:(12,16) Moving south.
0:(12,17) 1:(12,16) 2:(20,39) 3:(12,16) Avatar 1:(12,16) Moving south.
0:(12,17) 1:(12,17) 2:(20,39) 3:(12,16) Avatar 2:(20,39) Moving west.
0:(12,17) 1:(12,17) 2:(19,39) 3:(12,16) Avatar 3:(12,16) Moving south.
0:(12,17) 1:(12,17) 2:(19,39) 3:(12,17) Avatar 0:(12,17) Moving west.
0:(11,17) 1:(12,17) 2:(19,39) 3:(12,17) Avatar 1:(12,17) Moving west.
0:(11,17) 1:(11,17) 2:(19,39) 3:(12,17) Avatar 2:(19,39) Moving north.
0:(11,17) 1:(11,17) 2:(19,39) 3:(12,17) Avatar 3:(12,17) Moving west.
0:(11,17) 1:(11,17) 2:(19,39) 3:(11,17) Avatar 0:(11,17) Moving south.
0:(11,18) 1:(11,17) 2:(19,39) 3:(11,17) Avatar 1:(11,17) Moving south.
0:(11,18) 1:(11,18) 2:(19,39) 3:(11,17) Avatar 2:(19,39) Moving west.
0:(11,18) 1:(11,18) 2:(18,39) 3:(11,17) Avatar 3:(11,17) Moving south.
0:(11,18) 1:(11,18) 2:(18,39) 3:(11,18) Avatar 0:(11,18) Moving west.
0:(10,18) 1:(11,18) 2:(18,39) 3:(11,18) Avatar 1:(11,18) Moving west.
0:(10,18) 1:(10,18) 2:(18,39) 3:(11,18) Avatar 2:(18,39) Moving north.
0:(10,18) 1:(10,18) 2:(18,39) 3:(11,18) Avatar 3:(11,18) Moving west.
0:(10,18) 1:(10,18) 2:(18,39) 3:(10,18) Avatar 0:(10,18) Moving west.
0:(9,18) 1:(10,18) 2:(18,39) 3:(10,18) Avatar 1:(10,18) Moving west.
0:(9,18) 1:(9,18) 2:(18,39) 3:(10,18) Avatar 2:(18,39) Moving west.
0:(9,18) 1:(9,18) 2:(17,39) 3:(10,18) Avatar 3:(10,18) Moving west.
0:(9,18) 1:(9,18) 2:(17,39) 3:(9,18) Avatar 0:(9,18) Moving south.
0:(9,19) 1:(9,18) 2:(17,39) 3:(9,18) Avatar 1:(9,18) Moving south.
0:(9,19) 1:(9,19) 2:(17,39) 3:(9,18) Avatar 2:(17,39) Moving north.
0:(9,19) 1:(9,19) 2:(17,39) 3:(9,18) Avatar 3:(9,18) Moving south.
0:(9,19) 1:(9,19) 2:(17,39) 3:(9,19) Avatar 0:(9,19) Moving south.
0:(9,20) 1:(9,19) 2:(17,39) 3:(9,19) Avatar 1:(9,19) Moving south.
0:(9,20) 1:(9,20) 2:(17,39) 3:(9,19) Avatar 2:(17,39) Moving west.
0:(9,20) 1:(9,20) 2:(16,39) 3:(9,19) Avatar 3:(9,19) Moving south.
0:(9,20) 1:(9,20) 2:(16,39) 3:(9,20) Avatar 0:(9,20) Moving west.
0:(8,20) 1:(9,20) 2:(16,39) 3:(9,20) Avatar 1:(9,20) Moving west.
0:(8,20) 1:(8,20) 2:(16,39) 3:(9,20) Avatar 2:(16,39) Moving north.
0:(8,20) 1:(8,20) 2:(16,38) 3:(9,20) Avatar 3:(9,20) Moving west.
0:(8,20) 1:(8,20) 2:(16,38) 3:(8,20) Avatar 0:(8,20) Sleeping.
0:(8,20) 1:(8,20) 2:(16,38) 3:(8,20) Avatar 1:(8,20) Sleeping.
0:(8,20) 1:(8,20) 2:(16,38) 3:(8,20) Avatar 2:(16,38) Moving north.
0:(8,20) 1:(8,20) 2:(16,37) 3:(8,20) Avatar 3:(8,20) Moving south.
0:(8,20) 1:(8,20) 2:(16,37) 3:(8,20) Avatar 0:(8,20) Moving west.
0:(7,20) 1:(8,20) 2:(16,37) 3:(8,20) Avatar 1:(8,20) Moving west.
0:(7,20) 1:(7,20) 2:(16,37) 3:(8,20) Avatar 2:(16,37) Moving north.
0:(7,20) 1:(7,20) 2:(16,37) 3:(8,20) Avatar 3:(8,20) Moving west.
0:(7,20) 1:(7,20) 2:(16,37) 3:(7,20) Avatar 0:(7,20) Sleeping.
0:(7,20) 1:(7,20) 2:(16,37) 3:(7,20) Avatar 1:(7,20) Sleeping.
0:(7,20) 1:(7,20) 2:(16,37) 3:(7,20) Avatar 2:(16,37) Moving east.
0:(7,20) 1:(7,20) 2:(16,37) 3:(7,20) Avatar 3:(7,20) Moving south.
0:(7,20) 1:(7,20) 2:(16,37) 3:(7,20) Avatar 0:(7,20) Sleeping.
0:(7,20) 1:(7,20) 2:(16,37) 3:(7,20) Avatar 1:(7,20) Sleeping.
0:(7,20) 1:(7,20) 2:(16,37) 3:(7,20) Avatar 2:(16,37) Moving west.
0:(7,20) 1:(7,20) 2:(16,37) 3:(7,20) Avatar 3:(7,20) Moving west.
0:(7,20) 1:(7,20) 2:(16,37) 3:(6,20) Avatar 0:(7,20) Moving west.
0:(6,20) 1:(7,20) 2:(16,37) 3:(6,20) Avatar 1:(7,20) Moving west.
0:(6,20) 1:(6,20) 2:(16,37) 3:(6,20) Avatar 2:(16,37) Moving south.
0:(6,20) 1:(6,20) 2:(16,38) 3:(6,20) Avatar 3:(6,20) Moving north.
0:(6,20) 1:(6,20) 2:(16,38) 3:(6,20) Avatar 0:(6,20) Sleeping.
0:(6,20) 1:(6,20) 2:(16,38) 3:(6,20) Avatar 1:(6,20) Sleeping.
0:(6,20) 1:(6,20) 2:(16,38) 3:(6,20) Avatar 2:(16,38) Moving east.
0:(6,20) 1:(6,20) 2:(17,38) 3:(6,20) Avatar 3:(6,20) Moving south.
0:(6,20) 1:(6,20) 2:(17,38) 3:(6,20) Avatar 0:(6,20) Sleeping.
0:(6,20) 1:(6,20) 2:(17,38) 3:(6,20) Avatar 1:(6,20) Sleeping.
0:(6,20) 1:(6,20) 2:(17,38) 3:(6,20) Avatar 2:(17,38) Moving north.
0:(6,20) 1:(6,20) 2:(17,38) 3:(6,20) Avatar 3:(6,20) Moving west.
0:(6,20) 1:(6,20) 2:(17,38) 3:(5,20) Avatar 0:(6,20) Moving west.
0:(5,20) 1:(6,20) 2:(17,38) 3:(5,20) Avatar 1:(6,20) Moving west.
0:(5,20) 1:(5,20) 2:(17,38) 3:(5,20) Avatar 2:(17,38) Moving east.
0:(5,20) 1:(5,20) 2:(18,38) 3:(5,20) Avatar 3:(5,20) Moving north.
0:(5,20) 1:(5,20) 2:(18,38) 3:(5,20) Avatar 0:(5,20) Sleeping.
0:(5,20) 1:(5,20) 2:(18,38) 3:(5,20) Avatar 1:(5,20) Sleeping.
0:(5,20) 1:(5,20) 2:(18,38) 3:(5,20) Avatar 2:(18,38) Moving north.
0:(5,20) 1:(5,20) 2:(18,37) 3:(5,20) Avatar 3:(5,20) Moving south.
0:(5,20) 1:(5,20) 2:(18,37) 3:(5,21) Avatar 0:(5,20) Moving south.
0:(5,21) 1:(5,20) 2:(18,37) 3:(5,21) Avatar 1:(5,20) Moving south.
0:(5,21) 1:(5,21) 2:(18,37) 3:(5,21) Avatar 2:(18,37) Moving north.
0:(5,21) 1:(5,21) 2:(18,37) 3:(5,21) Avatar 3:(5,21) Moving east.
0:(5,21) 1:(5,21) 2:(18,37) 3:(5,21) Avatar 0:(5,21) Sleeping.
0:(5,21) 1:(5,21) 2:(18,37) 3:(5,21) Avatar 1:(5,21) Sleeping.
0:(5,21) 1:(5,21) 2:(18,37) 3:(5,21) Avatar 2:(18,37) Moving east.
0:(5,21) 1:(5,21) 2:(18,37) 3:(5,21) Avatar 3:(5,21) Moving south.
0:(5,21) 1:(5,21) 2:(18,37) 3:(5,22) Avatar 0:(5,21) Moving south.
0:(5,22) 1:(5,21) 2:(18,37) 3:(5,22) Avatar 1:(5,21) Moving south.
0:(5,22) 1:(5,22) 2:(18,37) 3:(5,22) Avatar 2:(18,37) Moving west.
0:(5,22) 1:(5,22) 2:(17,37) 3:(5,22) Avatar 3:(5,22) Moving east.
0:(5,22) 1:(5,22) 2:(17,37) 3:(5,22) Avatar 0:(5,22) Sleeping.
0:(5,22) 1:(5,22) 2:(17,37) 3:(5,22) Avatar 1:(5,22) Sleeping.
0:(5,22) 1:(5,22) 2:(17,37) 3:(5,22) Avatar 2:(17,37) Moving north.
0:(5,22) 1:(5,22) 2:(17,36) 3:(5,22) Avatar 3:(5,22) Moving south.
0:(5,22) 1:(5,22) 2:(17,36) 3:(5,22) Avatar 0:(5,22) Sleeping.
0:(5,22) 1:(5,22) 2:(17,36) 3:(5,22) Avatar 1:(5,22) Sleeping.
0:(5,22) 1:(5,22) 2:(17,36) 3:(5,22) Avatar 2:(17,36) Moving north.
0:(5,22) 1:(5,22) 2:(17,36) 3:(5,22) Avatar 3:(5,22) Moving west.
0:(5,22) 1:(5,22) 2:(17,36) 3:(4,22) Avatar 0:(5,22) Moving west.
0:(4,22) 1:(5,22) 2:(17,36) 3:(4,22) Avatar 1:(5,22) Moving west.
0:(4,22) 1:(4,22) 2:(17,36) 3:(4,22) Avatar 2:(17,36) Moving east.
0:(4,22) 1:(4,22) 2:(17,36) 3:(4,22) Avatar 3:(4,22) Moving north.
0:(4,22) 1:(4,22) 2:(17,36) 3:(4,21) Avatar 0:(4,22) Moving north.
0:(4,21) 1:(4,22) 2:(17,36) 3:(4,21) Avatar 1:(4,22) Moving north.
0:(4,21) 1:(4,21) 2:(17,36) 3:(4,21) Avatar 2:(17,36) Moving west.
0:(4,21) 1:(4,21) 2:(16,36) 3:(4,21) Avatar 3:(4,21) Moving north.
0:(4,21) 1:(4,21) 2:(16,36) 3:(4,20) Avatar 0:(4,21) Moving north.
0:(4,20) 1:(4,21) 2:(16,36) 3:(4,20) Avatar 1:(4,21) Moving north.
0:(4,20) 1:(4,20) 2:(16,36) 3:(4,20) Avatar 2:(16,36) Moving north.
0:(4,20) 1:(4,20) 2:(16,36) 3:(4,20) Avatar 3:(4,20) Moving north.
0:(4,20) 1:(4,20) 2:(16,36) 3:(4,20) Avatar 0:(4,20) Sleeping.
0:(4,20) 1:(4,20) 2:(16,36) 3:(4,20) Avatar 1:(4,20) Sleeping.
0:(4,20) 1:(4,20) 2:(16,36) 3:(4,20) Avatar 2:(16,36) Moving west.
0:(4,20) 1:(4,20) 2:(15,36) 3:(4,20) Avatar 3:(4,20) Moving east.
0:(4,20) 1:(4,20) 2:(15,36) 3:(4,20) Avatar 0:(4,20) Sleeping.
0:(4,20) 1:(4,20) 2:(15,36) 3:(4,20) Avatar 1:(4,20) Sleeping.
0:(4,20) 1:(4,20) 2:(15,36) 3:(4,20) Avatar 2:(15,36) Moving north.
0:(4,20) 1:(4,20) 2:(15,36) 3:(4,20) Avatar 3:(4,20) Moving west.
0:(4,20) 1:(4,20) 2:(15,36) 3:(3,20) Avatar 0:(4,20) Moving west.
0:(3,20) 1:(4,20) 2:(15,36) 3:(3,20) Avatar 1:(4,20) Moving west.
0:(3,20) 1:(3,20) 2:(15,36) 3:(3,20) Avatar 2:(15,36) Moving south.
0:(3,20) 1:(3,20) 2:(15,37) 3:(3,20) Avatar 3:(3,20) Moving north.
0:(3,20) 1:(3,20) 2:(15,37) 3:(3,19) Avatar 0:(3,20) Moving north.
0:(3,19) 1:(3,20) 2:(15,37) 3:(3,19) Avatar 1:(3,20) Moving north.
0:(3,19) 1:(3,19) 2:(15,37) 3:(3,19) Avatar 2:(15,37) Moving south.
0:(3,19) 1:(3,19) 2:(15,37) 3:(3,19) Avatar 3:(3,19) Moving north.
0:(3,19) 1:(3,19) 2:(15,37) 3:(3,19) Avatar 0:(3,19) Sleeping.
0:(3,19) 1:(3,19) 2:(15,37) 3:(3,19) Avatar 1:(3,19) Sleeping.
0:(3,19) 1:(3,19) 2:(15,37) 3:(3,19) Avatar 2:(15,37) Moving west.
0:(3,19) 1:(3,19) 2:(14,37) 3:(3,19) Avatar 3:(3,19) Moving east.
0:(3,19) 1:(3,19) 2:(14,37) 3:(4,19) Avatar 0:(3,19) Moving east.
0:(4,19) 1:(3,19) 2:(14,37) 3:(4,19) Avatar 1:(3,19) Moving east.
0:(4,19) 1:(4,19) 2:(14,37) 3:(4,19) Avatar 2:(14,37) Moving north.
0:(4,19) 1:(4,19) 2:(14,36) 3:(4,19) Avatar 3:(4,19) Moving north.
0:(4,19) 1:(4,19) 2:(14,36) 3:(4,19) Avatar 0:(4,19) Sleeping.
0:(4,19) 1:(4,19) 2:(14,36) 3:(4,19) Avatar 1:(4,19) Sleeping.
0:(4,19) 1:(4,19) 2:(14,36) 3:(4,19) Avatar 2:(14,36) Moving north.
0:(4,19) 1:(4,19) 2:(14,35) 3:(4,19) Avatar 3:(4,19) Moving east.
0:(4,19) 1:(4,19) 2:(14,35) 3:(4,19) Avatar 0:(4,19) Moving west.
0:(3,19) 1:(4,19) 2:(14,35) 3:(4,19) Avatar 1:(4,19) Moving west.
0:(3,19) 1:(3,19) 2:(14,35) 3:(4,19) Avatar 2:(14,35) Moving north.
0:(3,19) 1:(3,19) 2:(14,35) 3:(4,19) Avatar 3:(4,19) Moving west.
0:(3,19) 1:(3,19) 2:(14,35) 3:(3,19) Avatar 0:(3,19) Sleeping.
0:(3,19) 1:(3,19) 2:(14,35) 3:(3,19) Avatar 1:(3,19) Sleeping.
0:(3,19) 1:(3,19) 2:(14,35) 3:(3,19) Avatar 2:(14,35) Moving east.
0:(3,19) 1:(3,19) 2:(14,35) 3:(3,19) Avatar 3:(3,19) Moving west.
0:(3,19) 1:(3,19) 2:(14,35) 3:(2,19) Avatar 0:(3,19) Moving west.
0:(2,19) 1:(3,19) 2:(14,35) 3:(2,19) Avatar 1:(3,19) Moving west.
0:(2,19) 1:(2,19) 2:(14,35) 3:(2,19) Avatar 2:(14,35) Moving west.
0:(2,19) 1:(2,19) 2:(13,35) 3:(2,19) Avatar 3:(2,19) Moving north.
0:(2,19) 1:(2,19) 2:(13,35) 3:(2,19) Avatar 0:(2,19) Sleeping.
0:(2,19) 1:(2,19) 2:(13,35) 3:(2,19) Avatar 1:(2,19) Sleeping.
0:(2,19) 1:(2,19) 2:(13,35) 3:(2,19) Avatar 2:(13,35) Moving north.
0:(2,19) 1:(2,19) 2:(13,34) 3:(2,19) Avatar 3:(2,19) Moving south.
0:(2,19) 1:(2,19) 2:(13,34) 3:(2,20) Avatar 0:(2,19) Moving south.
0:(2,20) 1:(2,19) 2:(13,34) 3:(2,20) Avatar 1:(2,19) Moving south.
0:(2,20) 1:(2,20) 2:(13,34) 3:(2,20) Avatar 2:(13,34) Moving north.
0:(2,20) 1:(2,20) 2:(13,33) 3:(2,20) Avatar 3:(2,20) Moving east.
0:(2,20) 1:(2,20) 2:(13,33) 3:(2,20) Avatar 0:(2,20) Sleeping.
0:(2,20) 1:(2,20) 2:(13,33) 3:(2,20) Avatar 1:(2,20) Sleeping.
0:(2,20) 1:(2,20) 2:(13,33) 3:(2,20) Avatar 2:(13,33) Moving north.
0:(2,20) 1:(2,20) 2:(13,33) 3:(2,20) Avatar 3:(2,20) Moving west.
0:(2,20) 1:(2,20) 2:(13,33) 3:(2,20) Avatar 0:(2,20) Moving north.
0:(2,19) 1:(2,20) 2:(13,33) 3:(2,20) Avatar 1:(2,20) Moving north.
0:(2,19) 1:(2,19) 2:(13,33) 3:(2,20) Avatar 2:(13,33) Moving east.
0:(2,19) 1:(2,19) 2:(13,33) 3:(2,20) Avatar 3:(2,20) Moving north.
0:(2,19) 1:(2,19) 2:(13,33) 3:(2,19) Avatar 0:(2,19) Sleeping.
0:(2,19) 1:(2,19) 2:(13,33) 3:(2,19) Avatar 1:(2,19) Sleeping.
0:(2,19) 1:(2,19) 2:(13,33) 3:(2,19) Avatar 2:(13,33) Moving west.
0:(2,19) 1:(2,19) 2:(12,33) 3:(2,19) Avatar 3:(2,19) Moving west.
0:(2,19) 1:(2,19) 2:(12,33) 3:(2,19) Avatar 0:(2,19) Moving east.
0:(3,19) 1:(2,19) 2:(12,33) 3:(2,19) Avatar 1:(2,19) Moving east.
0:(3,19) 1:(3,19) 2:(12,33) 3:(2,19) Avatar 2:(12,33) Moving north.
0:(3,19) 1:(3,19) 2:(12,33) 3:(2,19) Avatar 3:(2,19) Moving east.
0:(3,19) 1:(3,19) 2:(12,33) 3:(3,19) Avatar 0:(3,19) Moving south.
0:(3,20) 1:(3,19) 2:(12,33) 3:(3,19) Avatar 1:(3,19) Moving south.
0:(3,20) 1:(3,20) 2:(12,33) 3:(3,19) Avatar 2:(12,33) Moving south.
0:(3,20) 1:(3,20) 2:(12,34) 3:(3,19) Avatar 3:(3,19) Moving south.
0:(3,20) 1:(3,20) 2:(12,34) 3:(3,20) Avatar 0:(3,20) Moving east.
0:(4,20) 1:(3,20) 2:(12,34) 3:(3,20) Avatar 1:(3,20) Moving east.
0:(4,20) 1:(4,20) 2:(12,34) 3:(3,20) Avatar 2:(12,34) Moving east.
0:(4,20) 1:(4,20) 2:(12,34) 3:(3,20) Avatar 3:(3,20) Moving east.
0:(4,20) 1:(4,20) 2:(12,34) 3:(4,20) Avatar 0:(4,20) Moving south.
0:(4,21) 1:(4,20) 2:(12,34) 3:(4,20) Avatar 1:(4,20) Moving south.
0:(4,21) 1:(4,21) 2:(12,34) 3:(4,20) Avatar 2:(12,34) Moving south.
0:(4,21) 1:(4,21) 2:(12,35) 3:(4,20) Avatar 3:(4,20) Moving south.
0:(4,21) 1:(4,21) 2:(12,35) 3:(4,21) Avatar 0:(4,21) Sleeping.
0:(4,21) 1:(4,21) 2:(12,35) 3:(4,21) Avatar 1:(4,21) Sleeping.
0:(4,21) 1:(4,21) 2:(12,35) 3:(4,21) Avatar 2:(12,35) Moving east.
0:(4,21) 1:(4,21) 2:(12,35) 3:(4,21) Avatar 3:(4,21) Moving east.
0:(4,21) 1:(4,21) 2:(12,35) 3:(4,21) Avatar 0:(4,21) Moving south.
0:(4,22) 1:(4,21) 2:(12,35) 3:(4,21) Avatar 1:(4,21) Moving south.
0:(4,22) 1:(4,22) 2:(12,35) 3:(4,21) Avatar 2:(12,35) Moving south.
0:(4,22) 1:(4,22) 2:(12,35) 3:(4,21) Avatar 3:(4,21) Moving south.
0:(4,22) 1:(4,22) 2:(12,35) 3:(4,22) Avatar 0:(4,22) Sleeping.
0:(4,22) 1:(4,22) 2:(12,35) 3:(4,22) Avatar 1:(4,22) Sleeping.
0:(4,22) 1:(4,22) 2:(12,35) 3:(4,22) Avatar 2:(12,35) Moving west.
0:(4,22) 1:(4,22) 2:(11,35) 3:(4,22) Avatar 3:(4,22) Moving south.
0:(4,22) 1:(4,22) 2:(11,35) 3:(4,23) Avatar 0:(4,22) Moving south.
0:(4,23) 1:(4,22) 2:(11,35) 3:(4,23) Avatar 1:(4,22) Moving south.
0:(4,23) 1:(4,23) 2:(11,35) 3:(4,23) Avatar 2:(11,35) Moving north.
0:(4,23) 1:(4,23) 2:(11,35) 3:(4,23) Avatar 3:(4,23) Moving east.
0:(4,23) 1:(4,23) 2:(11,35) 3:(5,23) Avatar 0:(4,23) Moving east.
0:(5,23) 1:(4,23) 2:(11,35) 3:(5,23) Avatar 1:(4,23) Moving east.
0:(5,23) 1:(5,23) 2:(11,35) 3:(5,23) Avatar 2:(11,35) Moving south.
0:(5,23) 1:(5,23) 2:(11,36) 3:(5,23) Avatar 3:(5,23) Moving east.
0:(5,23) 1:(5,23) 2:(11,36) 3:(6,23) Avatar 0:(5,23) Moving east.
0:(6,23) 1:(5,23) 2:(11,36) 3:(6,23) Avatar 1:(5,23) Moving east.
0:(6,23) 1:(6,23) 2:(11,36) 3:(6,23) Avatar 2:(11,36) Moving east.
0:(6,23) 1:(6,23) 2:(12,36) 3:(6,23) Avatar 3:(6,23) Moving north.
0:(6,23) 1:(6,23) 2:(12,36) 3:(6,22) Avatar 0:(6,23) Moving north.
0:(6,22) 1:(6,23) 2:(12,36) 3:(6,22) Avatar 1:(6,23) Moving north.
0:(6,22) 1:(6,22) 2:(12,36) 3:(6,22) Avatar 2:(12,36) Moving east.
0:(6,22) 1:(6,22) 2:(12,36) 3:(6,22) Avatar 3:(6,22) Moving north.
0:(6,22) 1:(6,22) 2:(12,36) 3:(6,21) Avatar 0:(6,22) Moving north.
0:(6,21) 1:(6,22) 2:(12,36) 3:(6,21) Avatar 1:(6,22) Moving north.
0:(6,21) 1:(6,21) 2:(12,36) 3:(6,21) Avatar 2:(12,36) Moving south.
0:(6,21) 1:(6,21) 2:(12,37) 3:(6,21) Avatar 3:(6,21) Moving east.
0:(6,21) 1:(6,21) 2:(12,37) 3:(6,21) Avatar 0:(6,21) Moving south.
0:(6,22) 1:(6,21) 2:(12,37) 3:(6,21) Avatar 1:(6,21) Moving south.
0:(6,22) 1:(6,22) 2:(12,37) 3:(6,21) Avatar 2:(12,37) Moving east.
0:(6,22) 1:(6,22) 2:(12,37) 3:(6,21) Avatar 3:(6,21) Moving south.
0:(6,22) 1:(6,22) 2:(12,37) 3:(6,22) Avatar 0:(6,22) Sleeping.
0:(6,22) 1:(6,22) 2:(12,37) 3:(6,22) Avatar 1:(6,22) Sleeping.
0:(6,22) 1:(6,22) 2:(12,37) 3:(6,22) Avatar 2:(12,37) Moving south.
0:(6,22) 1:(6,22) 2:(12,38) 3:(6,22) Avatar 3:(6,22) Moving east.
0:(6,22) 1:(6,22) 2:(12,38) 3:(6,22) Avatar 0:(6,22) Moving south.
0:(6,23) 1:(6,22) 2:(12,38) 3:(6,22) Avatar 1:(6,22) Moving south.
0:(6,23) 1:(6,23) 2:(12,38) 3:(6,22) Avatar 2:(12,38) Moving east.
0:(6,23) 1:(6,23) 2:(12,38) 3:(6,22) Avatar 3:(6,22) Moving south.
0:(6,23) 1:(6,23) 2:(12,38) 3:(6,23) Avatar 0:(6,23) Sleeping.
0:(6,23) 1:(6,23) 2:(12,38) 3:(6,23) Avatar 1:(6,23) Sleeping.
0:(6,23) 1:(6,23) 2:(12,38) 3:(6,23) Avatar 2:(12,38) Moving south.
0:(6,23) 1:(6,23) 2:(12,39) 3:(6,23) Avatar 3:(6,23) Moving east.
0:(6,23) 1:(6,23) 2:(12,39) 3:(6,23) Avatar 0:(6,23) Sleeping.
0:(6,23) 1:(6,23) 2:(12,39) 3:(6,23) Avatar 1:(6,23) Sleeping.
0:(6,23) 1:(6,23) 2:(12,39) 3:(6,23) Avatar 2:(12,39) Moving east.
0:(6,23) 1:(6,23) 2:(12,39) 3:(6,23) Avatar 3:(6,23) Moving south.
0:(6,23) 1:(6,23) 2:(12,39) 3:(6,24) Avatar 0:(6,23) Moving south.
0:(6,24) 1:(6,23) 2:(12,39) 3:(6,24) Avatar 1:(6,23) Moving south.
0:(6,24) 1:(6,24) 2:(12,39) 3:(6,24) Avatar 2:(12,39) Moving west.
0:(6,24) 1:(6,24) 2:(11,39) 3:(6,24) Avatar 3:(6,24) Moving east.
0:(6,24) 1:(6,24) 2:(11,39) 3:(7,24) Avatar 0:(6,24) Moving east.
0:(7,24) 1:(6,24) 2:(11,39) 3:(7,24) Avatar 1:(6,24) Moving east.
0:(7,24) 1:(7,24) 2:(11,39) 3:(7,24) Avatar 2:(11,39) Moving north.
0:(7,24) 1:(7,24) 2:(11,39) 3:(7,24) Avatar 3:(7,24) Moving north.
0:(7,24) 1:(7,24) 2:(11,39) 3:(7,24) Avatar 0:(7,24) Sleeping.
0:(7,24) 1:(7,24) 2:(11,39) 3:(7,24) Avatar 1:(7,24) Sleeping.
0:(7,24) 1:(7,24) 2:(11,39) 3:(7,24) Avatar 2:(11,39) Moving west.
0:(7,24) 1:(7,24) 2:(10,39) 3:(7,24) Avatar 3:(7,24) Moving east.
0:(7,24) 1:(7,24) 2:(10,39) 3:(7,24) Avatar 0:(7,24) Sleeping.
0:(7,24) 1:(7,24) 2:(10,39) 3:(7,24) Avatar 1:(7,24) Sleeping.
0:(7,24) 1:(7,24) 2:(10,39) 3:(7,24) Avatar 2:(10,39) Moving north.
0:(7,24) 1:(7,24) 2:(10,39) 3:(7,24) Avatar 3:(7,24) Moving south.
0:(7,24) 1:(7,24) 2:(10,39) 3:(7,25) Avatar 0:(7,24) Moving south.
0:(7,25) 1:(7,24) 2:(10,39) 3:(7,25) Avatar 1:(7,24) Moving south.
0:(7,25) 1:(7,25) 2:(10,39) 3:(7,25) Avatar 2:(10,39) Moving west.
0:(7,25) 1:(7,25) 2:(9,39) 3:(7,25) Avatar 3:(7,25) Moving east.
0:(7,25) 1:(7,25) 2:(9,39) 3:(8,25) Avatar 0:(7,25) Moving east.
0:(8,25) 1:(7,25) 2:(9,39) 3:(8,25) Avatar 1:(7,25) Moving east.
0:(8,25) 1:(8,25) 2:(9,39) 3:(8,25) Avatar 2:(9,39) Moving north.
0:(8,25) 1:(8,25) 2:(9,39) 3:(8,25) Avatar 3:(8,25) Moving north.
0:(8,25) 1:(8,25) 2:(9,39) 3:(8,25) Avatar 0:(8,25) Sleeping.
0:(8,25) 1:(8,25) 2:(9,39) 3:(8,25) Avatar 1:(8,25) Sleeping.
0:(8,25) 1:(8,25) 2:(9,39) 3:(8,25) Avatar 2:(9,39) Moving west.
0:(8,25) 1:(8,25) 2:(8,39) 3:(8,25) Avatar 3:(8,25) Moving east.
0:(8,25) 1:(8,25) 2:(8,39) 3:(8,25) Avatar 0:(8,25) Sleeping.
0:(8,25) 1:(8,25) 2:(8,39) 3:(8,25) Avatar 1:(8,25) Sleeping.
0:(8,25) 1:(8,25) 2:(8,39) 3:(8,25) Avatar 2:(8,39) Moving north.
0:(8,25) 1:(8,25) 2:(8,38) 3:(8,25) Avatar 3:(8,25) Moving south.
0:(8,25) 1:(8,25) 2:(8,38) 3:(8,26) Avatar 0:(8,25) Moving south.
0:(8,26) 1:(8,25) 2:(8,38) 3:(8,26) Avatar 1:(8,25) Moving south.
0:(8,26) 1:(8,26) 2:(8,38) 3:(8,26) Avatar 2:(8,38) Moving north.
0:(8,26) 1:(8,26) 2:(8,38) 3:(8,26) Avatar 3:(8,26) Moving east.
0:(8,26) 1:(8,26) 2:(8,38) 3:(8,26) Avatar 0:(8,26) Sleeping.
0:(8,26) 1:(8,26) 2:(8,38) 3:(8,26) Avatar 1:(8,26) Sleeping.
0:(8,26) 1:(8,26) 2:(8,38) 3:(8,26) Avatar 2:(8,38) Moving east.
0:(8,26) 1:(8,26) 2:(9,38) 3:(8,26) Avatar 3:(8,26) Moving south.
0:(8,26) 1:(8,26) 2:(9,38) 3:(8,26) Avatar 0:(8,26) Sleeping.
0:(8,26) 1:(8,26) 2:(9,38) 3:(8,26) Avatar 1:(8,26) Sleeping.
0:(8,26) 1:(8,26) 2:(9,38) 3:(8,26) Avatar 2:(9,38) Moving north.
0:(8,26) 1:(8,26) 2:(9,37) 3:(8,26) Avatar 3:(8,26) Moving west.
0:(8,26) 1:(8,26) 2:(9,37) 3:(7,26) Avatar 0:(8,26) Moving west.
0:(7,26) 1:(8,26) 2:(9,37) 3:(7,26) Avatar 1:(8,26) Moving west.
0:(7,26) 1:(7,26) 2:(9,37) 3:(7,26) Avatar 2:(9,37) Moving north.
0:(7,26) 1:(7,26) 2:(9,36) 3:(7,26) Avatar 3:(7,26) Moving north.
0:(7,26) 1:(7,26) 2:(9,36) 3:(7,26) Avatar 0:(7,26) Sleeping.
0:(7,26) 1:(7,26) 2:(9,36) 3:(7,26) Avatar 1:(7,26) Sleeping.
0:(7,26) 1:(7,26) 2:(9,36) 3:(7,26) Avatar 2:(9,36) Moving north.
0:(7,26) 1:(7,26) 2:(9,36) 3:(7,26) Avatar 3:(7,26) Moving south.
0:(7,26) 1:(7,26) 2:(9,36) 3:(7,27) Avatar 0:(7,26) Moving south.
0:(7,27) 1:(7,26) 2:(9,36) 3:(7,27) Avatar 1:(7,26) Moving south.
0:(7,27) 1:(7,27) 2:(9,36) 3:(7,27) Avatar 2:(9,36) Moving east.
0:(7,27) 1:(7,27) 2:(10,36) 3:(7,27) Avatar 3:(7,27) Moving east.
0:(7,27) 1:(7,27) 2:(10,36) 3:(7,27) Avatar 0:(7,27) Sleeping.
0:(7,27) 1:(7,27) 2:(10,36) 3:(7,27) Avatar 1:(7,27) Sleeping.
0:(7,27) 1:(7,27) 2:(10,36) 3:(7,27) Avatar 2:(10,36) Moving north.
0:(7,27) 1:(7,27) 2:(10,35) 3:(7,27) Avatar 3:(7,27) Moving south.
0:(7,27) 1:(7,27) 2:(10,35) 3:(7,28) Avatar 0:(7,27) Moving south.
0:(7,28) 1:(7,27) 2:(10,35) 3:(7,28) Avatar 1:(7,27) Moving south.
0:(7,28) 1:(7,28) 2:(10,35) 3:(7,28) Avatar 2:(10,35) Moving north.
0:(7,28) 1:(7,28) 2:(10,35) 3:(7,28) Avatar 3:(7,28) Moving east.
0:(7,28) 1:(7,28) 2:(10,35) 3:(7,28) Avatar 0:(7,28) Sleeping.
0:(7,28) 1:(7,28) 2:(10,35) 3:(7,28) Avatar 1:(7,28) Sleeping.
0:(7,28) 1:(7,28) 2:(10,35) 3:(7,28) Avatar 2:(10,35) Moving east.
0:(7,28) 1:(7,28) 2:(10,35) 3:(7,28) Avatar 3:(7,28) Moving south.
0:(7,28) 1:(7,28) 2:(10,35) 3:(7,29) Avatar 0:(7,28) Moving south.
0:(7,29) 1:(7,28) 2:(10,35) 3:(7,29) Avatar 1:(7,28) Moving south.
0:(7,29) 1:(7,29) 2:(10,35) 3:(7,29) Avatar 2:(10,35) Moving west.
0:(7,29) 1:(7,29) 2:(9,35) 3:(7,29) Avatar 3:(7,29) Moving east.
0:(7,29) 1:(7,29) 2:(9,35) 3:(7,29) Avatar 0:(7,29) Sleeping.
0:(7,29) 1:(7,29) 2:(9,35) 3:(7,29) Avatar 1:(7,29) Sleeping.
0:(7,29) 1:(7,29) 2:(9,35) 3:(7,29) Avatar 2:(9,35) Moving north.
0:(7,29) 1:(7,29) 2:(9,35) 3:(7,29) Avatar 3:(7,29) Moving south.
0:(7,29) 1:(7,29) 2:(9,35) 3:(7,29) Avatar 0:(7,29) Sleeping.
0:(7,29) 1:(7,29) 2:(9,35) 3:(7,29) Avatar 1:(7,29) Sleeping.
0:(7,29) 1:(7,29) 2:(9,35) 3:(7,29) Avatar 2:(9,35) Moving west.
0:(7,29) 1:(7,29) 2:(8,35) 3:(7,29) Avatar 3:(7,29) Moving west.
0:(7,29) 1:(7,29) 2:(8,35) 3:(6,29) Avatar 0:(7,29) Moving west.
0:(6,29) 1:(7,29) 2:(8,35) 3:(6,29) Avatar 1:(7,29) Moving west.
0:(6,29) 1:(6,29) 2:(8,35) 3:(6,29) Avatar 2:(8,35) Moving north.
0:(6,29) 1:(6,29) 2:(8,35) 3:(6,29) Avatar 3:(6,29) Moving north.
0:(6,29) 1:(6,29) 2:(8,35) 3:(6,29) Avatar 0:(6,29) Sleeping.
0:(6,29) 1:(6,29) 2:(8,35) 3:(6,29) Avatar 1:(6,29) Sleeping.
0:(6,29) 1:(6,29) 2:(8,35) 3:(6,29) Avatar 2:(8,35) Moving south.
0:(6,29) 1:(6,29) 2:(8,36) 3:(6,29) Avatar 3:(6,29) Moving south.
0:(6,29) 1:(6,29) 2:(8,36) 3:(6,30) Avatar 0:(6,29) Moving south.
0:(6,30) 1:(6,29) 2:(8,36) 3:(6,30) Avatar 1:(6,29) Moving south.
0:(6,30) 1:(6,30) 2:(8,36) 3:(6,30) Avatar 2:(8,36) Moving east.
0:(6,30) 1:(6,30) 2:(8,36) 3:(6,30) Avatar 3:(6,30) Moving east.
0:(6,30) 1:(6,30) 2:(8,36) 3:(6,30) Avatar 0:(6,30) Sleeping.
0:(6,30) 1:(6,30) 2:(8,36) 3:(6,30) Avatar 1:(6,30) Sleeping.
0:(6,30) 1:(6,30) 2:(8,36) 3:(6,30) Avatar 2:(8,36) Moving south.
0:(6,30) 1:(6,30) 2:(8,37) 3:(6,30) Avatar 3:(6,30) Moving south.
0:(6,30) 1:(6,30) 2:(8,37) 3:(6,30) Avatar 0:(6,30) Sleeping.
0:(6,30) 1:(6,30) 2:(8,37) 3:(6,30) Avatar 1:(6,30) Sleeping.
0:(6,30) 1:(6,30) 2:(8,37) 3:(6,30) Avatar 2:(8,37) Moving east.
0:(6,30) 1:(6,30) 2:(8,37) 3:(6,30) Avatar 3:(6,30) Moving west.
0:(6,30) 1:(6,30) 2:(8,37) 3:(5,30) Avatar 0:(6,30) Moving west.
0:(5,30) 1:(6,30) 2:(8,37) 3:(5,30) Avatar 1:(6,30) Moving west.
0:(5,30) 1:(5,30) 2:(8,37) 3:(5,30) Avatar 2:(8,37) Moving west.
0:(5,30) 1:(5,30) 2:(7,37) 3:(5,30) Avatar 3:(5,30) Moving north.
0:(5,30) 1:(5,30) 2:(7,37) 3:(5,30) Avatar 0:(5,30) Sleeping.
0:(5,30) 1:(5,30) 2:(7,37) 3:(5,30) Avatar 1:(5,30) Sleeping.
0:(5,30) 1:(5,30) 2:(7,37) 3:(5,30) Avatar 2:(7,37) Moving north.
0:(5,30) 1:(5,30) 2:(7,37) 3:(5,30) Avatar 3:(5,30) Moving south.
0:(5,30) 1:(5,30) 2:(7,37) 3:(5,31) Avatar 0:(5,30) Moving south.
0:(5,31) 1:(5,30) 2:(7,37) 3:(5,31) Avatar 1:(5,30) Moving south.
0:(5,31) 1:(5,31) 2:(7,37) 3:(5,31) Avatar 2:(7,37) Moving south.
0:(5,31) 1:(5,31) 2:(7,38) 3:(5,31) Avatar 3:(5,31) Moving east.
0:(5,31) 1:(5,31) 2:(7,38) 3:(5,31) Avatar 0:(5,31) Sleeping.
0:(5,31) 1:(5,31) 2:(7,38) 3:(5,31) Avatar 1:(5,31) Sleeping.
0:(5,31) 1:(5,31) 2:(7,38) 3:(5,31) Avatar 2:(7,38) Moving east.
0:(5,31) 1:(5,31) 2:(7,38) 3:(5,31) Avatar 3:(5,31) Moving south.
0:(5,31) 1:(5,31) 2:(7,38) 3:(5,32) Avatar 0:(5,31) Moving south.
0:(5,32) 1:(5,31) 2:(7,38) 3:(5,32) Avatar 1:(5,31) Moving south.
0:(5,32) 1:(5,32) 2:(7,38) 3:(5,32) Avatar 2:(7,38) Moving south.
0:(5,32) 1:(5,32) 2:(7,38) 3:(5,32) Avatar 3:(5,32) Moving east.
0:(5,32) 1:(5,32) 2:(7,38) 3:(6,32) Avatar 0:(5,32) Moving east.
0:(6,32) 1:(5,32) 2:(7,38) 3:(6,32) Avatar 1:(5,32) Moving east.
0:(6,32) 1:(6,32) 2:(7,38) 3:(6,32) Avatar 2:(7,38) Moving west.
0:(6,32) 1:(6,32) 2:(6,38) 3:(6,32) Avatar 3:(6,32) Moving north.
0:(6,32) 1:(6,32) 2:(6,38) 3:(6,32) Avatar 0:(6,32) Sleeping.
0:(6,32) 1:(6,32) 2:(6,38) 3:(6,32) Avatar 1:(6,32) Sleeping.
0:(6,32) 1:(6,32) 2:(6,38) 3:(6,32) Avatar 2:(6,38) Moving north.
0:(6,32) 1:(6,32) 2:(6,37) 3:(6,32) Avatar 3:(6,32) Moving east.
0:(6,32) 1:(6,32) 2:(6,37) 3:(6,32) Avatar 0:(6,32) Sleeping.
0:(6,32) 1:(6,32) 2:(6,37) 3:(6,32) Avatar 1:(6,32) Sleeping.
0:(6,32) 1:(6,32) 2:(6,37) 3:(6,32) Avatar 2:(6,37) Moving north.
0:(6,32) 1:(6,32) 2:(6,36) 3:(6,32) Avatar 3:(6,32) Moving south.
0:(6,32) 1:(6,32) 2:(6,36) 3:(6,33) Avatar 0:(6,32) Moving south.
0:(6,33) 1:(6,32) 2:(6,36) 3:(6,33) Avatar 1:(6,32) Moving south.
0:(6,33) 1:(6,33) 2:(6,36) 3:(6,33) Avatar 2:(6,36) Moving north.
0:(6,33) 1:(6,33) 2:(6,35) 3:(6,33) Avatar 3:(6,33) Moving east.
0:(6,33) 1:(6,33) 2:(6,35) 3:(6,33) Avatar 0:(6,33) Sleeping.
0:(6,33) 1:(6,33) 2:(6,35) 3:(6,33) Avatar 1:(6,33) Sleeping.
0:(6,33) 1:(6,33) 2:(6,35) 3:(6,33) Avatar 2:(6,35) Moving north.
0:(6,33) 1:(6,33) 2:(6,34) 3:(6,33) Avatar 3:(6,33) Moving south.
0:(6,33) 1:(6,33) 2:(6,34) 3:(6,34) Avatar 0:(6,33) Moving south.
0:(6,34) 1:(6,33) 2:(6,34) 3:(6,34) Avatar 1:(6,33) Moving south.
AM_MAZE_SOLVED 4 7 1449 -1557954861